#
# There is insufficient memory for the Java Runtime Environment to continue.
# Native memory allocation (mmap) failed to map 67108864 bytes for Failed to commit area from 0x00000000c1400000 to 0x00000000c5400000 of length 67108864.
# Possible reasons:
#   The system is out of physical RAM or swap space
#   The process is running with CompressedOops enabled, and the Java Heap may be blocking the growth of the native heap
# Possible solutions:
#   Reduce memory load on the system
#   Increase physical memory or swap space
#   Check if swap backing store is full
#   Decrease Java heap size (-Xmx/-Xms)
#   Decrease number of Java threads
#   Decrease Java thread stack sizes (-Xss)
#   Set larger code cache with -XX:ReservedCodeCacheSize=
# This output file may be truncated or incomplete.
#
#  Out of Memory Error (src/hotspot/os/windows/os_windows.cpp:3627), pid=5048, tid=6776
#
# JRE version:  (11.0.15) (build )
# Java VM: OpenJDK 64-Bit Server VM (11.0.15+0-b2043.56-9505619, mixed mode, sharing, tiered, compressed oops, g1 gc, windows-amd64)
# No core dump will be written. Minidumps are not enabled by default on client versions of Windows
#

---------------  S U M M A R Y ------------

Command Line: 

Host: Intel(R) Core(TM) i3-6100U CPU @ 2.30GHz, 4 cores, 3G,  Windows 10 , 64 bit Build 19041 (10.0.19041.2546)
Time: Tue Mar 21 17:09:01 2023 Hora estándar central (México) elapsed time: 0.025733 seconds (0d 0h 0m 0s)

---------------  T H R E A D  ---------------

Current thread (0x000001edb9b20000):  JavaThread "Unknown thread" [_thread_in_vm, id=6776, stack(0x000000a887d00000,0x000000a887e00000)]

Stack: [0x000000a887d00000,0x000000a887e00000]
Native frames: (J=compiled Java code, j=interpreted, Vv=VM code, C=native code)
V  [jvm.dll+0x64135a]
V  [jvm.dll+0x7d39f9]
V  [jvm.dll+0x7d51b9]
V  [jvm.dll+0x7d58a3]
V  [jvm.dll+0x2691c5]
V  [jvm.dll+0x63e4e9]
V  [jvm.dll+0x632985]
V  [jvm.dll+0x3231ac]
V  [jvm.dll+0x323032]
V  [jvm.dll+0x327c06]
V  [jvm.dll+0x36ffa2]
V  [jvm.dll+0x36fa01]
V  [jvm.dll+0x2fea28]
V  [jvm.dll+0x2ffb25]
V  [jvm.dll+0x7accd7]
V  [jvm.dll+0x7ae49f]
V  [jvm.dll+0x37d299]
V  [jvm.dll+0x78ef9f]
V  [jvm.dll+0x3ec847]
V  [jvm.dll+0x3eed31]
C  [jli.dll+0x52cb]
C  [ucrtbase.dll+0x21bb2]
C  [KERNEL32.DLL+0x17614]
C  [ntdll.dll+0x526a1]


---------------  P R O C E S S  ---------------

Threads class SMR info:
_java_thread_list=0x000001edb9910b20, length=0, elements={
}

Java Threads: ( => current thread )

Other Threads:
  0x000001edb9b38000 GCTaskThread "GC Thread#0" [stack: 0x000000a887e00000,0x000000a887f00000] [id=4188]
  0x000001edb9b52000 ConcurrentGCThread "G1 Main Marker" [stack: 0x000000a887f00000,0x000000a888000000] [id=3848]
  0x000001edb9b53800 ConcurrentGCThread "G1 Conc#0" [stack: 0x000000a888000000,0x000000a888100000] [id=10436]

[error occurred during error reporting (printing all threads), id 0xc0000005, EXCEPTION_ACCESS_VIOLATION (0xc0000005) at pc=0x00007ffabaa6f3e7]

VM state:not at safepoint (not fully initialized)

VM Mutex/Monitor currently owned by a thread:  ([mutex/lock_event])
[0x000001edb9b1b690] Heap_lock - owner thread: 0x000001edb9b20000

Heap address: 0x00000000c1400000, size: 1004 MB, Compressed Oops mode: Non-zero based: 0x00000000c1400000
Narrow klass base: 0x0000000000000000, Narrow klass shift: 0

GC Heap History (0 events):
No events

Deoptimization events (0 events):
No events

Classes redefined (0 events):
No events

Internal exceptions (0 events):
No events

Events (1 events):
Event: 0.016 Loaded shared library C:\Program Files\Android\Android Studio\jbr\bin\zip.dll


Dynamic libraries:
0x00007ff67b2c0000 - 0x00007ff67b2ca000 	C:\Program Files\Android\Android Studio\jbr\bin\java.EXE
0x00007ffaeabb0000 - 0x00007ffaeada8000 	C:\Windows\SYSTEM32\ntdll.dll
0x00007ffae8cd0000 - 0x00007ffae8d8f000 	C:\Windows\System32\KERNEL32.DLL
0x00007ffae8350000 - 0x00007ffae8622000 	C:\Windows\System32\KERNELBASE.dll
0x00007ffae8980000 - 0x00007ffae8a80000 	C:\Windows\System32\ucrtbase.dll
0x00007ffad6930000 - 0x00007ffad6947000 	C:\Program Files\Android\Android Studio\jbr\bin\jli.dll
0x00007ffaea660000 - 0x00007ffaea801000 	C:\Windows\System32\USER32.dll
0x00007ffae8320000 - 0x00007ffae8342000 	C:\Windows\System32\win32u.dll
0x00007ffae97d0000 - 0x00007ffae97fb000 	C:\Windows\System32\GDI32.dll
0x00007ffae8680000 - 0x00007ffae878f000 	C:\Windows\System32\gdi32full.dll
0x00007ffae8a80000 - 0x00007ffae8b1d000 	C:\Windows\System32\msvcp_win.dll
0x00007ffad5400000 - 0x00007ffad541b000 	C:\Program Files\Android\Android Studio\jbr\bin\VCRUNTIME140.dll
0x00007ffad7730000 - 0x00007ffad79ca000 	C:\Windows\WinSxS\amd64_microsoft.windows.common-controls_6595b64144ccf1df_6.0.19041.1110_none_60b5254171f9507e\COMCTL32.dll
0x00007ffae9850000 - 0x00007ffae98ee000 	C:\Windows\System32\msvcrt.dll
0x00007ffae9820000 - 0x00007ffae9850000 	C:\Windows\System32\IMM32.DLL
0x00007ffae0410000 - 0x00007ffae041c000 	C:\Program Files\Android\Android Studio\jbr\bin\vcruntime140_1.dll
0x00007ffabe710000 - 0x00007ffabe79d000 	C:\Program Files\Android\Android Studio\jbr\bin\msvcp140.dll
0x00007ffaba760000 - 0x00007ffabb31c000 	C:\Program Files\Android\Android Studio\jbr\bin\server\jvm.dll
0x00007ffaea810000 - 0x00007ffaea8be000 	C:\Windows\System32\ADVAPI32.dll
0x00007ffae9450000 - 0x00007ffae94ec000 	C:\Windows\System32\sechost.dll
0x00007ffae96a0000 - 0x00007ffae97c4000 	C:\Windows\System32\RPCRT4.dll
0x00007ffae9440000 - 0x00007ffae9448000 	C:\Windows\System32\PSAPI.DLL
0x00007ffad3bc0000 - 0x00007ffad3bc9000 	C:\Windows\SYSTEM32\WSOCK32.dll
0x00007ffae9d70000 - 0x00007ffae9ddb000 	C:\Windows\System32\WS2_32.dll
0x00007ffacab40000 - 0x00007ffacab67000 	C:\Windows\SYSTEM32\WINMM.dll
0x00007ffae1b50000 - 0x00007ffae1b5a000 	C:\Windows\SYSTEM32\VERSION.dll
0x00007ffae6b00000 - 0x00007ffae6b12000 	C:\Windows\SYSTEM32\kernel.appcore.dll
0x00007ffae3a60000 - 0x00007ffae3a70000 	C:\Program Files\Android\Android Studio\jbr\bin\verify.dll
0x00007ffae67b0000 - 0x00007ffae6994000 	C:\Windows\SYSTEM32\DBGHELP.DLL
0x00007ffad2930000 - 0x00007ffad2965000 	C:\Windows\SYSTEM32\dbgcore.DLL
0x00007ffae88f0000 - 0x00007ffae8972000 	C:\Windows\System32\bcryptPrimitives.dll
0x00007ffad5140000 - 0x00007ffad5168000 	C:\Program Files\Android\Android Studio\jbr\bin\java.dll
0x00007ffae39c0000 - 0x00007ffae39ca000 	C:\Program Files\Android\Android Studio\jbr\bin\jimage.dll
0x00007ffae2ec0000 - 0x00007ffae2ed8000 	C:\Program Files\Android\Android Studio\jbr\bin\zip.dll

dbghelp: loaded successfully - version: 4.0.5 - missing functions: none
symbol engine: initialized successfully - sym options: 0x614 - pdb path: .;C:\Program Files\Android\Android Studio\jbr\bin;C:\Windows\SYSTEM32;C:\Windows\WinSxS\amd64_microsoft.windows.common-controls_6595b64144ccf1df_6.0.19041.1110_none_60b5254171f9507e;C:\Program Files\Android\Android Studio\jbr\bin\server

VM Arguments:
java_command: <unknown>
java_class_path (initial): <not set>
Launcher Type: SUN_STANDARD

[Global flags]
     intx CICompilerCount                          = 3                                         {product} {ergonomic}
     uint ConcGCThreads                            = 1                                         {product} {ergonomic}
     uint G1ConcRefinementThreads                  = 4                                         {product} {ergonomic}
   size_t G1HeapRegionSize                         = 1048576                                   {product} {ergonomic}
    uintx GCDrainStackTargetSize                   = 64                                        {product} {ergonomic}
   size_t InitialHeapSize                          = 67108864                                  {product} {ergonomic}
   size_t MarkStackSize                            = 4194304                                   {product} {ergonomic}
   size_t MaxHeapSize                              = 1052770304                                {product} {ergonomic}
   size_t MinHeapDeltaBytes                        = 1048576                                   {product} {ergonomic}
    uintx NonNMethodCodeHeapSize                   = 5830732                                {pd product} {ergonomic}
    uintx NonProfiledCodeHeapSize                  = 122913754                              {pd product} {ergonomic}
    uintx ProfiledCodeHeapSize                     = 122913754                              {pd product} {ergonomic}
    uintx ReservedCodeCacheSize                    = 251658240                              {pd product} {ergonomic}
     bool SegmentedCodeCache                       = true                                      {product} {ergonomic}
     bool UseCompressedClassPointers               = true                                 {lp64_product} {ergonomic}
     bool UseCompressedOops                        = true                                 {lp64_product} {ergonomic}
     bool UseG1GC                                  = true                                      {product} {ergonomic}
     bool UseLargePagesIndividualAllocation        = false                                  {pd product} {ergonomic}

Logging:
Log output configuration:
 #0: stdout all=warning uptime,level,tags
 #1: stderr all=off uptime,level,tags

Environment Variables:
PATH=C:\ProgramData\Oracle\Java\javapath;C:\Program Files\Python310\Scripts\;C:\Program Files\Python310\;C:\Windows\system32;C:\Windows;C:\Windows\System32\Wbem;C:\Windows\System32\WindowsPowerShell\v1.0\;C:\Windows\System32\OpenSSH\;C:\Program Files\php-8.0.12-Win32-vs16-x64;C:\ProgramData\chocolatey\bin;C:\Program Files\nodejs\;C:\Program Files (x86)\QuickTime\QTSystem\;C:\Program Files\Git\cmd;C:\Users\Lenovo\AppData\Roaming\Python\Python310\site-packages;C:\Program Files\MySQL\MySQL Shell 8.0\bin\;C:\Users\Lenovo\AppData\Local\Microsoft\WindowsApps;C:\Users\Lenovo\AppData\Local\atom\bin;C:\Users\Lenovo\AppData\Roaming\npm;C:\Users\Lenovo\AppData\Local\GitHubDesktop\bin;C:\capps\flutter\bin;;C:\capps\flutter\bin\mingit\cmd
USERNAME=Lenovo
OS=Windows_NT
PROCESSOR_IDENTIFIER=Intel64 Family 6 Model 78 Stepping 3, GenuineIntel



---------------  S Y S T E M  ---------------

OS: Windows 10 , 64 bit Build 19041 (10.0.19041.2546)
OS uptime: 0 days 3:04 hours

CPU:total 4 (initial active 4) (2 cores per cpu, 2 threads per core) family 6 model 78 stepping 3 microcode 0xcc, cmov, cx8, fxsr, mmx, sse, sse2, sse3, ssse3, sse4.1, sse4.2, popcnt, avx, avx2, aes, clmul, erms, rtm, 3dnowpref, lzcnt, ht, tsc, tscinvbit, bmi1, bmi2, adx, fma

Memory: 4k page, system-wide physical 4008M (383M free)
TotalPageFile size 7608M (AvailPageFile size 75M)
current process WorkingSet (physical memory assigned to process): 9M, peak: 9M
current process commit charge ("private bytes"): 51M, peak: 115M

vm_info: OpenJDK 64-Bit Server VM (11.0.15+0-b2043.56-9505619) for windows-amd64 JRE (11.0.15+0-b2043.56-9505619), built on Jan 19 2023 02:48:00 by "builduser" with unknown MS VC++:1929

END.
