#
# There is insufficient memory for the Java Runtime Environment to continue.
# Native memory allocation (malloc) failed to allocate 87216 bytes for Chunk::new
# Possible reasons:
#   The system is out of physical RAM or swap space
#   The process is running with CompressedOops enabled, and the Java Heap may be blocking the growth of the native heap
# Possible solutions:
#   Reduce memory load on the system
#   Increase physical memory or swap space
#   Check if swap backing store is full
#   Decrease Java heap size (-Xmx/-Xms)
#   Decrease number of Java threads
#   Decrease Java thread stack sizes (-Xss)
#   Set larger code cache with -XX:ReservedCodeCacheSize=
#   JVM is running with Unscaled Compressed Oops mode in which the Java heap is
#     placed in the first 4GB address space. The Java Heap base address is the
#     maximum limit for the native heap growth. Please use -XX:HeapBaseMinAddress
#     to set the Java Heap base and to place the Java Heap above 4GB virtual address.
# This output file may be truncated or incomplete.
#
#  Out of Memory Error (src/hotspot/share/memory/arena.cpp:197), pid=8464, tid=10848
#
# JRE version: OpenJDK Runtime Environment (11.0.15) (build 11.0.15+0-b2043.56-9505619)
# Java VM: OpenJDK 64-Bit Server VM (11.0.15+0-b2043.56-9505619, mixed mode, tiered, compressed oops, g1 gc, windows-amd64)
# No core dump will be written. Minidumps are not enabled by default on client versions of Windows
#

---------------  S U M M A R Y ------------

Command Line: --add-opens=java.base/java.util=ALL-UNNAMED --add-opens=java.base/java.lang=ALL-UNNAMED --add-opens=java.base/java.lang.invoke=ALL-UNNAMED --add-opens=java.base/java.util=ALL-UNNAMED --add-opens=java.prefs/java.util.prefs=ALL-UNNAMED --add-opens=java.prefs/java.util.prefs=ALL-UNNAMED --add-opens=java.base/java.nio.charset=ALL-UNNAMED --add-opens=java.base/java.net=ALL-UNNAMED --add-opens=java.base/java.util.concurrent.atomic=ALL-UNNAMED -Xmx1536M -Dfile.encoding=windows-1252 -Duser.country=MX -Duser.language=es -Duser.variant org.gradle.launcher.daemon.bootstrap.GradleDaemon 7.5

Host: Intel(R) Core(TM) i3-6100U CPU @ 2.30GHz, 4 cores, 3G,  Windows 10 , 64 bit Build 19041 (10.0.19041.2546)
Time: Sat Mar 25 15:49:48 2023 Hora estándar central (México) elapsed time: 142.087813 seconds (0d 0h 2m 22s)

---------------  T H R E A D  ---------------

Current thread (0x000002b0db444000):  JavaThread "C2 CompilerThread0" daemon [_thread_in_native, id=10848, stack(0x000000f52e500000,0x000000f52e600000)]


Current CompileTask:
C2: 142091 12966       4       org.gradle.internal.io.StreamByteBuffer::prepareRead (102 bytes)

Stack: [0x000000f52e500000,0x000000f52e600000]
Native frames: (J=compiled Java code, j=interpreted, Vv=VM code, C=native code)
V  [jvm.dll+0x64135a]
V  [jvm.dll+0x7d39f9]
V  [jvm.dll+0x7d51b9]
V  [jvm.dll+0x7d58a3]
V  [jvm.dll+0x2691c5]
V  [jvm.dll+0xc1a5c]
V  [jvm.dll+0xc200c]
V  [jvm.dll+0x2da2c2]
V  [jvm.dll+0x54cad9]
V  [jvm.dll+0x220c9d]
V  [jvm.dll+0x223024]
V  [jvm.dll+0x220384]
V  [jvm.dll+0x19e851]
V  [jvm.dll+0x230479]
V  [jvm.dll+0x22e5ef]
V  [jvm.dll+0x794de1]
V  [jvm.dll+0x78dc24]
V  [jvm.dll+0x6400f6]
C  [ucrtbase.dll+0x21bb2]
C  [KERNEL32.DLL+0x17614]
C  [ntdll.dll+0x526a1]


---------------  P R O C E S S  ---------------

Threads class SMR info:
_java_thread_list=0x000002b0e4520400, length=87, elements={
0x000002b0c2b07000, 0x000002b0db3de000, 0x000002b0db3e1000, 0x000002b0db43d800,
0x000002b0db442000, 0x000002b0db443000, 0x000002b0db444000, 0x000002b0db451000,
0x000002b0dbd88800, 0x000002b0dbeda000, 0x000002b0dd2d5000, 0x000002b0dd4a0800,
0x000002b0dbdc2000, 0x000002b0dca79000, 0x000002b0dca7a000, 0x000002b0dca7d000,
0x000002b0dca7a800, 0x000002b0dca7c800, 0x000002b0dca7e000, 0x000002b0dc933000,
0x000002b0dc92d800, 0x000002b0dc92f000, 0x000002b0dc934800, 0x000002b0dc935800,
0x000002b0e1f8b000, 0x000002b0e1f8f000, 0x000002b0e1f82800, 0x000002b0e1f83800,
0x000002b0e1f84800, 0x000002b0e1f81000, 0x000002b0e1f82000, 0x000002b0e1f85000,
0x000002b0e1f80800, 0x000002b0e1f86000, 0x000002b0e1f87000, 0x000002b0e1f8a000,
0x000002b0e1f88800, 0x000002b0e1f87800, 0x000002b0e1f8e000, 0x000002b0e1f89800,
0x000002b0dc930000, 0x000002b0dc92c800, 0x000002b0dc930800, 0x000002b0dc936800,
0x000002b0dc937000, 0x000002b0dc931800, 0x000002b0dc938000, 0x000002b0dc93b800,
0x000002b0dc939000, 0x000002b0dc939800, 0x000002b0dc93a800, 0x000002b0dca78800,
0x000002b0dca7b800, 0x000002b0dca77800, 0x000002b0e430c800, 0x000002b0e430f000,
0x000002b0e430d800, 0x000002b0e430b800, 0x000002b0e4309800, 0x000002b0e430b000,
0x000002b0e430e000, 0x000002b0e4310000, 0x000002b0e430a000, 0x000002b0e4313000,
0x000002b0e4315800, 0x000002b0e4314000, 0x000002b0e4311800, 0x000002b0e4314800,
0x000002b0e4312000, 0x000002b0e4316800, 0x000002b0e4310800, 0x000002b0e4318000,
0x000002b0e4317000, 0x000002b0e0579000, 0x000002b0e0574000, 0x000002b0e0577000,
0x000002b0e0576800, 0x000002b0e0573000, 0x000002b0e0575800, 0x000002b0e0578000,
0x000002b0e0579800, 0x000002b0e057a800, 0x000002b0e0574800, 0x000002b0e057f800,
0x000002b0e057c000, 0x000002b0e0580000, 0x000002b0e057d800
}

Java Threads: ( => current thread )
  0x000002b0c2b07000 JavaThread "main" [_thread_blocked, id=4312, stack(0x000000f52d900000,0x000000f52da00000)]
  0x000002b0db3de000 JavaThread "Reference Handler" daemon [_thread_blocked, id=7656, stack(0x000000f52e000000,0x000000f52e100000)]
  0x000002b0db3e1000 JavaThread "Finalizer" daemon [_thread_blocked, id=9296, stack(0x000000f52e100000,0x000000f52e200000)]
  0x000002b0db43d800 JavaThread "Signal Dispatcher" daemon [_thread_blocked, id=6412, stack(0x000000f52e200000,0x000000f52e300000)]
  0x000002b0db442000 JavaThread "Attach Listener" daemon [_thread_blocked, id=9812, stack(0x000000f52e300000,0x000000f52e400000)]
  0x000002b0db443000 JavaThread "Service Thread" daemon [_thread_blocked, id=8144, stack(0x000000f52e400000,0x000000f52e500000)]
=>0x000002b0db444000 JavaThread "C2 CompilerThread0" daemon [_thread_in_native, id=10848, stack(0x000000f52e500000,0x000000f52e600000)]
  0x000002b0db451000 JavaThread "C1 CompilerThread0" daemon [_thread_blocked, id=1728, stack(0x000000f52e600000,0x000000f52e700000)]
  0x000002b0dbd88800 JavaThread "Sweeper thread" daemon [_thread_blocked, id=8676, stack(0x000000f52e700000,0x000000f52e800000)]
  0x000002b0dbeda000 JavaThread "Common-Cleaner" daemon [_thread_blocked, id=5144, stack(0x000000f52e800000,0x000000f52e900000)]
  0x000002b0dd2d5000 JavaThread "Daemon health stats" [_thread_blocked, id=4308, stack(0x000000f52eb00000,0x000000f52ec00000)]
  0x000002b0dd4a0800 JavaThread "Incoming local TCP Connector on port 57380" [_thread_in_native, id=3884, stack(0x000000f52ec00000,0x000000f52ed00000)]
  0x000002b0dbdc2000 JavaThread "Daemon periodic checks" [_thread_blocked, id=724, stack(0x000000f52ed00000,0x000000f52ee00000)]
  0x000002b0dca79000 JavaThread "Cache worker for journal cache (C:\Users\Lenovo\.gradle\caches\journal-1)" [_thread_blocked, id=11856, stack(0x000000f52f700000,0x000000f52f800000)]
  0x000002b0dca7a000 JavaThread "File lock request listener" [_thread_in_native, id=7840, stack(0x000000f52f800000,0x000000f52f900000)]
  0x000002b0dca7d000 JavaThread "Cache worker for file hash cache (C:\Users\Lenovo\.gradle\caches\7.5\fileHashes)" [_thread_blocked, id=12080, stack(0x000000f52f900000,0x000000f52fa00000)]
  0x000002b0dca7a800 JavaThread "File watcher server" daemon [_thread_in_native, id=10440, stack(0x000000f52fa00000,0x000000f52fb00000)]
  0x000002b0dca7c800 JavaThread "File watcher consumer" daemon [_thread_blocked, id=3124, stack(0x000000f52fb00000,0x000000f52fc00000)]
  0x000002b0dca7e000 JavaThread "Cache worker for file content cache (C:\Users\Lenovo\.gradle\caches\7.5\fileContent)" [_thread_blocked, id=1952, stack(0x000000f52fe00000,0x000000f52ff00000)]
  0x000002b0dc933000 JavaThread "Cache worker for execution history cache (C:\Users\Lenovo\.gradle\caches\7.5\executionHistory)" [_thread_blocked, id=11368, stack(0x000000f530100000,0x000000f530200000)]
  0x000002b0dc92d800 JavaThread "jar transforms" [_thread_blocked, id=1856, stack(0x000000f530200000,0x000000f530300000)]
  0x000002b0dc92f000 JavaThread "jar transforms Thread 2" [_thread_blocked, id=1480, stack(0x000000f530300000,0x000000f530400000)]
  0x000002b0dc934800 JavaThread "jar transforms Thread 3" [_thread_blocked, id=8652, stack(0x000000f530400000,0x000000f530500000)]
  0x000002b0dc935800 JavaThread "jar transforms Thread 4" [_thread_blocked, id=1668, stack(0x000000f530500000,0x000000f530600000)]
  0x000002b0e1f8b000 JavaThread "Memory manager" [_thread_blocked, id=9572, stack(0x000000f533000000,0x000000f533100000)]
  0x000002b0e1f8f000 JavaThread "Cache worker for kotlin-dsl (C:\Users\Lenovo\.gradle\caches\7.5\kotlin-dsl)" [_thread_blocked, id=10992, stack(0x000000f533100000,0x000000f533200000)]
  0x000002b0e1f82800 JavaThread "Daemon Thread 2" [_thread_blocked, id=11552, stack(0x000000f52d600000,0x000000f52d700000)]
  0x000002b0e1f83800 JavaThread "Handler for socket connection from /127.0.0.1:57380 to /127.0.0.1:57527" [_thread_in_native, id=6196, stack(0x000000f52d700000,0x000000f52d800000)]
  0x000002b0e1f84800 JavaThread "Cancel handler" [_thread_blocked, id=6400, stack(0x000000f52d800000,0x000000f52d900000)]
  0x000002b0e1f81000 JavaThread "Daemon worker Thread 2" [_thread_blocked, id=1184, stack(0x000000f52f000000,0x000000f52f100000)]
  0x000002b0e1f82000 JavaThread "Asynchronous log dispatcher for DefaultDaemonConnection: socket connection from /127.0.0.1:57380 to /127.0.0.1:57527" [_thread_blocked, id=11808, stack(0x000000f52f100000,0x000000f52f200000)]
  0x000002b0e1f85000 JavaThread "Stdin handler" [_thread_blocked, id=8852, stack(0x000000f52f200000,0x000000f52f300000)]
  0x000002b0e1f80800 JavaThread "Daemon client event forwarder" [_thread_blocked, id=7236, stack(0x000000f52f300000,0x000000f52f400000)]
  0x000002b0e1f86000 JavaThread "Cache worker for checksums cache (C:\Users\Lenovo\StudioProjects\vecinapp_2\android\.gradle\7.5\checksums)" [_thread_blocked, id=6248, stack(0x000000f52f500000,0x000000f52f600000)]
  0x000002b0e1f87000 JavaThread "Cache worker for cache directory md-rule (C:\Users\Lenovo\.gradle\caches\7.5\md-rule)" [_thread_blocked, id=5264, stack(0x000000f52f600000,0x000000f52f700000)]
  0x000002b0e1f8a000 JavaThread "Cache worker for file hash cache (C:\Users\Lenovo\StudioProjects\vecinapp_2\android\.gradle\7.5\fileHashes)" [_thread_blocked, id=11740, stack(0x000000f52fc00000,0x000000f52fd00000)]
  0x000002b0e1f88800 JavaThread "Cache worker for cache directory md-supplier (C:\Users\Lenovo\.gradle\caches\7.5\md-supplier)" [_thread_blocked, id=3316, stack(0x000000f52fd00000,0x000000f52fe00000)]
  0x000002b0e1f87800 JavaThread "Cache worker for dependencies-accessors (C:\Users\Lenovo\StudioProjects\vecinapp_2\android\.gradle\7.5\dependencies-accessors)" [_thread_blocked, id=2380, stack(0x000000f52ff00000,0x000000f530000000)]
  0x000002b0e1f8e000 JavaThread "Cache worker for Build Output Cleanup Cache (C:\Users\Lenovo\StudioProjects\vecinapp_2\android\.gradle\buildOutputCleanup)" [_thread_blocked, id=11484, stack(0x000000f530000000,0x000000f530100000)]
  0x000002b0e1f89800 JavaThread "Unconstrained build operations" [_thread_blocked, id=3768, stack(0x000000f530600000,0x000000f530700000)]
  0x000002b0dc930000 JavaThread "Unconstrained build operations Thread 2" [_thread_blocked, id=2436, stack(0x000000f530700000,0x000000f530800000)]
  0x000002b0dc92c800 JavaThread "Unconstrained build operations Thread 3" [_thread_blocked, id=6636, stack(0x000000f530800000,0x000000f530900000)]
  0x000002b0dc930800 JavaThread "Unconstrained build operations Thread 4" [_thread_blocked, id=5568, stack(0x000000f530900000,0x000000f530a00000)]
  0x000002b0dc936800 JavaThread "Unconstrained build operations Thread 5" [_thread_blocked, id=648, stack(0x000000f530a00000,0x000000f530b00000)]
  0x000002b0dc937000 JavaThread "Unconstrained build operations Thread 6" [_thread_blocked, id=7776, stack(0x000000f530b00000,0x000000f530c00000)]
  0x000002b0dc931800 JavaThread "Unconstrained build operations Thread 7" [_thread_blocked, id=7240, stack(0x000000f530c00000,0x000000f530d00000)]
  0x000002b0dc938000 JavaThread "Unconstrained build operations Thread 8" [_thread_blocked, id=1336, stack(0x000000f530d00000,0x000000f530e00000)]
  0x000002b0dc93b800 JavaThread "Unconstrained build operations Thread 9" [_thread_blocked, id=10680, stack(0x000000f530e00000,0x000000f530f00000)]
  0x000002b0dc939000 JavaThread "Unconstrained build operations Thread 10" [_thread_blocked, id=7948, stack(0x000000f530f00000,0x000000f531000000)]
  0x000002b0dc939800 JavaThread "Unconstrained build operations Thread 11" [_thread_blocked, id=12140, stack(0x000000f531000000,0x000000f531100000)]
  0x000002b0dc93a800 JavaThread "Unconstrained build operations Thread 12" [_thread_blocked, id=3348, stack(0x000000f531100000,0x000000f531200000)]
  0x000002b0dca78800 JavaThread "Unconstrained build operations Thread 13" [_thread_blocked, id=7692, stack(0x000000f531200000,0x000000f531300000)]
  0x000002b0dca7b800 JavaThread "Unconstrained build operations Thread 14" [_thread_blocked, id=2456, stack(0x000000f531300000,0x000000f531400000)]
  0x000002b0dca77800 JavaThread "Unconstrained build operations Thread 15" [_thread_blocked, id=9432, stack(0x000000f531400000,0x000000f531500000)]
  0x000002b0e430c800 JavaThread "Unconstrained build operations Thread 16" [_thread_blocked, id=2972, stack(0x000000f531500000,0x000000f531600000)]
  0x000002b0e430f000 JavaThread "Unconstrained build operations Thread 17" [_thread_blocked, id=5172, stack(0x000000f531600000,0x000000f531700000)]
  0x000002b0e430d800 JavaThread "Unconstrained build operations Thread 18" [_thread_blocked, id=1448, stack(0x000000f531700000,0x000000f531800000)]
  0x000002b0e430b800 JavaThread "Unconstrained build operations Thread 19" [_thread_blocked, id=9316, stack(0x000000f531800000,0x000000f531900000)]
  0x000002b0e4309800 JavaThread "Unconstrained build operations Thread 20" [_thread_blocked, id=7208, stack(0x000000f531900000,0x000000f531a00000)]
  0x000002b0e430b000 JavaThread "Unconstrained build operations Thread 21" [_thread_blocked, id=11588, stack(0x000000f531a00000,0x000000f531b00000)]
  0x000002b0e430e000 JavaThread "Unconstrained build operations Thread 22" [_thread_blocked, id=9932, stack(0x000000f531b00000,0x000000f531c00000)]
  0x000002b0e4310000 JavaThread "Unconstrained build operations Thread 23" [_thread_blocked, id=6892, stack(0x000000f531c00000,0x000000f531d00000)]
  0x000002b0e430a000 JavaThread "Unconstrained build operations Thread 24" [_thread_blocked, id=7800, stack(0x000000f531d00000,0x000000f531e00000)]
  0x000002b0e4313000 JavaThread "Unconstrained build operations Thread 25" [_thread_blocked, id=8864, stack(0x000000f531e00000,0x000000f531f00000)]
  0x000002b0e4315800 JavaThread "Unconstrained build operations Thread 26" [_thread_blocked, id=11412, stack(0x000000f531f00000,0x000000f532000000)]
  0x000002b0e4314000 JavaThread "Unconstrained build operations Thread 27" [_thread_blocked, id=2916, stack(0x000000f532000000,0x000000f532100000)]
  0x000002b0e4311800 JavaThread "Unconstrained build operations Thread 28" [_thread_blocked, id=5088, stack(0x000000f532100000,0x000000f532200000)]
  0x000002b0e4314800 JavaThread "Unconstrained build operations Thread 29" [_thread_blocked, id=9156, stack(0x000000f532200000,0x000000f532300000)]
  0x000002b0e4312000 JavaThread "Unconstrained build operations Thread 30" [_thread_blocked, id=5416, stack(0x000000f532300000,0x000000f532400000)]
  0x000002b0e4316800 JavaThread "Unconstrained build operations Thread 31" [_thread_blocked, id=8096, stack(0x000000f532400000,0x000000f532500000)]
  0x000002b0e4310800 JavaThread "Unconstrained build operations Thread 32" [_thread_blocked, id=4436, stack(0x000000f532500000,0x000000f532600000)]
  0x000002b0e4318000 JavaThread "Unconstrained build operations Thread 33" [_thread_blocked, id=6160, stack(0x000000f532600000,0x000000f532700000)]
  0x000002b0e4317000 JavaThread "Unconstrained build operations Thread 34" [_thread_blocked, id=1112, stack(0x000000f532700000,0x000000f532800000)]
  0x000002b0e0579000 JavaThread "Unconstrained build operations Thread 35" [_thread_blocked, id=9048, stack(0x000000f532800000,0x000000f532900000)]
  0x000002b0e0574000 JavaThread "Unconstrained build operations Thread 36" [_thread_blocked, id=11968, stack(0x000000f532900000,0x000000f532a00000)]
  0x000002b0e0577000 JavaThread "Unconstrained build operations Thread 37" [_thread_blocked, id=860, stack(0x000000f532a00000,0x000000f532b00000)]
  0x000002b0e0576800 JavaThread "Unconstrained build operations Thread 38" [_thread_blocked, id=7140, stack(0x000000f532b00000,0x000000f532c00000)]
  0x000002b0e0573000 JavaThread "Unconstrained build operations Thread 39" [_thread_blocked, id=11280, stack(0x000000f532c00000,0x000000f532d00000)]
  0x000002b0e0575800 JavaThread "Unconstrained build operations Thread 40" [_thread_blocked, id=10696, stack(0x000000f532d00000,0x000000f532e00000)]
  0x000002b0e0578000 JavaThread "included builds" [_thread_blocked, id=11328, stack(0x000000f532e00000,0x000000f532f00000)]
  0x000002b0e0579800 JavaThread "Execution worker" [_thread_blocked, id=12156, stack(0x000000f532f00000,0x000000f533000000)]
  0x000002b0e057a800 JavaThread "Execution worker Thread 2" [_thread_blocked, id=10092, stack(0x000000f533400000,0x000000f533500000)]
  0x000002b0e0574800 JavaThread "Execution worker Thread 3" [_thread_blocked, id=9436, stack(0x000000f533500000,0x000000f533600000)]
  0x000002b0e057f800 JavaThread "Cache worker for execution history cache (C:\Users\Lenovo\StudioProjects\vecinapp_2\android\.gradle\7.5\executionHistory)" [_thread_blocked, id=7864, stack(0x000000f533600000,0x000000f533700000)]
  0x000002b0e057c000 JavaThread "Exec process Thread 4" [_thread_in_native, id=5112, stack(0x000000f533700000,0x000000f533800000)]
  0x000002b0e0580000 JavaThread "Exec process Thread 5" [_thread_in_native, id=7972, stack(0x000000f533800000,0x000000f533900000)]
  0x000002b0e057d800 JavaThread "Exec process Thread 6" [_thread_in_native, id=8604, stack(0x000000f533900000,0x000000f533a00000)]

Other Threads:
  0x000002b0db3ba800 VMThread "VM Thread" [stack: 0x000000f52df00000,0x000000f52e000000] [id=3264]
  0x000002b0dbee6000 WatcherThread [stack: 0x000000f52e900000,0x000000f52ea00000] [id=6820]
  0x000002b0c2b1f000 GCTaskThread "GC Thread#0" [stack: 0x000000f52da00000,0x000000f52db00000] [id=5324]
  0x000002b0dc709000 GCTaskThread "GC Thread#1" [stack: 0x000000f52ea00000,0x000000f52eb00000] [id=1820]
  0x000002b0dd0b6000 GCTaskThread "GC Thread#2" [stack: 0x000000f52ee00000,0x000000f52ef00000] [id=1484]
  0x000002b0dd25c800 GCTaskThread "GC Thread#3" [stack: 0x000000f52ef00000,0x000000f52f000000] [id=10864]
  0x000002b0c2b46000 ConcurrentGCThread "G1 Main Marker" [stack: 0x000000f52db00000,0x000000f52dc00000] [id=7032]
  0x000002b0c2b47000 ConcurrentGCThread "G1 Conc#0" [stack: 0x000000f52dc00000,0x000000f52dd00000] [id=604]
  0x000002b0c2ba5000 ConcurrentGCThread "G1 Refine#0" [stack: 0x000000f52dd00000,0x000000f52de00000] [id=8060]
  0x000002b0c2ba6000 ConcurrentGCThread "G1 Young RemSet Sampling" [stack: 0x000000f52de00000,0x000000f52df00000] [id=6032]

Threads with active compile tasks:
C2 CompilerThread0   142210 12966       4       org.gradle.internal.io.StreamByteBuffer::prepareRead (102 bytes)

VM state:not at safepoint (normal execution)

VM Mutex/Monitor currently owned by a thread: None

Heap address: 0x00000000a0000000, size: 1536 MB, Compressed Oops mode: 32-bit
Narrow klass base: 0x0000000000000000, Narrow klass shift: 3
Compressed class space size: 1073741824 Address: 0x0000000100000000

Heap:
 garbage-first heap   total 215040K, used 134040K [0x00000000a0000000, 0x0000000100000000)
  region size 1024K, 22 young (22528K), 8 survivors (8192K)
 Metaspace       used 94681K, capacity 97969K, committed 98304K, reserved 1134592K
  class space    used 12328K, capacity 13457K, committed 13568K, reserved 1048576K
Heap Regions: E=young(eden), S=young(survivor), O=old, HS=humongous(starts), HC=humongous(continues), CS=collection set, F=free, A=archive, TAMS=top-at-mark-start (previous, next)
|   0|0x00000000a0000000, 0x00000000a0100000, 0x00000000a0100000|100%|HS|  |TAMS 0x00000000a0100000, 0x00000000a0000000| Complete 
|   1|0x00000000a0100000, 0x00000000a0200000, 0x00000000a0200000|100%|HC|  |TAMS 0x00000000a0200000, 0x00000000a0100000| Complete 
|   2|0x00000000a0200000, 0x00000000a0300000, 0x00000000a0300000|100%|HC|  |TAMS 0x00000000a0300000, 0x00000000a0200000| Complete 
|   3|0x00000000a0300000, 0x00000000a0400000, 0x00000000a0400000|100%| O|  |TAMS 0x00000000a0400000, 0x00000000a0300000| Untracked 
|   4|0x00000000a0400000, 0x00000000a0500000, 0x00000000a0500000|100%| O|  |TAMS 0x00000000a0500000, 0x00000000a0400000| Untracked 
|   5|0x00000000a0500000, 0x00000000a0600000, 0x00000000a0600000|100%| O|  |TAMS 0x00000000a0600000, 0x00000000a0500000| Untracked 
|   6|0x00000000a0600000, 0x00000000a0700000, 0x00000000a0700000|100%| O|  |TAMS 0x00000000a0700000, 0x00000000a0600000| Untracked 
|   7|0x00000000a0700000, 0x00000000a0800000, 0x00000000a0800000|100%| O|  |TAMS 0x00000000a0800000, 0x00000000a0700000| Untracked 
|   8|0x00000000a0800000, 0x00000000a0900000, 0x00000000a0900000|100%| O|  |TAMS 0x00000000a0900000, 0x00000000a0800000| Untracked 
|   9|0x00000000a0900000, 0x00000000a0a00000, 0x00000000a0a00000|100%| O|  |TAMS 0x00000000a0a00000, 0x00000000a0900000| Untracked 
|  10|0x00000000a0a00000, 0x00000000a0b00000, 0x00000000a0b00000|100%| O|  |TAMS 0x00000000a0b00000, 0x00000000a0a00000| Untracked 
|  11|0x00000000a0b00000, 0x00000000a0c00000, 0x00000000a0c00000|100%| O|  |TAMS 0x00000000a0c00000, 0x00000000a0b00000| Untracked 
|  12|0x00000000a0c00000, 0x00000000a0d00000, 0x00000000a0d00000|100%| O|  |TAMS 0x00000000a0d00000, 0x00000000a0c00000| Untracked 
|  13|0x00000000a0d00000, 0x00000000a0e00000, 0x00000000a0e00000|100%| O|  |TAMS 0x00000000a0e00000, 0x00000000a0d00000| Untracked 
|  14|0x00000000a0e00000, 0x00000000a0f00000, 0x00000000a0f00000|100%| O|  |TAMS 0x00000000a0f00000, 0x00000000a0e00000| Untracked 
|  15|0x00000000a0f00000, 0x00000000a1000000, 0x00000000a1000000|100%| O|  |TAMS 0x00000000a1000000, 0x00000000a0f00000| Untracked 
|  16|0x00000000a1000000, 0x00000000a1100000, 0x00000000a1100000|100%| O|  |TAMS 0x00000000a1100000, 0x00000000a1000000| Untracked 
|  17|0x00000000a1100000, 0x00000000a1200000, 0x00000000a1200000|100%| O|  |TAMS 0x00000000a1200000, 0x00000000a1100000| Untracked 
|  18|0x00000000a1200000, 0x00000000a1300000, 0x00000000a1300000|100%| O|  |TAMS 0x00000000a1300000, 0x00000000a1200000| Untracked 
|  19|0x00000000a1300000, 0x00000000a1400000, 0x00000000a1400000|100%| O|  |TAMS 0x00000000a1400000, 0x00000000a1300000| Untracked 
|  20|0x00000000a1400000, 0x00000000a1500000, 0x00000000a1500000|100%| O|  |TAMS 0x00000000a1500000, 0x00000000a1400000| Untracked 
|  21|0x00000000a1500000, 0x00000000a1600000, 0x00000000a1600000|100%| O|  |TAMS 0x00000000a1600000, 0x00000000a1500000| Untracked 
|  22|0x00000000a1600000, 0x00000000a1700000, 0x00000000a1700000|100%| O|  |TAMS 0x00000000a1700000, 0x00000000a1600000| Untracked 
|  23|0x00000000a1700000, 0x00000000a1800000, 0x00000000a1800000|100%| O|  |TAMS 0x00000000a1800000, 0x00000000a1700000| Untracked 
|  24|0x00000000a1800000, 0x00000000a1900000, 0x00000000a1900000|100%| O|  |TAMS 0x00000000a1900000, 0x00000000a1800000| Untracked 
|  25|0x00000000a1900000, 0x00000000a1a00000, 0x00000000a1a00000|100%| O|  |TAMS 0x00000000a1a00000, 0x00000000a1900000| Untracked 
|  26|0x00000000a1a00000, 0x00000000a1b00000, 0x00000000a1b00000|100%| O|  |TAMS 0x00000000a1b00000, 0x00000000a1a00000| Untracked 
|  27|0x00000000a1b00000, 0x00000000a1c00000, 0x00000000a1c00000|100%| O|  |TAMS 0x00000000a1c00000, 0x00000000a1b00000| Untracked 
|  28|0x00000000a1c00000, 0x00000000a1d00000, 0x00000000a1d00000|100%| O|  |TAMS 0x00000000a1d00000, 0x00000000a1c00000| Untracked 
|  29|0x00000000a1d00000, 0x00000000a1e00000, 0x00000000a1e00000|100%| O|  |TAMS 0x00000000a1e00000, 0x00000000a1d00000| Untracked 
|  30|0x00000000a1e00000, 0x00000000a1f00000, 0x00000000a1f00000|100%| O|  |TAMS 0x00000000a1f00000, 0x00000000a1e00000| Untracked 
|  31|0x00000000a1f00000, 0x00000000a2000000, 0x00000000a2000000|100%|HS|  |TAMS 0x00000000a2000000, 0x00000000a1f00000| Complete 
|  32|0x00000000a2000000, 0x00000000a2100000, 0x00000000a2100000|100%|HS|  |TAMS 0x00000000a2100000, 0x00000000a2000000| Complete 
|  33|0x00000000a2100000, 0x00000000a2200000, 0x00000000a2200000|100%|HS|  |TAMS 0x00000000a2200000, 0x00000000a2100000| Complete 
|  34|0x00000000a2200000, 0x00000000a2300000, 0x00000000a2300000|100%|HS|  |TAMS 0x00000000a2300000, 0x00000000a2200000| Complete 
|  35|0x00000000a2300000, 0x00000000a2400000, 0x00000000a2400000|100%|HC|  |TAMS 0x00000000a2400000, 0x00000000a2300000| Complete 
|  36|0x00000000a2400000, 0x00000000a2500000, 0x00000000a2500000|100%|HC|  |TAMS 0x00000000a2500000, 0x00000000a2400000| Complete 
|  37|0x00000000a2500000, 0x00000000a2600000, 0x00000000a2600000|100%| O|  |TAMS 0x00000000a2600000, 0x00000000a2500000| Untracked 
|  38|0x00000000a2600000, 0x00000000a2700000, 0x00000000a2700000|100%| O|  |TAMS 0x00000000a2700000, 0x00000000a2600000| Untracked 
|  39|0x00000000a2700000, 0x00000000a2800000, 0x00000000a2800000|100%| O|  |TAMS 0x00000000a2800000, 0x00000000a2700000| Untracked 
|  40|0x00000000a2800000, 0x00000000a2900000, 0x00000000a2900000|100%| O|  |TAMS 0x00000000a2900000, 0x00000000a2800000| Untracked 
|  41|0x00000000a2900000, 0x00000000a2a00000, 0x00000000a2a00000|100%|HS|  |TAMS 0x00000000a2a00000, 0x00000000a2900000| Complete 
|  42|0x00000000a2a00000, 0x00000000a2b00000, 0x00000000a2b00000|100%|HC|  |TAMS 0x00000000a2b00000, 0x00000000a2a00000| Complete 
|  43|0x00000000a2b00000, 0x00000000a2c00000, 0x00000000a2c00000|100%| O|  |TAMS 0x00000000a2c00000, 0x00000000a2b00000| Untracked 
|  44|0x00000000a2c00000, 0x00000000a2d00000, 0x00000000a2d00000|100%| O|  |TAMS 0x00000000a2d00000, 0x00000000a2c00000| Untracked 
|  45|0x00000000a2d00000, 0x00000000a2e00000, 0x00000000a2e00000|100%| O|  |TAMS 0x00000000a2e00000, 0x00000000a2d00000| Untracked 
|  46|0x00000000a2e00000, 0x00000000a2f00000, 0x00000000a2f00000|100%| O|  |TAMS 0x00000000a2f00000, 0x00000000a2e00000| Untracked 
|  47|0x00000000a2f00000, 0x00000000a3000000, 0x00000000a3000000|100%| O|  |TAMS 0x00000000a3000000, 0x00000000a2f00000| Untracked 
|  48|0x00000000a3000000, 0x00000000a3100000, 0x00000000a3100000|100%| O|  |TAMS 0x00000000a3100000, 0x00000000a3000000| Untracked 
|  49|0x00000000a3100000, 0x00000000a3200000, 0x00000000a3200000|100%| O|  |TAMS 0x00000000a3200000, 0x00000000a3100000| Untracked 
|  50|0x00000000a3200000, 0x00000000a3300000, 0x00000000a3300000|100%| O|  |TAMS 0x00000000a3300000, 0x00000000a3200000| Untracked 
|  51|0x00000000a3300000, 0x00000000a3400000, 0x00000000a3400000|100%| O|  |TAMS 0x00000000a3400000, 0x00000000a3300000| Untracked 
|  52|0x00000000a3400000, 0x00000000a3500000, 0x00000000a3500000|100%| O|  |TAMS 0x00000000a3500000, 0x00000000a3400000| Untracked 
|  53|0x00000000a3500000, 0x00000000a3600000, 0x00000000a3600000|100%| O|  |TAMS 0x00000000a3600000, 0x00000000a3500000| Untracked 
|  54|0x00000000a3600000, 0x00000000a3700000, 0x00000000a3700000|100%| O|  |TAMS 0x00000000a3700000, 0x00000000a3600000| Untracked 
|  55|0x00000000a3700000, 0x00000000a3800000, 0x00000000a3800000|100%| O|  |TAMS 0x00000000a3800000, 0x00000000a3700000| Untracked 
|  56|0x00000000a3800000, 0x00000000a3900000, 0x00000000a3900000|100%| O|  |TAMS 0x00000000a3900000, 0x00000000a3800000| Untracked 
|  57|0x00000000a3900000, 0x00000000a3a00000, 0x00000000a3a00000|100%| O|  |TAMS 0x00000000a3a00000, 0x00000000a3900000| Untracked 
|  58|0x00000000a3a00000, 0x00000000a3b00000, 0x00000000a3b00000|100%| O|  |TAMS 0x00000000a3b00000, 0x00000000a3a00000| Untracked 
|  59|0x00000000a3b00000, 0x00000000a3c00000, 0x00000000a3c00000|100%| O|  |TAMS 0x00000000a3c00000, 0x00000000a3b00000| Untracked 
|  60|0x00000000a3c00000, 0x00000000a3d00000, 0x00000000a3d00000|100%| O|  |TAMS 0x00000000a3d00000, 0x00000000a3c00000| Untracked 
|  61|0x00000000a3d00000, 0x00000000a3e00000, 0x00000000a3e00000|100%| O|  |TAMS 0x00000000a3e00000, 0x00000000a3d00000| Untracked 
|  62|0x00000000a3e00000, 0x00000000a3f00000, 0x00000000a3f00000|100%| O|  |TAMS 0x00000000a3f00000, 0x00000000a3e00000| Untracked 
|  63|0x00000000a3f00000, 0x00000000a4000000, 0x00000000a4000000|100%| O|  |TAMS 0x00000000a4000000, 0x00000000a3f00000| Untracked 
|  64|0x00000000a4000000, 0x00000000a4100000, 0x00000000a4100000|100%| O|  |TAMS 0x00000000a4100000, 0x00000000a4000000| Untracked 
|  65|0x00000000a4100000, 0x00000000a4200000, 0x00000000a4200000|100%| O|  |TAMS 0x00000000a4200000, 0x00000000a4100000| Untracked 
|  66|0x00000000a4200000, 0x00000000a4300000, 0x00000000a4300000|100%| O|  |TAMS 0x00000000a4300000, 0x00000000a4200000| Untracked 
|  67|0x00000000a4300000, 0x00000000a4400000, 0x00000000a4400000|100%| O|  |TAMS 0x00000000a4400000, 0x00000000a4300000| Untracked 
|  68|0x00000000a4400000, 0x00000000a4500000, 0x00000000a4500000|100%| O|  |TAMS 0x00000000a4500000, 0x00000000a4400000| Untracked 
|  69|0x00000000a4500000, 0x00000000a4600000, 0x00000000a4600000|100%| O|  |TAMS 0x00000000a4600000, 0x00000000a4500000| Untracked 
|  70|0x00000000a4600000, 0x00000000a4700000, 0x00000000a4700000|100%| O|  |TAMS 0x00000000a4700000, 0x00000000a4600000| Untracked 
|  71|0x00000000a4700000, 0x00000000a4800000, 0x00000000a4800000|100%| O|  |TAMS 0x00000000a4800000, 0x00000000a4700000| Untracked 
|  72|0x00000000a4800000, 0x00000000a4900000, 0x00000000a4900000|100%| O|  |TAMS 0x00000000a4900000, 0x00000000a4800000| Untracked 
|  73|0x00000000a4900000, 0x00000000a4a00000, 0x00000000a4a00000|100%|HS|  |TAMS 0x00000000a4a00000, 0x00000000a4900000| Complete 
|  74|0x00000000a4a00000, 0x00000000a4b00000, 0x00000000a4b00000|100%|HC|  |TAMS 0x00000000a4b00000, 0x00000000a4a00000| Complete 
|  75|0x00000000a4b00000, 0x00000000a4c00000, 0x00000000a4c00000|100%| O|  |TAMS 0x00000000a4c00000, 0x00000000a4b00000| Untracked 
|  76|0x00000000a4c00000, 0x00000000a4d00000, 0x00000000a4d00000|100%| O|  |TAMS 0x00000000a4d00000, 0x00000000a4c00000| Untracked 
|  77|0x00000000a4d00000, 0x00000000a4e00000, 0x00000000a4e00000|100%| O|  |TAMS 0x00000000a4e00000, 0x00000000a4d00000| Untracked 
|  78|0x00000000a4e00000, 0x00000000a4f00000, 0x00000000a4f00000|100%| O|  |TAMS 0x00000000a4f00000, 0x00000000a4e00000| Untracked 
|  79|0x00000000a4f00000, 0x00000000a5000000, 0x00000000a5000000|100%| O|  |TAMS 0x00000000a5000000, 0x00000000a4f00000| Untracked 
|  80|0x00000000a5000000, 0x00000000a5100000, 0x00000000a5100000|100%| O|  |TAMS 0x00000000a5100000, 0x00000000a5000000| Untracked 
|  81|0x00000000a5100000, 0x00000000a5200000, 0x00000000a5200000|100%| O|  |TAMS 0x00000000a5200000, 0x00000000a5100000| Untracked 
|  82|0x00000000a5200000, 0x00000000a5300000, 0x00000000a5300000|100%| O|  |TAMS 0x00000000a5300000, 0x00000000a5200000| Untracked 
|  83|0x00000000a5300000, 0x00000000a5400000, 0x00000000a5400000|100%| O|  |TAMS 0x00000000a5400000, 0x00000000a5300000| Untracked 
|  84|0x00000000a5400000, 0x00000000a5500000, 0x00000000a5500000|100%| O|  |TAMS 0x00000000a5500000, 0x00000000a5400000| Untracked 
|  85|0x00000000a5500000, 0x00000000a5600000, 0x00000000a5600000|100%| O|  |TAMS 0x00000000a5600000, 0x00000000a5500000| Untracked 
|  86|0x00000000a5600000, 0x00000000a5700000, 0x00000000a5700000|100%| O|  |TAMS 0x00000000a5700000, 0x00000000a5600000| Untracked 
|  87|0x00000000a5700000, 0x00000000a5800000, 0x00000000a5800000|100%| O|  |TAMS 0x00000000a5800000, 0x00000000a5700000| Untracked 
|  88|0x00000000a5800000, 0x00000000a5900000, 0x00000000a5900000|100%| O|  |TAMS 0x00000000a5900000, 0x00000000a5800000| Untracked 
|  89|0x00000000a5900000, 0x00000000a5a00000, 0x00000000a5a00000|100%| O|  |TAMS 0x00000000a5a00000, 0x00000000a5900000| Untracked 
|  90|0x00000000a5a00000, 0x00000000a5b00000, 0x00000000a5b00000|100%| O|  |TAMS 0x00000000a5b00000, 0x00000000a5a00000| Untracked 
|  91|0x00000000a5b00000, 0x00000000a5c00000, 0x00000000a5c00000|100%| O|  |TAMS 0x00000000a5c00000, 0x00000000a5b00000| Untracked 
|  92|0x00000000a5c00000, 0x00000000a5d00000, 0x00000000a5d00000|100%| O|  |TAMS 0x00000000a5d00000, 0x00000000a5c00000| Untracked 
|  93|0x00000000a5d00000, 0x00000000a5e00000, 0x00000000a5e00000|100%| O|  |TAMS 0x00000000a5e00000, 0x00000000a5d00000| Untracked 
|  94|0x00000000a5e00000, 0x00000000a5f00000, 0x00000000a5f00000|100%| O|  |TAMS 0x00000000a5f00000, 0x00000000a5e00000| Untracked 
|  95|0x00000000a5f00000, 0x00000000a6000000, 0x00000000a6000000|100%| O|  |TAMS 0x00000000a6000000, 0x00000000a5f00000| Untracked 
|  96|0x00000000a6000000, 0x00000000a6100000, 0x00000000a6100000|100%| O|  |TAMS 0x00000000a6100000, 0x00000000a6000000| Untracked 
|  97|0x00000000a6100000, 0x00000000a6200000, 0x00000000a6200000|100%| O|  |TAMS 0x00000000a6200000, 0x00000000a6100000| Untracked 
|  98|0x00000000a6200000, 0x00000000a6300000, 0x00000000a6300000|100%| O|  |TAMS 0x00000000a6300000, 0x00000000a6200000| Untracked 
|  99|0x00000000a6300000, 0x00000000a6400000, 0x00000000a6400000|100%| O|  |TAMS 0x00000000a6400000, 0x00000000a6300000| Untracked 
| 100|0x00000000a6400000, 0x00000000a6500000, 0x00000000a6500000|100%| O|  |TAMS 0x00000000a6500000, 0x00000000a6400000| Untracked 
| 101|0x00000000a6500000, 0x00000000a6600000, 0x00000000a6600000|100%| O|  |TAMS 0x00000000a6600000, 0x00000000a6500000| Untracked 
| 102|0x00000000a6600000, 0x00000000a6700000, 0x00000000a6700000|100%| O|  |TAMS 0x00000000a6700000, 0x00000000a6600000| Untracked 
| 103|0x00000000a6700000, 0x00000000a6800000, 0x00000000a6800000|100%| O|  |TAMS 0x00000000a6800000, 0x00000000a6700000| Untracked 
| 104|0x00000000a6800000, 0x00000000a6900000, 0x00000000a6900000|100%| O|  |TAMS 0x00000000a6800000, 0x00000000a6800000| Untracked 
| 105|0x00000000a6900000, 0x00000000a6a00000, 0x00000000a6a00000|100%| O|  |TAMS 0x00000000a6900000, 0x00000000a6900000| Untracked 
| 106|0x00000000a6a00000, 0x00000000a6b00000, 0x00000000a6b00000|100%| O|  |TAMS 0x00000000a6a00000, 0x00000000a6a00000| Untracked 
| 107|0x00000000a6b00000, 0x00000000a6c00000, 0x00000000a6c00000|100%| O|  |TAMS 0x00000000a6b00000, 0x00000000a6b00000| Untracked 
| 108|0x00000000a6c00000, 0x00000000a6d00000, 0x00000000a6d00000|100%| O|  |TAMS 0x00000000a6c00000, 0x00000000a6c00000| Untracked 
| 109|0x00000000a6d00000, 0x00000000a6e00000, 0x00000000a6e00000|100%| O|  |TAMS 0x00000000a6d00000, 0x00000000a6d00000| Untracked 
| 110|0x00000000a6e00000, 0x00000000a6ee6200, 0x00000000a6f00000| 89%| O|  |TAMS 0x00000000a6e00000, 0x00000000a6e00000| Untracked 
| 111|0x00000000a6f00000, 0x00000000a6f00000, 0x00000000a7000000|  0%| F|  |TAMS 0x00000000a6f00000, 0x00000000a6f00000| Untracked 
| 112|0x00000000a7000000, 0x00000000a7000000, 0x00000000a7100000|  0%| F|  |TAMS 0x00000000a7000000, 0x00000000a7000000| Untracked 
| 113|0x00000000a7100000, 0x00000000a7100000, 0x00000000a7200000|  0%| F|  |TAMS 0x00000000a7100000, 0x00000000a7100000| Untracked 
| 114|0x00000000a7200000, 0x00000000a7200000, 0x00000000a7300000|  0%| F|  |TAMS 0x00000000a7200000, 0x00000000a7200000| Untracked 
| 115|0x00000000a7300000, 0x00000000a7300000, 0x00000000a7400000|  0%| F|  |TAMS 0x00000000a7300000, 0x00000000a7300000| Untracked 
| 116|0x00000000a7400000, 0x00000000a7400000, 0x00000000a7500000|  0%| F|  |TAMS 0x00000000a7400000, 0x00000000a7400000| Untracked 
| 117|0x00000000a7500000, 0x00000000a7500000, 0x00000000a7600000|  0%| F|  |TAMS 0x00000000a7500000, 0x00000000a7500000| Untracked 
| 118|0x00000000a7600000, 0x00000000a7600000, 0x00000000a7700000|  0%| F|  |TAMS 0x00000000a7600000, 0x00000000a7600000| Untracked 
| 119|0x00000000a7700000, 0x00000000a7700000, 0x00000000a7800000|  0%| F|  |TAMS 0x00000000a7700000, 0x00000000a7700000| Untracked 
| 120|0x00000000a7800000, 0x00000000a7800000, 0x00000000a7900000|  0%| F|  |TAMS 0x00000000a7800000, 0x00000000a7800000| Untracked 
| 121|0x00000000a7900000, 0x00000000a7900000, 0x00000000a7a00000|  0%| F|  |TAMS 0x00000000a7900000, 0x00000000a7900000| Untracked 
| 122|0x00000000a7a00000, 0x00000000a7a00000, 0x00000000a7b00000|  0%| F|  |TAMS 0x00000000a7a00000, 0x00000000a7a00000| Untracked 
| 123|0x00000000a7b00000, 0x00000000a7b00000, 0x00000000a7c00000|  0%| F|  |TAMS 0x00000000a7b00000, 0x00000000a7b00000| Untracked 
| 124|0x00000000a7c00000, 0x00000000a7c00000, 0x00000000a7d00000|  0%| F|  |TAMS 0x00000000a7c00000, 0x00000000a7c00000| Untracked 
| 125|0x00000000a7d00000, 0x00000000a7d00000, 0x00000000a7e00000|  0%| F|  |TAMS 0x00000000a7d00000, 0x00000000a7d00000| Untracked 
| 126|0x00000000a7e00000, 0x00000000a7e00000, 0x00000000a7f00000|  0%| F|  |TAMS 0x00000000a7e00000, 0x00000000a7e00000| Untracked 
| 127|0x00000000a7f00000, 0x00000000a7f00000, 0x00000000a8000000|  0%| F|  |TAMS 0x00000000a7f00000, 0x00000000a7f00000| Untracked 
| 128|0x00000000a8000000, 0x00000000a8000000, 0x00000000a8100000|  0%| F|  |TAMS 0x00000000a8000000, 0x00000000a8000000| Untracked 
| 129|0x00000000a8100000, 0x00000000a8100000, 0x00000000a8200000|  0%| F|  |TAMS 0x00000000a8100000, 0x00000000a8100000| Untracked 
| 130|0x00000000a8200000, 0x00000000a8200000, 0x00000000a8300000|  0%| F|  |TAMS 0x00000000a8200000, 0x00000000a8200000| Untracked 
| 131|0x00000000a8300000, 0x00000000a8300000, 0x00000000a8400000|  0%| F|  |TAMS 0x00000000a8300000, 0x00000000a8300000| Untracked 
| 132|0x00000000a8400000, 0x00000000a8400000, 0x00000000a8500000|  0%| F|  |TAMS 0x00000000a8400000, 0x00000000a8400000| Untracked 
| 133|0x00000000a8500000, 0x00000000a8500000, 0x00000000a8600000|  0%| F|  |TAMS 0x00000000a8500000, 0x00000000a8500000| Untracked 
| 134|0x00000000a8600000, 0x00000000a8600000, 0x00000000a8700000|  0%| F|  |TAMS 0x00000000a8600000, 0x00000000a8600000| Untracked 
| 135|0x00000000a8700000, 0x00000000a8700000, 0x00000000a8800000|  0%| F|  |TAMS 0x00000000a8700000, 0x00000000a8700000| Untracked 
| 136|0x00000000a8800000, 0x00000000a8800000, 0x00000000a8900000|  0%| F|  |TAMS 0x00000000a8800000, 0x00000000a8800000| Untracked 
| 137|0x00000000a8900000, 0x00000000a8900000, 0x00000000a8a00000|  0%| F|  |TAMS 0x00000000a8900000, 0x00000000a8900000| Untracked 
| 138|0x00000000a8a00000, 0x00000000a8a00000, 0x00000000a8b00000|  0%| F|  |TAMS 0x00000000a8a00000, 0x00000000a8a00000| Untracked 
| 139|0x00000000a8b00000, 0x00000000a8b00000, 0x00000000a8c00000|  0%| F|  |TAMS 0x00000000a8b00000, 0x00000000a8b00000| Untracked 
| 140|0x00000000a8c00000, 0x00000000a8c00000, 0x00000000a8d00000|  0%| F|  |TAMS 0x00000000a8c00000, 0x00000000a8c00000| Untracked 
| 141|0x00000000a8d00000, 0x00000000a8d00000, 0x00000000a8e00000|  0%| F|  |TAMS 0x00000000a8d00000, 0x00000000a8d00000| Untracked 
| 142|0x00000000a8e00000, 0x00000000a8e00000, 0x00000000a8f00000|  0%| F|  |TAMS 0x00000000a8e00000, 0x00000000a8e00000| Untracked 
| 143|0x00000000a8f00000, 0x00000000a8f00000, 0x00000000a9000000|  0%| F|  |TAMS 0x00000000a8f00000, 0x00000000a8f00000| Untracked 
| 144|0x00000000a9000000, 0x00000000a9000000, 0x00000000a9100000|  0%| F|  |TAMS 0x00000000a9000000, 0x00000000a9000000| Untracked 
| 145|0x00000000a9100000, 0x00000000a9100000, 0x00000000a9200000|  0%| F|  |TAMS 0x00000000a9100000, 0x00000000a9100000| Untracked 
| 146|0x00000000a9200000, 0x00000000a9200000, 0x00000000a9300000|  0%| F|  |TAMS 0x00000000a9200000, 0x00000000a9200000| Untracked 
| 147|0x00000000a9300000, 0x00000000a9400000, 0x00000000a9400000|100%| S|CS|TAMS 0x00000000a9300000, 0x00000000a9300000| Complete 
| 148|0x00000000a9400000, 0x00000000a9500000, 0x00000000a9500000|100%| S|CS|TAMS 0x00000000a9400000, 0x00000000a9400000| Complete 
| 149|0x00000000a9500000, 0x00000000a9600000, 0x00000000a9600000|100%| S|CS|TAMS 0x00000000a9500000, 0x00000000a9500000| Complete 
| 150|0x00000000a9600000, 0x00000000a9700000, 0x00000000a9700000|100%| S|CS|TAMS 0x00000000a9600000, 0x00000000a9600000| Complete 
| 151|0x00000000a9700000, 0x00000000a9800000, 0x00000000a9800000|100%| S|CS|TAMS 0x00000000a9700000, 0x00000000a9700000| Complete 
| 152|0x00000000a9800000, 0x00000000a9900000, 0x00000000a9900000|100%| S|CS|TAMS 0x00000000a9800000, 0x00000000a9800000| Complete 
| 153|0x00000000a9900000, 0x00000000a9a00000, 0x00000000a9a00000|100%| S|CS|TAMS 0x00000000a9900000, 0x00000000a9900000| Complete 
| 154|0x00000000a9a00000, 0x00000000a9b00000, 0x00000000a9b00000|100%| S|CS|TAMS 0x00000000a9a00000, 0x00000000a9a00000| Complete 
| 155|0x00000000a9b00000, 0x00000000a9b00000, 0x00000000a9c00000|  0%| F|  |TAMS 0x00000000a9b00000, 0x00000000a9b00000| Untracked 
| 156|0x00000000a9c00000, 0x00000000a9c00000, 0x00000000a9d00000|  0%| F|  |TAMS 0x00000000a9c00000, 0x00000000a9c00000| Untracked 
| 157|0x00000000a9d00000, 0x00000000a9d00000, 0x00000000a9e00000|  0%| F|  |TAMS 0x00000000a9d00000, 0x00000000a9d00000| Untracked 
| 158|0x00000000a9e00000, 0x00000000a9e00000, 0x00000000a9f00000|  0%| F|  |TAMS 0x00000000a9e00000, 0x00000000a9e00000| Untracked 
| 159|0x00000000a9f00000, 0x00000000a9f00000, 0x00000000aa000000|  0%| F|  |TAMS 0x00000000a9f00000, 0x00000000a9f00000| Untracked 
| 160|0x00000000aa000000, 0x00000000aa000000, 0x00000000aa100000|  0%| F|  |TAMS 0x00000000aa000000, 0x00000000aa000000| Untracked 
| 161|0x00000000aa100000, 0x00000000aa100000, 0x00000000aa200000|  0%| F|  |TAMS 0x00000000aa100000, 0x00000000aa100000| Untracked 
| 162|0x00000000aa200000, 0x00000000aa200000, 0x00000000aa300000|  0%| F|  |TAMS 0x00000000aa200000, 0x00000000aa200000| Untracked 
| 163|0x00000000aa300000, 0x00000000aa300000, 0x00000000aa400000|  0%| F|  |TAMS 0x00000000aa300000, 0x00000000aa300000| Untracked 
| 164|0x00000000aa400000, 0x00000000aa400000, 0x00000000aa500000|  0%| F|  |TAMS 0x00000000aa400000, 0x00000000aa400000| Untracked 
| 165|0x00000000aa500000, 0x00000000aa500000, 0x00000000aa600000|  0%| F|  |TAMS 0x00000000aa500000, 0x00000000aa500000| Untracked 
| 166|0x00000000aa600000, 0x00000000aa600000, 0x00000000aa700000|  0%| F|  |TAMS 0x00000000aa600000, 0x00000000aa600000| Untracked 
| 167|0x00000000aa700000, 0x00000000aa700000, 0x00000000aa800000|  0%| F|  |TAMS 0x00000000aa700000, 0x00000000aa700000| Untracked 
| 168|0x00000000aa800000, 0x00000000aa800000, 0x00000000aa900000|  0%| F|  |TAMS 0x00000000aa800000, 0x00000000aa800000| Untracked 
| 169|0x00000000aa900000, 0x00000000aa900000, 0x00000000aaa00000|  0%| F|  |TAMS 0x00000000aa900000, 0x00000000aa900000| Untracked 
| 170|0x00000000aaa00000, 0x00000000aaa00000, 0x00000000aab00000|  0%| F|  |TAMS 0x00000000aaa00000, 0x00000000aaa00000| Untracked 
| 171|0x00000000aab00000, 0x00000000aab00000, 0x00000000aac00000|  0%| F|  |TAMS 0x00000000aab00000, 0x00000000aab00000| Untracked 
| 172|0x00000000aac00000, 0x00000000aac00000, 0x00000000aad00000|  0%| F|  |TAMS 0x00000000aac00000, 0x00000000aac00000| Untracked 
| 173|0x00000000aad00000, 0x00000000aad00000, 0x00000000aae00000|  0%| F|  |TAMS 0x00000000aad00000, 0x00000000aad00000| Untracked 
| 174|0x00000000aae00000, 0x00000000aae00000, 0x00000000aaf00000|  0%| F|  |TAMS 0x00000000aae00000, 0x00000000aae00000| Untracked 
| 175|0x00000000aaf00000, 0x00000000aaf00000, 0x00000000ab000000|  0%| F|  |TAMS 0x00000000aaf00000, 0x00000000aaf00000| Untracked 
| 176|0x00000000ab000000, 0x00000000ab000000, 0x00000000ab100000|  0%| F|  |TAMS 0x00000000ab000000, 0x00000000ab000000| Untracked 
| 177|0x00000000ab100000, 0x00000000ab100000, 0x00000000ab200000|  0%| F|  |TAMS 0x00000000ab100000, 0x00000000ab100000| Untracked 
| 178|0x00000000ab200000, 0x00000000ab200000, 0x00000000ab300000|  0%| F|  |TAMS 0x00000000ab200000, 0x00000000ab200000| Untracked 
| 179|0x00000000ab300000, 0x00000000ab300000, 0x00000000ab400000|  0%| F|  |TAMS 0x00000000ab300000, 0x00000000ab300000| Untracked 
| 180|0x00000000ab400000, 0x00000000ab400000, 0x00000000ab500000|  0%| F|  |TAMS 0x00000000ab400000, 0x00000000ab400000| Untracked 
| 181|0x00000000ab500000, 0x00000000ab500000, 0x00000000ab600000|  0%| F|  |TAMS 0x00000000ab500000, 0x00000000ab500000| Untracked 
| 182|0x00000000ab600000, 0x00000000ab600000, 0x00000000ab700000|  0%| F|  |TAMS 0x00000000ab600000, 0x00000000ab600000| Untracked 
| 183|0x00000000ab700000, 0x00000000ab700000, 0x00000000ab800000|  0%| F|  |TAMS 0x00000000ab700000, 0x00000000ab700000| Untracked 
| 184|0x00000000ab800000, 0x00000000ab800000, 0x00000000ab900000|  0%| F|  |TAMS 0x00000000ab800000, 0x00000000ab800000| Untracked 
| 185|0x00000000ab900000, 0x00000000ab900000, 0x00000000aba00000|  0%| F|  |TAMS 0x00000000ab900000, 0x00000000ab900000| Untracked 
| 186|0x00000000aba00000, 0x00000000aba00000, 0x00000000abb00000|  0%| F|  |TAMS 0x00000000aba00000, 0x00000000aba00000| Untracked 
| 187|0x00000000abb00000, 0x00000000abb00000, 0x00000000abc00000|  0%| F|  |TAMS 0x00000000abb00000, 0x00000000abb00000| Untracked 
| 188|0x00000000abc00000, 0x00000000abc00000, 0x00000000abd00000|  0%| F|  |TAMS 0x00000000abc00000, 0x00000000abc00000| Untracked 
| 189|0x00000000abd00000, 0x00000000abd00000, 0x00000000abe00000|  0%| F|  |TAMS 0x00000000abd00000, 0x00000000abd00000| Untracked 
| 190|0x00000000abe00000, 0x00000000abe00000, 0x00000000abf00000|  0%| F|  |TAMS 0x00000000abe00000, 0x00000000abe00000| Untracked 
| 191|0x00000000abf00000, 0x00000000abf00000, 0x00000000ac000000|  0%| F|  |TAMS 0x00000000abf00000, 0x00000000abf00000| Untracked 
| 192|0x00000000ac000000, 0x00000000ac000000, 0x00000000ac100000|  0%| F|  |TAMS 0x00000000ac000000, 0x00000000ac000000| Untracked 
| 193|0x00000000ac100000, 0x00000000ac100000, 0x00000000ac200000|  0%| F|  |TAMS 0x00000000ac100000, 0x00000000ac100000| Untracked 
| 194|0x00000000ac200000, 0x00000000ac200000, 0x00000000ac300000|  0%| F|  |TAMS 0x00000000ac200000, 0x00000000ac200000| Untracked 
| 195|0x00000000ac300000, 0x00000000ac300000, 0x00000000ac400000|  0%| F|  |TAMS 0x00000000ac300000, 0x00000000ac300000| Untracked 
| 196|0x00000000ac400000, 0x00000000ac43fcd0, 0x00000000ac500000| 24%| E|  |TAMS 0x00000000ac400000, 0x00000000ac400000| Complete 
| 197|0x00000000ac500000, 0x00000000ac600000, 0x00000000ac600000|100%| E|CS|TAMS 0x00000000ac500000, 0x00000000ac500000| Complete 
| 198|0x00000000ac600000, 0x00000000ac700000, 0x00000000ac700000|100%| E|CS|TAMS 0x00000000ac600000, 0x00000000ac600000| Complete 
| 199|0x00000000ac700000, 0x00000000ac800000, 0x00000000ac800000|100%| E|CS|TAMS 0x00000000ac700000, 0x00000000ac700000| Complete 
| 200|0x00000000ac800000, 0x00000000ac900000, 0x00000000ac900000|100%| E|CS|TAMS 0x00000000ac800000, 0x00000000ac800000| Complete 
| 201|0x00000000ac900000, 0x00000000aca00000, 0x00000000aca00000|100%| E|CS|TAMS 0x00000000ac900000, 0x00000000ac900000| Complete 
| 202|0x00000000aca00000, 0x00000000acb00000, 0x00000000acb00000|100%| E|CS|TAMS 0x00000000aca00000, 0x00000000aca00000| Complete 
| 203|0x00000000acb00000, 0x00000000acc00000, 0x00000000acc00000|100%| E|CS|TAMS 0x00000000acb00000, 0x00000000acb00000| Complete 
| 204|0x00000000acc00000, 0x00000000acd00000, 0x00000000acd00000|100%| E|CS|TAMS 0x00000000acc00000, 0x00000000acc00000| Complete 
| 205|0x00000000acd00000, 0x00000000ace00000, 0x00000000ace00000|100%| E|CS|TAMS 0x00000000acd00000, 0x00000000acd00000| Complete 
| 206|0x00000000ace00000, 0x00000000acf00000, 0x00000000acf00000|100%| E|CS|TAMS 0x00000000ace00000, 0x00000000ace00000| Complete 
| 207|0x00000000acf00000, 0x00000000ad000000, 0x00000000ad000000|100%| E|CS|TAMS 0x00000000acf00000, 0x00000000acf00000| Complete 
| 208|0x00000000ad000000, 0x00000000ad100000, 0x00000000ad100000|100%| E|CS|TAMS 0x00000000ad000000, 0x00000000ad000000| Complete 
| 209|0x00000000ad100000, 0x00000000ad200000, 0x00000000ad200000|100%| E|  |TAMS 0x00000000ad100000, 0x00000000ad100000| Complete 

Card table byte_map: [0x000002b0d5930000,0x000002b0d5c30000] _byte_map_base: 0x000002b0d5430000

Marking Bits (Prev, Next): (CMBitMap*) 0x000002b0c2b3f2d0, (CMBitMap*) 0x000002b0c2b3f298
 Prev Bits: [0x000002b0d7730000, 0x000002b0d8f30000)
 Next Bits: [0x000002b0d5f30000, 0x000002b0d7730000)

Polling page: 0x000002b0c0a80000

Metaspace:

Usage:
  Non-class:     82.53 MB capacity,    80.42 MB ( 97%) used,     1.81 MB (  2%) free+waste,   300.12 KB ( <1%) overhead. 
      Class:     13.14 MB capacity,    12.04 MB ( 92%) used,   990.53 KB (  7%) free+waste,   138.44 KB (  1%) overhead. 
       Both:     95.67 MB capacity,    92.46 MB ( 97%) used,     2.78 MB (  3%) free+waste,   438.56 KB ( <1%) overhead. 

Virtual space:
  Non-class space:       84.00 MB reserved,      82.75 MB ( 99%) committed 
      Class space:        1.00 GB reserved,      13.25 MB (  1%) committed 
             Both:        1.08 GB reserved,      96.00 MB (  9%) committed 

Chunk freelists:
   Non-Class:  32.00 KB
       Class:  0 bytes
        Both:  32.00 KB

MaxMetaspaceSize: 17179869184.00 GB
CompressedClassSpaceSize: 1.00 GB
Initial GC threshold: 20.80 MB
Current GC threshold: 158.54 MB
CDS: off

CodeHeap 'non-profiled nmethods': size=120064Kb used=6951Kb max_used=6951Kb free=113112Kb
 bounds [0x000002b0ce0f0000, 0x000002b0ce7c0000, 0x000002b0d5630000]
CodeHeap 'profiled nmethods': size=120000Kb used=26654Kb max_used=26654Kb free=93345Kb
 bounds [0x000002b0c6bc0000, 0x000002b0c85d0000, 0x000002b0ce0f0000]
CodeHeap 'non-nmethods': size=5696Kb used=2383Kb max_used=2437Kb free=3312Kb
 bounds [0x000002b0c6630000, 0x000002b0c68a0000, 0x000002b0c6bc0000]
 total_blobs=13602 nmethods=12698 adapters=816
 compilation: enabled
              stopped_count=0, restarted_count=0
 full_count=0

Compilation events (20 events):
Event: 141.978 Thread 0x000002b0db444000 nmethod 12956 0x000002b0ce7b9810 code [0x000002b0ce7b99a0, 0x000002b0ce7b9a18]
Event: 141.994 Thread 0x000002b0db444000 12957       4       org.gradle.internal.logging.text.AbstractStyledTextOutput::text (19 bytes)
Event: 141.995 Thread 0x000002b0db444000 nmethod 12957 0x000002b0ce7b9b10 code [0x000002b0ce7b9ca0, 0x000002b0ce7b9d58]
Event: 141.996 Thread 0x000002b0db451000 12958       3       java.nio.charset.CharsetDecoder::replaceWith (68 bytes)
Event: 141.996 Thread 0x000002b0db451000 nmethod 12958 0x000002b0c85bf510 code [0x000002b0c85bf740, 0x000002b0c85bfd98]
Event: 142.038 Thread 0x000002b0db451000 12959       3       sun.nio.cs.MS1252::newDecoder (14 bytes)
Event: 142.038 Thread 0x000002b0db451000 nmethod 12959 0x000002b0c85bff90 code [0x000002b0c85c01a0, 0x000002b0c85c04a8]
Event: 142.038 Thread 0x000002b0db451000 12960       3       sun.nio.cs.SingleByte$Decoder::<init> (30 bytes)
Event: 142.039 Thread 0x000002b0db451000 nmethod 12960 0x000002b0c85c0610 code [0x000002b0c85c0800, 0x000002b0c85c0a48]
Event: 142.039 Thread 0x000002b0db451000 12961       3       java.nio.charset.CharsetDecoder::onUnmappableCharacter (26 bytes)
Event: 142.039 Thread 0x000002b0db451000 nmethod 12961 0x000002b0c85c0b90 code [0x000002b0c85c0d60, 0x000002b0c85c10a8]
Event: 142.039 Thread 0x000002b0db451000 12962       3       java.nio.charset.CharsetDecoder::implOnUnmappableCharacter (1 bytes)
Event: 142.039 Thread 0x000002b0db451000 nmethod 12962 0x000002b0c85c1190 code [0x000002b0c85c1340, 0x000002b0c85c1438]
Event: 142.039 Thread 0x000002b0db451000 12963       3       java.nio.CharBuffer::allocate (19 bytes)
Event: 142.039 Thread 0x000002b0db451000 nmethod 12963 0x000002b0c85c1510 code [0x000002b0c85c1700, 0x000002b0c85c1af8]
Event: 142.039 Thread 0x000002b0db451000 12965   !   3       org.gradle.internal.io.StreamByteBuffer::readAsCharBuffer (383 bytes)
Event: 142.039 Thread 0x000002b0db444000 12966       4       org.gradle.internal.io.StreamByteBuffer::prepareRead (102 bytes)
Event: 142.044 Thread 0x000002b0db451000 nmethod 12965 0x000002b0c85c1c90 code [0x000002b0c85c2280, 0x000002b0c85c5828]
Event: 142.044 Thread 0x000002b0db451000 12964       3       org.gradle.internal.io.StreamByteBuffer$StreamByteBufferChunk::readToNioBuffer (73 bytes)
Event: 142.045 Thread 0x000002b0db451000 nmethod 12964 0x000002b0c85c6c10 code [0x000002b0c85c6e40, 0x000002b0c85c7598]

GC Heap History (20 events):
Event: 24.062 GC heap before
{Heap before GC invocations=49 (full 0):
 garbage-first heap   total 138240K, used 102464K [0x00000000a0000000, 0x0000000100000000)
  region size 1024K, 37 young (37888K), 5 survivors (5120K)
 Metaspace       used 75990K, capacity 77975K, committed 78208K, reserved 1116160K
  class space    used 9846K, capacity 10576K, committed 10624K, reserved 1048576K
}
Event: 24.077 GC heap after
{Heap after GC invocations=50 (full 0):
 garbage-first heap   total 138240K, used 71353K [0x00000000a0000000, 0x0000000100000000)
  region size 1024K, 4 young (4096K), 4 survivors (4096K)
 Metaspace       used 75990K, capacity 77975K, committed 78208K, reserved 1116160K
  class space    used 9846K, capacity 10576K, committed 10624K, reserved 1048576K
}
Event: 24.594 GC heap before
{Heap before GC invocations=50 (full 0):
 garbage-first heap   total 138240K, used 105145K [0x00000000a0000000, 0x0000000100000000)
  region size 1024K, 37 young (37888K), 4 survivors (4096K)
 Metaspace       used 77448K, capacity 79538K, committed 79744K, reserved 1118208K
  class space    used 10056K, capacity 10818K, committed 10880K, reserved 1048576K
}
Event: 24.609 GC heap after
{Heap after GC invocations=51 (full 0):
 garbage-first heap   total 138240K, used 74379K [0x00000000a0000000, 0x0000000100000000)
  region size 1024K, 5 young (5120K), 5 survivors (5120K)
 Metaspace       used 77448K, capacity 79538K, committed 79744K, reserved 1118208K
  class space    used 10056K, capacity 10818K, committed 10880K, reserved 1048576K
}
Event: 25.171 GC heap before
{Heap before GC invocations=52 (full 0):
 garbage-first heap   total 138240K, used 107147K [0x00000000a0000000, 0x0000000100000000)
  region size 1024K, 37 young (37888K), 5 survivors (5120K)
 Metaspace       used 78349K, capacity 80472K, committed 80768K, reserved 1118208K
  class space    used 10202K, capacity 11014K, committed 11136K, reserved 1048576K
}
Event: 25.191 GC heap after
{Heap after GC invocations=53 (full 0):
 garbage-first heap   total 177152K, used 77272K [0x00000000a0000000, 0x0000000100000000)
  region size 1024K, 3 young (3072K), 3 survivors (3072K)
 Metaspace       used 78349K, capacity 80472K, committed 80768K, reserved 1118208K
  class space    used 10202K, capacity 11014K, committed 11136K, reserved 1048576K
}
Event: 26.676 GC heap before
{Heap before GC invocations=53 (full 0):
 garbage-first heap   total 177152K, used 124376K [0x00000000a0000000, 0x0000000100000000)
  region size 1024K, 48 young (49152K), 3 survivors (3072K)
 Metaspace       used 80362K, capacity 82769K, committed 83072K, reserved 1120256K
  class space    used 10481K, capacity 11341K, committed 11392K, reserved 1048576K
}
Event: 26.690 GC heap after
{Heap after GC invocations=54 (full 0):
 garbage-first heap   total 177152K, used 87826K [0x00000000a0000000, 0x0000000100000000)
  region size 1024K, 6 young (6144K), 6 survivors (6144K)
 Metaspace       used 80362K, capacity 82769K, committed 83072K, reserved 1120256K
  class space    used 10481K, capacity 11341K, committed 11392K, reserved 1048576K
}
Event: 27.982 GC heap before
{Heap before GC invocations=54 (full 0):
 garbage-first heap   total 177152K, used 133906K [0x00000000a0000000, 0x0000000100000000)
  region size 1024K, 51 young (52224K), 6 survivors (6144K)
 Metaspace       used 83441K, capacity 86121K, committed 86400K, reserved 1124352K
  class space    used 10938K, capacity 11843K, committed 11904K, reserved 1048576K
}
Event: 28.012 GC heap after
{Heap after GC invocations=55 (full 0):
 garbage-first heap   total 177152K, used 93619K [0x00000000a0000000, 0x0000000100000000)
  region size 1024K, 5 young (5120K), 5 survivors (5120K)
 Metaspace       used 83441K, capacity 86121K, committed 86400K, reserved 1124352K
  class space    used 10938K, capacity 11843K, committed 11904K, reserved 1048576K
}
Event: 30.192 GC heap before
{Heap before GC invocations=56 (full 0):
 garbage-first heap   total 177152K, used 137651K [0x00000000a0000000, 0x0000000100000000)
  region size 1024K, 48 young (49152K), 5 survivors (5120K)
 Metaspace       used 88203K, capacity 91040K, committed 91264K, reserved 1128448K
  class space    used 11582K, capacity 12549K, committed 12672K, reserved 1048576K
}
Event: 30.213 GC heap after
{Heap after GC invocations=57 (full 0):
 garbage-first heap   total 177152K, used 96487K [0x00000000a0000000, 0x0000000100000000)
  region size 1024K, 3 young (3072K), 3 survivors (3072K)
 Metaspace       used 88203K, capacity 91040K, committed 91264K, reserved 1128448K
  class space    used 11582K, capacity 12549K, committed 12672K, reserved 1048576K
}
Event: 33.053 GC heap before
{Heap before GC invocations=57 (full 0):
 garbage-first heap   total 177152K, used 140519K [0x00000000a0000000, 0x0000000100000000)
  region size 1024K, 46 young (47104K), 3 survivors (3072K)
 Metaspace       used 90176K, capacity 93005K, committed 93184K, reserved 1130496K
  class space    used 11813K, capacity 12757K, committed 12800K, reserved 1048576K
}
Event: 33.082 GC heap after
{Heap after GC invocations=58 (full 0):
 garbage-first heap   total 215040K, used 102222K [0x00000000a0000000, 0x0000000100000000)
  region size 1024K, 6 young (6144K), 6 survivors (6144K)
 Metaspace       used 90176K, capacity 93005K, committed 93184K, reserved 1130496K
  class space    used 11813K, capacity 12757K, committed 12800K, reserved 1048576K
}
Event: 36.062 GC heap before
{Heap before GC invocations=59 (full 0):
 garbage-first heap   total 215040K, used 155470K [0x00000000a0000000, 0x0000000100000000)
  region size 1024K, 59 young (60416K), 6 survivors (6144K)
 Metaspace       used 92027K, capacity 95015K, committed 95104K, reserved 1130496K
  class space    used 12071K, capacity 13099K, committed 13184K, reserved 1048576K
}
Event: 36.117 GC heap after
{Heap after GC invocations=60 (full 0):
 garbage-first heap   total 215040K, used 107142K [0x00000000a0000000, 0x0000000100000000)
  region size 1024K, 8 young (8192K), 8 survivors (8192K)
 Metaspace       used 92027K, capacity 95015K, committed 95104K, reserved 1130496K
  class space    used 12071K, capacity 13099K, committed 13184K, reserved 1048576K
}
Event: 128.970 GC heap before
{Heap before GC invocations=60 (full 0):
 garbage-first heap   total 215040K, used 162438K [0x00000000a0000000, 0x0000000100000000)
  region size 1024K, 63 young (64512K), 8 survivors (8192K)
 Metaspace       used 93977K, capacity 97113K, committed 97408K, reserved 1132544K
  class space    used 12289K, capacity 13388K, committed 13440K, reserved 1048576K
}
Event: 129.033 GC heap after
{Heap after GC invocations=61 (full 0):
 garbage-first heap   total 215040K, used 110961K [0x00000000a0000000, 0x0000000100000000)
  region size 1024K, 5 young (5120K), 5 survivors (5120K)
 Metaspace       used 93977K, capacity 97113K, committed 97408K, reserved 1132544K
  class space    used 12289K, capacity 13388K, committed 13440K, reserved 1048576K
}
Event: 131.284 GC heap before
{Heap before GC invocations=62 (full 0):
 garbage-first heap   total 215040K, used 166257K [0x00000000a0000000, 0x0000000100000000)
  region size 1024K, 60 young (61440K), 5 survivors (5120K)
 Metaspace       used 94663K, capacity 97966K, committed 98304K, reserved 1134592K
  class space    used 12327K, capacity 13456K, committed 13568K, reserved 1048576K
}
Event: 131.329 GC heap after
{Heap after GC invocations=63 (full 0):
 garbage-first heap   total 215040K, used 121752K [0x00000000a0000000, 0x0000000100000000)
  region size 1024K, 8 young (8192K), 8 survivors (8192K)
 Metaspace       used 94663K, capacity 97966K, committed 98304K, reserved 1134592K
  class space    used 12327K, capacity 13456K, committed 13568K, reserved 1048576K
}

Deoptimization events (20 events):
Event: 131.607 Thread 0x000002b0e0578000 Uncommon trap: trap_request=0xffffff4d fr.pc=0x000002b0ce63ac5c relative=0x00000000000010fc
Event: 131.607 Thread 0x000002b0e0578000 Uncommon trap: reason=unstable_if action=reinterpret pc=0x000002b0ce63ac5c method=org.gradle.internal.snapshot.AbstractIncompleteFileSystemNode.invalidate(Lorg/gradle/internal/snapshot/VfsRelativePath;Lorg/gradle/internal/snapshot/CaseSensitivity;Lorg/gra
Event: 131.607 Thread 0x000002b0e0578000 DEOPT PACKING pc=0x000002b0ce63ac5c sp=0x000000f532efa700
Event: 131.607 Thread 0x000002b0e0578000 DEOPT UNPACKING pc=0x000002b0c667a1af sp=0x000000f532efa508 mode 2
Event: 131.607 Thread 0x000002b0e0578000 Uncommon trap: trap_request=0xffffff4d fr.pc=0x000002b0ce6387f0 relative=0x0000000000000210
Event: 131.607 Thread 0x000002b0e0578000 Uncommon trap: reason=unstable_if action=reinterpret pc=0x000002b0ce6387f0 method=org.gradle.internal.snapshot.AbstractIncompleteFileSystemNode.invalidate(Lorg/gradle/internal/snapshot/VfsRelativePath;Lorg/gradle/internal/snapshot/CaseSensitivity;Lorg/gra
Event: 131.607 Thread 0x000002b0e0578000 DEOPT PACKING pc=0x000002b0ce6387f0 sp=0x000000f532efa900
Event: 131.607 Thread 0x000002b0e0578000 DEOPT UNPACKING pc=0x000002b0c667a1af sp=0x000000f532efa890 mode 2
Event: 131.607 Thread 0x000002b0e0578000 Uncommon trap: trap_request=0xffffff4d fr.pc=0x000002b0ce63957c relative=0x000000000000021c
Event: 131.607 Thread 0x000002b0e0578000 Uncommon trap: reason=unstable_if action=reinterpret pc=0x000002b0ce63957c method=org.gradle.internal.snapshot.AbstractIncompleteFileSystemNode.invalidate(Lorg/gradle/internal/snapshot/VfsRelativePath;Lorg/gradle/internal/snapshot/CaseSensitivity;Lorg/gra
Event: 131.607 Thread 0x000002b0e0578000 DEOPT PACKING pc=0x000002b0ce63957c sp=0x000000f532efa0c0
Event: 131.607 Thread 0x000002b0e0578000 DEOPT UNPACKING pc=0x000002b0c667a1af sp=0x000000f532ef9f78 mode 2
Event: 131.607 Thread 0x000002b0e0578000 Uncommon trap: trap_request=0xffffff4d fr.pc=0x000002b0ce63957c relative=0x000000000000021c
Event: 131.607 Thread 0x000002b0e0578000 Uncommon trap: reason=unstable_if action=reinterpret pc=0x000002b0ce63957c method=org.gradle.internal.snapshot.AbstractIncompleteFileSystemNode.invalidate(Lorg/gradle/internal/snapshot/VfsRelativePath;Lorg/gradle/internal/snapshot/CaseSensitivity;Lorg/gra
Event: 131.607 Thread 0x000002b0e0578000 DEOPT PACKING pc=0x000002b0ce63957c sp=0x000000f532efa350
Event: 131.607 Thread 0x000002b0e0578000 DEOPT UNPACKING pc=0x000002b0c667a1af sp=0x000000f532efa208 mode 2
Event: 131.607 Thread 0x000002b0e0578000 Uncommon trap: trap_request=0xffffff4d fr.pc=0x000002b0ce63957c relative=0x000000000000021c
Event: 131.607 Thread 0x000002b0e0578000 Uncommon trap: reason=unstable_if action=reinterpret pc=0x000002b0ce63957c method=org.gradle.internal.snapshot.AbstractIncompleteFileSystemNode.invalidate(Lorg/gradle/internal/snapshot/VfsRelativePath;Lorg/gradle/internal/snapshot/CaseSensitivity;Lorg/gra
Event: 131.607 Thread 0x000002b0e0578000 DEOPT PACKING pc=0x000002b0ce63957c sp=0x000000f532efa5e0
Event: 131.607 Thread 0x000002b0e0578000 DEOPT UNPACKING pc=0x000002b0c667a1af sp=0x000000f532efa498 mode 2

Classes redefined (0 events):
No events

Internal exceptions (20 events):
Event: 36.330 Thread 0x000002b0e430c800 Exception <a 'java/lang/NoSuchMethodError'{0x00000000ac9136e8}: 'java.lang.Object java.lang.invoke.DirectMethodHandle$Holder.invokeStatic(java.lang.Object, long)'> (0x00000000ac9136e8) thrown at [src/hotspot/share/interpreter/linkResolver.cpp, line 773]
Event: 36.331 Thread 0x000002b0e430c800 Exception <a 'java/lang/NoSuchMethodError'{0x00000000ac916a10}: 'java.lang.Object java.lang.invoke.DirectMethodHandle$Holder.invokeSpecial(java.lang.Object, java.lang.Object, long)'> (0x00000000ac916a10) thrown at [src/hotspot/share/interpreter/linkResolver.cpp, line 773]
Event: 36.335 Thread 0x000002b0e430c800 Exception <a 'java/lang/NoSuchMethodError'{0x00000000ac921ac0}: 'java.lang.Object java.lang.invoke.DirectMethodHandle$Holder.invokeStaticInit(java.lang.Object, java.lang.Object, long, java.lang.Object)'> (0x00000000ac921ac0) thrown at [src/hotspot/share/interpreter/linkResolver.cpp, line 773]
Event: 58.099 Thread 0x000002b0e1f89800 Exception <a 'java/lang/reflect/InvocationTargetException'{0x00000000acafc878}> (0x00000000acafc878) thrown at [src/hotspot/share/runtime/reflection.cpp, line 1247]
Event: 59.100 Thread 0x000002b0dddef800 Exception <a 'java/lang/NoSuchMethodError'{0x00000000abcae3c8}: <clinit>> (0x00000000abcae3c8) thrown at [src/hotspot/share/prims/jni.cpp, line 1367]
Event: 59.105 Thread 0x000002b0dddef800 Exception <a 'java/lang/NoSuchMethodError'{0x00000000abcbf518}: <clinit>> (0x00000000abcbf518) thrown at [src/hotspot/share/prims/jni.cpp, line 1367]
Event: 59.105 Thread 0x000002b0dddef800 Exception <a 'java/lang/NoSuchMethodError'{0x00000000abcc0c00}: <clinit>> (0x00000000abcc0c00) thrown at [src/hotspot/share/prims/jni.cpp, line 1367]
Event: 59.113 Thread 0x000002b0dddef800 Exception <a 'java/lang/NoSuchMethodError'{0x00000000abcd2d68}: <clinit>> (0x00000000abcd2d68) thrown at [src/hotspot/share/prims/jni.cpp, line 1367]
Event: 59.114 Thread 0x000002b0dddef800 Exception <a 'java/lang/NoSuchMethodError'{0x00000000abcdeeb8}: <clinit>> (0x00000000abcdeeb8) thrown at [src/hotspot/share/prims/jni.cpp, line 1367]
Event: 65.510 Thread 0x000002b0dbdc2000 Implicit null exception at 0x000002b0ce3a9e77 to 0x000002b0ce3aa460
Event: 65.510 Thread 0x000002b0dbdc2000 Implicit null exception at 0x000002b0ce3aaa74 to 0x000002b0ce3ab08c
Event: 127.079 Thread 0x000002b0e1f81000 Implicit null exception at 0x000002b0ce67d149 to 0x000002b0ce6832ac
Event: 128.694 Thread 0x000002b0e1f81000 Exception <a 'sun/nio/fs/WindowsException'{0x00000000aa09d4f0}> (0x00000000aa09d4f0) thrown at [src/hotspot/share/prims/jni.cpp, line 617]
Event: 130.540 Thread 0x000002b0e1f81000 Exception <a 'sun/nio/fs/WindowsException'{0x00000000ab2d3610}> (0x00000000ab2d3610) thrown at [src/hotspot/share/prims/jni.cpp, line 617]
Event: 130.582 Thread 0x000002b0e1f81000 Exception <a 'sun/nio/fs/WindowsException'{0x00000000ab176be0}> (0x00000000ab176be0) thrown at [src/hotspot/share/prims/jni.cpp, line 617]
Event: 130.582 Thread 0x000002b0e1f81000 Exception <a 'sun/nio/fs/WindowsException'{0x00000000ab177f68}> (0x00000000ab177f68) thrown at [src/hotspot/share/prims/jni.cpp, line 617]
Event: 130.582 Thread 0x000002b0e1f81000 Exception <a 'sun/nio/fs/WindowsException'{0x00000000ab179340}> (0x00000000ab179340) thrown at [src/hotspot/share/prims/jni.cpp, line 617]
Event: 130.582 Thread 0x000002b0e1f81000 Exception <a 'sun/nio/fs/WindowsException'{0x00000000ab17a718}> (0x00000000ab17a718) thrown at [src/hotspot/share/prims/jni.cpp, line 617]
Event: 131.132 Thread 0x000002b0e1f81000 Implicit null exception at 0x000002b0ce5a6091 to 0x000002b0ce5a6172
Event: 131.190 Thread 0x000002b0e1f81000 Implicit null exception at 0x000002b0ce5a6ac0 to 0x000002b0ce5a6b6b

Events (20 events):
Event: 130.538 Executing VM operation: RevokeBias done
Event: 130.541 Executing VM operation: RevokeBias
Event: 130.541 Executing VM operation: RevokeBias done
Event: 130.840 Executing VM operation: RevokeBias
Event: 130.840 Executing VM operation: RevokeBias done
Event: 131.254 Thread 0x000002b0e0578000 Thread added: 0x000002b0e0578000
Event: 131.284 Executing VM operation: G1CollectForAllocation
Event: 131.329 Executing VM operation: G1CollectForAllocation done
Event: 131.330 Thread 0x000002b0e0579800 Thread added: 0x000002b0e0579800
Event: 131.330 Thread 0x000002b0e057a800 Thread added: 0x000002b0e057a800
Event: 131.331 Thread 0x000002b0e0574800 Thread added: 0x000002b0e0574800
Event: 131.336 Thread 0x000002b0e057f800 Thread added: 0x000002b0e057f800
Event: 131.345 Executing VM operation: RevokeBias
Event: 131.346 Executing VM operation: RevokeBias done
Event: 131.355 Executing VM operation: RevokeBias
Event: 131.355 Executing VM operation: RevokeBias done
Event: 131.613 Thread 0x000002b0e057c000 Thread added: 0x000002b0e057c000
Event: 131.634 Thread 0x000002b0e0580000 Thread added: 0x000002b0e0580000
Event: 131.634 Thread 0x000002b0e057d800 Thread added: 0x000002b0e057d800
Event: 132.402 Thread 0x000002b0e66e7800 Thread exited: 0x000002b0e66e7800


Dynamic libraries:
0x00007ff791230000 - 0x00007ff79123a000 	C:\Program Files\Android\Android Studio\jbr\bin\java.exe
0x00007ffd73a70000 - 0x00007ffd73c68000 	C:\Windows\SYSTEM32\ntdll.dll
0x00007ffd735d0000 - 0x00007ffd7368f000 	C:\Windows\System32\KERNEL32.DLL
0x00007ffd716e0000 - 0x00007ffd719b2000 	C:\Windows\System32\KERNELBASE.dll
0x00007ffd719c0000 - 0x00007ffd71ac0000 	C:\Windows\System32\ucrtbase.dll
0x00007ffd55290000 - 0x00007ffd552a7000 	C:\Program Files\Android\Android Studio\jbr\bin\jli.dll
0x00007ffd57960000 - 0x00007ffd5797b000 	C:\Program Files\Android\Android Studio\jbr\bin\VCRUNTIME140.dll
0x00007ffd736c0000 - 0x00007ffd73861000 	C:\Windows\System32\USER32.dll
0x00007ffd71510000 - 0x00007ffd71532000 	C:\Windows\System32\win32u.dll
0x00007ffd73a00000 - 0x00007ffd73a2b000 	C:\Windows\System32\GDI32.dll
0x00007ffd71540000 - 0x00007ffd7164f000 	C:\Windows\System32\gdi32full.dll
0x00007ffd71420000 - 0x00007ffd714bd000 	C:\Windows\System32\msvcp_win.dll
0x00007ffd61320000 - 0x00007ffd615ba000 	C:\Windows\WinSxS\amd64_microsoft.windows.common-controls_6595b64144ccf1df_6.0.19041.1110_none_60b5254171f9507e\COMCTL32.dll
0x00007ffd72d60000 - 0x00007ffd72dfe000 	C:\Windows\System32\msvcrt.dll
0x00007ffd739d0000 - 0x00007ffd73a00000 	C:\Windows\System32\IMM32.DLL
0x00007ffd59a20000 - 0x00007ffd59a2c000 	C:\Program Files\Android\Android Studio\jbr\bin\vcruntime140_1.dll
0x00007ffd44e60000 - 0x00007ffd44eed000 	C:\Program Files\Android\Android Studio\jbr\bin\msvcp140.dll
0x00007ffd4ffd0000 - 0x00007ffd50b8c000 	C:\Program Files\Android\Android Studio\jbr\bin\server\jvm.dll
0x00007ffd71e90000 - 0x00007ffd71f3e000 	C:\Windows\System32\ADVAPI32.dll
0x00007ffd71d90000 - 0x00007ffd71e2c000 	C:\Windows\System32\sechost.dll
0x00007ffd72e00000 - 0x00007ffd72f24000 	C:\Windows\System32\RPCRT4.dll
0x00007ffd736b0000 - 0x00007ffd736b8000 	C:\Windows\System32\PSAPI.DLL
0x00007ffd5c480000 - 0x00007ffd5c489000 	C:\Windows\SYSTEM32\WSOCK32.dll
0x00007ffd73290000 - 0x00007ffd732fb000 	C:\Windows\System32\WS2_32.dll
0x00007ffd51c80000 - 0x00007ffd51ca7000 	C:\Windows\SYSTEM32\WINMM.dll
0x00007ffd6b280000 - 0x00007ffd6b28a000 	C:\Windows\SYSTEM32\VERSION.dll
0x00007ffd6f030000 - 0x00007ffd6f042000 	C:\Windows\SYSTEM32\kernel.appcore.dll
0x00007ffd6cb90000 - 0x00007ffd6cba0000 	C:\Program Files\Android\Android Studio\jbr\bin\verify.dll
0x00007ffd5c600000 - 0x00007ffd5c7e4000 	C:\Windows\SYSTEM32\DBGHELP.DLL
0x00007ffd5b2d0000 - 0x00007ffd5b305000 	C:\Windows\SYSTEM32\dbgcore.DLL
0x00007ffd71650000 - 0x00007ffd716d2000 	C:\Windows\System32\bcryptPrimitives.dll
0x00007ffd6b290000 - 0x00007ffd6b2b8000 	C:\Program Files\Android\Android Studio\jbr\bin\java.dll
0x00007ffd6a890000 - 0x00007ffd6a89a000 	C:\Program Files\Android\Android Studio\jbr\bin\jimage.dll
0x00007ffd60060000 - 0x00007ffd60078000 	C:\Program Files\Android\Android Studio\jbr\bin\zip.dll
0x00007ffd72610000 - 0x00007ffd72d55000 	C:\Windows\System32\SHELL32.dll
0x00007ffd6f230000 - 0x00007ffd6f9c2000 	C:\Windows\SYSTEM32\windows.storage.dll
0x00007ffd72f30000 - 0x00007ffd73285000 	C:\Windows\System32\combase.dll
0x00007ffd70b60000 - 0x00007ffd70b90000 	C:\Windows\SYSTEM32\Wldp.dll
0x00007ffd73300000 - 0x00007ffd733ad000 	C:\Windows\System32\SHCORE.dll
0x00007ffd725a0000 - 0x00007ffd725f5000 	C:\Windows\System32\shlwapi.dll
0x00007ffd710b0000 - 0x00007ffd710cf000 	C:\Windows\SYSTEM32\profapi.dll
0x00007ffd5edd0000 - 0x00007ffd5ede9000 	C:\Program Files\Android\Android Studio\jbr\bin\net.dll
0x00007ffd66150000 - 0x00007ffd6625a000 	C:\Windows\SYSTEM32\WINHTTP.dll
0x00007ffd70850000 - 0x00007ffd708ba000 	C:\Windows\system32\mswsock.dll
0x00007ffd5b210000 - 0x00007ffd5b223000 	C:\Program Files\Android\Android Studio\jbr\bin\nio.dll
0x00007ffd4e490000 - 0x00007ffd4e4b7000 	C:\Users\Lenovo\.gradle\native\e1d6ef7f7dcc3fd88c89a11ec53ec762bb8ba0a96d01ffa2cd45eb1d1d8dd5c5\windows-amd64\native-platform.dll
0x00007ffd40b50000 - 0x00007ffd40c94000 	C:\Users\Lenovo\.gradle\native\0d407fdbe67a94daf76414ababcb853783967236a71b16ec16e742cd7a986fd3\windows-amd64\native-platform-file-events.dll
0x00007ffd6a880000 - 0x00007ffd6a88a000 	C:\Program Files\Android\Android Studio\jbr\bin\management.dll
0x00007ffd66080000 - 0x00007ffd6608b000 	C:\Program Files\Android\Android Studio\jbr\bin\management_ext.dll
0x00007ffd70ab0000 - 0x00007ffd70ac8000 	C:\Windows\SYSTEM32\CRYPTSP.dll
0x00007ffd70170000 - 0x00007ffd701a4000 	C:\Windows\system32\rsaenh.dll
0x00007ffd713f0000 - 0x00007ffd71417000 	C:\Windows\System32\bcrypt.dll
0x00007ffd71070000 - 0x00007ffd7109e000 	C:\Windows\SYSTEM32\USERENV.dll
0x00007ffd70ad0000 - 0x00007ffd70adc000 	C:\Windows\SYSTEM32\CRYPTBASE.dll
0x00007ffd70540000 - 0x00007ffd7057b000 	C:\Windows\SYSTEM32\IPHLPAPI.DLL
0x00007ffd72600000 - 0x00007ffd72608000 	C:\Windows\System32\NSI.dll
0x00007ffd663e0000 - 0x00007ffd663f7000 	C:\Windows\SYSTEM32\dhcpcsvc6.DLL
0x00007ffd664e0000 - 0x00007ffd664fd000 	C:\Windows\SYSTEM32\dhcpcsvc.DLL
0x00007ffd70580000 - 0x00007ffd7064b000 	C:\Windows\SYSTEM32\DNSAPI.dll

dbghelp: loaded successfully - version: 4.0.5 - missing functions: none
symbol engine: initialized successfully - sym options: 0x614 - pdb path: .;C:\Program Files\Android\Android Studio\jbr\bin;C:\Windows\SYSTEM32;C:\Windows\WinSxS\amd64_microsoft.windows.common-controls_6595b64144ccf1df_6.0.19041.1110_none_60b5254171f9507e;C:\Program Files\Android\Android Studio\jbr\bin\server;C:\Users\Lenovo\.gradle\native\e1d6ef7f7dcc3fd88c89a11ec53ec762bb8ba0a96d01ffa2cd45eb1d1d8dd5c5\windows-amd64;C:\Users\Lenovo\.gradle\native\0d407fdbe67a94daf76414ababcb853783967236a71b16ec16e742cd7a986fd3\windows-amd64

VM Arguments:
jvm_args: --add-opens=java.base/java.util=ALL-UNNAMED --add-opens=java.base/java.lang=ALL-UNNAMED --add-opens=java.base/java.lang.invoke=ALL-UNNAMED --add-opens=java.base/java.util=ALL-UNNAMED --add-opens=java.prefs/java.util.prefs=ALL-UNNAMED --add-opens=java.prefs/java.util.prefs=ALL-UNNAMED --add-opens=java.base/java.nio.charset=ALL-UNNAMED --add-opens=java.base/java.net=ALL-UNNAMED --add-opens=java.base/java.util.concurrent.atomic=ALL-UNNAMED -Xmx1536M -Dfile.encoding=windows-1252 -Duser.country=MX -Duser.language=es -Duser.variant 
java_command: org.gradle.launcher.daemon.bootstrap.GradleDaemon 7.5
java_class_path (initial): C:\Users\Lenovo\.gradle\wrapper\dists\gradle-7.5-all\6qsw290k5lz422uaf8jf6m7co\gradle-7.5\lib\gradle-launcher-7.5.jar
Launcher Type: SUN_STANDARD

[Global flags]
     intx CICompilerCount                          = 3                                         {product} {ergonomic}
     uint ConcGCThreads                            = 1                                         {product} {ergonomic}
     uint G1ConcRefinementThreads                  = 4                                         {product} {ergonomic}
   size_t G1HeapRegionSize                         = 1048576                                   {product} {ergonomic}
    uintx GCDrainStackTargetSize                   = 64                                        {product} {ergonomic}
   size_t InitialHeapSize                          = 67108864                                  {product} {ergonomic}
   size_t MarkStackSize                            = 4194304                                   {product} {ergonomic}
   size_t MaxHeapSize                              = 1610612736                                {product} {command line}
   size_t MaxNewSize                               = 965738496                                 {product} {ergonomic}
   size_t MinHeapDeltaBytes                        = 1048576                                   {product} {ergonomic}
    uintx NonNMethodCodeHeapSize                   = 5830732                                {pd product} {ergonomic}
    uintx NonProfiledCodeHeapSize                  = 122913754                              {pd product} {ergonomic}
    uintx ProfiledCodeHeapSize                     = 122913754                              {pd product} {ergonomic}
    uintx ReservedCodeCacheSize                    = 251658240                              {pd product} {ergonomic}
     bool SegmentedCodeCache                       = true                                      {product} {ergonomic}
     bool UseCompressedClassPointers               = true                                 {lp64_product} {ergonomic}
     bool UseCompressedOops                        = true                                 {lp64_product} {ergonomic}
     bool UseG1GC                                  = true                                      {product} {ergonomic}
     bool UseLargePagesIndividualAllocation        = false                                  {pd product} {ergonomic}

Logging:
Log output configuration:
 #0: stdout all=warning uptime,level,tags
 #1: stderr all=off uptime,level,tags

Environment Variables:
JAVA_HOME=C:\Program Files\Android\Android Studio\jbr
CLASSPATH=C:\Users\Lenovo\StudioProjects\vecinapp_2\android\\gradle\wrapper\gradle-wrapper.jar
PATH=C:\Program Files\Common Files\Oracle\Java\javapath;C:\ProgramData\Oracle\Java\javapath;C:\Program Files\Python310\Scripts\;C:\Program Files\Python310\;C:\Windows\system32;C:\Windows;C:\Windows\System32\Wbem;C:\Windows\System32\WindowsPowerShell\v1.0\;C:\Windows\System32\OpenSSH\;C:\Program Files\php-8.0.12-Win32-vs16-x64;C:\ProgramData\chocolatey\bin;C:\Program Files\nodejs\;C:\Program Files (x86)\QuickTime\QTSystem\;C:\Program Files\Git\cmd;C:\Users\Lenovo\AppData\Roaming\Python\Python310\site-packages;C:\Program Files\Java\jdk-15.0.2\bin;C:\Users\Lenovo\AppData\Local\Pub\Cache\bin;C:\Program Files\MySQL\MySQL Shell 8.0\bin\;C:\Users\Lenovo\AppData\Local\Microsoft\WindowsApps;C:\Users\Lenovo\AppData\Local\atom\bin;C:\Users\Lenovo\AppData\Roaming\npm;C:\Users\Lenovo\AppData\Local\GitHubDesktop\bin;C:\capps\flutter\bin;;C:\capps\flutter\bin\mingit\cmd
USERNAME=Lenovo
OS=Windows_NT
PROCESSOR_IDENTIFIER=Intel64 Family 6 Model 78 Stepping 3, GenuineIntel



---------------  S Y S T E M  ---------------

OS: Windows 10 , 64 bit Build 19041 (10.0.19041.2546)
OS uptime: 0 days 1:28 hours

CPU:total 4 (initial active 4) (2 cores per cpu, 2 threads per core) family 6 model 78 stepping 3 microcode 0xcc, cmov, cx8, fxsr, mmx, sse, sse2, sse3, ssse3, sse4.1, sse4.2, popcnt, avx, avx2, aes, clmul, erms, rtm, 3dnowpref, lzcnt, ht, tsc, tscinvbit, bmi1, bmi2, adx, fma

Memory: 4k page, system-wide physical 4008M (331M free)
TotalPageFile size 7608M (AvailPageFile size 0M)
current process WorkingSet (physical memory assigned to process): 258M, peak: 388M
current process commit charge ("private bytes"): 496M, peak: 525M

vm_info: OpenJDK 64-Bit Server VM (11.0.15+0-b2043.56-9505619) for windows-amd64 JRE (11.0.15+0-b2043.56-9505619), built on Jan 19 2023 02:48:00 by "builduser" with unknown MS VC++:1929

END.
