#
# There is insufficient memory for the Java Runtime Environment to continue.
# Native memory allocation (malloc) failed to allocate 32744 bytes for ChunkPool::allocate
# Possible reasons:
#   The system is out of physical RAM or swap space
#   The process is running with CompressedOops enabled, and the Java Heap may be blocking the growth of the native heap
# Possible solutions:
#   Reduce memory load on the system
#   Increase physical memory or swap space
#   Check if swap backing store is full
#   Decrease Java heap size (-Xmx/-Xms)
#   Decrease number of Java threads
  44758 9450       4       org.gradle.internal.io.LineBufferingOutputStream::write (59 bytes)

Stack: [0x0000009340500000,0x0000009340600000]
Native frames: (J=compiled Java code, j=interpreted, Vv=VM code, C=native code)
V  [jvm.dll+0x64135a]
V  [jvm.dll+0x7d39f9]
V  [jvm.dll+0x7d51b9]
V  [jvm.dll+0x7d58a3]
V  [jvm.dll+0x2691c5]
V  [jvm.dll+0xc1cbf]
V  [jvm.dll+0xc200c]
V  [jvm.dll+0xc1b6b]
V  [jvm.dll+0x61e08f]
V  [jvm.dll+0x67315d]
V  [jvm.dll+0x1b39e0]
V  [jvm.dll+0x22163e]
V  [jvm.dll+0x220498]
V  [jvm.dll+0x19e851]
V  [jvm.dll+0x230479]
V  [jvm.dll+0x22e5ef]
V  [jvm.dll+0x794de1]
V  [jvm.dll+0x78dc24]
V  [jvm.dll+0x6400f6]
C  [ucrtbase.dll+0x21bb2]
C  [KERNEL32.DLL+0x17614]
C  [ntdll.dll+0x526a1]


---------------  P R O C E S S  ---------------

Threads class SMR info:
_java_thread_list=0x000001b118a62680, length=87, elements={
0x000001b177995800, 0x000001b17f158800, 0x000001b17f15b800, 0x000001b17f1be000,
0x000001b17f1c1000, 0x000001b17f1c2000, 0x000001b17f1c3000, 0x000001b17f1ce000,
0x000001b17fb56000, 0x000001b17fc45000, 0x000001b11213c800, 0x000001b112197800,
0x000001b112789800, 0x000001b112d80800, 0x000001b111fa0800, 0x000001b112f98800,
0x000001b112f99800, 0x000001b111175800, 0x000001b112e5a800, 0x000001b11181f000,
0x000001b17fc58800, 0x000001b17fc55000, 0x000001b17fc57800, 0x000001b17fc56000,
0x000001b17fc59800, 0x000001b17fc57000, 0x000001b17fc5a000, 0x000001b17fc54800,
0x000001b17fc5b000, 0x000001b113b36800, 0x000001b113b3b000, 0x000001b113b38000,
0x000001b113b3a800, 0x000001b113b3c000, 0x000001b113b3d000, 0x000001b113b37000,
0x000001b113b3d800, 0x000001b113b3e800, 0x000001b113b3f800, 0x000001b113b39800,
0x000001b113b41800, 0x000001b113b42800, 0x000001b113b40000, 0x000001b113b43800,
0x000001b113b44000, 0x000001b113b45000, 0x000001b113b41000, 0x000001b114c81000,
0x000001b114c84800, 0x000001b114c87800, 0x000001b114c85800, 0x000001b114c83800,
0x000001b114c87000, 0x000001b114c83000, 0x000001b114c86000, 0x000001b114c82000,
0x000001b114c89800, 0x000001b114c88800, 0x000001b114c8c000, 0x000001b114c8b000,
0x000001b114c8d800, 0x000001b114c8c800, 0x000001b114c8e800, 0x000001b114c8f000,
0x000001b114c90000, 0x000001b114c8a000, 0x000001b114e91000, 0x000001b114e90000,
0x000001b114e94000, 0x000001b114e96800, 0x000001b114e93000, 0x000001b114e92800,
0x000001b114e95000, 0x000001b114e95800, 0x000001b114e97800, 0x000001b114e91800,
0x000001b114e9b800, 0x000001b114e9a800, 0x000001b114e9d000, 0x000001b114e99000,
0x000001b114e98000, 0x000001b114e99800, 0x000001b114e9e000, 0x000001b114e9e800,
0x000001b11972d000, 0x000001b11972c000, 0x000001b11972f800
}

Java Threads: ( => current thread )
  0x000001b177995800 JavaThread "main" [_thread_blocked, id=2972, stack(0x000000933f900000,0x000000933fa00000)]
  0x000001b17f158800 JavaThread "Reference Handler" daemon [_thread_blocked, id=4268, stack(0x0000009340000000,0x0000009340100000)]
  0x000001b17f15b800 JavaThread "Finalizer" daemon [_thread_blocked, id=3324, stack(0x0000009340100000,0x0000009340200000)]
  0x000001b17f1be000 JavaThread "Signal Dispatcher" daemon [_thread_blocked, id=3836, stack(0x0000009340200000,0x0000009340300000)]
  0x000001b17f1c1000 JavaThread "Attach Listener" daemon [_thread_blocked, id=3760, stack(0x0000009340300000,0x0000009340400000)]
  0x000001b17f1c2000 JavaThread "Service Thread" daemon [_thread_blocked, id=11016, stack(0x0000009340400000,0x0000009340500000)]
=>0x000001b17f1c3000 JavaThread "C2 CompilerThread0" daemon [_thread_in_native, id=1048, stack(0x0000009340500000,0x0000009340600000)]
  0x000001b17f1ce000 JavaThread "C1 CompilerThread0" daemon [_thread_blocked, id=4452, stack(0x0000009340600000,0x0000009340700000)]
  0x000001b17fb56000 JavaThread "Sweeper thread" daemon [_thread_blocked, id=7520, stack(0x0000009340700000,0x0000009340800000)]
  0x000001b17fc45000 JavaThread "Common-Cleaner" daemon [_thread_blocked, id=9360, stack(0x0000009340800000,0x0000009340900000)]
  0x000001b11213c800 JavaThread "Daemon health stats" [_thread_blocked, id=9916, stack(0x0000009340b00000,0x0000009340c00000)]
  0x000001b112197800 JavaThread "Incoming local TCP Connector on port 50088" [_thread_in_native, id=1044, stack(0x0000009340c00000,0x0000009340d00000)]
  0x000001b112789800 JavaThread "Daemon periodic checks" [_thread_blocked, id=11196, stack(0x0000009340d00000,0x0000009340e00000)]
  0x000001b112d80800 JavaThread "Daemon" [_thread_blocked, id=7432, stack(0x0000009340e00000,0x0000009340f00000)]
  0x000001b111fa0800 JavaThread "Handler for socket connection from /127.0.0.1:50088 to /127.0.0.1:50090" [_thread_in_native, id=1436, stack(0x0000009340f00000,0x0000009341000000)]
  0x000001b112f98800 JavaThread "Cancel handler" [_thread_blocked, id=8516, stack(0x0000009341200000,0x0000009341300000)]
  0x000001b112f99800 JavaThread "Daemon worker" [_thread_blocked, id=9352, stack(0x0000009341300000,0x0000009341400000)]
  0x000001b111175800 JavaThread "Asynchronous log dispatcher for DefaultDaemonConnection: socket connection from /127.0.0.1:50088 to /127.0.0.1:50090" [_thread_blocked, id=9392, stack(0x0000009341400000,0x0000009341500000)]
  0x000001b112e5a800 JavaThread "Stdin handler" [_thread_blocked, id=9372, stack(0x0000009341500000,0x0000009341600000)]
  0x000001b11181f000 JavaThread "Daemon client event forwarder" [_thread_blocked, id=9348, stack(0x0000009341600000,0x0000009341700000)]
  0x000001b17fc58800 JavaThread "Cache worker for journal cache (C:\Users\Lenovo\.gradle\caches\journal-1)" [_thread_blocked, id=1820, stack(0x0000009341700000,0x0000009341800000)]
  0x000001b17fc55000 JavaThread "File lock request listener" [_thread_in_native, id=6536, stack(0x0000009341800000,0x0000009341900000)]
  0x000001b17fc57800 JavaThread "Cache worker for file hash cache (C:\Users\Lenovo\.gradle\caches\7.5\fileHashes)" [_thread_blocked, id=2076, stack(0x0000009341900000,0x0000009341a00000)]
  0x000001b17fc56000 JavaThread "File watcher server" daemon [_thread_in_native, id=5276, stack(0x0000009341a00000,0x0000009341b00000)]
  0x000001b17fc59800 JavaThread "File watcher consumer" daemon [_thread_blocked, id=6080, stack(0x0000009341b00000,0x0000009341c00000)]
  0x000001b17fc57000 JavaThread "Cache worker for checksums cache (C:\Users\Lenovo\StudioProjects\vecinapp_2\android\.gradle\7.5\checksums)" [_thread_blocked, id=3404, stack(0x0000009341c00000,0x0000009341d00000)]
  0x000001b17fc5a000 JavaThread "Cache worker for cache directory md-rule (C:\Users\Lenovo\.gradle\caches\7.5\md-rule)" [_thread_blocked, id=10976, stack(0x0000009341d00000,0x0000009341e00000)]
  0x000001b17fc54800 JavaThread "Cache worker for file content cache (C:\Users\Lenovo\.gradle\caches\7.5\fileContent)" [_thread_blocked, id=9840, stack(0x0000009341e00000,0x0000009341f00000)]
  0x000001b17fc5b000 JavaThread "Cache worker for file hash cache (C:\Users\Lenovo\StudioProjects\vecinapp_2\android\.gradle\7.5\fileHashes)" [_thread_blocked, id=7248, stack(0x0000009341f00000,0x0000009342000000)]
  0x000001b113b36800 JavaThread "Cache worker for cache directory md-supplier (C:\Users\Lenovo\.gradle\caches\7.5\md-supplier)" [_thread_blocked, id=9296, stack(0x0000009342000000,0x0000009342100000)]
  0x000001b113b3b000 JavaThread "Cache worker for execution history cache (C:\Users\Lenovo\.gradle\caches\7.5\executionHistory)" [_thread_blocked, id=3772, stack(0x0000009342100000,0x0000009342200000)]
  0x000001b113b38000 JavaThread "jar transforms" [_thread_blocked, id=3620, stack(0x0000009342200000,0x0000009342300000)]
  0x000001b113b3a800 JavaThread "jar transforms Thread 2" [_thread_blocked, id=7604, stack(0x0000009342300000,0x0000009342400000)]
  0x000001b113b3c000 JavaThread "jar transforms Thread 3" [_thread_blocked, id=1896, stack(0x0000009342400000,0x0000009342500000)]
  0x000001b113b3d000 JavaThread "jar transforms Thread 4" [_thread_blocked, id=9316, stack(0x0000009342500000,0x0000009342600000)]
  0x000001b113b37000 JavaThread "Cache worker for dependencies-accessors (C:\Users\Lenovo\StudioProjects\vecinapp_2\android\.gradle\7.5\dependencies-accessors)" [_thread_blocked, id=2400, stack(0x0000009342600000,0x0000009342700000)]
  0x000001b113b3d800 JavaThread "Cache worker for Build Output Cleanup Cache (C:\Users\Lenovo\StudioProjects\vecinapp_2\android\.gradle\buildOutputCleanup)" [_thread_blocked, id=10904, stack(0x0000009342700000,0x0000009342800000)]
  0x000001b113b3e800 JavaThread "Unconstrained build operations" [_thread_blocked, id=10724, stack(0x0000009342800000,0x0000009342900000)]
  0x000001b113b3f800 JavaThread "Unconstrained build operations Thread 2" [_thread_blocked, id=10720, stack(0x0000009342900000,0x0000009342a00000)]
  0x000001b113b39800 JavaThread "Unconstrained build operations Thread 3" [_thread_blocked, id=10432, stack(0x0000009342a00000,0x0000009342b00000)]
  0x000001b113b41800 JavaThread "Unconstrained build operations Thread 4" [_thread_blocked, id=8136, stack(0x0000009342b00000,0x0000009342c00000)]
  0x000001b113b42800 JavaThread "Unconstrained build operations Thread 5" [_thread_blocked, id=7456, stack(0x0000009342c00000,0x0000009342d00000)]
  0x000001b113b40000 JavaThread "Unconstrained build operations Thread 6" [_thread_blocked, id=9740, stack(0x0000009342d00000,0x0000009342e00000)]
  0x000001b113b43800 JavaThread "Unconstrained build operations Thread 7" [_thread_blocked, id=9752, stack(0x0000009342e00000,0x0000009342f00000)]
  0x000001b113b44000 JavaThread "Unconstrained build operations Thread 8" [_thread_blocked, id=9724, stack(0x0000009342f00000,0x0000009343000000)]
  0x000001b113b45000 JavaThread "Unconstrained build operations Thread 9" [_thread_blocked, id=8936, stack(0x0000009343000000,0x0000009343100000)]
  0x000001b113b41000 JavaThread "Unconstrained build operations Thread 10" [_thread_blocked, id=1716, stack(0x0000009343100000,0x0000009343200000)]
  0x000001b114c81000 JavaThread "Unconstrained build operations Thread 11" [_thread_blocked, id=1704, stack(0x0000009343200000,0x0000009343300000)]
  0x000001b114c84800 JavaThread "Unconstrained build operations Thread 12" [_thread_blocked, id=2312, stack(0x0000009343300000,0x0000009343400000)]
  0x000001b114c87800 JavaThread "Unconstrained build operations Thread 13" [_thread_blocked, id=9324, stack(0x0000009343400000,0x0000009343500000)]
  0x000001b114c85800 JavaThread "Unconstrained build operations Thread 14" [_thread_blocked, id=9240, stack(0x0000009343500000,0x0000009343600000)]
  0x000001b114c83800 JavaThread "Unconstrained build operations Thread 15" [_thread_blocked, id=2352, stack(0x0000009343600000,0x0000009343700000)]
  0x000001b114c87000 JavaThread "Unconstrained build operations Thread 16" [_thread_blocked, id=7080, stack(0x0000009343700000,0x0000009343800000)]
  0x000001b114c83000 JavaThread "Unconstrained build operations Thread 17" [_thread_blocked, id=3328, stack(0x0000009343800000,0x0000009343900000)]
  0x000001b114c86000 JavaThread "Unconstrained build operations Thread 18" [_thread_blocked, id=7200, stack(0x0000009343900000,0x0000009343a00000)]
  0x000001b114c82000 JavaThread "Unconstrained build operations Thread 19" [_thread_blocked, id=5680, stack(0x0000009343a00000,0x0000009343b00000)]
  0x000001b114c89800 JavaThread "Unconstrained build operations Thread 20" [_thread_blocked, id=3608, stack(0x0000009343b00000,0x0000009343c00000)]
  0x000001b114c88800 JavaThread "Unconstrained build operations Thread 21" [_thread_blocked, id=5672, stack(0x0000009343c00000,0x0000009343d00000)]
  0x000001b114c8c000 JavaThread "Unconstrained build operations Thread 22" [_thread_blocked, id=4236, stack(0x0000009343d00000,0x0000009343e00000)]
  0x000001b114c8b000 JavaThread "Unconstrained build operations Thread 23" [_thread_blocked, id=7196, stack(0x0000009343e00000,0x0000009343f00000)]
  0x000001b114c8d800 JavaThread "Unconstrained build operations Thread 24" [_thread_blocked, id=516, stack(0x0000009343f00000,0x0000009344000000)]
  0x000001b114c8c800 JavaThread "Unconstrained build operations Thread 25" [_thread_blocked, id=10648, stack(0x0000009344000000,0x0000009344100000)]
  0x000001b114c8e800 JavaThread "Unconstrained build operations Thread 26" [_thread_blocked, id=548, stack(0x0000009344100000,0x0000009344200000)]
  0x000001b114c8f000 JavaThread "Unconstrained build operations Thread 27" [_thread_blocked, id=10164, stack(0x0000009344200000,0x0000009344300000)]
  0x000001b114c90000 JavaThread "Unconstrained build operations Thread 28" [_thread_blocked, id=5632, stack(0x0000009344300000,0x0000009344400000)]
  0x000001b114c8a000 JavaThread "Unconstrained build operations Thread 29" [_thread_blocked, id=9192, stack(0x0000009344400000,0x0000009344500000)]
  0x000001b114e91000 JavaThread "Unconstrained build operations Thread 30" [_thread_blocked, id=9188, stack(0x0000009344500000,0x0000009344600000)]
  0x000001b114e90000 JavaThread "Unconstrained build operations Thread 31" [_thread_blocked, id=9204, stack(0x0000009344600000,0x0000009344700000)]
  0x000001b114e94000 JavaThread "Unconstrained build operations Thread 32" [_thread_blocked, id=3332, stack(0x0000009344700000,0x0000009344800000)]
  0x000001b114e96800 JavaThread "Unconstrained build operations Thread 33" [_thread_blocked, id=9200, stack(0x0000009344800000,0x0000009344900000)]
  0x000001b114e93000 JavaThread "Unconstrained build operations Thread 34" [_thread_blocked, id=11188, stack(0x0000009344900000,0x0000009344a00000)]
  0x000001b114e92800 JavaThread "Unconstrained build operations Thread 35" [_thread_blocked, id=11080, stack(0x0000009344a00000,0x0000009344b00000)]
  0x000001b114e95000 JavaThread "Unconstrained build operations Thread 36" [_thread_blocked, id=8416, stack(0x0000009344b00000,0x0000009344c00000)]
  0x000001b114e95800 JavaThread "Unconstrained build operations Thread 37" [_thread_blocked, id=3092, stack(0x0000009344c00000,0x0000009344d00000)]
  0x000001b114e97800 JavaThread "Unconstrained build operations Thread 38" [_thread_blocked, id=4424, stack(0x0000009344d00000,0x0000009344e00000)]
  0x000001b114e91800 JavaThread "Unconstrained build operations Thread 39" [_thread_blocked, id=10352, stack(0x0000009344e00000,0x0000009344f00000)]
  0x000001b114e9b800 JavaThread "Unconstrained build operations Thread 40" [_thread_blocked, id=9388, stack(0x0000009344f00000,0x0000009345000000)]
  0x000001b114e9a800 JavaThread "Memory manager" [_thread_blocked, id=896, stack(0x0000009345100000,0x0000009345200000)]
  0x000001b114e9d000 JavaThread "Cache worker for kotlin-dsl (C:\Users\Lenovo\.gradle\caches\7.5\kotlin-dsl)" [_thread_blocked, id=5524, stack(0x0000009345200000,0x0000009345300000)]
  0x000001b114e99000 JavaThread "included builds" [_thread_blocked, id=5028, stack(0x0000009345300000,0x0000009345400000)]
  0x000001b114e98000 JavaThread "Execution worker" [_thread_blocked, id=5764, stack(0x0000009345400000,0x0000009345500000)]
  0x000001b114e99800 JavaThread "Execution worker Thread 2" [_thread_blocked, id=3452, stack(0x0000009345500000,0x0000009345600000)]
  0x000001b114e9e000 JavaThread "Execution worker Thread 3" [_thread_blocked, id=5668, stack(0x0000009345600000,0x0000009345700000)]
  0x000001b114e9e800 JavaThread "Cache worker for execution history cache (C:\Users\Lenovo\StudioProjects\vecinapp_2\android\.gradle\7.5\executionHistory)" [_thread_blocked, id=6888, stack(0x0000009345700000,0x0000009345800000)]
  0x000001b11972d000 JavaThread "Exec process" [_thread_in_native, id=9712, stack(0x0000009345800000,0x0000009345900000)]
  0x000001b11972c000 JavaThread "Exec process Thread 2" [_thread_in_native, id=10124, stack(0x0000009345900000,0x0000009345a00000)]
  0x000001b11972f800 JavaThread "Exec process Thread 3" [_thread_in_native, id=4508, stack(0x0000009345a00000,0x0000009345b00000)]

Other Threads:
  0x000001b17f156000 VMThread "VM Thread" [stack: 0x000000933ff00000,0x0000009340000000] [id=2220]
  0x000001b17fc8e800 WatcherThread [stack: 0x0000009340900000,0x0000009340a00000] [id=1068]
  0x000001b1779ae800 GCTaskThread "GC Thread#0" [stack: 0x000000933fa00000,0x000000933fb00000] [id=8680]
  0x000001b111528800 GCTaskThread "GC Thread#1" [stack: 0x0000009340a00000,0x0000009340b00000] [id=5016]
  0x000001b112d81000 GCTaskThread "GC Thread#2" [stack: 0x0000009341000000,0x0000009341100000] [id=1316]
  0x000001b111fa1800 GCTaskThread "GC Thread#3" [stack: 0x0000009341100000,0x0000009341200000] [id=9396]
  0x000001b1779d5000 ConcurrentGCThread "G1 Main Marker" [stack: 0x000000933fb00000,0x000000933fc00000] [id=3344]
  0x000001b1779d6000 ConcurrentGCThread "G1 Conc#0" [stack: 0x000000933fc00000,0x000000933fd00000] [id=9848]
  0x000001b177a30000 ConcurrentGCThread "G1 Refine#0" [stack: 0x000000933fd00000,0x000000933fe00000] [id=1060]
  0x000001b177a31000 ConcurrentGCThread "G1 Young RemSet Sampling" [stack: 0x000000933fe00000,0x000000933ff00000] [id=2736]

Threads with active compile tasks:
C2 CompilerThread0    44851 9450       4       org.gradle.internal.io.LineBufferingOutputStream::write (59 bytes)

VM state:not at safepoint (normal execution)

VM Mutex/Monitor currently owned by a thread: None

Heap address: 0x00000000a0000000, size: 1536 MB, Compressed Oops mode: 32-bit
Narrow klass base: 0x0000000000000000, Narrow klass shift: 3
Compressed class space size: 1073741824 Address: 0x0000000100000000

Heap:
 garbage-first heap   total 165888K, used 133992K [0x00000000a0000000, 0x0000000100000000)
  region size 1024K, 60 young (61440K), 6 survivors (6144K)
 Metaspace       used 88482K, capacity 90995K, committed 91344K, reserved 1128448K
  class space    used 11602K, capacity 12548K, committed 12672K, reserved 1048576K
Heap Regions: E=young(eden), S=young(survivor), O=old, HS=humongous(starts), HC=humongous(continues), CS=collection set, F=free, A=archive, TAMS=top-at-mark-start (previous, next)
|   0|0x00000000a0000000, 0x00000000a0100000, 0x00000000a0100000|100%|HS|  |TAMS 0x00000000a0100000, 0x00000000a0000000| Complete 
|   1|0x00000000a0100000, 0x00000000a0200000, 0x00000000a0200000|100%|HC|  |TAMS 0x00000000a0200000, 0x00000000a0100000| Complete 
|   2|0x00000000a0200000, 0x00000000a0300000, 0x00000000a0300000|100%|HC|  |TAMS 0x00000000a0300000, 0x00000000a0200000| Complete 
|   3|0x00000000a0300000, 0x00000000a0400000, 0x00000000a0400000|100%| O|  |TAMS 0x00000000a0400000, 0x00000000a0300000| Untracked 
|   4|0x00000000a0400000, 0x00000000a0500000, 0x00000000a0500000|100%| O|  |TAMS 0x00000000a0500000, 0x00000000a0400000| Untracked 
|   5|0x00000000a0500000, 0x00000000a0600000, 0x00000000a0600000|100%| O|  |TAMS 0x00000000a0600000, 0x00000000a0500000| Untracked 
|   6|0x00000000a0600000, 0x00000000a0700000, 0x00000000a0700000|100%| O|  |TAMS 0x00000000a0700000, 0x00000000a0600000| Untracked 
|   7|0x00000000a0700000, 0x00000000a0800000, 0x00000000a0800000|100%| O|  |TAMS 0x00000000a0800000, 0x00000000a0700000| Untracked 
|   8|0x00000000a0800000, 0x00000000a0900000, 0x00000000a0900000|100%| O|  |TAMS 0x00000000a0900000, 0x00000000a0800000| Untracked 
|   9|0x00000000a0900000, 0x00000000a0a00000, 0x00000000a0a00000|100%| O|  |TAMS 0x00000000a0a00000, 0x00000000a0900000| Untracked 
|  10|0x00000000a0a00000, 0x00000000a0b00000, 0x00000000a0b00000|100%| O|  |TAMS 0x00000000a0b00000, 0x00000000a0a00000| Untracked 
|  11|0x00000000a0b00000, 0x00000000a0c00000, 0x00000000a0c00000|100%| O|  |TAMS 0x00000000a0c00000, 0x00000000a0b00000| Untracked 
|  12|0x00000000a0c00000, 0x00000000a0d00000, 0x00000000a0d00000|100%| O|  |TAMS 0x00000000a0d00000, 0x00000000a0c00000| Untracked 
|  13|0x00000000a0d00000, 0x00000000a0e00000, 0x00000000a0e00000|100%| O|  |TAMS 0x00000000a0e00000, 0x00000000a0d00000| Untracked 
|  14|0x00000000a0e00000, 0x00000000a0f00000, 0x00000000a0f00000|100%| O|  |TAMS 0x00000000a0f00000, 0x00000000a0e00000| Untracked 
|  15|0x00000000a0f00000, 0x00000000a1000000, 0x00000000a1000000|100%| O|  |TAMS 0x00000000a1000000, 0x00000000a0f00000| Untracked 
|  16|0x00000000a1000000, 0x00000000a1100000, 0x00000000a1100000|100%| O|  |TAMS 0x00000000a1100000, 0x00000000a1000000| Untracked 
|  17|0x00000000a1100000, 0x00000000a1200000, 0x00000000a1200000|100%| O|  |TAMS 0x00000000a1200000, 0x00000000a1100000| Untracked 
|  18|0x00000000a1200000, 0x00000000a1300000, 0x00000000a1300000|100%| O|  |TAMS 0x00000000a1300000, 0x00000000a1200000| Untracked 
|  19|0x00000000a1300000, 0x00000000a1400000, 0x00000000a1400000|100%| O|  |TAMS 0x00000000a1400000, 0x00000000a1300000| Untracked 
|  20|0x00000000a1400000, 0x00000000a1500000, 0x00000000a1500000|100%| O|  |TAMS 0x00000000a1500000, 0x00000000a1400000| Untracked 
|  21|0x00000000a1500000, 0x00000000a1600000, 0x00000000a1600000|100%| O|  |TAMS 0x00000000a1600000, 0x00000000a1500000| Untracked 
|  22|0x00000000a1600000, 0x00000000a1700000, 0x00000000a1700000|100%| O|  |TAMS 0x00000000a1700000, 0x00000000a1600000| Untracked 
|  23|0x00000000a1700000, 0x00000000a1800000, 0x00000000a1800000|100%| O|  |TAMS 0x00000000a1800000, 0x00000000a1700000| Untracked 
|  24|0x00000000a1800000, 0x00000000a1900000, 0x00000000a1900000|100%| O|  |TAMS 0x00000000a1900000, 0x00000000a1800000| Untracked 
|  25|0x00000000a1900000, 0x00000000a1a00000, 0x00000000a1a00000|100%| O|  |TAMS 0x00000000a1a00000, 0x00000000a1900000| Untracked 
|  26|0x00000000a1a00000, 0x00000000a1b00000, 0x00000000a1b00000|100%| O|  |TAMS 0x00000000a1b00000, 0x00000000a1a00000| Untracked 
|  27|0x00000000a1b00000, 0x00000000a1c00000, 0x00000000a1c00000|100%| O|  |TAMS 0x00000000a1c00000, 0x00000000a1b00000| Untracked 
|  28|0x00000000a1c00000, 0x00000000a1d00000, 0x00000000a1d00000|100%| O|  |TAMS 0x00000000a1d00000, 0x00000000a1c00000| Untracked 
|  29|0x00000000a1d00000, 0x00000000a1e00000, 0x00000000a1e00000|100%| O|  |TAMS 0x00000000a1e00000, 0x00000000a1d00000| Untracked 
|  30|0x00000000a1e00000, 0x00000000a1f00000, 0x00000000a1f00000|100%| O|  |TAMS 0x00000000a1f00000, 0x00000000a1e00000| Untracked 
|  31|0x00000000a1f00000, 0x00000000a2000000, 0x00000000a2000000|100%|HS|  |TAMS 0x00000000a2000000, 0x00000000a1f00000| Complete 
|  32|0x00000000a2000000, 0x00000000a2100000, 0x00000000a2100000|100%|HS|  |TAMS 0x00000000a2100000, 0x00000000a2000000| Complete 
|  33|0x00000000a2100000, 0x00000000a2200000, 0x00000000a2200000|100%|HS|  |TAMS 0x00000000a2200000, 0x00000000a2100000| Complete 
|  34|0x00000000a2200000, 0x00000000a2300000, 0x00000000a2300000|100%| O|  |TAMS 0x00000000a2300000, 0x00000000a2200000| Untracked 
|  35|0x00000000a2300000, 0x00000000a2400000, 0x00000000a2400000|100%| O|  |TAMS 0x00000000a2400000, 0x00000000a2300000| Untracked 
|  36|0x00000000a2400000, 0x00000000a2500000, 0x00000000a2500000|100%|HS|  |TAMS 0x00000000a2500000, 0x00000000a2400000| Complete 
|  37|0x00000000a2500000, 0x00000000a2600000, 0x00000000a2600000|100%|HC|  |TAMS 0x00000000a2600000, 0x00000000a2500000| Complete 
|  38|0x00000000a2600000, 0x00000000a2700000, 0x00000000a2700000|100%|HC|  |TAMS 0x00000000a2700000, 0x00000000a2600000| Complete 
|  39|0x00000000a2700000, 0x00000000a2800000, 0x00000000a2800000|100%| O|  |TAMS 0x00000000a2800000, 0x00000000a2700000| Untracked 
|  40|0x00000000a2800000, 0x00000000a2900000, 0x00000000a2900000|100%|HS|  |TAMS 0x00000000a2900000, 0x00000000a2800000| Complete 
|  41|0x00000000a2900000, 0x00000000a2a00000, 0x00000000a2a00000|100%|HC|  |TAMS 0x00000000a2a00000, 0x00000000a2900000| Complete 
|  42|0x00000000a2a00000, 0x00000000a2b00000, 0x00000000a2b00000|100%| O|  |TAMS 0x00000000a2b00000, 0x00000000a2a00000| Untracked 
|  43|0x00000000a2b00000, 0x00000000a2c00000, 0x00000000a2c00000|100%| O|  |TAMS 0x00000000a2c00000, 0x00000000a2b00000| Untracked 
|  44|0x00000000a2c00000, 0x00000000a2d00000, 0x00000000a2d00000|100%| O|  |TAMS 0x00000000a2d00000, 0x00000000a2c00000| Untracked 
|  45|0x00000000a2d00000, 0x00000000a2e00000, 0x00000000a2e00000|100%| O|  |TAMS 0x00000000a2e00000, 0x00000000a2d00000| Untracked 
|  46|0x00000000a2e00000, 0x00000000a2f00000, 0x00000000a2f00000|100%| O|  |TAMS 0x00000000a2f00000, 0x00000000a2e00000| Untracked 
|  47|0x00000000a2f00000, 0x00000000a3000000, 0x00000000a3000000|100%| O|  |TAMS 0x00000000a3000000, 0x00000000a2f00000| Untracked 
|  48|0x00000000a3000000, 0x00000000a3100000, 0x00000000a3100000|100%| O|  |TAMS 0x00000000a3100000, 0x00000000a3000000| Untracked 
|  49|0x00000000a3100000, 0x00000000a3200000, 0x00000000a3200000|100%| O|  |TAMS 0x00000000a3200000, 0x00000000a3100000| Untracked 
|  50|0x00000000a3200000, 0x00000000a3300000, 0x00000000a3300000|100%| O|  |TAMS 0x00000000a3300000, 0x00000000a3200000| Untracked 
|  51|0x00000000a3300000, 0x00000000a3400000, 0x00000000a3400000|100%| O|  |TAMS 0x00000000a3400000, 0x00000000a3300000| Untracked 
|  52|0x00000000a3400000, 0x00000000a3500000, 0x00000000a3500000|100%| O|  |TAMS 0x00000000a3500000, 0x00000000a3400000| Untracked 
|  53|0x00000000a3500000, 0x00000000a3600000, 0x00000000a3600000|100%| O|  |TAMS 0x00000000a3600000, 0x00000000a3500000| Untracked 
|  54|0x00000000a3600000, 0x00000000a3700000, 0x00000000a3700000|100%| O|  |TAMS 0x00000000a3700000, 0x00000000a3600000| Untracked 
|  55|0x00000000a3700000, 0x00000000a3800000, 0x00000000a3800000|100%| O|  |TAMS 0x00000000a3800000, 0x00000000a3700000| Untracked 
|  56|0x00000000a3800000, 0x00000000a3900000, 0x00000000a3900000|100%| O|  |TAMS 0x00000000a3900000, 0x00000000a3800000| Untracked 
|  57|0x00000000a3900000, 0x00000000a3a00000, 0x00000000a3a00000|100%| O|  |TAMS 0x00000000a3a00000, 0x00000000a3900000| Untracked 
|  58|0x00000000a3a00000, 0x00000000a3b00000, 0x00000000a3b00000|100%| O|  |TAMS 0x00000000a3b00000, 0x00000000a3a00000| Untracked 
|  59|0x00000000a3b00000, 0x00000000a3c00000, 0x00000000a3c00000|100%| O|  |TAMS 0x00000000a3c00000, 0x00000000a3b00000| Untracked 
|  60|0x00000000a3c00000, 0x00000000a3d00000, 0x00000000a3d00000|100%| O|  |TAMS 0x00000000a3d00000, 0x00000000a3c00000| Untracked 
|  61|0x00000000a3d00000, 0x00000000a3e00000, 0x00000000a3e00000|100%| O|  |TAMS 0x00000000a3e00000, 0x00000000a3d00000| Untracked 
|  62|0x00000000a3e00000, 0x00000000a3f00000, 0x00000000a3f00000|100%| O|  |TAMS 0x00000000a3f00000, 0x00000000a3e00000| Untracked 
|  63|0x00000000a3f00000, 0x00000000a4000000, 0x00000000a4000000|100%| O|  |TAMS 0x00000000a4000000, 0x00000000a3f00000| Untracked 
|  64|0x00000000a4000000, 0x00000000a4100000, 0x00000000a4100000|100%| O|  |TAMS 0x00000000a4100000, 0x00000000a4000000| Untracked 
|  65|0x00000000a4100000, 0x00000000a4200000, 0x00000000a4200000|100%| O|  |TAMS 0x00000000a4200000, 0x00000000a4100000| Untracked 
|  66|0x00000000a4200000, 0x00000000a4300000, 0x00000000a4300000|100%| O|  |TAMS 0x00000000a4241a00, 0x00000000a4200000| Untracked 
|  67|0x00000000a4300000, 0x00000000a4400000, 0x00000000a4400000|100%| O|  |TAMS 0x00000000a4300000, 0x00000000a4300000| Untracked 
|  68|0x00000000a4400000, 0x00000000a4500000, 0x00000000a4500000|100%| O|  |TAMS 0x00000000a4400000, 0x00000000a4400000| Untracked 
|  69|0x00000000a4500000, 0x00000000a4600000, 0x00000000a4600000|100%| O|  |TAMS 0x00000000a4500000, 0x00000000a4500000| Untracked 
|  70|0x00000000a4600000, 0x00000000a4700000, 0x00000000a4700000|100%| O|  |TAMS 0x00000000a4600000, 0x00000000a4600000| Untracked 
|  71|0x00000000a4700000, 0x00000000a47fca00, 0x00000000a4800000| 98%| O|  |TAMS 0x00000000a4700000, 0x00000000a4700000| Untracked 
|  72|0x00000000a4800000, 0x00000000a4800000, 0x00000000a4900000|  0%| F|  |TAMS 0x00000000a4800000, 0x00000000a4800000| Untracked 
|  73|0x00000000a4900000, 0x00000000a4900000, 0x00000000a4a00000|  0%| F|  |TAMS 0x00000000a4900000, 0x00000000a4900000| Untracked 
|  74|0x00000000a4a00000, 0x00000000a4a00000, 0x00000000a4b00000|  0%| F|  |TAMS 0x00000000a4a00000, 0x00000000a4a00000| Untracked 
|  75|0x00000000a4b00000, 0x00000000a4b00000, 0x00000000a4c00000|  0%| F|  |TAMS 0x00000000a4b00000, 0x00000000a4b00000| Untracked 
|  76|0x00000000a4c00000, 0x00000000a4c00000, 0x00000000a4d00000|  0%| F|  |TAMS 0x00000000a4c00000, 0x00000000a4c00000| Untracked 
|  77|0x00000000a4d00000, 0x00000000a4d00000, 0x00000000a4e00000|  0%| F|  |TAMS 0x00000000a4d00000, 0x00000000a4d00000| Untracked 
|  78|0x00000000a4e00000, 0x00000000a4e00000, 0x00000000a4f00000|  0%| F|  |TAMS 0x00000000a4e00000, 0x00000000a4e00000| Untracked 
|  79|0x00000000a4f00000, 0x00000000a4f00000, 0x00000000a5000000|  0%| F|  |TAMS 0x00000000a4f00000, 0x00000000a4f00000| Untracked 
|  80|0x00000000a5000000, 0x00000000a5000000, 0x00000000a5100000|  0%| F|  |TAMS 0x00000000a5000000, 0x00000000a5000000| Untracked 
|  81|0x00000000a5100000, 0x00000000a5100000, 0x00000000a5200000|  0%| F|  |TAMS 0x00000000a5100000, 0x00000000a5100000| Untracked 
|  82|0x00000000a5200000, 0x00000000a5200000, 0x00000000a5300000|  0%| F|  |TAMS 0x00000000a5200000, 0x00000000a5200000| Untracked 
|  83|0x00000000a5300000, 0x00000000a5300000, 0x00000000a5400000|  0%| F|  |TAMS 0x00000000a5300000, 0x00000000a5300000| Untracked 
|  84|0x00000000a5400000, 0x00000000a5400000, 0x00000000a5500000|  0%| F|  |TAMS 0x00000000a5400000, 0x00000000a5400000| Untracked 
|  85|0x00000000a5500000, 0x00000000a5500000, 0x00000000a5600000|  0%| F|  |TAMS 0x00000000a5500000, 0x00000000a5500000| Untracked 
|  86|0x00000000a5600000, 0x00000000a5600000, 0x00000000a5700000|  0%| F|  |TAMS 0x00000000a5600000, 0x00000000a5600000| Untracked 
|  87|0x00000000a5700000, 0x00000000a5700000, 0x00000000a5800000|  0%| F|  |TAMS 0x00000000a5700000, 0x00000000a5700000| Untracked 
|  88|0x00000000a5800000, 0x00000000a5800000, 0x00000000a5900000|  0%| F|  |TAMS 0x00000000a5800000, 0x00000000a5800000| Untracked 
|  89|0x00000000a5900000, 0x00000000a5900000, 0x00000000a5a00000|  0%| F|  |TAMS 0x00000000a5900000, 0x00000000a5900000| Untracked 
|  90|0x00000000a5a00000, 0x00000000a5a00000, 0x00000000a5b00000|  0%| F|  |TAMS 0x00000000a5a00000, 0x00000000a5a00000| Untracked 
|  91|0x00000000a5b00000, 0x00000000a5b00000, 0x00000000a5c00000|  0%| F|  |TAMS 0x00000000a5b00000, 0x00000000a5b00000| Untracked 
|  92|0x00000000a5c00000, 0x00000000a5c00000, 0x00000000a5d00000|  0%| F|  |TAMS 0x00000000a5c00000, 0x00000000a5c00000| Untracked 
|  93|0x00000000a5d00000, 0x00000000a5d00000, 0x00000000a5e00000|  0%| F|  |TAMS 0x00000000a5d00000, 0x00000000a5d00000| Untracked 
|  94|0x00000000a5e00000, 0x00000000a5e00000, 0x00000000a5f00000|  0%| F|  |TAMS 0x00000000a5e00000, 0x00000000a5e00000| Untracked 
|  95|0x00000000a5f00000, 0x00000000a5f00000, 0x00000000a6000000|  0%| F|  |TAMS 0x00000000a5f00000, 0x00000000a5f00000| Untracked 
|  96|0x00000000a6000000, 0x00000000a6000000, 0x00000000a6100000|  0%| F|  |TAMS 0x00000000a6000000, 0x00000000a6000000| Untracked 
|  97|0x00000000a6100000, 0x00000000a6100000, 0x00000000a6200000|  0%| F|  |TAMS 0x00000000a6100000, 0x00000000a6100000| Untracked 
|  98|0x00000000a6200000, 0x00000000a6200000, 0x00000000a6300000|  0%| F|  |TAMS 0x00000000a6200000, 0x00000000a6200000| Untracked 
|  99|0x00000000a6300000, 0x00000000a6300000, 0x00000000a6400000|  0%| F|  |TAMS 0x00000000a6300000, 0x00000000a6300000| Untracked 
| 100|0x00000000a6400000, 0x00000000a6400000, 0x00000000a6500000|  0%| F|  |TAMS 0x00000000a6400000, 0x00000000a6400000| Untracked 
| 101|0x00000000a6500000, 0x00000000a6500000, 0x00000000a6600000|  0%| F|  |TAMS 0x00000000a6500000, 0x00000000a6500000| Untracked 
| 102|0x00000000a6600000, 0x00000000a6621270, 0x00000000a6700000| 12%| E|  |TAMS 0x00000000a6600000, 0x00000000a6600000| Complete 
| 103|0x00000000a6700000, 0x00000000a6800000, 0x00000000a6800000|100%| E|CS|TAMS 0x00000000a6700000, 0x00000000a6700000| Complete 
| 104|0x00000000a6800000, 0x00000000a6900000, 0x00000000a6900000|100%| E|CS|TAMS 0x00000000a6800000, 0x00000000a6800000| Complete 
| 105|0x00000000a6900000, 0x00000000a6a00000, 0x00000000a6a00000|100%| E|CS|TAMS 0x00000000a6900000, 0x00000000a6900000| Complete 
| 106|0x00000000a6a00000, 0x00000000a6b00000, 0x00000000a6b00000|100%| E|CS|TAMS 0x00000000a6a00000, 0x00000000a6a00000| Complete 
| 107|0x00000000a6b00000, 0x00000000a6c00000, 0x00000000a6c00000|100%| E|CS|TAMS 0x00000000a6b00000, 0x00000000a6b00000| Complete 
| 108|0x00000000a6c00000, 0x00000000a6d00000, 0x00000000a6d00000|100%| E|CS|TAMS 0x00000000a6c00000, 0x00000000a6c00000| Complete 
| 109|0x00000000a6d00000, 0x00000000a6ddd630, 0x00000000a6e00000| 86%| S|CS|TAMS 0x00000000a6d00000, 0x00000000a6d00000| Complete 
| 110|0x00000000a6e00000, 0x00000000a6f00000, 0x00000000a6f00000|100%| S|CS|TAMS 0x00000000a6e00000, 0x00000000a6e00000| Complete 
| 111|0x00000000a6f00000, 0x00000000a7000000, 0x00000000a7000000|100%| S|CS|TAMS 0x00000000a6f00000, 0x00000000a6f00000| Complete 
| 112|0x00000000a7000000, 0x00000000a7100000, 0x00000000a7100000|100%| S|CS|TAMS 0x00000000a7000000, 0x00000000a7000000| Complete 
| 113|0x00000000a7100000, 0x00000000a7200000, 0x00000000a7200000|100%| S|CS|TAMS 0x00000000a7100000, 0x00000000a7100000| Complete 
| 114|0x00000000a7200000, 0x00000000a7300000, 0x00000000a7300000|100%| S|CS|TAMS 0x00000000a7200000, 0x00000000a7200000| Complete 
| 115|0x00000000a7300000, 0x00000000a7400000, 0x00000000a7400000|100%| E|CS|TAMS 0x00000000a7300000, 0x00000000a7300000| Complete 
| 116|0x00000000a7400000, 0x00000000a7500000, 0x00000000a7500000|100%| E|CS|TAMS 0x00000000a7400000, 0x00000000a7400000| Complete 
| 117|0x00000000a7500000, 0x00000000a7600000, 0x00000000a7600000|100%| E|CS|TAMS 0x00000000a7500000, 0x00000000a7500000| Complete 
| 118|0x00000000a7600000, 0x00000000a7700000, 0x00000000a7700000|100%| E|CS|TAMS 0x00000000a7600000, 0x00000000a7600000| Complete 
| 119|0x00000000a7700000, 0x00000000a7800000, 0x00000000a7800000|100%| E|CS|TAMS 0x00000000a7700000, 0x00000000a7700000| Complete 
| 120|0x00000000a7800000, 0x00000000a7900000, 0x00000000a7900000|100%| E|CS|TAMS 0x00000000a7800000, 0x00000000a7800000| Complete 
| 121|0x00000000a7900000, 0x00000000a7a00000, 0x00000000a7a00000|100%| E|CS|TAMS 0x00000000a7900000, 0x00000000a7900000| Complete 
| 122|0x00000000a7a00000, 0x00000000a7b00000, 0x00000000a7b00000|100%| E|CS|TAMS 0x00000000a7a00000, 0x00000000a7a00000| Complete 
| 123|0x00000000a7b00000, 0x00000000a7c00000, 0x00000000a7c00000|100%| E|CS|TAMS 0x00000000a7b00000, 0x00000000a7b00000| Complete 
| 124|0x00000000a7c00000, 0x00000000a7d00000, 0x00000000a7d00000|100%| E|CS|TAMS 0x00000000a7c00000, 0x00000000a7c00000| Complete 
| 125|0x00000000a7d00000, 0x00000000a7e00000, 0x00000000a7e00000|100%| E|CS|TAMS 0x00000000a7d00000, 0x00000000a7d00000| Complete 
| 126|0x00000000a7e00000, 0x00000000a7f00000, 0x00000000a7f00000|100%| E|CS|TAMS 0x00000000a7e00000, 0x00000000a7e00000| Complete 
| 127|0x00000000a7f00000, 0x00000000a8000000, 0x00000000a8000000|100%| E|CS|TAMS 0x00000000a7f00000, 0x00000000a7f00000| Complete 
| 128|0x00000000a8000000, 0x00000000a8100000, 0x00000000a8100000|100%| E|CS|TAMS 0x00000000a8000000, 0x00000000a8000000| Complete 
| 129|0x00000000a8100000, 0x00000000a8200000, 0x00000000a8200000|100%| E|CS|TAMS 0x00000000a8100000, 0x00000000a8100000| Complete 
| 130|0x00000000a8200000, 0x00000000a8300000, 0x00000000a8300000|100%| E|CS|TAMS 0x00000000a8200000, 0x00000000a8200000| Complete 
| 131|0x00000000a8300000, 0x00000000a8400000, 0x00000000a8400000|100%| E|CS|TAMS 0x00000000a8300000, 0x00000000a8300000| Complete 
| 132|0x00000000a8400000, 0x00000000a8500000, 0x00000000a8500000|100%| E|CS|TAMS 0x00000000a8400000, 0x00000000a8400000| Complete 
| 133|0x00000000a8500000, 0x00000000a8600000, 0x00000000a8600000|100%| E|CS|TAMS 0x00000000a8500000, 0x00000000a8500000| Complete 
| 134|0x00000000a8600000, 0x00000000a8700000, 0x00000000a8700000|100%| E|CS|TAMS 0x00000000a8600000, 0x00000000a8600000| Complete 
| 135|0x00000000a8700000, 0x00000000a8800000, 0x00000000a8800000|100%| E|CS|TAMS 0x00000000a8700000, 0x00000000a8700000| Complete 
| 136|0x00000000a8800000, 0x00000000a8900000, 0x00000000a8900000|100%| E|CS|TAMS 0x00000000a8800000, 0x00000000a8800000| Complete 
| 137|0x00000000a8900000, 0x00000000a8a00000, 0x00000000a8a00000|100%| E|CS|TAMS 0x00000000a8900000, 0x00000000a8900000| Complete 
| 138|0x00000000a8a00000, 0x00000000a8b00000, 0x00000000a8b00000|100%| E|CS|TAMS 0x00000000a8a00000, 0x00000000a8a00000| Complete 
| 139|0x00000000a8b00000, 0x00000000a8c00000, 0x00000000a8c00000|100%| E|CS|TAMS 0x00000000a8b00000, 0x00000000a8b00000| Complete 
| 140|0x00000000a8c00000, 0x00000000a8d00000, 0x00000000a8d00000|100%| E|CS|TAMS 0x00000000a8c00000, 0x00000000a8c00000| Complete 
| 141|0x00000000a8d00000, 0x00000000a8e00000, 0x00000000a8e00000|100%| E|CS|TAMS 0x00000000a8d00000, 0x00000000a8d00000| Complete 
| 142|0x00000000a8e00000, 0x00000000a8f00000, 0x00000000a8f00000|100%| E|CS|TAMS 0x00000000a8e00000, 0x00000000a8e00000| Complete 
| 143|0x00000000a8f00000, 0x00000000a9000000, 0x00000000a9000000|100%| E|CS|TAMS 0x00000000a8f00000, 0x00000000a8f00000| Complete 
| 144|0x00000000a9000000, 0x00000000a9100000, 0x00000000a9100000|100%| E|CS|TAMS 0x00000000a9000000, 0x00000000a9000000| Complete 
| 145|0x00000000a9100000, 0x00000000a9200000, 0x00000000a9200000|100%| E|CS|TAMS 0x00000000a9100000, 0x00000000a9100000| Complete 
| 146|0x00000000a9200000, 0x00000000a9300000, 0x00000000a9300000|100%| E|CS|TAMS 0x00000000a9200000, 0x00000000a9200000| Complete 
| 147|0x00000000a9300000, 0x00000000a9400000, 0x00000000a9400000|100%| E|CS|TAMS 0x00000000a9300000, 0x00000000a9300000| Complete 
| 148|0x00000000a9400000, 0x00000000a9500000, 0x00000000a9500000|100%| E|CS|TAMS 0x00000000a9400000, 0x00000000a9400000| Complete 
| 149|0x00000000a9500000, 0x00000000a9600000, 0x00000000a9600000|100%| E|CS|TAMS 0x00000000a9500000, 0x00000000a9500000| Complete 
| 150|0x00000000a9600000, 0x00000000a9700000, 0x00000000a9700000|100%| E|CS|TAMS 0x00000000a9600000, 0x00000000a9600000| Complete 
| 151|0x00000000a9700000, 0x00000000a9800000, 0x00000000a9800000|100%| E|CS|TAMS 0x00000000a9700000, 0x00000000a9700000| Complete 
| 152|0x00000000a9800000, 0x00000000a9900000, 0x00000000a9900000|100%| E|CS|TAMS 0x00000000a9800000, 0x00000000a9800000| Complete 
| 153|0x00000000a9900000, 0x00000000a9a00000, 0x00000000a9a00000|100%| E|CS|TAMS 0x00000000a9900000, 0x00000000a9900000| Complete 
| 154|0x00000000a9a00000, 0x00000000a9b00000, 0x00000000a9b00000|100%| E|CS|TAMS 0x00000000a9a00000, 0x00000000a9a00000| Complete 
| 155|0x00000000a9b00000, 0x00000000a9c00000, 0x00000000a9c00000|100%| E|CS|TAMS 0x00000000a9b00000, 0x00000000a9b00000| Complete 
| 156|0x00000000a9c00000, 0x00000000a9d00000, 0x00000000a9d00000|100%| E|CS|TAMS 0x00000000a9c00000, 0x00000000a9c00000| Complete 
| 157|0x00000000a9d00000, 0x00000000a9e00000, 0x00000000a9e00000|100%| E|CS|TAMS 0x00000000a9d00000, 0x00000000a9d00000| Complete 
| 158|0x00000000a9e00000, 0x00000000a9f00000, 0x00000000a9f00000|100%| E|CS|TAMS 0x00000000a9e00000, 0x00000000a9e00000| Complete 
| 159|0x00000000a9f00000, 0x00000000aa000000, 0x00000000aa000000|100%| E|CS|TAMS 0x00000000a9f00000, 0x00000000a9f00000| Complete 
| 160|0x00000000aa000000, 0x00000000aa100000, 0x00000000aa100000|100%| E|CS|TAMS 0x00000000aa000000, 0x00000000aa000000| Complete 
| 161|0x00000000aa100000, 0x00000000aa200000, 0x00000000aa200000|100%| E|CS|TAMS 0x00000000aa100000, 0x00000000aa100000| Complete 

Card table byte_map: [0x000001b17b7c0000,0x000001b17bac0000] _byte_map_base: 0x000001b17b2c0000

Marking Bits (Prev, Next): (CMBitMap*) 0x000001b1779ce530, (CMBitMap*) 0x000001b1779ce4f8
 Prev Bits: [0x000001b17d5c0000, 0x000001b17edc0000)
 Next Bits: [0x000001b17bdc0000, 0x000001b17d5c0000)

Polling page: 0x000001b1756c0000

Metaspace:

Usage:
  Non-class:     76.61 MB capacity,    75.08 MB ( 98%) used,     1.29 MB (  2%) free+waste,   249.94 KB ( <1%) overhead. 
      Class:     12.25 MB capacity,    11.33 MB ( 92%) used,   828.45 KB (  7%) free+waste,   116.81 KB ( <1%) overhead. 
       Both:     88.86 MB capacity,    86.41 MB ( 97%) used,     2.10 MB (  2%) free+waste,   366.75 KB ( <1%) overhead. 

Virtual space:
  Non-class space:       78.00 MB reserved,      76.83 MB ( 98%) committed 
      Class space:        1.00 GB reserved,      12.38 MB (  1%) committed 
             Both:        1.08 GB reserved,      89.20 MB (  8%) committed 

Chunk freelists:
   Non-Class:  33.00 KB
       Class:  0 bytes
        Both:  33.00 KB

MaxMetaspaceSize: 17179869184.00 GB
CompressedClassSpaceSize: 1.00 GB
Initial GC threshold: 20.80 MB
Current GC threshold: 130.55 MB
CDS: off

CodeHeap 'non-profiled nmethods': size=120064Kb used=5119Kb max_used=5119Kb free=114944Kb
 bounds [0x000001b107ac0000, 0x000001b107fc0000, 0x000001b10f000000]
CodeHeap 'profiled nmethods': size=120000Kb used=19596Kb max_used=19596Kb free=100403Kb
 bounds [0x000001b100590000, 0x000001b1018c0000, 0x000001b107ac0000]
CodeHeap 'non-nmethods': size=5696Kb used=2379Kb max_used=2429Kb free=3316Kb
 bounds [0x000001b100000000, 0x000001b100270000, 0x000001b100590000]
 total_blobs=10183 nmethods=9280 adapters=815
 compilation: enabled
              stopped_count=0, restarted_count=0
 full_count=0

Compilation events (20 events):
Event: 40.221 Thread 0x000001b17f1c3000 9442       4       org.gradle.internal.logging.text.AbstractLineChoppingStyledTextOutput::doAppend (43 bytes)
Event: 40.222 Thread 0x000001b17f1ce000 nmethod 9439 0x000001b1018a8a10 code [0x000001b1018a8e00, 0x000001b1018aa7c8]
Event: 40.222 Thread 0x000001b17f1ce000 9440       3       org.gradle.internal.io.StreamByteBuffer::hasRemaining (17 bytes)
Event: 40.222 Thread 0x000001b17f1ce000 nmethod 9440 0x000001b1018ab290 code [0x000001b1018ab440, 0x000001b1018ab698]
Event: 40.223 Thread 0x000001b17f1ce000 9443       3       org.gradle.internal.serialize.DefaultSerializerRegistry$TaggedTypeSerializer::map (110 bytes)
Event: 40.225 Thread 0x000001b17f1ce000 nmethod 9443 0x000001b1018ab790 code [0x000001b1018abb00, 0x000001b1018ad178]
Event: 40.225 Thread 0x000001b17f1ce000 9444       1       org.gradle.internal.operations.OperationIdentifier::getId (5 bytes)
Event: 40.225 Thread 0x000001b17f1ce000 nmethod 9444 0x000001b107fbc910 code [0x000001b107fbcac0, 0x000001b107fbcb78]
Event: 40.300 Thread 0x000001b17f1c3000 nmethod 9442 0x000001b107fbcc10 code [0x000001b107fbcea0, 0x000001b107fbe640]
Event: 40.367 Thread 0x000001b17f1ce000 9445       3       org.gradle.internal.logging.console.StyledTextOutputBackedRenderer::onOutput (260 bytes)
Event: 40.373 Thread 0x000001b17f1ce000 nmethod 9445 0x000001b1018ad810 code [0x000001b1018add40, 0x000001b1018b0f38]
Event: 40.813 Thread 0x000001b17f1ce000 9446       1       org.gradle.internal.serialize.Serializers$StatefulSerializerAdapter::access$000 (5 bytes)
Event: 40.822 Thread 0x000001b17f1ce000 nmethod 9446 0x000001b107fbf390 code [0x000001b107fbf540, 0x000001b107fbf5d8]
Event: 40.858 Thread 0x000001b17f1c3000 9447       4       org.gradle.internal.io.StreamByteBuffer::allocateSpace (73 bytes)
Event: 40.859 Thread 0x000001b17f1c3000 nmethod 9447 0x000001b107fbf690 code [0x000001b107fbf820, 0x000001b107fbf8b8]
Event: 41.313 Thread 0x000001b17f1ce000 9448       3       java.util.HashMap$ValueSpliterator::characteristics (28 bytes)
Event: 41.313 Thread 0x000001b17f1ce000 nmethod 9448 0x000001b1018b1d90 code [0x000001b1018b1f40, 0x000001b1018b20f8]
Event: 44.742 Thread 0x000001b17f1ce000 9449   !   3       com.sun.proxy.$Proxy0::onOutput (34 bytes)
Event: 44.743 Thread 0x000001b17f1c3000 9450       4       org.gradle.internal.io.LineBufferingOutputStream::write (59 bytes)
Event: 44.743 Thread 0x000001b17f1ce000 nmethod 9449 0x000001b1018b2190 code [0x000001b1018b2380, 0x000001b1018b2878]

GC Heap History (20 events):
Event: 24.435 GC heap before
{Heap before GC invocations=44 (full 0):
 garbage-first heap   total 114688K, used 85436K [0x00000000a0000000, 0x0000000100000000)
  region size 1024K, 29 young (29696K), 2 survivors (2048K)
 Metaspace       used 68144K, capacity 69896K, committed 69968K, reserved 1110016K
  class space    used 8560K, capacity 9191K, committed 9216K, reserved 1048576K
}
Event: 24.443 GC heap after
{Heap after GC invocations=45 (full 0):
 garbage-first heap   total 114688K, used 59251K [0x00000000a0000000, 0x0000000100000000)
  region size 1024K, 4 young (4096K), 4 survivors (4096K)
 Metaspace       used 68144K, capacity 69896K, committed 69968K, reserved 1110016K
  class space    used 8560K, capacity 9191K, committed 9216K, reserved 1048576K
}
Event: 24.804 GC heap before
{Heap before GC invocations=46 (full 0):
 garbage-first heap   total 114688K, used 66419K [0x00000000a0000000, 0x0000000100000000)
  region size 1024K, 12 young (12288K), 4 survivors (4096K)
 Metaspace       used 68328K, capacity 70027K, committed 70352K, reserved 1110016K
  class space    used 8591K, capacity 9231K, committed 9344K, reserved 1048576K
}
Event: 24.821 GC heap after
{Heap after GC invocations=47 (full 0):
 garbage-first heap   total 114688K, used 60472K [0x00000000a0000000, 0x0000000100000000)
  region size 1024K, 4 young (4096K), 4 survivors (4096K)
 Metaspace       used 68328K, capacity 70027K, committed 70352K, reserved 1110016K
  class space    used 8591K, capacity 9231K, committed 9344K, reserved 1048576K
}
Event: 25.462 GC heap before
{Heap before GC invocations=48 (full 0):
 garbage-first heap   total 114688K, used 90168K [0x00000000a0000000, 0x0000000100000000)
  region size 1024K, 32 young (32768K), 4 survivors (4096K)
 Metaspace       used 68739K, capacity 70548K, committed 70608K, reserved 1110016K
  class space    used 8656K, capacity 9341K, committed 9344K, reserved 1048576K
}
Event: 25.473 GC heap after
{Heap after GC invocations=49 (full 0):
 garbage-first heap   total 114688K, used 62565K [0x00000000a0000000, 0x0000000100000000)
  region size 1024K, 4 young (4096K), 4 survivors (4096K)
 Metaspace       used 68739K, capacity 70548K, committed 70608K, reserved 1110016K
  class space    used 8656K, capacity 9341K, committed 9344K, reserved 1048576K
}
Event: 26.018 GC heap before
{Heap before GC invocations=49 (full 0):
 garbage-first heap   total 114688K, used 90213K [0x00000000a0000000, 0x0000000100000000)
  region size 1024K, 31 young (31744K), 4 survivors (4096K)
 Metaspace       used 69210K, capacity 71151K, committed 71248K, reserved 1112064K
  class space    used 8737K, capacity 9439K, committed 9472K, reserved 1048576K
}
Event: 26.035 GC heap after
{Heap after GC invocations=50 (full 0):
 garbage-first heap   total 138240K, used 63570K [0x00000000a0000000, 0x0000000100000000)
  region size 1024K, 1 young (1024K), 1 survivors (1024K)
 Metaspace       used 69210K, capacity 71151K, committed 71248K, reserved 1112064K
  class space    used 8737K, capacity 9439K, committed 9472K, reserved 1048576K
}
Event: 26.669 GC heap before
{Heap before GC invocations=51 (full 0):
 garbage-first heap   total 138240K, used 105554K [0x00000000a0000000, 0x0000000100000000)
  region size 1024K, 42 young (43008K), 1 survivors (1024K)
 Metaspace       used 69932K, capacity 71871K, committed 71888K, reserved 1112064K
  class space    used 8875K, capacity 9593K, committed 9600K, reserved 1048576K
}
Event: 26.677 GC heap after
{Heap after GC invocations=52 (full 0):
 garbage-first heap   total 138240K, used 65064K [0x00000000a0000000, 0x0000000100000000)
  region size 1024K, 3 young (3072K), 3 survivors (3072K)
 Metaspace       used 69932K, capacity 71871K, committed 71888K, reserved 1112064K
  class space    used 8875K, capacity 9593K, committed 9600K, reserved 1048576K
}
Event: 27.611 GC heap before
{Heap before GC invocations=52 (full 0):
 garbage-first heap   total 138240K, used 107048K [0x00000000a0000000, 0x0000000100000000)
  region size 1024K, 44 young (45056K), 3 survivors (3072K)
 Metaspace       used 71970K, capacity 74020K, committed 74320K, reserved 1114112K
  class space    used 9145K, capacity 9905K, committed 9984K, reserved 1048576K
}
Event: 27.621 GC heap after
{Heap after GC invocations=53 (full 0):
 garbage-first heap   total 138240K, used 68083K [0x00000000a0000000, 0x0000000100000000)
  region size 1024K, 6 young (6144K), 6 survivors (6144K)
 Metaspace       used 71970K, capacity 74020K, committed 74320K, reserved 1114112K
  class space    used 9145K, capacity 9905K, committed 9984K, reserved 1048576K
}
Event: 28.771 GC heap before
{Heap before GC invocations=54 (full 0):
 garbage-first heap   total 138240K, used 109043K [0x00000000a0000000, 0x0000000100000000)
  region size 1024K, 46 young (47104K), 6 survivors (6144K)
 Metaspace       used 76239K, capacity 78276K, committed 78416K, reserved 1118208K
  class space    used 9872K, capacity 10629K, committed 10752K, reserved 1048576K
}
Event: 28.790 GC heap after
{Heap after GC invocations=55 (full 0):
 garbage-first heap   total 138240K, used 70474K [0x00000000a0000000, 0x0000000100000000)
  region size 1024K, 6 young (6144K), 6 survivors (6144K)
 Metaspace       used 76239K, capacity 78276K, committed 78416K, reserved 1118208K
  class space    used 9872K, capacity 10629K, committed 10752K, reserved 1048576K
}
Event: 29.534 GC heap before
{Heap before GC invocations=55 (full 0):
 garbage-first heap   total 138240K, used 111434K [0x00000000a0000000, 0x0000000100000000)
  region size 1024K, 46 young (47104K), 6 survivors (6144K)
 Metaspace       used 77720K, capacity 79777K, committed 79952K, reserved 1118208K
  class space    used 10095K, capacity 10893K, committed 11008K, reserved 1048576K
}
Event: 29.558 GC heap after
{Heap after GC invocations=56 (full 0):
 garbage-first heap   total 138240K, used 73990K [0x00000000a0000000, 0x0000000100000000)
  region size 1024K, 6 young (6144K), 6 survivors (6144K)
 Metaspace       used 77720K, capacity 79777K, committed 79952K, reserved 1118208K
  class space    used 10095K, capacity 10893K, committed 11008K, reserved 1048576K
}
Event: 30.912 GC heap before
{Heap before GC invocations=57 (full 0):
 garbage-first heap   total 138240K, used 112902K [0x00000000a0000000, 0x0000000100000000)
  region size 1024K, 44 young (45056K), 6 survivors (6144K)
 Metaspace       used 80045K, capacity 82209K, committed 82384K, reserved 1120256K
  class space    used 10431K, capacity 11265K, committed 11392K, reserved 1048576K
}
Event: 30.935 GC heap after
{Heap after GC invocations=58 (full 0):
 garbage-first heap   total 165888K, used 77064K [0x00000000a0000000, 0x0000000100000000)
  region size 1024K, 4 young (4096K), 4 survivors (4096K)
 Metaspace       used 80045K, capacity 82209K, committed 82384K, reserved 1120256K
  class space    used 10431K, capacity 11265K, committed 11392K, reserved 1048576K
}
Event: 33.136 GC heap before
{Heap before GC invocations=58 (full 0):
 garbage-first heap   total 165888K, used 125192K [0x00000000a0000000, 0x0000000100000000)
  region size 1024K, 51 young (52224K), 4 survivors (4096K)
 Metaspace       used 85192K, capacity 87521K, committed 87632K, reserved 1124352K
  class space    used 11144K, capacity 12013K, committed 12032K, reserved 1048576K
}
Event: 33.158 GC heap after
{Heap after GC invocations=59 (full 0):
 garbage-first heap   total 165888K, used 79720K [0x00000000a0000000, 0x0000000100000000)
  region size 1024K, 6 young (6144K), 6 survivors (6144K)
 Metaspace       used 85192K, capacity 87521K, committed 87632K, reserved 1124352K
  class space    used 11144K, capacity 12013K, committed 12032K, reserved 1048576K
}

Deoptimization events (20 events):
Event: 35.358 Thread 0x000001b114e99000 DEOPT PACKING pc=0x000001b107c09370 sp=0x00000093453fd0d0
Event: 35.358 Thread 0x000001b114e99000 DEOPT UNPACKING pc=0x000001b10004a1af sp=0x00000093453fd070 mode 2
Event: 35.359 Thread 0x000001b114e99000 Uncommon trap: trap_request=0xffffffc6 fr.pc=0x000001b107c09370 relative=0x00000000000004d0
Event: 35.359 Thread 0x000001b114e99000 Uncommon trap: reason=bimorphic_or_optimized_type_check action=maybe_recompile pc=0x000001b107c09370 method=java.util.Spliterators$IteratorSpliterator.tryAdvance(Ljava/util/function/Consumer;)Z @ 50 c2
Event: 35.359 Thread 0x000001b114e99000 DEOPT PACKING pc=0x000001b107c09370 sp=0x00000093453fd0d0
Event: 35.359 Thread 0x000001b114e99000 DEOPT UNPACKING pc=0x000001b10004a1af sp=0x00000093453fd070 mode 2
Event: 35.359 Thread 0x000001b114e99000 Uncommon trap: trap_request=0xffffffc6 fr.pc=0x000001b107c09370 relative=0x00000000000004d0
Event: 35.359 Thread 0x000001b114e99000 Uncommon trap: reason=bimorphic_or_optimized_type_check action=maybe_recompile pc=0x000001b107c09370 method=java.util.Spliterators$IteratorSpliterator.tryAdvance(Ljava/util/function/Consumer;)Z @ 50 c2
Event: 35.359 Thread 0x000001b114e99000 DEOPT PACKING pc=0x000001b107c09370 sp=0x00000093453fd0d0
Event: 35.359 Thread 0x000001b114e99000 DEOPT UNPACKING pc=0x000001b10004a1af sp=0x00000093453fd070 mode 2
Event: 35.359 Thread 0x000001b114e99000 Uncommon trap: trap_request=0xffffffc6 fr.pc=0x000001b107c09370 relative=0x00000000000004d0
Event: 35.359 Thread 0x000001b114e99000 Uncommon trap: reason=bimorphic_or_optimized_type_check action=maybe_recompile pc=0x000001b107c09370 method=java.util.Spliterators$IteratorSpliterator.tryAdvance(Ljava/util/function/Consumer;)Z @ 50 c2
Event: 35.359 Thread 0x000001b114e99000 DEOPT PACKING pc=0x000001b107c09370 sp=0x00000093453fd0d0
Event: 35.359 Thread 0x000001b114e99000 DEOPT UNPACKING pc=0x000001b10004a1af sp=0x00000093453fd070 mode 2
Event: 35.679 Thread 0x000001b114e99000 DEOPT PACKING pc=0x000001b1014fe70a sp=0x00000093453f8320
Event: 35.679 Thread 0x000001b114e99000 DEOPT UNPACKING pc=0x000001b10004a95e sp=0x00000093453f78a0 mode 0
Event: 37.360 Thread 0x000001b11972f800 Uncommon trap: trap_request=0xffffff4d fr.pc=0x000001b107bdae04 relative=0x0000000000000504
Event: 37.360 Thread 0x000001b11972f800 Uncommon trap: reason=unstable_if action=reinterpret pc=0x000001b107bdae04 method=org.gradle.internal.logging.text.AbstractLineChoppingStyledTextOutput$2.execute(Lorg/gradle/internal/logging/text/AbstractLineChoppingStyledTextOutput$StateContext;)V @ 34 c
Event: 37.360 Thread 0x000001b11972f800 DEOPT PACKING pc=0x000001b107bdae04 sp=0x0000009345afdb50
Event: 37.360 Thread 0x000001b11972f800 DEOPT UNPACKING pc=0x000001b10004a1af sp=0x0000009345afd9d8 mode 2

Classes redefined (0 events):
No events

Internal exceptions (20 events):
Event: 35.573 Thread 0x000001b114e99000 Exception <a 'java/lang/ClassNotFoundException'{0x00000000a6b3d768}: org/gradle/process/internal/DefaultExecAction_DecoratedBeanInfo> (0x00000000a6b3d768) thrown at [src/hotspot/share/classfile/systemDictionary.cpp, line 230]
Event: 35.577 Thread 0x000001b114e99000 Exception <a 'java/lang/ClassNotFoundException'{0x00000000a6b6c068}: org/gradle/process/internal/DefaultExecActionBeanInfo> (0x00000000a6b6c068) thrown at [src/hotspot/share/classfile/systemDictionary.cpp, line 230]
Event: 35.579 Thread 0x000001b114e99000 Exception <a 'java/lang/ClassNotFoundException'{0x00000000a6b9e008}: org/gradle/process/internal/DefaultExecHandleBuilderBeanInfo> (0x00000000a6b9e008) thrown at [src/hotspot/share/classfile/systemDictionary.cpp, line 230]
Event: 35.581 Thread 0x000001b114e99000 Exception <a 'java/lang/ClassNotFoundException'{0x00000000a6bd0620}: org/gradle/process/internal/AbstractExecHandleBuilderBeanInfo> (0x00000000a6bd0620) thrown at [src/hotspot/share/classfile/systemDictionary.cpp, line 230]
Event: 35.584 Thread 0x000001b114e99000 Exception <a 'java/lang/ClassNotFoundException'{0x00000000a6a03688}: org/gradle/process/internal/DefaultProcessForkOptionsBeanInfo> (0x00000000a6a03688) thrown at [src/hotspot/share/classfile/systemDictionary.cpp, line 230]
Event: 35.588 Thread 0x000001b114e99000 Exception <a 'java/lang/ClassNotFoundException'{0x00000000a6a362f0}: org/gradle/process/internal/DefaultProcessForkOptionsCustomizer> (0x00000000a6a362f0) thrown at [src/hotspot/share/classfile/systemDictionary.cpp, line 230]
Event: 35.593 Thread 0x000001b114e99000 Exception <a 'java/lang/ClassNotFoundException'{0x00000000a6a760a0}: org/gradle/process/internal/AbstractExecHandleBuilderCustomizer> (0x00000000a6a760a0) thrown at [src/hotspot/share/classfile/systemDictionary.cpp, line 230]
Event: 35.642 Thread 0x000001b114e99000 Exception <a 'java/lang/ClassNotFoundException'{0x00000000a6aba870}: org/gradle/process/internal/DefaultExecHandleBuilderCustomizer> (0x00000000a6aba870) thrown at [src/hotspot/share/classfile/systemDictionary.cpp, line 230]
Event: 35.648 Thread 0x000001b114e99000 Exception <a 'java/lang/ClassNotFoundException'{0x00000000a6916380}: org/gradle/process/internal/DefaultExecActionCustomizer> (0x00000000a6916380) thrown at [src/hotspot/share/classfile/systemDictionary.cpp, line 230]
Event: 35.652 Thread 0x000001b114e99000 Exception <a 'java/lang/ClassNotFoundException'{0x00000000a6952010}: org/gradle/process/internal/DefaultExecAction_DecoratedCustomizer> (0x00000000a6952010) thrown at [src/hotspot/share/classfile/systemDictionary.cpp, line 230]
Event: 35.670 Thread 0x000001b114e99000 Exception <a 'java/lang/ClassNotFoundException'{0x00000000a69a9f90}: org/gradle/api/logging/LogLevelBeanInfo> (0x00000000a69a9f90) thrown at [src/hotspot/share/classfile/systemDictionary.cpp, line 230]
Event: 35.674 Thread 0x000001b114e99000 Exception <a 'java/lang/ClassNotFoundException'{0x00000000a69d3740}: org/gradle/api/logging/LogLevelCustomizer> (0x00000000a69d3740) thrown at [src/hotspot/share/classfile/systemDictionary.cpp, line 230]
Event: 35.690 Thread 0x000001b114e99000 Exception <a 'java/lang/ClassNotFoundException'{0x00000000a6845a30}: org/gradle/internal/logging/services/DefaultLoggingManagerBeanInfo> (0x00000000a6845a30) thrown at [src/hotspot/share/classfile/systemDictionary.cpp, line 230]
Event: 35.693 Thread 0x000001b114e99000 Exception <a 'java/lang/ClassNotFoundException'{0x00000000a6879b70}: org/gradle/internal/logging/services/DefaultLoggingManagerCustomizer> (0x00000000a6879b70) thrown at [src/hotspot/share/classfile/systemDictionary.cpp, line 230]
Event: 35.718 Thread 0x000001b114e99000 Exception <a 'java/lang/ClassNotFoundException'{0x00000000a68b5970}: java/lang/BooleanBeanInfo> (0x00000000a68b5970) thrown at [src/hotspot/share/classfile/systemDictionary.cpp, line 230]
Event: 35.720 Thread 0x000001b114e99000 Exception <a 'java/lang/ClassNotFoundException'{0x00000000a68c2018}: java/lang/BooleanCustomizer> (0x00000000a68c2018) thrown at [src/hotspot/share/classfile/systemDictionary.cpp, line 230]
Event: 35.909 Thread 0x000001b11972d000 Exception <a 'java/lang/NoSuchMethodError'{0x00000000a6745750}: 'void java.lang.invoke.DirectMethodHandle$Holder.invokeStatic(java.lang.Object, long)'> (0x00000000a6745750) thrown at [src/hotspot/share/interpreter/linkResolver.cpp, line 773]
Event: 35.910 Thread 0x000001b11972d000 Exception <a 'java/lang/NoSuchMethodError'{0x00000000a674a6c0}: 'java.lang.Object java.lang.invoke.DirectMethodHandle$Holder.invokeStatic(java.lang.Object, long)'> (0x00000000a674a6c0) thrown at [src/hotspot/share/interpreter/linkResolver.cpp, line 773]
Event: 35.910 Thread 0x000001b11972d000 Exception <a 'java/lang/NoSuchMethodError'{0x00000000a674d9e8}: 'java.lang.Object java.lang.invoke.DirectMethodHandle$Holder.invokeSpecial(java.lang.Object, java.lang.Object, long)'> (0x00000000a674d9e8) thrown at [src/hotspot/share/interpreter/linkResolver.cpp, line 773]
Event: 35.914 Thread 0x000001b11972d000 Exception <a 'java/lang/NoSuchMethodError'{0x00000000a67585a0}: 'java.lang.Object java.lang.invoke.DirectMethodHandle$Holder.invokeStaticInit(java.lang.Object, java.lang.Object, long, java.lang.Object)'> (0x00000000a67585a0) thrown at [src/hotspot/share/interpreter/linkResolver.cpp, line 773]

Events (20 events):
Event: 35.747 loading class org/gradle/process/internal/DefaultExecHandle$CompositeStreamsHandler done
Event: 35.748 loading class org/gradle/process/internal/ProcessBuilderFactory
Event: 35.748 loading class org/gradle/process/internal/ProcessBuilderFactory done
Event: 35.749 loading class org/gradle/internal/operations/CurrentBuildOperationPreservingRunnable
Event: 35.749 loading class org/gradle/internal/operations/CurrentBuildOperationPreservingRunnable done
Event: 35.752 Thread 0x000001b11972d000 Thread added: 0x000001b11972d000
Event: 35.765 loading class net/rubygrapefruit/platform/internal/jni/WindowsHandleFunctions
Event: 35.765 loading class net/rubygrapefruit/platform/internal/jni/WindowsHandleFunctions done
Event: 35.773 loading class java/lang/ProcessImpl
Event: 35.775 loading class java/lang/ProcessImpl done
Event: 35.911 loading class java/lang/ProcessHandleImpl
Event: 35.912 loading class java/lang/ProcessHandleImpl done
Event: 35.915 loading class java/lang/ProcessImpl$2
Event: 35.916 loading class java/lang/ProcessImpl$2 done
Event: 35.916 loading class java/lang/Process$PipeInputStream
Event: 35.916 loading class java/lang/Process$PipeInputStream done
Event: 35.916 loading class org/gradle/process/internal/streams/ExecOutputHandleRunner
Event: 35.916 loading class org/gradle/process/internal/streams/ExecOutputHandleRunner done
Event: 35.918 Thread 0x000001b11972c000 Thread added: 0x000001b11972c000
Event: 35.919 Thread 0x000001b11972f800 Thread added: 0x000001b11972f800


Dynamic libraries:
0x00007ff666040000 - 0x00007ff66604a000 	C:\Program Files\Android\Android Studio\jbr\bin\java.exe
0x00007ffb09db0000 - 0x00007ffb09fa8000 	C:\Windows\SYSTEM32\ntdll.dll
0x00007ffb08500000 - 0x00007ffb085bf000 	C:\Windows\System32\KERNEL32.DLL
0x00007ffb07710000 - 0x00007ffb079e2000 	C:\Windows\System32\KERNELBASE.dll
0x00007ffb07c50000 - 0x00007ffb07d50000 	C:\Windows\System32\ucrtbase.dll
0x00007ffaf74c0000 - 0x00007ffaf74d7000 	C:\Program Files\Android\Android Studio\jbr\bin\jli.dll
0x00007ffafbe70000 - 0x00007ffafbe8b000 	C:\Program Files\Android\Android Studio\jbr\bin\VCRUNTIME140.dll
0x00007ffb08cd0000 - 0x00007ffb08e71000 	C:\Windows\System32\USER32.dll
0x00007ffb07b00000 - 0x00007ffb07b22000 	C:\Windows\System32\win32u.dll
0x00007ffb085c0000 - 0x00007ffb085eb000 	C:\Windows\System32\GDI32.dll
0x00007ffb079f0000 - 0x00007ffb07aff000 	C:\Windows\System32\gdi32full.dll
0x00007ffb07bb0000 - 0x00007ffb07c4d000 	C:\Windows\System32\msvcp_win.dll
0x00007ffaf84e0000 - 0x00007ffaf877a000 	C:\Windows\WinSxS\amd64_microsoft.windows.common-controls_6595b64144ccf1df_6.0.19041.1110_none_60b5254171f9507e\COMCTL32.dll
0x00007ffb07e10000 - 0x00007ffb07eae000 	C:\Windows\System32\msvcrt.dll
0x00007ffb08320000 - 0x00007ffb08350000 	C:\Windows\System32\IMM32.DLL
0x00007ffb03170000 - 0x00007ffb0317c000 	C:\Program Files\Android\Android Studio\jbr\bin\vcruntime140_1.dll
0x00007ffaf1ce0000 - 0x00007ffaf1d6d000 	C:\Program Files\Android\Android Studio\jbr\bin\msvcp140.dll
0x00007ffac3810000 - 0x00007ffac43cc000 	C:\Program Files\Android\Android Studio\jbr\bin\server\jvm.dll
0x00007ffb087b0000 - 0x00007ffb0885e000 	C:\Windows\System32\ADVAPI32.dll
0x00007ffb08350000 - 0x00007ffb083ec000 	C:\Windows\System32\sechost.dll
0x00007ffb08860000 - 0x00007ffb08984000 	C:\Windows\System32\RPCRT4.dll
0x00007ffb08b40000 - 0x00007ffb08b48000 	C:\Windows\System32\PSAPI.DLL
0x00007ffaf3750000 - 0x00007ffaf3759000 	C:\Windows\SYSTEM32\WSOCK32.dll
0x00007ffb089f0000 - 0x00007ffb08a5b000 	C:\Windows\System32\WS2_32.dll
0x00007ffae9f10000 - 0x00007ffae9f37000 	C:\Windows\SYSTEM32\WINMM.dll
0x00007ffb01a40000 - 0x00007ffb01a4a000 	C:\Windows\SYSTEM32\VERSION.dll
0x00007ffb05370000 - 0x00007ffb05382000 	C:\Windows\SYSTEM32\kernel.appcore.dll
0x00007ffaf7240000 - 0x00007ffaf7250000 	C:\Program Files\Android\Android Studio\jbr\bin\verify.dll
0x00007ffaf2970000 - 0x00007ffaf2b54000 	C:\Windows\SYSTEM32\DBGHELP.DLL
0x00007ffaf28d0000 - 0x00007ffaf2905000 	C:\Windows\SYSTEM32\dbgcore.DLL
0x00007ffb07520000 - 0x00007ffb075a2000 	C:\Windows\System32\bcryptPrimitives.dll
0x00007ffaee370000 - 0x00007ffaee398000 	C:\Program Files\Android\Android Studio\jbr\bin\java.dll
0x00007ffaf1360000 - 0x00007ffaf136a000 	C:\Program Files\Android\Android Studio\jbr\bin\jimage.dll
0x00007ffaee2e0000 - 0x00007ffaee2f8000 	C:\Program Files\Android\Android Studio\jbr\bin\zip.dll
0x00007ffb08e80000 - 0x00007ffb095c5000 	C:\Windows\System32\SHELL32.dll
0x00007ffb05570000 - 0x00007ffb05d02000 	C:\Windows\SYSTEM32\windows.storage.dll
0x00007ffb07eb0000 - 0x00007ffb08205000 	C:\Windows\System32\combase.dll
0x00007ffb06ea0000 - 0x00007ffb06ed0000 	C:\Windows\SYSTEM32\Wldp.dll
0x00007ffb08210000 - 0x00007ffb082bd000 	C:\Windows\System32\SHCORE.dll
0x00007ffb09bf0000 - 0x00007ffb09c45000 	C:\Windows\System32\shlwapi.dll
0x00007ffb073f0000 - 0x00007ffb0740f000 	C:\Windows\SYSTEM32\profapi.dll
0x00007ffaeb090000 - 0x00007ffaeb0a9000 	C:\Program Files\Android\Android Studio\jbr\bin\net.dll
0x00007ffafc470000 - 0x00007ffafc57a000 	C:\Windows\SYSTEM32\WINHTTP.dll
0x00007ffb06b90000 - 0x00007ffb06bfa000 	C:\Windows\system32\mswsock.dll
0x00007ffae84d0000 - 0x00007ffae84e3000 	C:\Program Files\Android\Android Studio\jbr\bin\nio.dll
0x00007ffaf5160000 - 0x00007ffaf5187000 	C:\Users\Lenovo\.gradle\native\e1d6ef7f7dcc3fd88c89a11ec53ec762bb8ba0a96d01ffa2cd45eb1d1d8dd5c5\windows-amd64\native-platform.dll
0x00007ffaeaed0000 - 0x00007ffaeb014000 	C:\Users\Lenovo\.gradle\native\0d407fdbe67a94daf76414ababcb853783967236a71b16ec16e742cd7a986fd3\windows-amd64\native-platform-file-events.dll
0x00007ffaee350000 - 0x00007ffaee35a000 	C:\Program Files\Android\Android Studio\jbr\bin\management.dll
0x00007ffaeb080000 - 0x00007ffaeb08b000 	C:\Program Files\Android\Android Studio\jbr\bin\management_ext.dll
0x00007ffb06df0000 - 0x00007ffb06e08000 	C:\Windows\SYSTEM32\CRYPTSP.dll
0x00007ffb064b0000 - 0x00007ffb064e4000 	C:\Windows\system32\rsaenh.dll
0x00007ffb07b80000 - 0x00007ffb07ba7000 	C:\Windows\System32\bcrypt.dll
0x00007ffb073b0000 - 0x00007ffb073de000 	C:\Windows\SYSTEM32\USERENV.dll
0x00007ffb06e10000 - 0x00007ffb06e1c000 	C:\Windows\SYSTEM32\CRYPTBASE.dll
0x00007ffb06880000 - 0x00007ffb068bb000 	C:\Windows\SYSTEM32\IPHLPAPI.DLL
0x00007ffb07e00000 - 0x00007ffb07e08000 	C:\Windows\System32\NSI.dll
0x00007ffafc680000 - 0x00007ffafc697000 	C:\Windows\SYSTEM32\dhcpcsvc6.DLL
0x00007ffaffd70000 - 0x00007ffaffd8d000 	C:\Windows\SYSTEM32\dhcpcsvc.DLL
0x00007ffb068c0000 - 0x00007ffb0698b000 	C:\Windows\SYSTEM32\DNSAPI.dll

dbghelp: loaded successfully - version: 4.0.5 - missing functions: none
symbol engine: initialized successfully - sym options: 0x614 - pdb path: .;C:\Program Files\Android\Android Studio\jbr\bin;C:\Windows\SYSTEM32;C:\Windows\WinSxS\amd64_microsoft.windows.common-controls_6595b64144ccf1df_6.0.19041.1110_none_60b5254171f9507e;C:\Program Files\Android\Android Studio\jbr\bin\server;C:\Users\Lenovo\.gradle\native\e1d6ef7f7dcc3fd88c89a11ec53ec762bb8ba0a96d01ffa2cd45eb1d1d8dd5c5\windows-amd64;C:\Users\Lenovo\.gradle\native\0d407fdbe67a94daf76414ababcb853783967236a71b16ec16e742cd7a986fd3\windows-amd64

VM Arguments:
jvm_args: --add-opens=java.base/java.util=ALL-UNNAMED --add-opens=java.base/java.lang=ALL-UNNAMED --add-opens=java.base/java.lang.invoke=ALL-UNNAMED --add-opens=java.base/java.util=ALL-UNNAMED --add-opens=java.prefs/java.util.prefs=ALL-UNNAMED --add-opens=java.prefs/java.util.prefs=ALL-UNNAMED --add-opens=java.base/java.nio.charset=ALL-UNNAMED --add-opens=java.base/java.net=ALL-UNNAMED --add-opens=java.base/java.util.concurrent.atomic=ALL-UNNAMED -Xmx1536M -Dfile.encoding=windows-1252 -Duser.country=MX -Duser.language=es -Duser.variant 
java_command: org.gradle.launcher.daemon.bootstrap.GradleDaemon 7.5
java_class_path (initial): C:\Users\Lenovo\.gradle\wrapper\dists\gradle-7.5-all\6qsw290k5lz422uaf8jf6m7co\gradle-7.5\lib\gradle-launcher-7.5.jar
Launcher Type: SUN_STANDARD

[Global flags]
     intx CICompilerCount                          = 3                                         {product} {ergonomic}
     uint ConcGCThreads                            = 1                                         {product} {ergonomic}
     uint G1ConcRefinementThreads                  = 4                                         {product} {ergonomic}
   size_t G1HeapRegionSize                         = 1048576                                   {product} {ergonomic}
    uintx GCDrainStackTargetSize                   = 64                                        {product} {ergonomic}
   size_t InitialHeapSize                          = 67108864                                  {product} {ergonomic}
   size_t MarkStackSize                            = 4194304                                   {product} {ergonomic}
   size_t MaxHeapSize                              = 1610612736                                {product} {command line}
   size_t MaxNewSize                               = 965738496                                 {product} {ergonomic}
   size_t MinHeapDeltaBytes                        = 1048576                                   {product} {ergonomic}
    uintx NonNMethodCodeHeapSize                   = 5830732                                {pd product} {ergonomic}
    uintx NonProfiledCodeHeapSize                  = 122913754                              {pd product} {ergonomic}
    uintx ProfiledCodeHeapSize                     = 122913754                              {pd product} {ergonomic}
    uintx ReservedCodeCacheSize                    = 251658240                              {pd product} {ergonomic}
     bool SegmentedCodeCache                       = true                                      {product} {ergonomic}
     bool UseCompressedClassPointers               = true                                 {lp64_product} {ergonomic}
     bool UseCompressedOops                        = true                                 {lp64_product} {ergonomic}
     bool UseG1GC                                  = true                                      {product} {ergonomic}
     bool UseLargePagesIndividualAllocation        = false                                  {pd product} {ergonomic}

Logging:
Log output configuration:
 #0: stdout all=warning uptime,level,tags
 #1: stderr all=off uptime,level,tags

Environment Variables:
JAVA_HOME=C:\Program Files\Android\Android Studio\jbr
CLASSPATH=C:\Users\Lenovo\StudioProjects\vecinapp_2\android\\gradle\wrapper\gradle-wrapper.jar
PATH=C:\Program Files\Common Files\Oracle\Java\javapath;C:\ProgramData\Oracle\Java\javapath;C:\Program Files\Python310\Scripts\;C:\Program Files\Python310\;C:\Windows\system32;C:\Windows;C:\Windows\System32\Wbem;C:\Windows\System32\WindowsPowerShell\v1.0\;C:\Windows\System32\OpenSSH\;C:\Program Files\php-8.0.12-Win32-vs16-x64;C:\ProgramData\chocolatey\bin;C:\Program Files\nodejs\;C:\Program Files (x86)\QuickTime\QTSystem\;C:\Program Files\Git\cmd;C:\Users\Lenovo\AppData\Roaming\Python\Python310\site-packages;C:\Program Files\Java\jdk-15.0.2\bin;C:\Program Files\MySQL\MySQL Shell 8.0\bin\;C:\Users\Lenovo\AppData\Local\Microsoft\WindowsApps;C:\Users\Lenovo\AppData\Local\atom\bin;C:\Users\Lenovo\AppData\Roaming\npm;C:\Users\Lenovo\AppData\Local\GitHubDesktop\bin;C:\capps\flutter\bin;;C:\capps\flutter\bin\mingit\cmd
USERNAME=Lenovo
OS=Windows_NT
PROCESSOR_IDENTIFIER=Intel64 Family 6 Model 78 Stepping 3, GenuineIntel



---------------  S Y S T E M  ---------------

OS: Windows 10 , 64 bit Build 19041 (10.0.19041.2546)
OS uptime: 0 days 0:04 hours

CPU:total 4 (initial active 4) (2 cores per cpu, 2 threads per core) family 6 model 78 stepping 3 microcode 0xcc, cmov, cx8, fxsr, mmx, sse, sse2, sse3, ssse3, sse4.1, sse4.2, popcnt, avx, avx2, aes, clmul, erms, rtm, 3dnowpref, lzcnt, ht, tsc, tscinvbit, bmi1, bmi2, adx, fma

Memory: 4k page, system-wide physical 4008M (329M free)
TotalPageFile size 7608M (AvailPageFile size 0M)
current process WorkingSet (physical memory assigned to process): 76M, peak: 305M
current process commit charge ("private bytes"): 420M, peak: 437M

vm_info: OpenJDK 64-Bit Server VM (11.0.15+0-b2043.56-9505619) for windows-amd64 JRE (11.0.15+0-b2043.56-9505619), built on Jan 19 2023 02:48:00 by "builduser" with unknown MS VC++:1929

END.
