#
# There is insufficient memory for the Java Runtime Environment to continue.
# Native memory allocation (malloc) failed to allocate 82096 bytes for Chunk::new
# Possible reasons:
#   The system is out of physical RAM or swap space
#   The process is running with CompressedOops enabled, and the Java Heap may be blocking the growth of the native heap
# Possible solutions:
#   Reduce memory load on the system
#   Increase physical memory or swap space
#   Check if swap backing store is full
#   Decrease Java heap size (-Xmx/-Xms)
#   Decrease number of Java threads
#   Decrease Java thread stack sizes (-Xss)
#   Set larger code cache with -XX:ReservedCodeCacheSize=
#   JVM is running with Unscaled Compressed Oops mode in which the Java heap is
#     placed in the first 4GB address space. The Java Heap base address is the
#     maximum limit for the native heap growth. Please use -XX:HeapBaseMinAddress
#     to set the Java Heap base and to place the Java Heap above 4GB virtual address.
# This output file may be truncated or incomplete.
#
#  Out of Memory Error (src/hotspot/share/memory/arena.cpp:197), pid=4484, tid=6380
#
# JRE version: OpenJDK Runtime Environment (11.0.15) (build 11.0.15+0-b2043.56-9505619)
# Java VM: OpenJDK 64-Bit Server VM (11.0.15+0-b2043.56-9505619, mixed mode, tiered, compressed oops, g1 gc, windows-amd64)
# No core dump will be written. Minidumps are not enabled by default on client versions of Windows
#

---------------  S U M M A R Y ------------

Command Line: --add-opens=java.base/java.util=ALL-UNNAMED --add-opens=java.base/java.lang=ALL-UNNAMED --add-opens=java.base/java.lang.invoke=ALL-UNNAMED --add-opens=java.base/java.util=ALL-UNNAMED --add-opens=java.prefs/java.util.prefs=ALL-UNNAMED --add-opens=java.prefs/java.util.prefs=ALL-UNNAMED --add-opens=java.base/java.nio.charset=ALL-UNNAMED --add-opens=java.base/java.net=ALL-UNNAMED --add-opens=java.base/java.util.concurrent.atomic=ALL-UNNAMED -Xmx1536M -Dfile.encoding=windows-1252 -Duser.country=MX -Duser.language=es -Duser.variant org.gradle.launcher.daemon.bootstrap.GradleDaemon 7.5

Host: Intel(R) Core(TM) i3-6100U CPU @ 2.30GHz, 4 cores, 3G,  Windows 10 , 64 bit Build 19041 (10.0.19041.2546)
Time: Wed Mar 22 01:06:49 2023 Hora estándar central (México) elapsed time: 45.935484 seconds (0d 0h 0m 45s)

---------------  T H R E A D  ---------------

Current thread (0x0000021bdeb37000):  JavaThread "C2 CompilerThread0" daemon [_thread_in_native, id=6380, stack(0x000000be9f200000,0x000000be9f300000)]


Current CompileTask:
C2:  45935 9533  s    4       java.io.BufferedInputStream::read (113 bytes)

Stack: [0x000000be9f200000,0x000000be9f300000]
Native frames: (J=compiled Java code, j=interpreted, Vv=VM code, C=native code)
V  [jvm.dll+0x64135a]
V  [jvm.dll+0x7d39f9]
V  [jvm.dll+0x7d51b9]
V  [jvm.dll+0x7d58a3]
V  [jvm.dll+0x2691c5]
V  [jvm.dll+0xc1a5c]
V  [jvm.dll+0xc200c]
V  [jvm.dll+0x3774a7]
V  [jvm.dll+0x1b3732]
V  [jvm.dll+0x22163e]
V  [jvm.dll+0x220498]
V  [jvm.dll+0x19e851]
V  [jvm.dll+0x230479]
V  [jvm.dll+0x22e5ef]
V  [jvm.dll+0x794de1]
V  [jvm.dll+0x78dc24]
V  [jvm.dll+0x6400f6]
C  [ucrtbase.dll+0x21bb2]
C  [KERNEL32.DLL+0x17614]
C  [ntdll.dll+0x526a1]


---------------  P R O C E S S  ---------------

Threads class SMR info:
_java_thread_list=0x0000021be7a004a0, length=87, elements={
0x0000021bc58a7000, 0x0000021bde18f000, 0x0000021bde192000, 0x0000021bdeb31800,
0x0000021bdeb34800, 0x0000021bdeb35800, 0x0000021bdeb37000, 0x0000021bdeb39000,
0x0000021bde20c800, 0x0000021bdec76000, 0x0000021be0237000, 0x0000021bdfbf8000,
0x0000021be06c4000, 0x0000021bdffe3800, 0x0000021be0439800, 0x0000021bdeecf000,
0x0000021be0e80800, 0x0000021be0e34000, 0x0000021bdec08800, 0x0000021be0479000,
0x0000021be047a000, 0x0000021be047b000, 0x0000021be0475000, 0x0000021be047b800,
0x0000021be0476000, 0x0000021be0478800, 0x0000021be0476800, 0x0000021be0477800,
0x0000021be112b000, 0x0000021be1127000, 0x0000021be112a800, 0x0000021be1128000,
0x0000021be1129800, 0x0000021be1129000, 0x0000021be1126800, 0x0000021be1131000,
0x0000021be1130000, 0x0000021be1132000, 0x0000021be112d800, 0x0000021be1132800,
0x0000021be112d000, 0x0000021be1134000, 0x0000021be1133800, 0x0000021be112e800,
0x0000021be1135000, 0x0000021be112f800, 0x0000021be2b3d800, 0x0000021be2b44800,
0x0000021be2b42800, 0x0000021be2b3e800, 0x0000021be2b45000, 0x0000021be2b3f800,
0x0000021be2b41000, 0x0000021be2b43800, 0x0000021be2b46000, 0x0000021be2b40000,
0x0000021be2b42000, 0x0000021be2b4c800, 0x0000021be2b46800, 0x0000021be2b48800,
0x0000021be2b49000, 0x0000021be2b4b800, 0x0000021be2b47800, 0x0000021be2b4b000,
0x0000021be2b4a000, 0x0000021be1998000, 0x0000021be1997000, 0x0000021be1999800,
0x0000021be1996800, 0x0000021be1999000, 0x0000021be1995800, 0x0000021be19a0000,
0x0000021be199f800, 0x0000021be199a800, 0x0000021be199d000, 0x0000021be199e800,
0x0000021be19a1000, 0x0000021be199c000, 0x0000021be199b000, 0x0000021be199d800,
0x0000021be19a2000, 0x0000021be19a2800, 0x0000021be19a3800, 0x0000021be19a4000,
0x0000021be70b6000, 0x0000021be70b8800, 0x0000021be70b9000
}

Java Threads: ( => current thread )
  0x0000021bc58a7000 JavaThread "main" [_thread_blocked, id=4304, stack(0x000000be9e600000,0x000000be9e700000)]
  0x0000021bde18f000 JavaThread "Reference Handler" daemon [_thread_blocked, id=9728, stack(0x000000be9ed00000,0x000000be9ee00000)]
  0x0000021bde192000 JavaThread "Finalizer" daemon [_thread_blocked, id=6396, stack(0x000000be9ee00000,0x000000be9ef00000)]
  0x0000021bdeb31800 JavaThread "Signal Dispatcher" daemon [_thread_blocked, id=1256, stack(0x000000be9ef00000,0x000000be9f000000)]
  0x0000021bdeb34800 JavaThread "Attach Listener" daemon [_thread_blocked, id=5836, stack(0x000000be9f000000,0x000000be9f100000)]
  0x0000021bdeb35800 JavaThread "Service Thread" daemon [_thread_blocked, id=10408, stack(0x000000be9f100000,0x000000be9f200000)]
=>0x0000021bdeb37000 JavaThread "C2 CompilerThread0" daemon [_thread_in_native, id=6380, stack(0x000000be9f200000,0x000000be9f300000)]
  0x0000021bdeb39000 JavaThread "C1 CompilerThread0" daemon [_thread_blocked, id=11072, stack(0x000000be9f300000,0x000000be9f400000)]
  0x0000021bde20c800 JavaThread "Sweeper thread" daemon [_thread_blocked, id=10680, stack(0x000000be9f400000,0x000000be9f500000)]
  0x0000021bdec76000 JavaThread "Common-Cleaner" daemon [_thread_blocked, id=10840, stack(0x000000be9f500000,0x000000be9f600000)]
  0x0000021be0237000 JavaThread "Daemon health stats" [_thread_blocked, id=6504, stack(0x000000be9f800000,0x000000be9f900000)]
  0x0000021bdfbf8000 JavaThread "Incoming local TCP Connector on port 50207" [_thread_in_native, id=7436, stack(0x000000be9fb00000,0x000000be9fc00000)]
  0x0000021be06c4000 JavaThread "Daemon periodic checks" [_thread_blocked, id=5940, stack(0x000000be9fc00000,0x000000be9fd00000)]
  0x0000021bdffe3800 JavaThread "Daemon" [_thread_blocked, id=5868, stack(0x000000be9fd00000,0x000000be9fe00000)]
  0x0000021be0439800 JavaThread "Handler for socket connection from /127.0.0.1:50207 to /127.0.0.1:50208" [_thread_in_native, id=7856, stack(0x000000be9fe00000,0x000000be9ff00000)]
  0x0000021bdeecf000 JavaThread "Cancel handler" [_thread_blocked, id=7860, stack(0x000000be9ff00000,0x000000bea0000000)]
  0x0000021be0e80800 JavaThread "Daemon worker" [_thread_blocked, id=6272, stack(0x000000bea0000000,0x000000bea0100000)]
  0x0000021be0e34000 JavaThread "Asynchronous log dispatcher for DefaultDaemonConnection: socket connection from /127.0.0.1:50207 to /127.0.0.1:50208" [_thread_blocked, id=9480, stack(0x000000bea0100000,0x000000bea0200000)]
  0x0000021bdec08800 JavaThread "Stdin handler" [_thread_blocked, id=6028, stack(0x000000bea0200000,0x000000bea0300000)]
  0x0000021be0479000 JavaThread "Daemon client event forwarder" [_thread_blocked, id=9968, stack(0x000000bea0300000,0x000000bea0400000)]
  0x0000021be047a000 JavaThread "Cache worker for journal cache (C:\Users\Lenovo\.gradle\caches\journal-1)" [_thread_blocked, id=8252, stack(0x000000bea0400000,0x000000bea0500000)]
  0x0000021be047b000 JavaThread "File lock request listener" [_thread_in_native, id=4588, stack(0x000000bea0500000,0x000000bea0600000)]
  0x0000021be0475000 JavaThread "Cache worker for file hash cache (C:\Users\Lenovo\.gradle\caches\7.5\fileHashes)" [_thread_blocked, id=8344, stack(0x000000bea0600000,0x000000bea0700000)]
  0x0000021be047b800 JavaThread "File watcher server" daemon [_thread_in_native, id=4904, stack(0x000000bea0700000,0x000000bea0800000)]
  0x0000021be0476000 JavaThread "File watcher consumer" daemon [_thread_blocked, id=5204, stack(0x000000bea0800000,0x000000bea0900000)]
  0x0000021be0478800 JavaThread "Cache worker for checksums cache (C:\Users\Lenovo\StudioProjects\vecinapp_2\android\.gradle\7.5\checksums)" [_thread_blocked, id=5488, stack(0x000000bea0900000,0x000000bea0a00000)]
  0x0000021be0476800 JavaThread "Cache worker for cache directory md-rule (C:\Users\Lenovo\.gradle\caches\7.5\md-rule)" [_thread_blocked, id=7480, stack(0x000000bea0a00000,0x000000bea0b00000)]
  0x0000021be0477800 JavaThread "Cache worker for file content cache (C:\Users\Lenovo\.gradle\caches\7.5\fileContent)" [_thread_blocked, id=1968, stack(0x000000bea0b00000,0x000000bea0c00000)]
  0x0000021be112b000 JavaThread "Cache worker for file hash cache (C:\Users\Lenovo\StudioProjects\vecinapp_2\android\.gradle\7.5\fileHashes)" [_thread_blocked, id=8168, stack(0x000000bea0c00000,0x000000bea0d00000)]
  0x0000021be1127000 JavaThread "Cache worker for cache directory md-supplier (C:\Users\Lenovo\.gradle\caches\7.5\md-supplier)" [_thread_blocked, id=10084, stack(0x000000bea0d00000,0x000000bea0e00000)]
  0x0000021be112a800 JavaThread "Cache worker for execution history cache (C:\Users\Lenovo\.gradle\caches\7.5\executionHistory)" [_thread_blocked, id=4108, stack(0x000000bea0e00000,0x000000bea0f00000)]
  0x0000021be1128000 JavaThread "jar transforms" [_thread_blocked, id=1704, stack(0x000000bea0f00000,0x000000bea1000000)]
  0x0000021be1129800 JavaThread "jar transforms Thread 2" [_thread_blocked, id=2796, stack(0x000000bea1000000,0x000000bea1100000)]
  0x0000021be1129000 JavaThread "jar transforms Thread 3" [_thread_blocked, id=764, stack(0x000000bea1100000,0x000000bea1200000)]
  0x0000021be1126800 JavaThread "jar transforms Thread 4" [_thread_blocked, id=1232, stack(0x000000bea1200000,0x000000bea1300000)]
  0x0000021be1131000 JavaThread "Cache worker for dependencies-accessors (C:\Users\Lenovo\StudioProjects\vecinapp_2\android\.gradle\7.5\dependencies-accessors)" [_thread_blocked, id=8124, stack(0x000000bea1300000,0x000000bea1400000)]
  0x0000021be1130000 JavaThread "Cache worker for Build Output Cleanup Cache (C:\Users\Lenovo\StudioProjects\vecinapp_2\android\.gradle\buildOutputCleanup)" [_thread_blocked, id=2932, stack(0x000000bea1400000,0x000000bea1500000)]
  0x0000021be1132000 JavaThread "Unconstrained build operations" [_thread_blocked, id=632, stack(0x000000bea1500000,0x000000bea1600000)]
  0x0000021be112d800 JavaThread "Unconstrained build operations Thread 2" [_thread_blocked, id=3016, stack(0x000000bea1600000,0x000000bea1700000)]
  0x0000021be1132800 JavaThread "Unconstrained build operations Thread 3" [_thread_blocked, id=9052, stack(0x000000bea1700000,0x000000bea1800000)]
  0x0000021be112d000 JavaThread "Unconstrained build operations Thread 4" [_thread_blocked, id=2280, stack(0x000000bea1800000,0x000000bea1900000)]
  0x0000021be1134000 JavaThread "Unconstrained build operations Thread 5" [_thread_blocked, id=1196, stack(0x000000bea1900000,0x000000bea1a00000)]
  0x0000021be1133800 JavaThread "Unconstrained build operations Thread 6" [_thread_blocked, id=1500, stack(0x000000bea1a00000,0x000000bea1b00000)]
  0x0000021be112e800 JavaThread "Unconstrained build operations Thread 7" [_thread_blocked, id=468, stack(0x000000bea1b00000,0x000000bea1c00000)]
  0x0000021be1135000 JavaThread "Unconstrained build operations Thread 8" [_thread_blocked, id=2376, stack(0x000000bea1c00000,0x000000bea1d00000)]
  0x0000021be112f800 JavaThread "Unconstrained build operations Thread 9" [_thread_blocked, id=2260, stack(0x000000bea1d00000,0x000000bea1e00000)]
  0x0000021be2b3d800 JavaThread "Unconstrained build operations Thread 10" [_thread_blocked, id=2596, stack(0x000000bea1e00000,0x000000bea1f00000)]
  0x0000021be2b44800 JavaThread "Unconstrained build operations Thread 11" [_thread_blocked, id=2228, stack(0x000000bea1f00000,0x000000bea2000000)]
  0x0000021be2b42800 JavaThread "Unconstrained build operations Thread 12" [_thread_blocked, id=5068, stack(0x000000bea2000000,0x000000bea2100000)]
  0x0000021be2b3e800 JavaThread "Unconstrained build operations Thread 13" [_thread_blocked, id=8072, stack(0x000000bea2100000,0x000000bea2200000)]
  0x0000021be2b45000 JavaThread "Unconstrained build operations Thread 14" [_thread_blocked, id=6680, stack(0x000000bea2200000,0x000000bea2300000)]
  0x0000021be2b3f800 JavaThread "Unconstrained build operations Thread 15" [_thread_blocked, id=6940, stack(0x000000bea2300000,0x000000bea2400000)]
  0x0000021be2b41000 JavaThread "Unconstrained build operations Thread 16" [_thread_blocked, id=6980, stack(0x000000bea2400000,0x000000bea2500000)]
  0x0000021be2b43800 JavaThread "Unconstrained build operations Thread 17" [_thread_blocked, id=7604, stack(0x000000bea2500000,0x000000bea2600000)]
  0x0000021be2b46000 JavaThread "Unconstrained build operations Thread 18" [_thread_blocked, id=10892, stack(0x000000bea2600000,0x000000bea2700000)]
  0x0000021be2b40000 JavaThread "Unconstrained build operations Thread 19" [_thread_blocked, id=1548, stack(0x000000bea2700000,0x000000bea2800000)]
  0x0000021be2b42000 JavaThread "Unconstrained build operations Thread 20" [_thread_blocked, id=6984, stack(0x000000bea2800000,0x000000bea2900000)]
  0x0000021be2b4c800 JavaThread "Unconstrained build operations Thread 21" [_thread_blocked, id=3724, stack(0x000000bea2900000,0x000000bea2a00000)]
  0x0000021be2b46800 JavaThread "Unconstrained build operations Thread 22" [_thread_blocked, id=4516, stack(0x000000bea2a00000,0x000000bea2b00000)]
  0x0000021be2b48800 JavaThread "Unconstrained build operations Thread 23" [_thread_blocked, id=5936, stack(0x000000bea2b00000,0x000000bea2c00000)]
  0x0000021be2b49000 JavaThread "Unconstrained build operations Thread 24" [_thread_blocked, id=6852, stack(0x000000bea2c00000,0x000000bea2d00000)]
  0x0000021be2b4b800 JavaThread "Unconstrained build operations Thread 25" [_thread_blocked, id=4004, stack(0x000000bea2d00000,0x000000bea2e00000)]
  0x0000021be2b47800 JavaThread "Unconstrained build operations Thread 26" [_thread_blocked, id=5612, stack(0x000000bea2e00000,0x000000bea2f00000)]
  0x0000021be2b4b000 JavaThread "Unconstrained build operations Thread 27" [_thread_blocked, id=9784, stack(0x000000bea2f00000,0x000000bea3000000)]
  0x0000021be2b4a000 JavaThread "Unconstrained build operations Thread 28" [_thread_blocked, id=4972, stack(0x000000bea3000000,0x000000bea3100000)]
  0x0000021be1998000 JavaThread "Unconstrained build operations Thread 29" [_thread_blocked, id=2068, stack(0x000000bea3100000,0x000000bea3200000)]
  0x0000021be1997000 JavaThread "Unconstrained build operations Thread 30" [_thread_blocked, id=3316, stack(0x000000bea3200000,0x000000bea3300000)]
  0x0000021be1999800 JavaThread "Unconstrained build operations Thread 31" [_thread_blocked, id=5436, stack(0x000000bea3300000,0x000000bea3400000)]
  0x0000021be1996800 JavaThread "Unconstrained build operations Thread 32" [_thread_blocked, id=4996, stack(0x000000bea3400000,0x000000bea3500000)]
  0x0000021be1999000 JavaThread "Unconstrained build operations Thread 33" [_thread_blocked, id=4696, stack(0x000000bea3500000,0x000000bea3600000)]
  0x0000021be1995800 JavaThread "Unconstrained build operations Thread 34" [_thread_blocked, id=4220, stack(0x000000bea3600000,0x000000bea3700000)]
  0x0000021be19a0000 JavaThread "Unconstrained build operations Thread 35" [_thread_blocked, id=9456, stack(0x000000bea3700000,0x000000bea3800000)]
  0x0000021be199f800 JavaThread "Unconstrained build operations Thread 36" [_thread_blocked, id=4756, stack(0x000000bea3800000,0x000000bea3900000)]
  0x0000021be199a800 JavaThread "Unconstrained build operations Thread 37" [_thread_blocked, id=10176, stack(0x000000bea3900000,0x000000bea3a00000)]
  0x0000021be199d000 JavaThread "Unconstrained build operations Thread 38" [_thread_blocked, id=3824, stack(0x000000bea3a00000,0x000000bea3b00000)]
  0x0000021be199e800 JavaThread "Unconstrained build operations Thread 39" [_thread_blocked, id=888, stack(0x000000bea3b00000,0x000000bea3c00000)]
  0x0000021be19a1000 JavaThread "Unconstrained build operations Thread 40" [_thread_blocked, id=10280, stack(0x000000bea3c00000,0x000000bea3d00000)]
  0x0000021be199c000 JavaThread "Memory manager" [_thread_blocked, id=2368, stack(0x000000bea3d00000,0x000000bea3e00000)]
  0x0000021be199b000 JavaThread "Cache worker for kotlin-dsl (C:\Users\Lenovo\.gradle\caches\7.5\kotlin-dsl)" [_thread_blocked, id=5012, stack(0x000000bea3e00000,0x000000bea3f00000)]
  0x0000021be199d800 JavaThread "included builds" [_thread_blocked, id=4912, stack(0x000000bea3f00000,0x000000bea4000000)]
  0x0000021be19a2000 JavaThread "Execution worker" [_thread_blocked, id=6012, stack(0x000000bea4000000,0x000000bea4100000)]
  0x0000021be19a2800 JavaThread "Execution worker Thread 2" [_thread_blocked, id=3960, stack(0x000000bea4100000,0x000000bea4200000)]
  0x0000021be19a3800 JavaThread "Execution worker Thread 3" [_thread_blocked, id=10692, stack(0x000000bea4200000,0x000000bea4300000)]
  0x0000021be19a4000 JavaThread "Cache worker for execution history cache (C:\Users\Lenovo\StudioProjects\vecinapp_2\android\.gradle\7.5\executionHistory)" [_thread_blocked, id=10328, stack(0x000000bea4300000,0x000000bea4400000)]
  0x0000021be70b6000 JavaThread "Exec process" [_thread_in_native, id=3924, stack(0x000000bea4400000,0x000000bea4500000)]
  0x0000021be70b8800 JavaThread "Exec process Thread 2" [_thread_in_native, id=10444, stack(0x000000bea4500000,0x000000bea4600000)]
  0x0000021be70b9000 JavaThread "Exec process Thread 3" [_thread_in_native, id=9268, stack(0x000000bea4600000,0x000000bea4700000)]

Other Threads:
  0x0000021bde153000 VMThread "VM Thread" [stack: 0x000000be9ec00000,0x000000be9ed00000] [id=10700]
  0x0000021bdeca6000 WatcherThread [stack: 0x000000be9f600000,0x000000be9f700000] [id=8948]
  0x0000021bc58c1000 GCTaskThread "GC Thread#0" [stack: 0x000000be9e700000,0x000000be9e800000] [id=8148]
  0x0000021bded9d800 GCTaskThread "GC Thread#1" [stack: 0x000000be9f700000,0x000000be9f800000] [id=4648]
  0x0000021bdfd3c800 GCTaskThread "GC Thread#2" [stack: 0x000000be9f900000,0x000000be9fa00000] [id=11172]
  0x0000021be0236000 GCTaskThread "GC Thread#3" [stack: 0x000000be9fa00000,0x000000be9fb00000] [id=9704]
  0x0000021bc58e8000 ConcurrentGCThread "G1 Main Marker" [stack: 0x000000be9e800000,0x000000be9e900000] [id=3540]
  0x0000021bc58e9000 ConcurrentGCThread "G1 Conc#0" [stack: 0x000000be9e900000,0x000000be9ea00000] [id=9308]
  0x0000021bc5942800 ConcurrentGCThread "G1 Refine#0" [stack: 0x000000be9ea00000,0x000000be9eb00000] [id=8852]
  0x0000021bc5943800 ConcurrentGCThread "G1 Young RemSet Sampling" [stack: 0x000000be9eb00000,0x000000be9ec00000] [id=8076]

Threads with active compile tasks:
C2 CompilerThread0    46027 9533  s    4       java.io.BufferedInputStream::read (113 bytes)

VM state:not at safepoint (normal execution)

VM Mutex/Monitor currently owned by a thread: None

Heap address: 0x00000000a0000000, size: 1536 MB, Compressed Oops mode: 32-bit
Narrow klass base: 0x0000000000000000, Narrow klass shift: 3
Compressed class space size: 1073741824 Address: 0x0000000100000000

Heap:
 garbage-first heap   total 165888K, used 126312K [0x00000000a0000000, 0x0000000100000000)
  region size 1024K, 52 young (53248K), 6 survivors (6144K)
 Metaspace       used 88503K, capacity 90938K, committed 91264K, reserved 1128448K
  class space    used 11606K, capacity 12548K, committed 12672K, reserved 1048576K
Heap Regions: E=young(eden), S=young(survivor), O=old, HS=humongous(starts), HC=humongous(continues), CS=collection set, F=free, A=archive, TAMS=top-at-mark-start (previous, next)
|   0|0x00000000a0000000, 0x00000000a0100000, 0x00000000a0100000|100%|HS|  |TAMS 0x00000000a0100000, 0x00000000a0000000| Complete 
|   1|0x00000000a0100000, 0x00000000a0200000, 0x00000000a0200000|100%|HC|  |TAMS 0x00000000a0200000, 0x00000000a0100000| Complete 
|   2|0x00000000a0200000, 0x00000000a0300000, 0x00000000a0300000|100%|HC|  |TAMS 0x00000000a0300000, 0x00000000a0200000| Complete 
|   3|0x00000000a0300000, 0x00000000a0400000, 0x00000000a0400000|100%| O|  |TAMS 0x00000000a0400000, 0x00000000a0300000| Untracked 
|   4|0x00000000a0400000, 0x00000000a0500000, 0x00000000a0500000|100%| O|  |TAMS 0x00000000a0500000, 0x00000000a0400000| Untracked 
|   5|0x00000000a0500000, 0x00000000a0600000, 0x00000000a0600000|100%| O|  |TAMS 0x00000000a0600000, 0x00000000a0500000| Untracked 
|   6|0x00000000a0600000, 0x00000000a0700000, 0x00000000a0700000|100%| O|  |TAMS 0x00000000a0700000, 0x00000000a0600000| Untracked 
|   7|0x00000000a0700000, 0x00000000a0800000, 0x00000000a0800000|100%| O|  |TAMS 0x00000000a0800000, 0x00000000a0700000| Untracked 
|   8|0x00000000a0800000, 0x00000000a0900000, 0x00000000a0900000|100%| O|  |TAMS 0x00000000a0900000, 0x00000000a0800000| Untracked 
|   9|0x00000000a0900000, 0x00000000a0a00000, 0x00000000a0a00000|100%| O|  |TAMS 0x00000000a0a00000, 0x00000000a0900000| Untracked 
|  10|0x00000000a0a00000, 0x00000000a0b00000, 0x00000000a0b00000|100%| O|  |TAMS 0x00000000a0b00000, 0x00000000a0a00000| Untracked 
|  11|0x00000000a0b00000, 0x00000000a0c00000, 0x00000000a0c00000|100%| O|  |TAMS 0x00000000a0c00000, 0x00000000a0b00000| Untracked 
|  12|0x00000000a0c00000, 0x00000000a0d00000, 0x00000000a0d00000|100%| O|  |TAMS 0x00000000a0d00000, 0x00000000a0c00000| Untracked 
|  13|0x00000000a0d00000, 0x00000000a0e00000, 0x00000000a0e00000|100%| O|  |TAMS 0x00000000a0e00000, 0x00000000a0d00000| Untracked 
|  14|0x00000000a0e00000, 0x00000000a0f00000, 0x00000000a0f00000|100%| O|  |TAMS 0x00000000a0f00000, 0x00000000a0e00000| Untracked 
|  15|0x00000000a0f00000, 0x00000000a1000000, 0x00000000a1000000|100%| O|  |TAMS 0x00000000a1000000, 0x00000000a0f00000| Untracked 
|  16|0x00000000a1000000, 0x00000000a1100000, 0x00000000a1100000|100%| O|  |TAMS 0x00000000a1100000, 0x00000000a1000000| Untracked 
|  17|0x00000000a1100000, 0x00000000a1200000, 0x00000000a1200000|100%| O|  |TAMS 0x00000000a1200000, 0x00000000a1100000| Untracked 
|  18|0x00000000a1200000, 0x00000000a1300000, 0x00000000a1300000|100%| O|  |TAMS 0x00000000a1300000, 0x00000000a1200000| Untracked 
|  19|0x00000000a1300000, 0x00000000a1400000, 0x00000000a1400000|100%| O|  |TAMS 0x00000000a1400000, 0x00000000a1300000| Untracked 
|  20|0x00000000a1400000, 0x00000000a1500000, 0x00000000a1500000|100%| O|  |TAMS 0x00000000a1500000, 0x00000000a1400000| Untracked 
|  21|0x00000000a1500000, 0x00000000a1600000, 0x00000000a1600000|100%| O|  |TAMS 0x00000000a1600000, 0x00000000a1500000| Untracked 
|  22|0x00000000a1600000, 0x00000000a1700000, 0x00000000a1700000|100%| O|  |TAMS 0x00000000a1700000, 0x00000000a1600000| Untracked 
|  23|0x00000000a1700000, 0x00000000a1800000, 0x00000000a1800000|100%| O|  |TAMS 0x00000000a1800000, 0x00000000a1700000| Untracked 
|  24|0x00000000a1800000, 0x00000000a1900000, 0x00000000a1900000|100%| O|  |TAMS 0x00000000a1900000, 0x00000000a1800000| Untracked 
|  25|0x00000000a1900000, 0x00000000a1a00000, 0x00000000a1a00000|100%| O|  |TAMS 0x00000000a1a00000, 0x00000000a1900000| Untracked 
|  26|0x00000000a1a00000, 0x00000000a1b00000, 0x00000000a1b00000|100%| O|  |TAMS 0x00000000a1b00000, 0x00000000a1a00000| Untracked 
|  27|0x00000000a1b00000, 0x00000000a1c00000, 0x00000000a1c00000|100%| O|  |TAMS 0x00000000a1c00000, 0x00000000a1b00000| Untracked 
|  28|0x00000000a1c00000, 0x00000000a1d00000, 0x00000000a1d00000|100%| O|  |TAMS 0x00000000a1d00000, 0x00000000a1c00000| Untracked 
|  29|0x00000000a1d00000, 0x00000000a1e00000, 0x00000000a1e00000|100%| O|  |TAMS 0x00000000a1e00000, 0x00000000a1d00000| Untracked 
|  30|0x00000000a1e00000, 0x00000000a1f00000, 0x00000000a1f00000|100%|HS|  |TAMS 0x00000000a1f00000, 0x00000000a1e00000| Complete 
|  31|0x00000000a1f00000, 0x00000000a2000000, 0x00000000a2000000|100%|HS|  |TAMS 0x00000000a2000000, 0x00000000a1f00000| Complete 
|  32|0x00000000a2000000, 0x00000000a2100000, 0x00000000a2100000|100%|HS|  |TAMS 0x00000000a2100000, 0x00000000a2000000| Complete 
|  33|0x00000000a2100000, 0x00000000a2200000, 0x00000000a2200000|100%| O|  |TAMS 0x00000000a2200000, 0x00000000a2100000| Untracked 
|  34|0x00000000a2200000, 0x00000000a2300000, 0x00000000a2300000|100%| O|  |TAMS 0x00000000a2300000, 0x00000000a2200000| Untracked 
|  35|0x00000000a2300000, 0x00000000a2400000, 0x00000000a2400000|100%|HS|  |TAMS 0x00000000a2400000, 0x00000000a2300000| Complete 
|  36|0x00000000a2400000, 0x00000000a2500000, 0x00000000a2500000|100%|HC|  |TAMS 0x00000000a2500000, 0x00000000a2400000| Complete 
|  37|0x00000000a2500000, 0x00000000a2600000, 0x00000000a2600000|100%|HC|  |TAMS 0x00000000a2600000, 0x00000000a2500000| Complete 
|  38|0x00000000a2600000, 0x00000000a2700000, 0x00000000a2700000|100%| O|  |TAMS 0x00000000a2700000, 0x00000000a2600000| Untracked 
|  39|0x00000000a2700000, 0x00000000a2800000, 0x00000000a2800000|100%| O|  |TAMS 0x00000000a2800000, 0x00000000a2700000| Untracked 
|  40|0x00000000a2800000, 0x00000000a2900000, 0x00000000a2900000|100%| O|  |TAMS 0x00000000a2900000, 0x00000000a2800000| Untracked 
|  41|0x00000000a2900000, 0x00000000a2a00000, 0x00000000a2a00000|100%| O|  |TAMS 0x00000000a2a00000, 0x00000000a2900000| Untracked 
|  42|0x00000000a2a00000, 0x00000000a2b00000, 0x00000000a2b00000|100%| O|  |TAMS 0x00000000a2b00000, 0x00000000a2a00000| Untracked 
|  43|0x00000000a2b00000, 0x00000000a2c00000, 0x00000000a2c00000|100%| O|  |TAMS 0x00000000a2c00000, 0x00000000a2b00000| Untracked 
|  44|0x00000000a2c00000, 0x00000000a2d00000, 0x00000000a2d00000|100%|HS|  |TAMS 0x00000000a2d00000, 0x00000000a2c00000| Complete 
|  45|0x00000000a2d00000, 0x00000000a2e00000, 0x00000000a2e00000|100%|HC|  |TAMS 0x00000000a2e00000, 0x00000000a2d00000| Complete 
|  46|0x00000000a2e00000, 0x00000000a2f00000, 0x00000000a2f00000|100%| O|  |TAMS 0x00000000a2f00000, 0x00000000a2e00000| Untracked 
|  47|0x00000000a2f00000, 0x00000000a3000000, 0x00000000a3000000|100%| O|  |TAMS 0x00000000a3000000, 0x00000000a2f00000| Untracked 
|  48|0x00000000a3000000, 0x00000000a3100000, 0x00000000a3100000|100%| O|  |TAMS 0x00000000a3100000, 0x00000000a3000000| Untracked 
|  49|0x00000000a3100000, 0x00000000a3200000, 0x00000000a3200000|100%| O|  |TAMS 0x00000000a3200000, 0x00000000a3100000| Untracked 
|  50|0x00000000a3200000, 0x00000000a3300000, 0x00000000a3300000|100%| O|  |TAMS 0x00000000a3300000, 0x00000000a3200000| Untracked 
|  51|0x00000000a3300000, 0x00000000a3400000, 0x00000000a3400000|100%| O|  |TAMS 0x00000000a3400000, 0x00000000a3300000| Untracked 
|  52|0x00000000a3400000, 0x00000000a3500000, 0x00000000a3500000|100%| O|  |TAMS 0x00000000a3500000, 0x00000000a3400000| Untracked 
|  53|0x00000000a3500000, 0x00000000a3600000, 0x00000000a3600000|100%| O|  |TAMS 0x00000000a3600000, 0x00000000a3500000| Untracked 
|  54|0x00000000a3600000, 0x00000000a3700000, 0x00000000a3700000|100%| O|  |TAMS 0x00000000a3700000, 0x00000000a3600000| Untracked 
|  55|0x00000000a3700000, 0x00000000a3800000, 0x00000000a3800000|100%| O|  |TAMS 0x00000000a3800000, 0x00000000a3700000| Untracked 
|  56|0x00000000a3800000, 0x00000000a3900000, 0x00000000a3900000|100%| O|  |TAMS 0x00000000a3900000, 0x00000000a3800000| Untracked 
|  57|0x00000000a3900000, 0x00000000a3a00000, 0x00000000a3a00000|100%| O|  |TAMS 0x00000000a3a00000, 0x00000000a3900000| Untracked 
|  58|0x00000000a3a00000, 0x00000000a3b00000, 0x00000000a3b00000|100%| O|  |TAMS 0x00000000a3b00000, 0x00000000a3a00000| Untracked 
|  59|0x00000000a3b00000, 0x00000000a3c00000, 0x00000000a3c00000|100%| O|  |TAMS 0x00000000a3c00000, 0x00000000a3b00000| Untracked 
|  60|0x00000000a3c00000, 0x00000000a3d00000, 0x00000000a3d00000|100%| O|  |TAMS 0x00000000a3d00000, 0x00000000a3c00000| Untracked 
|  61|0x00000000a3d00000, 0x00000000a3e00000, 0x00000000a3e00000|100%| O|  |TAMS 0x00000000a3e00000, 0x00000000a3d00000| Untracked 
|  62|0x00000000a3e00000, 0x00000000a3f00000, 0x00000000a3f00000|100%| O|  |TAMS 0x00000000a3f00000, 0x00000000a3e00000| Untracked 
|  63|0x00000000a3f00000, 0x00000000a4000000, 0x00000000a4000000|100%| O|  |TAMS 0x00000000a4000000, 0x00000000a3f00000| Untracked 
|  64|0x00000000a4000000, 0x00000000a4100000, 0x00000000a4100000|100%| O|  |TAMS 0x00000000a4100000, 0x00000000a4000000| Untracked 
|  65|0x00000000a4100000, 0x00000000a4200000, 0x00000000a4200000|100%| O|  |TAMS 0x00000000a4200000, 0x00000000a4100000| Untracked 
|  66|0x00000000a4200000, 0x00000000a4300000, 0x00000000a4300000|100%| O|  |TAMS 0x00000000a4300000, 0x00000000a4200000| Untracked 
|  67|0x00000000a4300000, 0x00000000a4400000, 0x00000000a4400000|100%| O|  |TAMS 0x00000000a4400000, 0x00000000a4300000| Untracked 
|  68|0x00000000a4400000, 0x00000000a4500000, 0x00000000a4500000|100%| O|  |TAMS 0x00000000a4500000, 0x00000000a4400000| Untracked 
|  69|0x00000000a4500000, 0x00000000a4600000, 0x00000000a4600000|100%| O|  |TAMS 0x00000000a4600000, 0x00000000a4500000| Untracked 
|  70|0x00000000a4600000, 0x00000000a4700000, 0x00000000a4700000|100%| O|  |TAMS 0x00000000a4700000, 0x00000000a4600000| Untracked 
|  71|0x00000000a4700000, 0x00000000a4800000, 0x00000000a4800000|100%| O|  |TAMS 0x00000000a4800000, 0x00000000a4700000| Untracked 
|  72|0x00000000a4800000, 0x00000000a48dec00, 0x00000000a4900000| 87%| O|  |TAMS 0x00000000a48dec00, 0x00000000a4800000| Untracked 
|  73|0x00000000a4900000, 0x00000000a4900000, 0x00000000a4a00000|  0%| F|  |TAMS 0x00000000a4900000, 0x00000000a4900000| Untracked 
|  74|0x00000000a4a00000, 0x00000000a4a00000, 0x00000000a4b00000|  0%| F|  |TAMS 0x00000000a4a00000, 0x00000000a4a00000| Untracked 
|  75|0x00000000a4b00000, 0x00000000a4b00000, 0x00000000a4c00000|  0%| F|  |TAMS 0x00000000a4b00000, 0x00000000a4b00000| Untracked 
|  76|0x00000000a4c00000, 0x00000000a4c00000, 0x00000000a4d00000|  0%| F|  |TAMS 0x00000000a4c00000, 0x00000000a4c00000| Untracked 
|  77|0x00000000a4d00000, 0x00000000a4d00000, 0x00000000a4e00000|  0%| F|  |TAMS 0x00000000a4d00000, 0x00000000a4d00000| Untracked 
|  78|0x00000000a4e00000, 0x00000000a4e00000, 0x00000000a4f00000|  0%| F|  |TAMS 0x00000000a4e00000, 0x00000000a4e00000| Untracked 
|  79|0x00000000a4f00000, 0x00000000a4f00000, 0x00000000a5000000|  0%| F|  |TAMS 0x00000000a4f00000, 0x00000000a4f00000| Untracked 
|  80|0x00000000a5000000, 0x00000000a5000000, 0x00000000a5100000|  0%| F|  |TAMS 0x00000000a5000000, 0x00000000a5000000| Untracked 
|  81|0x00000000a5100000, 0x00000000a5100000, 0x00000000a5200000|  0%| F|  |TAMS 0x00000000a5100000, 0x00000000a5100000| Untracked 
|  82|0x00000000a5200000, 0x00000000a5200000, 0x00000000a5300000|  0%| F|  |TAMS 0x00000000a5200000, 0x00000000a5200000| Untracked 
|  83|0x00000000a5300000, 0x00000000a5300000, 0x00000000a5400000|  0%| F|  |TAMS 0x00000000a5300000, 0x00000000a5300000| Untracked 
|  84|0x00000000a5400000, 0x00000000a5400000, 0x00000000a5500000|  0%| F|  |TAMS 0x00000000a5400000, 0x00000000a5400000| Untracked 
|  85|0x00000000a5500000, 0x00000000a5500000, 0x00000000a5600000|  0%| F|  |TAMS 0x00000000a5500000, 0x00000000a5500000| Untracked 
|  86|0x00000000a5600000, 0x00000000a5600000, 0x00000000a5700000|  0%| F|  |TAMS 0x00000000a5600000, 0x00000000a5600000| Untracked 
|  87|0x00000000a5700000, 0x00000000a5700000, 0x00000000a5800000|  0%| F|  |TAMS 0x00000000a5700000, 0x00000000a5700000| Untracked 
|  88|0x00000000a5800000, 0x00000000a5800000, 0x00000000a5900000|  0%| F|  |TAMS 0x00000000a5800000, 0x00000000a5800000| Untracked 
|  89|0x00000000a5900000, 0x00000000a5900000, 0x00000000a5a00000|  0%| F|  |TAMS 0x00000000a5900000, 0x00000000a5900000| Untracked 
|  90|0x00000000a5a00000, 0x00000000a5a00000, 0x00000000a5b00000|  0%| F|  |TAMS 0x00000000a5a00000, 0x00000000a5a00000| Untracked 
|  91|0x00000000a5b00000, 0x00000000a5b00000, 0x00000000a5c00000|  0%| F|  |TAMS 0x00000000a5b00000, 0x00000000a5b00000| Untracked 
|  92|0x00000000a5c00000, 0x00000000a5c00000, 0x00000000a5d00000|  0%| F|  |TAMS 0x00000000a5c00000, 0x00000000a5c00000| Untracked 
|  93|0x00000000a5d00000, 0x00000000a5d00000, 0x00000000a5e00000|  0%| F|  |TAMS 0x00000000a5d00000, 0x00000000a5d00000| Untracked 
|  94|0x00000000a5e00000, 0x00000000a5e00000, 0x00000000a5f00000|  0%| F|  |TAMS 0x00000000a5e00000, 0x00000000a5e00000| Untracked 
|  95|0x00000000a5f00000, 0x00000000a5f00000, 0x00000000a6000000|  0%| F|  |TAMS 0x00000000a5f00000, 0x00000000a5f00000| Untracked 
|  96|0x00000000a6000000, 0x00000000a6000000, 0x00000000a6100000|  0%| F|  |TAMS 0x00000000a6000000, 0x00000000a6000000| Untracked 
|  97|0x00000000a6100000, 0x00000000a6100000, 0x00000000a6200000|  0%| F|  |TAMS 0x00000000a6100000, 0x00000000a6100000| Untracked 
|  98|0x00000000a6200000, 0x00000000a6200000, 0x00000000a6300000|  0%| F|  |TAMS 0x00000000a6200000, 0x00000000a6200000| Untracked 
|  99|0x00000000a6300000, 0x00000000a6300000, 0x00000000a6400000|  0%| F|  |TAMS 0x00000000a6300000, 0x00000000a6300000| Untracked 
| 100|0x00000000a6400000, 0x00000000a6400000, 0x00000000a6500000|  0%| F|  |TAMS 0x00000000a6400000, 0x00000000a6400000| Untracked 
| 101|0x00000000a6500000, 0x00000000a6500000, 0x00000000a6600000|  0%| F|  |TAMS 0x00000000a6500000, 0x00000000a6500000| Untracked 
| 102|0x00000000a6600000, 0x00000000a6600000, 0x00000000a6700000|  0%| F|  |TAMS 0x00000000a6600000, 0x00000000a6600000| Untracked 
| 103|0x00000000a6700000, 0x00000000a6700000, 0x00000000a6800000|  0%| F|  |TAMS 0x00000000a6700000, 0x00000000a6700000| Untracked 
| 104|0x00000000a6800000, 0x00000000a6800000, 0x00000000a6900000|  0%| F|  |TAMS 0x00000000a6800000, 0x00000000a6800000| Untracked 
| 105|0x00000000a6900000, 0x00000000a6900000, 0x00000000a6a00000|  0%| F|  |TAMS 0x00000000a6900000, 0x00000000a6900000| Untracked 
| 106|0x00000000a6a00000, 0x00000000a6a00000, 0x00000000a6b00000|  0%| F|  |TAMS 0x00000000a6a00000, 0x00000000a6a00000| Untracked 
| 107|0x00000000a6b00000, 0x00000000a6b00000, 0x00000000a6c00000|  0%| F|  |TAMS 0x00000000a6b00000, 0x00000000a6b00000| Untracked 
| 108|0x00000000a6c00000, 0x00000000a6c00000, 0x00000000a6d00000|  0%| F|  |TAMS 0x00000000a6c00000, 0x00000000a6c00000| Untracked 
| 109|0x00000000a6d00000, 0x00000000a6d00000, 0x00000000a6e00000|  0%| F|  |TAMS 0x00000000a6d00000, 0x00000000a6d00000| Untracked 
| 110|0x00000000a6e00000, 0x00000000a6e7b510, 0x00000000a6f00000| 48%| S|CS|TAMS 0x00000000a6e00000, 0x00000000a6e00000| Complete 
| 111|0x00000000a6f00000, 0x00000000a7000000, 0x00000000a7000000|100%| S|CS|TAMS 0x00000000a6f00000, 0x00000000a6f00000| Complete 
| 112|0x00000000a7000000, 0x00000000a7100000, 0x00000000a7100000|100%| S|CS|TAMS 0x00000000a7000000, 0x00000000a7000000| Complete 
| 113|0x00000000a7100000, 0x00000000a7200000, 0x00000000a7200000|100%| S|CS|TAMS 0x00000000a7100000, 0x00000000a7100000| Complete 
| 114|0x00000000a7200000, 0x00000000a7300000, 0x00000000a7300000|100%| S|CS|TAMS 0x00000000a7200000, 0x00000000a7200000| Complete 
| 115|0x00000000a7300000, 0x00000000a7400000, 0x00000000a7400000|100%| S|CS|TAMS 0x00000000a7300000, 0x00000000a7300000| Complete 
| 116|0x00000000a7400000, 0x00000000a7500000, 0x00000000a7500000|100%| E|  |TAMS 0x00000000a7400000, 0x00000000a7400000| Complete 
| 117|0x00000000a7500000, 0x00000000a7600000, 0x00000000a7600000|100%| E|CS|TAMS 0x00000000a7500000, 0x00000000a7500000| Complete 
| 118|0x00000000a7600000, 0x00000000a7700000, 0x00000000a7700000|100%| E|CS|TAMS 0x00000000a7600000, 0x00000000a7600000| Complete 
| 119|0x00000000a7700000, 0x00000000a7800000, 0x00000000a7800000|100%| E|CS|TAMS 0x00000000a7700000, 0x00000000a7700000| Complete 
| 120|0x00000000a7800000, 0x00000000a7900000, 0x00000000a7900000|100%| E|CS|TAMS 0x00000000a7800000, 0x00000000a7800000| Complete 
| 121|0x00000000a7900000, 0x00000000a7a00000, 0x00000000a7a00000|100%| E|CS|TAMS 0x00000000a7900000, 0x00000000a7900000| Complete 
| 122|0x00000000a7a00000, 0x00000000a7b00000, 0x00000000a7b00000|100%| E|CS|TAMS 0x00000000a7a00000, 0x00000000a7a00000| Complete 
| 123|0x00000000a7b00000, 0x00000000a7c00000, 0x00000000a7c00000|100%| E|CS|TAMS 0x00000000a7b00000, 0x00000000a7b00000| Complete 
| 124|0x00000000a7c00000, 0x00000000a7d00000, 0x00000000a7d00000|100%| E|CS|TAMS 0x00000000a7c00000, 0x00000000a7c00000| Complete 
| 125|0x00000000a7d00000, 0x00000000a7e00000, 0x00000000a7e00000|100%| E|CS|TAMS 0x00000000a7d00000, 0x00000000a7d00000| Complete 
| 126|0x00000000a7e00000, 0x00000000a7f00000, 0x00000000a7f00000|100%| E|CS|TAMS 0x00000000a7e00000, 0x00000000a7e00000| Complete 
| 127|0x00000000a7f00000, 0x00000000a8000000, 0x00000000a8000000|100%| E|CS|TAMS 0x00000000a7f00000, 0x00000000a7f00000| Complete 
| 128|0x00000000a8000000, 0x00000000a8100000, 0x00000000a8100000|100%| E|CS|TAMS 0x00000000a8000000, 0x00000000a8000000| Complete 
| 129|0x00000000a8100000, 0x00000000a8200000, 0x00000000a8200000|100%| E|CS|TAMS 0x00000000a8100000, 0x00000000a8100000| Complete 
| 130|0x00000000a8200000, 0x00000000a8300000, 0x00000000a8300000|100%| E|CS|TAMS 0x00000000a8200000, 0x00000000a8200000| Complete 
| 131|0x00000000a8300000, 0x00000000a8400000, 0x00000000a8400000|100%| E|CS|TAMS 0x00000000a8300000, 0x00000000a8300000| Complete 
| 132|0x00000000a8400000, 0x00000000a8500000, 0x00000000a8500000|100%| E|CS|TAMS 0x00000000a8400000, 0x00000000a8400000| Complete 
| 133|0x00000000a8500000, 0x00000000a8600000, 0x00000000a8600000|100%| E|CS|TAMS 0x00000000a8500000, 0x00000000a8500000| Complete 
| 134|0x00000000a8600000, 0x00000000a8700000, 0x00000000a8700000|100%| E|CS|TAMS 0x00000000a8600000, 0x00000000a8600000| Complete 
| 135|0x00000000a8700000, 0x00000000a8800000, 0x00000000a8800000|100%| E|CS|TAMS 0x00000000a8700000, 0x00000000a8700000| Complete 
| 136|0x00000000a8800000, 0x00000000a8900000, 0x00000000a8900000|100%| E|CS|TAMS 0x00000000a8800000, 0x00000000a8800000| Complete 
| 137|0x00000000a8900000, 0x00000000a8a00000, 0x00000000a8a00000|100%| E|CS|TAMS 0x00000000a8900000, 0x00000000a8900000| Complete 
| 138|0x00000000a8a00000, 0x00000000a8b00000, 0x00000000a8b00000|100%| E|CS|TAMS 0x00000000a8a00000, 0x00000000a8a00000| Complete 
| 139|0x00000000a8b00000, 0x00000000a8c00000, 0x00000000a8c00000|100%| E|CS|TAMS 0x00000000a8b00000, 0x00000000a8b00000| Complete 
| 140|0x00000000a8c00000, 0x00000000a8d00000, 0x00000000a8d00000|100%| E|CS|TAMS 0x00000000a8c00000, 0x00000000a8c00000| Complete 
| 141|0x00000000a8d00000, 0x00000000a8e00000, 0x00000000a8e00000|100%| E|CS|TAMS 0x00000000a8d00000, 0x00000000a8d00000| Complete 
| 142|0x00000000a8e00000, 0x00000000a8f00000, 0x00000000a8f00000|100%| E|CS|TAMS 0x00000000a8e00000, 0x00000000a8e00000| Complete 
| 143|0x00000000a8f00000, 0x00000000a9000000, 0x00000000a9000000|100%| E|CS|TAMS 0x00000000a8f00000, 0x00000000a8f00000| Complete 
| 144|0x00000000a9000000, 0x00000000a9100000, 0x00000000a9100000|100%| E|CS|TAMS 0x00000000a9000000, 0x00000000a9000000| Complete 
| 145|0x00000000a9100000, 0x00000000a9200000, 0x00000000a9200000|100%| E|CS|TAMS 0x00000000a9100000, 0x00000000a9100000| Complete 
| 146|0x00000000a9200000, 0x00000000a9300000, 0x00000000a9300000|100%| E|CS|TAMS 0x00000000a9200000, 0x00000000a9200000| Complete 
| 147|0x00000000a9300000, 0x00000000a9400000, 0x00000000a9400000|100%| E|CS|TAMS 0x00000000a9300000, 0x00000000a9300000| Complete 
| 148|0x00000000a9400000, 0x00000000a9500000, 0x00000000a9500000|100%| E|CS|TAMS 0x00000000a9400000, 0x00000000a9400000| Complete 
| 149|0x00000000a9500000, 0x00000000a9600000, 0x00000000a9600000|100%| E|CS|TAMS 0x00000000a9500000, 0x00000000a9500000| Complete 
| 150|0x00000000a9600000, 0x00000000a9700000, 0x00000000a9700000|100%| E|CS|TAMS 0x00000000a9600000, 0x00000000a9600000| Complete 
| 151|0x00000000a9700000, 0x00000000a9800000, 0x00000000a9800000|100%| E|CS|TAMS 0x00000000a9700000, 0x00000000a9700000| Complete 
| 152|0x00000000a9800000, 0x00000000a9900000, 0x00000000a9900000|100%| E|CS|TAMS 0x00000000a9800000, 0x00000000a9800000| Complete 
| 153|0x00000000a9900000, 0x00000000a9a00000, 0x00000000a9a00000|100%| E|CS|TAMS 0x00000000a9900000, 0x00000000a9900000| Complete 
| 154|0x00000000a9a00000, 0x00000000a9b00000, 0x00000000a9b00000|100%| E|CS|TAMS 0x00000000a9a00000, 0x00000000a9a00000| Complete 
| 155|0x00000000a9b00000, 0x00000000a9c00000, 0x00000000a9c00000|100%| E|CS|TAMS 0x00000000a9b00000, 0x00000000a9b00000| Complete 
| 156|0x00000000a9c00000, 0x00000000a9d00000, 0x00000000a9d00000|100%| E|CS|TAMS 0x00000000a9c00000, 0x00000000a9c00000| Complete 
| 157|0x00000000a9d00000, 0x00000000a9e00000, 0x00000000a9e00000|100%| E|CS|TAMS 0x00000000a9d00000, 0x00000000a9d00000| Complete 
| 158|0x00000000a9e00000, 0x00000000a9f00000, 0x00000000a9f00000|100%| E|CS|TAMS 0x00000000a9e00000, 0x00000000a9e00000| Complete 
| 159|0x00000000a9f00000, 0x00000000aa000000, 0x00000000aa000000|100%| E|CS|TAMS 0x00000000a9f00000, 0x00000000a9f00000| Complete 
| 160|0x00000000aa000000, 0x00000000aa100000, 0x00000000aa100000|100%| E|CS|TAMS 0x00000000aa000000, 0x00000000aa000000| Complete 
| 161|0x00000000aa100000, 0x00000000aa200000, 0x00000000aa200000|100%| E|CS|TAMS 0x00000000aa100000, 0x00000000aa100000| Complete 

Card table byte_map: [0x0000021bd86d0000,0x0000021bd89d0000] _byte_map_base: 0x0000021bd81d0000

Marking Bits (Prev, Next): (CMBitMap*) 0x0000021bc58e12a0, (CMBitMap*) 0x0000021bc58e1268
 Prev Bits: [0x0000021bda4d0000, 0x0000021bdbcd0000)
 Next Bits: [0x0000021bd8cd0000, 0x0000021bda4d0000)

Polling page: 0x0000021bc36b0000

Metaspace:

Usage:
  Non-class:     76.55 MB capacity,    75.10 MB ( 98%) used,     1.21 MB (  2%) free+waste,   250.31 KB ( <1%) overhead. 
      Class:     12.25 MB capacity,    11.33 MB ( 92%) used,   824.84 KB (  7%) free+waste,   116.81 KB ( <1%) overhead. 
       Both:     88.81 MB capacity,    86.43 MB ( 97%) used,     2.02 MB (  2%) free+waste,   367.12 KB ( <1%) overhead. 

Virtual space:
  Non-class space:       78.00 MB reserved,      76.75 MB ( 98%) committed 
      Class space:        1.00 GB reserved,      12.38 MB (  1%) committed 
             Both:        1.08 GB reserved,      89.12 MB (  8%) committed 

Chunk freelists:
   Non-Class:  10.00 KB
       Class:  0 bytes
        Both:  10.00 KB

MaxMetaspaceSize: 17179869184.00 GB
CompressedClassSpaceSize: 1.00 GB
Initial GC threshold: 20.80 MB
Current GC threshold: 135.84 MB
CDS: off

CodeHeap 'non-profiled nmethods': size=120064Kb used=4684Kb max_used=4684Kb free=115379Kb
 bounds [0x0000021bd0e90000, 0x0000021bd1330000, 0x0000021bd83d0000]
CodeHeap 'profiled nmethods': size=120000Kb used=19175Kb max_used=19175Kb free=100824Kb
 bounds [0x0000021bc9960000, 0x0000021bcac20000, 0x0000021bd0e90000]
CodeHeap 'non-nmethods': size=5696Kb used=2377Kb max_used=2425Kb free=3319Kb
 bounds [0x0000021bc93d0000, 0x0000021bc9650000, 0x0000021bc9960000]
 total_blobs=10204 nmethods=9301 adapters=815
 compilation: enabled
              stopped_count=0, restarted_count=0
 full_count=0

Compilation events (20 events):
Event: 45.324 Thread 0x0000021bdeb39000 nmethod 9525 0x0000021bcac18090 code [0x0000021bcac18280, 0x0000021bcac18778]
Event: 45.324 Thread 0x0000021bdeb37000 9526       4       org.gradle.internal.io.LineBufferingOutputStream::write (59 bytes)
Event: 45.327 Thread 0x0000021bdeb39000 9528       3       org.gradle.internal.operations.CurrentBuildOperationRef::instance (4 bytes)
Event: 45.327 Thread 0x0000021bdeb39000 nmethod 9528 0x0000021bcac18990 code [0x0000021bcac18b40, 0x0000021bcac18c38]
Event: 45.330 Thread 0x0000021bdeb37000 nmethod 9526 0x0000021bd1321c90 code [0x0000021bd1321e40, 0x0000021bd1322048]
Event: 45.330 Thread 0x0000021bdeb37000 9527       4       org.gradle.internal.io.StreamByteBuffer$StreamByteBufferOutputStream::write (22 bytes)
Event: 45.333 Thread 0x0000021bdeb37000 nmethod 9527 0x0000021bd1322310 code [0x0000021bd13224a0, 0x0000021bd13225b8]
Event: 45.337 Thread 0x0000021bdeb39000 9529       1       org.gradle.launcher.daemon.protocol.OutputMessage::getEvent (5 bytes)
Event: 45.338 Thread 0x0000021bdeb39000 nmethod 9529 0x0000021bd1322710 code [0x0000021bd13228c0, 0x0000021bd1322978]
Event: 45.886 Thread 0x0000021bdeb39000 9530       1       org.gradle.cache.internal.filelock.LockOptionsBuilder::getMode (5 bytes)
Event: 45.887 Thread 0x0000021bdeb39000 nmethod 9530 0x0000021bd1322a10 code [0x0000021bd1322bc0, 0x0000021bd1322c78]
Event: 45.906 Thread 0x0000021bdeb37000 9531       4       java.io.BufferedInputStream::read1 (108 bytes)
Event: 45.906 Thread 0x0000021bdeb39000 9532       3       org.gradle.internal.serialize.AbstractDecoder::readSmallInt (5 bytes)
Event: 45.906 Thread 0x0000021bdeb39000 nmethod 9532 0x0000021bcac18d10 code [0x0000021bcac18ec0, 0x0000021bcac19068]
Event: 45.911 Thread 0x0000021bdeb37000 nmethod 9531 0x0000021bd1322d10 code [0x0000021bd1322ec0, 0x0000021bd1323108]
Event: 45.911 Thread 0x0000021bdeb37000 9533  s    4       java.io.BufferedInputStream::read (113 bytes)
Event: 45.918 Thread 0x0000021bdeb39000 9534       3       com.google.common.base.Joiner::toString (24 bytes)
Event: 45.919 Thread 0x0000021bdeb39000 nmethod 9534 0x0000021bcac19110 code [0x0000021bcac19300, 0x0000021bcac19878]
Event: 45.920 Thread 0x0000021bdeb39000 9535       3       java.nio.channels.spi.AbstractInterruptibleChannel::isOpen (13 bytes)
Event: 45.921 Thread 0x0000021bdeb39000 nmethod 9535 0x0000021bcac19a10 code [0x0000021bcac19bc0, 0x0000021bcac19d18]

GC Heap History (20 events):
Event: 23.555 GC heap before
{Heap before GC invocations=41 (full 0):
 garbage-first heap   total 114688K, used 83802K [0x00000000a0000000, 0x0000000100000000)
  region size 1024K, 28 young (28672K), 2 survivors (2048K)
 Metaspace       used 68335K, capacity 70085K, committed 70272K, reserved 1110016K
  class space    used 8599K, capacity 9229K, committed 9344K, reserved 1048576K
}
Event: 23.564 GC heap after
{Heap after GC invocations=42 (full 0):
 garbage-first heap   total 114688K, used 60503K [0x00000000a0000000, 0x0000000100000000)
  region size 1024K, 4 young (4096K), 4 survivors (4096K)
 Metaspace       used 68335K, capacity 70085K, committed 70272K, reserved 1110016K
  class space    used 8599K, capacity 9229K, committed 9344K, reserved 1048576K
}
Event: 23.942 GC heap before
{Heap before GC invocations=43 (full 0):
 garbage-first heap   total 114688K, used 88151K [0x00000000a0000000, 0x0000000100000000)
  region size 1024K, 31 young (31744K), 4 survivors (4096K)
 Metaspace       used 68737K, capacity 70541K, committed 70784K, reserved 1110016K
  class space    used 8663K, capacity 9339K, committed 9344K, reserved 1048576K
}
Event: 23.952 GC heap after
{Heap after GC invocations=44 (full 0):
 garbage-first heap   total 114688K, used 62538K [0x00000000a0000000, 0x0000000100000000)
  region size 1024K, 3 young (3072K), 3 survivors (3072K)
 Metaspace       used 68737K, capacity 70541K, committed 70784K, reserved 1110016K
  class space    used 8663K, capacity 9339K, committed 9344K, reserved 1048576K
}
Event: 24.260 GC heap before
{Heap before GC invocations=44 (full 0):
 garbage-first heap   total 114688K, used 90186K [0x00000000a0000000, 0x0000000100000000)
  region size 1024K, 30 young (30720K), 3 survivors (3072K)
 Metaspace       used 69188K, capacity 71146K, committed 71424K, reserved 1112064K
  class space    used 8738K, capacity 9438K, committed 9472K, reserved 1048576K
}
Event: 24.268 GC heap after
{Heap after GC invocations=45 (full 0):
 garbage-first heap   total 114688K, used 63290K [0x00000000a0000000, 0x0000000100000000)
  region size 1024K, 1 young (1024K), 1 survivors (1024K)
 Metaspace       used 69188K, capacity 71146K, committed 71424K, reserved 1112064K
  class space    used 8738K, capacity 9438K, committed 9472K, reserved 1048576K
}
Event: 24.724 GC heap before
{Heap before GC invocations=46 (full 0):
 garbage-first heap   total 114688K, used 91962K [0x00000000a0000000, 0x0000000100000000)
  region size 1024K, 29 young (29696K), 1 survivors (1024K)
 Metaspace       used 69917K, capacity 71858K, committed 72064K, reserved 1112064K
  class space    used 8877K, capacity 9590K, committed 9600K, reserved 1048576K
}
Event: 24.730 GC heap after
{Heap after GC invocations=47 (full 0):
 garbage-first heap   total 138240K, used 64130K [0x00000000a0000000, 0x0000000100000000)
  region size 1024K, 2 young (2048K), 2 survivors (2048K)
 Metaspace       used 69917K, capacity 71858K, committed 72064K, reserved 1112064K
  class space    used 8877K, capacity 9590K, committed 9600K, reserved 1048576K
}
Event: 25.256 GC heap before
{Heap before GC invocations=47 (full 0):
 garbage-first heap   total 138240K, used 102018K [0x00000000a0000000, 0x0000000100000000)
  region size 1024K, 39 young (39936K), 2 survivors (2048K)
 Metaspace       used 70372K, capacity 72419K, committed 72704K, reserved 1112064K
  class space    used 8927K, capacity 9649K, committed 9728K, reserved 1048576K
}
Event: 25.266 GC heap after
{Heap after GC invocations=48 (full 0):
 garbage-first heap   total 138240K, used 66848K [0x00000000a0000000, 0x0000000100000000)
  region size 1024K, 5 young (5120K), 5 survivors (5120K)
 Metaspace       used 70372K, capacity 72419K, committed 72704K, reserved 1112064K
  class space    used 8927K, capacity 9649K, committed 9728K, reserved 1048576K
}
Event: 26.753 GC heap before
{Heap before GC invocations=49 (full 0):
 garbage-first heap   total 138240K, used 104736K [0x00000000a0000000, 0x0000000100000000)
  region size 1024K, 42 young (43008K), 5 survivors (5120K)
 Metaspace       used 74078K, capacity 76091K, committed 76416K, reserved 1116160K
  class space    used 9561K, capacity 10294K, committed 10368K, reserved 1048576K
}
Event: 26.769 GC heap after
{Heap after GC invocations=50 (full 0):
 garbage-first heap   total 138240K, used 68666K [0x00000000a0000000, 0x0000000100000000)
  region size 1024K, 5 young (5120K), 5 survivors (5120K)
 Metaspace       used 74078K, capacity 76091K, committed 76416K, reserved 1116160K
  class space    used 9561K, capacity 10294K, committed 10368K, reserved 1048576K
}
Event: 27.576 GC heap before
{Heap before GC invocations=50 (full 0):
 garbage-first heap   total 138240K, used 106554K [0x00000000a0000000, 0x0000000100000000)
  region size 1024K, 42 young (43008K), 5 survivors (5120K)
 Metaspace       used 76855K, capacity 78936K, committed 79104K, reserved 1118208K
  class space    used 9952K, capacity 10698K, committed 10752K, reserved 1048576K
}
Event: 27.597 GC heap after
{Heap after GC invocations=51 (full 0):
 garbage-first heap   total 138240K, used 71522K [0x00000000a0000000, 0x0000000100000000)
  region size 1024K, 5 young (5120K), 5 survivors (5120K)
 Metaspace       used 76855K, capacity 78936K, committed 79104K, reserved 1118208K
  class space    used 9952K, capacity 10698K, committed 10752K, reserved 1048576K
}
Event: 28.446 GC heap before
{Heap before GC invocations=52 (full 0):
 garbage-first heap   total 138240K, used 109410K [0x00000000a0000000, 0x0000000100000000)
  region size 1024K, 42 young (43008K), 5 survivors (5120K)
 Metaspace       used 77965K, capacity 79984K, committed 80128K, reserved 1118208K
  class space    used 10143K, capacity 10897K, committed 11008K, reserved 1048576K
}
Event: 28.468 GC heap after
{Heap after GC invocations=53 (full 0):
 garbage-first heap   total 138240K, used 74752K [0x00000000a0000000, 0x0000000100000000)
  region size 1024K, 6 young (6144K), 6 survivors (6144K)
 Metaspace       used 77965K, capacity 79984K, committed 80128K, reserved 1118208K
  class space    used 10143K, capacity 10897K, committed 11008K, reserved 1048576K
}
Event: 29.398 GC heap before
{Heap before GC invocations=53 (full 0):
 garbage-first heap   total 138240K, used 112640K [0x00000000a0000000, 0x0000000100000000)
  region size 1024K, 43 young (44032K), 6 survivors (6144K)
 Metaspace       used 80659K, capacity 82884K, committed 83072K, reserved 1120256K
  class space    used 10525K, capacity 11379K, committed 11392K, reserved 1048576K
}
Event: 29.443 GC heap after
{Heap after GC invocations=54 (full 0):
 garbage-first heap   total 165888K, used 77691K [0x00000000a0000000, 0x0000000100000000)
  region size 1024K, 3 young (3072K), 3 survivors (3072K)
 Metaspace       used 80659K, capacity 82884K, committed 83072K, reserved 1120256K
  class space    used 10525K, capacity 11379K, committed 11392K, reserved 1048576K
}
Event: 32.053 GC heap before
{Heap before GC invocations=55 (full 0):
 garbage-first heap   total 165888K, used 124795K [0x00000000a0000000, 0x0000000100000000)
  region size 1024K, 49 young (50176K), 3 survivors (3072K)
 Metaspace       used 85793K, capacity 88094K, committed 88192K, reserved 1126400K
  class space    used 11234K, capacity 12118K, committed 12160K, reserved 1048576K
}
Event: 32.094 GC heap after
{Heap after GC invocations=56 (full 0):
 garbage-first heap   total 165888K, used 80232K [0x00000000a0000000, 0x0000000100000000)
  region size 1024K, 6 young (6144K), 6 survivors (6144K)
 Metaspace       used 85793K, capacity 88094K, committed 88192K, reserved 1126400K
  class space    used 11234K, capacity 12118K, committed 12160K, reserved 1048576K
}

Deoptimization events (20 events):
Event: 33.985 Thread 0x0000021be19a3800 DEOPT PACKING pc=0x0000021bd0fe2384 sp=0x000000bea42fe320
Event: 33.985 Thread 0x0000021be19a3800 DEOPT UNPACKING pc=0x0000021bc941a1af sp=0x000000bea42fe2c0 mode 2
Event: 33.985 Thread 0x0000021be19a3800 Uncommon trap: trap_request=0xffffffc6 fr.pc=0x0000021bd0fe2384 relative=0x00000000000004e4
Event: 33.985 Thread 0x0000021be19a3800 Uncommon trap: reason=bimorphic_or_optimized_type_check action=maybe_recompile pc=0x0000021bd0fe2384 method=java.util.Spliterators$IteratorSpliterator.tryAdvance(Ljava/util/function/Consumer;)Z @ 50 c2
Event: 33.985 Thread 0x0000021be19a3800 DEOPT PACKING pc=0x0000021bd0fe2384 sp=0x000000bea42fe320
Event: 33.985 Thread 0x0000021be19a3800 DEOPT UNPACKING pc=0x0000021bc941a1af sp=0x000000bea42fe2c0 mode 2
Event: 33.986 Thread 0x0000021be19a3800 Uncommon trap: trap_request=0xffffffc6 fr.pc=0x0000021bd0fe2384 relative=0x00000000000004e4
Event: 33.986 Thread 0x0000021be19a3800 Uncommon trap: reason=bimorphic_or_optimized_type_check action=maybe_recompile pc=0x0000021bd0fe2384 method=java.util.Spliterators$IteratorSpliterator.tryAdvance(Ljava/util/function/Consumer;)Z @ 50 c2
Event: 33.986 Thread 0x0000021be19a3800 DEOPT PACKING pc=0x0000021bd0fe2384 sp=0x000000bea42fe320
Event: 33.986 Thread 0x0000021be19a3800 DEOPT UNPACKING pc=0x0000021bc941a1af sp=0x000000bea42fe2c0 mode 2
Event: 33.986 Thread 0x0000021be19a3800 Uncommon trap: trap_request=0xffffffc6 fr.pc=0x0000021bd0fe2384 relative=0x00000000000004e4
Event: 33.986 Thread 0x0000021be19a3800 Uncommon trap: reason=bimorphic_or_optimized_type_check action=maybe_recompile pc=0x0000021bd0fe2384 method=java.util.Spliterators$IteratorSpliterator.tryAdvance(Ljava/util/function/Consumer;)Z @ 50 c2
Event: 33.986 Thread 0x0000021be19a3800 DEOPT PACKING pc=0x0000021bd0fe2384 sp=0x000000bea42fe320
Event: 33.986 Thread 0x0000021be19a3800 DEOPT UNPACKING pc=0x0000021bc941a1af sp=0x000000bea42fe2c0 mode 2
Event: 34.461 Thread 0x0000021be19a3800 DEOPT PACKING pc=0x0000021bca839e8a sp=0x000000bea42f9220
Event: 34.461 Thread 0x0000021be19a3800 DEOPT UNPACKING pc=0x0000021bc941a95e sp=0x000000bea42f87a0 mode 0
Event: 35.610 Thread 0x0000021be70b9000 Uncommon trap: trap_request=0xffffff4d fr.pc=0x0000021bd12fcf08 relative=0x0000000000000508
Event: 35.610 Thread 0x0000021be70b9000 Uncommon trap: reason=unstable_if action=reinterpret pc=0x0000021bd12fcf08 method=org.gradle.internal.logging.text.AbstractLineChoppingStyledTextOutput$2.execute(Lorg/gradle/internal/logging/text/AbstractLineChoppingStyledTextOutput$StateContext;)V @ 34 c
Event: 35.610 Thread 0x0000021be70b9000 DEOPT PACKING pc=0x0000021bd12fcf08 sp=0x000000bea46fe020
Event: 35.610 Thread 0x0000021be70b9000 DEOPT UNPACKING pc=0x0000021bc941a1af sp=0x000000bea46fdea8 mode 2

Classes redefined (0 events):
No events

Internal exceptions (20 events):
Event: 34.389 Thread 0x0000021be19a3800 Exception <a 'java/lang/ClassNotFoundException'{0x00000000a7817c30}: org/gradle/process/internal/DefaultExecAction_DecoratedBeanInfo> (0x00000000a7817c30) thrown at [src/hotspot/share/classfile/systemDictionary.cpp, line 230]
Event: 34.391 Thread 0x0000021be19a3800 Exception <a 'java/lang/ClassNotFoundException'{0x00000000a7846c80}: org/gradle/process/internal/DefaultExecActionBeanInfo> (0x00000000a7846c80) thrown at [src/hotspot/share/classfile/systemDictionary.cpp, line 230]
Event: 34.393 Thread 0x0000021be19a3800 Exception <a 'java/lang/ClassNotFoundException'{0x00000000a7879040}: org/gradle/process/internal/DefaultExecHandleBuilderBeanInfo> (0x00000000a7879040) thrown at [src/hotspot/share/classfile/systemDictionary.cpp, line 230]
Event: 34.394 Thread 0x0000021be19a3800 Exception <a 'java/lang/ClassNotFoundException'{0x00000000a78ab890}: org/gradle/process/internal/AbstractExecHandleBuilderBeanInfo> (0x00000000a78ab890) thrown at [src/hotspot/share/classfile/systemDictionary.cpp, line 230]
Event: 34.396 Thread 0x0000021be19a3800 Exception <a 'java/lang/ClassNotFoundException'{0x00000000a78deb78}: org/gradle/process/internal/DefaultProcessForkOptionsBeanInfo> (0x00000000a78deb78) thrown at [src/hotspot/share/classfile/systemDictionary.cpp, line 230]
Event: 34.398 Thread 0x0000021be19a3800 Exception <a 'java/lang/ClassNotFoundException'{0x00000000a7712138}: org/gradle/process/internal/DefaultProcessForkOptionsCustomizer> (0x00000000a7712138) thrown at [src/hotspot/share/classfile/systemDictionary.cpp, line 230]
Event: 34.403 Thread 0x0000021be19a3800 Exception <a 'java/lang/ClassNotFoundException'{0x00000000a7752118}: org/gradle/process/internal/AbstractExecHandleBuilderCustomizer> (0x00000000a7752118) thrown at [src/hotspot/share/classfile/systemDictionary.cpp, line 230]
Event: 34.443 Thread 0x0000021be19a3800 Exception <a 'java/lang/ClassNotFoundException'{0x00000000a7797540}: org/gradle/process/internal/DefaultExecHandleBuilderCustomizer> (0x00000000a7797540) thrown at [src/hotspot/share/classfile/systemDictionary.cpp, line 230]
Event: 34.456 Thread 0x0000021be19a3800 Exception <a 'java/lang/ClassNotFoundException'{0x00000000a77f2a80}: org/gradle/process/internal/DefaultExecActionCustomizer> (0x00000000a77f2a80) thrown at [src/hotspot/share/classfile/systemDictionary.cpp, line 230]
Event: 34.459 Thread 0x0000021be19a3800 Exception <a 'java/lang/ClassNotFoundException'{0x00000000a762eb48}: org/gradle/process/internal/DefaultExecAction_DecoratedCustomizer> (0x00000000a762eb48) thrown at [src/hotspot/share/classfile/systemDictionary.cpp, line 230]
Event: 34.464 Thread 0x0000021be19a3800 Exception <a 'java/lang/ClassNotFoundException'{0x00000000a7686ae8}: org/gradle/api/logging/LogLevelBeanInfo> (0x00000000a7686ae8) thrown at [src/hotspot/share/classfile/systemDictionary.cpp, line 230]
Event: 34.466 Thread 0x0000021be19a3800 Exception <a 'java/lang/ClassNotFoundException'{0x00000000a76b0460}: org/gradle/api/logging/LogLevelCustomizer> (0x00000000a76b0460) thrown at [src/hotspot/share/classfile/systemDictionary.cpp, line 230]
Event: 34.475 Thread 0x0000021be19a3800 Exception <a 'java/lang/ClassNotFoundException'{0x00000000a751f7d8}: org/gradle/internal/logging/services/DefaultLoggingManagerBeanInfo> (0x00000000a751f7d8) thrown at [src/hotspot/share/classfile/systemDictionary.cpp, line 230]
Event: 34.476 Thread 0x0000021be19a3800 Exception <a 'java/lang/ClassNotFoundException'{0x00000000a75538d0}: org/gradle/internal/logging/services/DefaultLoggingManagerCustomizer> (0x00000000a75538d0) thrown at [src/hotspot/share/classfile/systemDictionary.cpp, line 230]
Event: 34.492 Thread 0x0000021be19a3800 Exception <a 'java/lang/ClassNotFoundException'{0x00000000a758eee8}: java/lang/BooleanBeanInfo> (0x00000000a758eee8) thrown at [src/hotspot/share/classfile/systemDictionary.cpp, line 230]
Event: 34.505 Thread 0x0000021be19a3800 Exception <a 'java/lang/ClassNotFoundException'{0x00000000a759afd0}: java/lang/BooleanCustomizer> (0x00000000a759afd0) thrown at [src/hotspot/share/classfile/systemDictionary.cpp, line 230]
Event: 34.568 Thread 0x0000021be70b6000 Exception <a 'java/lang/NoSuchMethodError'{0x00000000a740d8c0}: 'void java.lang.invoke.DirectMethodHandle$Holder.invokeStatic(java.lang.Object, long)'> (0x00000000a740d8c0) thrown at [src/hotspot/share/interpreter/linkResolver.cpp, line 773]
Event: 34.569 Thread 0x0000021be70b6000 Exception <a 'java/lang/NoSuchMethodError'{0x00000000a7412830}: 'java.lang.Object java.lang.invoke.DirectMethodHandle$Holder.invokeStatic(java.lang.Object, long)'> (0x00000000a7412830) thrown at [src/hotspot/share/interpreter/linkResolver.cpp, line 773]
Event: 34.569 Thread 0x0000021be70b6000 Exception <a 'java/lang/NoSuchMethodError'{0x00000000a7415b58}: 'java.lang.Object java.lang.invoke.DirectMethodHandle$Holder.invokeSpecial(java.lang.Object, java.lang.Object, long)'> (0x00000000a7415b58) thrown at [src/hotspot/share/interpreter/linkResolver.cpp, line 773]
Event: 34.572 Thread 0x0000021be70b6000 Exception <a 'java/lang/NoSuchMethodError'{0x00000000a7420710}: 'java.lang.Object java.lang.invoke.DirectMethodHandle$Holder.invokeStaticInit(java.lang.Object, java.lang.Object, long, java.lang.Object)'> (0x00000000a7420710) thrown at [src/hotspot/share/interpreter/linkResolver.cpp, line 773]

Events (20 events):
Event: 34.521 loading class org/gradle/process/internal/DefaultExecHandle$CompositeStreamsHandler done
Event: 34.522 loading class org/gradle/process/internal/ProcessBuilderFactory
Event: 34.522 loading class org/gradle/process/internal/ProcessBuilderFactory done
Event: 34.523 loading class org/gradle/internal/operations/CurrentBuildOperationPreservingRunnable
Event: 34.523 loading class org/gradle/internal/operations/CurrentBuildOperationPreservingRunnable done
Event: 34.524 Thread 0x0000021be70b6000 Thread added: 0x0000021be70b6000
Event: 34.529 loading class net/rubygrapefruit/platform/internal/jni/WindowsHandleFunctions
Event: 34.529 loading class net/rubygrapefruit/platform/internal/jni/WindowsHandleFunctions done
Event: 34.531 loading class java/lang/ProcessImpl
Event: 34.532 loading class java/lang/ProcessImpl done
Event: 34.570 loading class java/lang/ProcessHandleImpl
Event: 34.571 loading class java/lang/ProcessHandleImpl done
Event: 34.575 loading class java/lang/ProcessImpl$2
Event: 34.576 loading class java/lang/ProcessImpl$2 done
Event: 34.577 loading class java/lang/Process$PipeInputStream
Event: 34.578 loading class java/lang/Process$PipeInputStream done
Event: 34.579 loading class org/gradle/process/internal/streams/ExecOutputHandleRunner
Event: 34.579 loading class org/gradle/process/internal/streams/ExecOutputHandleRunner done
Event: 34.580 Thread 0x0000021be70b8800 Thread added: 0x0000021be70b8800
Event: 34.581 Thread 0x0000021be70b9000 Thread added: 0x0000021be70b9000


Dynamic libraries:
0x00007ff67e160000 - 0x00007ff67e16a000 	C:\Program Files\Android\Android Studio\jbr\bin\java.exe
0x00007ffa66470000 - 0x00007ffa66668000 	C:\Windows\SYSTEM32\ntdll.dll
0x00007ffa64710000 - 0x00007ffa647cf000 	C:\Windows\System32\KERNEL32.DLL
0x00007ffa63d40000 - 0x00007ffa64012000 	C:\Windows\System32\KERNELBASE.dll
0x00007ffa64090000 - 0x00007ffa64190000 	C:\Windows\System32\ucrtbase.dll
0x00007ffa5d710000 - 0x00007ffa5d727000 	C:\Program Files\Android\Android Studio\jbr\bin\jli.dll
0x00007ffa64930000 - 0x00007ffa64ad1000 	C:\Windows\System32\USER32.dll
0x00007ffa63c00000 - 0x00007ffa63c22000 	C:\Windows\System32\win32u.dll
0x00007ffa64e50000 - 0x00007ffa64e7b000 	C:\Windows\System32\GDI32.dll
0x00007ffa63c30000 - 0x00007ffa63d3f000 	C:\Windows\System32\gdi32full.dll
0x00007ffa64240000 - 0x00007ffa642dd000 	C:\Windows\System32\msvcp_win.dll
0x00007ffa52020000 - 0x00007ffa5203b000 	C:\Program Files\Android\Android Studio\jbr\bin\VCRUNTIME140.dll
0x00007ffa52ff0000 - 0x00007ffa5328a000 	C:\Windows\WinSxS\amd64_microsoft.windows.common-controls_6595b64144ccf1df_6.0.19041.1110_none_60b5254171f9507e\COMCTL32.dll
0x00007ffa65890000 - 0x00007ffa6592e000 	C:\Windows\System32\msvcrt.dll
0x00007ffa64e80000 - 0x00007ffa64eb0000 	C:\Windows\System32\IMM32.DLL
0x00007ffa5d700000 - 0x00007ffa5d70c000 	C:\Program Files\Android\Android Studio\jbr\bin\vcruntime140_1.dll
0x00007ffa50fb0000 - 0x00007ffa5103d000 	C:\Program Files\Android\Android Studio\jbr\bin\msvcp140.dll
0x00007ffa0fd70000 - 0x00007ffa1092c000 	C:\Program Files\Android\Android Studio\jbr\bin\server\jvm.dll
0x00007ffa64860000 - 0x00007ffa6490e000 	C:\Windows\System32\ADVAPI32.dll
0x00007ffa64670000 - 0x00007ffa6470c000 	C:\Windows\System32\sechost.dll
0x00007ffa65a00000 - 0x00007ffa65b24000 	C:\Windows\System32\RPCRT4.dll
0x00007ffa64e40000 - 0x00007ffa64e48000 	C:\Windows\System32\PSAPI.DLL
0x00007ffa4e780000 - 0x00007ffa4e789000 	C:\Windows\SYSTEM32\WSOCK32.dll
0x00007ffa65820000 - 0x00007ffa6588b000 	C:\Windows\System32\WS2_32.dll
0x00007ffa44ec0000 - 0x00007ffa44ee7000 	C:\Windows\SYSTEM32\WINMM.dll
0x00007ffa5af40000 - 0x00007ffa5af4a000 	C:\Windows\SYSTEM32\VERSION.dll
0x00007ffa623c0000 - 0x00007ffa623d2000 	C:\Windows\SYSTEM32\kernel.appcore.dll
0x00007ffa39760000 - 0x00007ffa39770000 	C:\Program Files\Android\Android Studio\jbr\bin\verify.dll
0x00007ffa62070000 - 0x00007ffa62254000 	C:\Windows\SYSTEM32\DBGHELP.DLL
0x00007ffa4dfc0000 - 0x00007ffa4dff5000 	C:\Windows\SYSTEM32\dbgcore.DLL
0x00007ffa63b70000 - 0x00007ffa63bf2000 	C:\Windows\System32\bcryptPrimitives.dll
0x00007ffa39730000 - 0x00007ffa39758000 	C:\Program Files\Android\Android Studio\jbr\bin\java.dll
0x00007ffa39720000 - 0x00007ffa3972a000 	C:\Program Files\Android\Android Studio\jbr\bin\jimage.dll
0x00007ffa39700000 - 0x00007ffa39718000 	C:\Program Files\Android\Android Studio\jbr\bin\zip.dll
0x00007ffa650d0000 - 0x00007ffa65815000 	C:\Windows\System32\SHELL32.dll
0x00007ffa617a0000 - 0x00007ffa61f32000 	C:\Windows\SYSTEM32\windows.storage.dll
0x00007ffa660d0000 - 0x00007ffa66425000 	C:\Windows\System32\combase.dll
0x00007ffa63580000 - 0x00007ffa635b0000 	C:\Windows\SYSTEM32\Wldp.dll
0x00007ffa64ae0000 - 0x00007ffa64b8d000 	C:\Windows\System32\SHCORE.dll
0x00007ffa64d70000 - 0x00007ffa64dc5000 	C:\Windows\System32\shlwapi.dll
0x00007ffa63ab0000 - 0x00007ffa63acf000 	C:\Windows\SYSTEM32\profapi.dll
0x00007ffa396e0000 - 0x00007ffa396f9000 	C:\Program Files\Android\Android Studio\jbr\bin\net.dll
0x00007ffa56200000 - 0x00007ffa5630a000 	C:\Windows\SYSTEM32\WINHTTP.dll
0x00007ffa632c0000 - 0x00007ffa6332a000 	C:\Windows\system32\mswsock.dll
0x00007ffa13960000 - 0x00007ffa13973000 	C:\Program Files\Android\Android Studio\jbr\bin\nio.dll
0x00007ffa50f80000 - 0x00007ffa50fa7000 	C:\Users\Lenovo\.gradle\native\e1d6ef7f7dcc3fd88c89a11ec53ec762bb8ba0a96d01ffa2cd45eb1d1d8dd5c5\windows-amd64\native-platform.dll
0x00007ffa403b0000 - 0x00007ffa404f4000 	C:\Users\Lenovo\.gradle\native\0d407fdbe67a94daf76414ababcb853783967236a71b16ec16e742cd7a986fd3\windows-amd64\native-platform-file-events.dll
0x00007ffa13950000 - 0x00007ffa1395a000 	C:\Program Files\Android\Android Studio\jbr\bin\management.dll
0x00007ffa13940000 - 0x00007ffa1394b000 	C:\Program Files\Android\Android Studio\jbr\bin\management_ext.dll
0x00007ffa634b0000 - 0x00007ffa634c8000 	C:\Windows\SYSTEM32\CRYPTSP.dll
0x00007ffa62b70000 - 0x00007ffa62ba4000 	C:\Windows\system32\rsaenh.dll
0x00007ffa64490000 - 0x00007ffa644b7000 	C:\Windows\System32\bcrypt.dll
0x00007ffa63a70000 - 0x00007ffa63a9e000 	C:\Windows\SYSTEM32\USERENV.dll
0x00007ffa634d0000 - 0x00007ffa634dc000 	C:\Windows\SYSTEM32\CRYPTBASE.dll
0x00007ffa62fb0000 - 0x00007ffa62feb000 	C:\Windows\SYSTEM32\IPHLPAPI.DLL
0x00007ffa64e30000 - 0x00007ffa64e38000 	C:\Windows\System32\NSI.dll
0x00007ffa56630000 - 0x00007ffa56647000 	C:\Windows\SYSTEM32\dhcpcsvc6.DLL
0x00007ffa56930000 - 0x00007ffa5694d000 	C:\Windows\SYSTEM32\dhcpcsvc.DLL
0x00007ffa62ff0000 - 0x00007ffa630bb000 	C:\Windows\SYSTEM32\DNSAPI.dll

dbghelp: loaded successfully - version: 4.0.5 - missing functions: none
symbol engine: initialized successfully - sym options: 0x614 - pdb path: .;C:\Program Files\Android\Android Studio\jbr\bin;C:\Windows\SYSTEM32;C:\Windows\WinSxS\amd64_microsoft.windows.common-controls_6595b64144ccf1df_6.0.19041.1110_none_60b5254171f9507e;C:\Program Files\Android\Android Studio\jbr\bin\server;C:\Users\Lenovo\.gradle\native\e1d6ef7f7dcc3fd88c89a11ec53ec762bb8ba0a96d01ffa2cd45eb1d1d8dd5c5\windows-amd64;C:\Users\Lenovo\.gradle\native\0d407fdbe67a94daf76414ababcb853783967236a71b16ec16e742cd7a986fd3\windows-amd64

VM Arguments:
jvm_args: --add-opens=java.base/java.util=ALL-UNNAMED --add-opens=java.base/java.lang=ALL-UNNAMED --add-opens=java.base/java.lang.invoke=ALL-UNNAMED --add-opens=java.base/java.util=ALL-UNNAMED --add-opens=java.prefs/java.util.prefs=ALL-UNNAMED --add-opens=java.prefs/java.util.prefs=ALL-UNNAMED --add-opens=java.base/java.nio.charset=ALL-UNNAMED --add-opens=java.base/java.net=ALL-UNNAMED --add-opens=java.base/java.util.concurrent.atomic=ALL-UNNAMED -Xmx1536M -Dfile.encoding=windows-1252 -Duser.country=MX -Duser.language=es -Duser.variant 
java_command: org.gradle.launcher.daemon.bootstrap.GradleDaemon 7.5
java_class_path (initial): C:\Users\Lenovo\.gradle\wrapper\dists\gradle-7.5-all\6qsw290k5lz422uaf8jf6m7co\gradle-7.5\lib\gradle-launcher-7.5.jar
Launcher Type: SUN_STANDARD

[Global flags]
     intx CICompilerCount                          = 3                                         {product} {ergonomic}
     uint ConcGCThreads                            = 1                                         {product} {ergonomic}
     uint G1ConcRefinementThreads                  = 4                                         {product} {ergonomic}
   size_t G1HeapRegionSize                         = 1048576                                   {product} {ergonomic}
    uintx GCDrainStackTargetSize                   = 64                                        {product} {ergonomic}
   size_t InitialHeapSize                          = 67108864                                  {product} {ergonomic}
   size_t MarkStackSize                            = 4194304                                   {product} {ergonomic}
   size_t MaxHeapSize                              = 1610612736                                {product} {command line}
   size_t MaxNewSize                               = 965738496                                 {product} {ergonomic}
   size_t MinHeapDeltaBytes                        = 1048576                                   {product} {ergonomic}
    uintx NonNMethodCodeHeapSize                   = 5830732                                {pd product} {ergonomic}
    uintx NonProfiledCodeHeapSize                  = 122913754                              {pd product} {ergonomic}
    uintx ProfiledCodeHeapSize                     = 122913754                              {pd product} {ergonomic}
    uintx ReservedCodeCacheSize                    = 251658240                              {pd product} {ergonomic}
     bool SegmentedCodeCache                       = true                                      {product} {ergonomic}
     bool UseCompressedClassPointers               = true                                 {lp64_product} {ergonomic}
     bool UseCompressedOops                        = true                                 {lp64_product} {ergonomic}
     bool UseG1GC                                  = true                                      {product} {ergonomic}
     bool UseLargePagesIndividualAllocation        = false                                  {pd product} {ergonomic}

Logging:
Log output configuration:
 #0: stdout all=warning uptime,level,tags
 #1: stderr all=off uptime,level,tags

Environment Variables:
JAVA_HOME=C:\Program Files\Android\Android Studio\jbr
CLASSPATH=C:\Users\Lenovo\StudioProjects\vecinapp_2\android\\gradle\wrapper\gradle-wrapper.jar
PATH=C:\Program Files\Common Files\Oracle\Java\javapath;C:\ProgramData\Oracle\Java\javapath;C:\Program Files\Python310\Scripts\;C:\Program Files\Python310\;C:\Windows\system32;C:\Windows;C:\Windows\System32\Wbem;C:\Windows\System32\WindowsPowerShell\v1.0\;C:\Windows\System32\OpenSSH\;C:\Program Files\php-8.0.12-Win32-vs16-x64;C:\ProgramData\chocolatey\bin;C:\Program Files\nodejs\;C:\Program Files (x86)\QuickTime\QTSystem\;C:\Program Files\Git\cmd;C:\Users\Lenovo\AppData\Roaming\Python\Python310\site-packages;C:\Program Files\Java\jdk-15.0.2\bin;C:\Program Files\MySQL\MySQL Shell 8.0\bin\;C:\Users\Lenovo\AppData\Local\Microsoft\WindowsApps;C:\Users\Lenovo\AppData\Local\atom\bin;C:\Users\Lenovo\AppData\Roaming\npm;C:\Users\Lenovo\AppData\Local\GitHubDesktop\bin;C:\capps\flutter\bin;;C:\capps\flutter\bin\mingit\cmd
USERNAME=Lenovo
OS=Windows_NT
PROCESSOR_IDENTIFIER=Intel64 Family 6 Model 78 Stepping 3, GenuineIntel



---------------  S Y S T E M  ---------------

OS: Windows 10 , 64 bit Build 19041 (10.0.19041.2546)
OS uptime: 0 days 0:07 hours

CPU:total 4 (initial active 4) (2 cores per cpu, 2 threads per core) family 6 model 78 stepping 3 microcode 0xcc, cmov, cx8, fxsr, mmx, sse, sse2, sse3, ssse3, sse4.1, sse4.2, popcnt, avx, avx2, aes, clmul, erms, rtm, 3dnowpref, lzcnt, ht, tsc, tscinvbit, bmi1, bmi2, adx, fma

Memory: 4k page, system-wide physical 4008M (57M free)
TotalPageFile size 7608M (AvailPageFile size 0M)
current process WorkingSet (physical memory assigned to process): 48M, peak: 281M
current process commit charge ("private bytes"): 415M, peak: 432M

vm_info: OpenJDK 64-Bit Server VM (11.0.15+0-b2043.56-9505619) for windows-amd64 JRE (11.0.15+0-b2043.56-9505619), built on Jan 19 2023 02:48:00 by "builduser" with unknown MS VC++:1929

END.
