#
# There is insufficient memory for the Java Runtime Environment to continue.
# Native memory allocation (malloc) failed to allocate 278016 bytes for Chunk::new
# Possible reasons:
#   The system is out of physical RAM or swap space
#   The process is running with CompressedOops enabled, and the Java Heap may be blocking the growth of the native heap
# Possible solutions:
#   Reduce memory load on the system
#   Increase physical memory or swap space
#   Check if swap backing store is full
#   Decrease Java heap size (-Xmx/-Xms)
#   Decrease number of Java threads
#   Decrease Java thread stack sizes (-Xss)
#   Set larger code cache with -XX:ReservedCodeCacheSize=
#   JVM is running with Unscaled Compressed Oops mode in which the Java heap is
#     placed in the first 4GB address space. The Java Heap base address is the
#     maximum limit for the native heap growth. Please use -XX:HeapBaseMinAddress
#     to set the Java Heap base and to place the Java Heap above 4GB virtual address.
# This output file may be truncated or incomplete.
#
#  Out of Memory Error (src/hotspot/share/memory/arena.cpp:197), pid=3160, tid=1752
#
# JRE version: OpenJDK Runtime Environment (11.0.15) (build 11.0.15+0-b2043.56-9505619)
# Java VM: OpenJDK 64-Bit Server VM (11.0.15+0-b2043.56-9505619, mixed mode, tiered, compressed oops, g1 gc, windows-amd64)
# No core dump will be written. Minidumps are not enabled by default on client versions of Windows
#

---------------  S U M M A R Y ------------

Command Line: --add-opens=java.base/java.util=ALL-UNNAMED --add-opens=java.base/java.lang=ALL-UNNAMED --add-opens=java.base/java.lang.invoke=ALL-UNNAMED --add-opens=java.base/java.util=ALL-UNNAMED --add-opens=java.prefs/java.util.prefs=ALL-UNNAMED --add-opens=java.prefs/java.util.prefs=ALL-UNNAMED --add-opens=java.base/java.nio.charset=ALL-UNNAMED --add-opens=java.base/java.net=ALL-UNNAMED --add-opens=java.base/java.util.concurrent.atomic=ALL-UNNAMED -Xmx1536M -Dfile.encoding=windows-1252 -Duser.country=MX -Duser.language=es -Duser.variant org.gradle.launcher.daemon.bootstrap.GradleDaemon 7.5

Host: Intel(R) Core(TM) i3-6100U CPU @ 2.30GHz, 4 cores, 3G,  Windows 10 , 64 bit Build 19041 (10.0.19041.2546)
Time: Tue Mar 21 19:24:45 2023 Hora estándar central (México) elapsed time: 57.590401 seconds (0d 0h 0m 57s)

---------------  T H R E A D  ---------------

Current thread (0x000001d8e7e00000):  JavaThread "C2 CompilerThread0" daemon [_thread_in_native, id=1752, stack(0x0000008b9f200000,0x0000008b9f300000)]


Current CompileTask:
C2:  57590 9584 %     4       org.gradle.internal.logging.text.AbstractLineChoppingStyledTextOutput::doAppend @ 10 (43 bytes)

Stack: [0x0000008b9f200000,0x0000008b9f300000]
Native frames: (J=compiled Java code, j=interpreted, Vv=VM code, C=native code)
V  [jvm.dll+0x64135a]
V  [jvm.dll+0x7d39f9]
V  [jvm.dll+0x7d51b9]
V  [jvm.dll+0x7d58a3]
V  [jvm.dll+0x2691c5]
V  [jvm.dll+0xc1a5c]
V  [jvm.dll+0xc200c]
V  [jvm.dll+0x2da2c2]
V  [jvm.dll+0x54cad9]
V  [jvm.dll+0x220c9d]
V  [jvm.dll+0x223261]
V  [jvm.dll+0x220384]
V  [jvm.dll+0x19e851]
V  [jvm.dll+0x230479]
V  [jvm.dll+0x22e5ef]
V  [jvm.dll+0x794de1]
V  [jvm.dll+0x78dc24]
V  [jvm.dll+0x6400f6]
C  [ucrtbase.dll+0x21bb2]
C  [KERNEL32.DLL+0x17614]
C  [ntdll.dll+0x526a1]


---------------  P R O C E S S  ---------------

Threads class SMR info:
_java_thread_list=0x000001d8eabbf760, length=87, elements={
0x000001d8ceb76800, 0x000001d8e746c000, 0x000001d8e7477000, 0x000001d8e7df0800,
0x000001d8e7df4800, 0x000001d8e7df5800, 0x000001d8e7e00000, 0x000001d8e74be800,
0x000001d8e74c1800, 0x000001d8e7f4b000, 0x000001d8e98c1000, 0x000001d8e9e62800,
0x000001d8ead90800, 0x000001d8e96de800, 0x000001d8ea395800, 0x000001d8ea38f800,
0x000001d8e9eec800, 0x000001d8e9eed000, 0x000001d8ea578800, 0x000001d8ea579800,
0x000001d8ea379000, 0x000001d8ea012000, 0x000001d8ea0e9000, 0x000001d8ea0ea800,
0x000001d8ea0ea000, 0x000001d8ea0eb800, 0x000001d8ea0ec800, 0x000001d8ea0ed000,
0x000001d8ea0ee000, 0x000001d8ea0e8800, 0x000001d8ea0ef000, 0x000001d8e902a000,
0x000001d8e9029000, 0x000001d8e902c800, 0x000001d8e9026800, 0x000001d8e902d000,
0x000001d8e9027800, 0x000001d8e902e000, 0x000001d8e9028800, 0x000001d8e9033800,
0x000001d8e9032000, 0x000001d8e902f000, 0x000001d8e9034800, 0x000001d8e9035800,
0x000001d8e902f800, 0x000001d8e9030800, 0x000001d8e9031800, 0x000001d8e9033000,
0x000001d8eaa0a000, 0x000001d8eaa0b000, 0x000001d8eaa0c800, 0x000001d8eaa0f000,
0x000001d8eaa0d800, 0x000001d8eaa0e000, 0x000001d8eaa0b800, 0x000001d8eaa09000,
0x000001d8eaa13000, 0x000001d8eaa10800, 0x000001d8eaa14000, 0x000001d8eaa10000,
0x000001d8eaa14800, 0x000001d8eaa15800, 0x000001d8eaa16800, 0x000001d8eaa17000,
0x000001d8eaa11800, 0x000001d8eaa18000, 0x000001d8eaa12000, 0x000001d8e8ecb800,
0x000001d8e8ec9000, 0x000001d8e8ec8000, 0x000001d8e8ecc000, 0x000001d8e8ece800,
0x000001d8e8ecf800, 0x000001d8e8ec9800, 0x000001d8e8ecd000, 0x000001d8e8ece000,
0x000001d8e8ed0000, 0x000001d8e8eca800, 0x000001d8e8ed1000, 0x000001d8e8ed2800,
0x000001d8e8ed4800, 0x000001d8e8ed2000, 0x000001d8e8ed3800, 0x000001d8e8ed5000,
0x000001d8e8ed6000, 0x000001d8e8ed7000, 0x000001d8ea951000
}

Java Threads: ( => current thread )
  0x000001d8ceb76800 JavaThread "main" [_thread_blocked, id=7864, stack(0x0000008b9e600000,0x0000008b9e700000)]
  0x000001d8e746c000 JavaThread "Reference Handler" daemon [_thread_blocked, id=1144, stack(0x0000008b9ed00000,0x0000008b9ee00000)]
  0x000001d8e7477000 JavaThread "Finalizer" daemon [_thread_blocked, id=9080, stack(0x0000008b9ee00000,0x0000008b9ef00000)]
  0x000001d8e7df0800 JavaThread "Signal Dispatcher" daemon [_thread_blocked, id=1728, stack(0x0000008b9ef00000,0x0000008b9f000000)]
  0x000001d8e7df4800 JavaThread "Attach Listener" daemon [_thread_blocked, id=1112, stack(0x0000008b9f000000,0x0000008b9f100000)]
  0x000001d8e7df5800 JavaThread "Service Thread" daemon [_thread_blocked, id=10056, stack(0x0000008b9f100000,0x0000008b9f200000)]
=>0x000001d8e7e00000 JavaThread "C2 CompilerThread0" daemon [_thread_in_native, id=1752, stack(0x0000008b9f200000,0x0000008b9f300000)]
  0x000001d8e74be800 JavaThread "C1 CompilerThread0" daemon [_thread_blocked, id=7948, stack(0x0000008b9f300000,0x0000008b9f400000)]
  0x000001d8e74c1800 JavaThread "Sweeper thread" daemon [_thread_blocked, id=7460, stack(0x0000008b9f400000,0x0000008b9f500000)]
  0x000001d8e7f4b000 JavaThread "Common-Cleaner" daemon [_thread_blocked, id=9988, stack(0x0000008b9f500000,0x0000008b9f600000)]
  0x000001d8e98c1000 JavaThread "Daemon health stats" [_thread_blocked, id=2596, stack(0x0000008b9f800000,0x0000008b9f900000)]
  0x000001d8e9e62800 JavaThread "Incoming local TCP Connector on port 50154" [_thread_in_native, id=5244, stack(0x0000008b9f900000,0x0000008b9fa00000)]
  0x000001d8ead90800 JavaThread "Daemon periodic checks" [_thread_blocked, id=3672, stack(0x0000008b9fa00000,0x0000008b9fb00000)]
  0x000001d8e96de800 JavaThread "Daemon" [_thread_blocked, id=9360, stack(0x0000008b9fb00000,0x0000008b9fc00000)]
  0x000001d8ea395800 JavaThread "Handler for socket connection from /127.0.0.1:50154 to /127.0.0.1:50155" [_thread_in_native, id=3732, stack(0x0000008b9fc00000,0x0000008b9fd00000)]
  0x000001d8ea38f800 JavaThread "Cancel handler" [_thread_blocked, id=5708, stack(0x0000008b9ff00000,0x0000008ba0000000)]
  0x000001d8e9eec800 JavaThread "Daemon worker" [_thread_blocked, id=5716, stack(0x0000008ba0000000,0x0000008ba0100000)]
  0x000001d8e9eed000 JavaThread "Asynchronous log dispatcher for DefaultDaemonConnection: socket connection from /127.0.0.1:50154 to /127.0.0.1:50155" [_thread_blocked, id=6360, stack(0x0000008ba0100000,0x0000008ba0200000)]
  0x000001d8ea578800 JavaThread "Stdin handler" [_thread_blocked, id=8360, stack(0x0000008ba0200000,0x0000008ba0300000)]
  0x000001d8ea579800 JavaThread "Daemon client event forwarder" [_thread_blocked, id=7376, stack(0x0000008ba0300000,0x0000008ba0400000)]
  0x000001d8ea379000 JavaThread "Cache worker for journal cache (C:\Users\Lenovo\.gradle\caches\journal-1)" [_thread_blocked, id=6472, stack(0x0000008ba0400000,0x0000008ba0500000)]
  0x000001d8ea012000 JavaThread "File lock request listener" [_thread_in_native, id=9404, stack(0x0000008ba0500000,0x0000008ba0600000)]
  0x000001d8ea0e9000 JavaThread "Cache worker for file hash cache (C:\Users\Lenovo\.gradle\caches\7.5\fileHashes)" [_thread_blocked, id=6768, stack(0x0000008ba0600000,0x0000008ba0700000)]
  0x000001d8ea0ea800 JavaThread "File watcher server" daemon [_thread_in_native, id=6924, stack(0x0000008ba0700000,0x0000008ba0800000)]
  0x000001d8ea0ea000 JavaThread "File watcher consumer" daemon [_thread_blocked, id=7696, stack(0x0000008ba0800000,0x0000008ba0900000)]
  0x000001d8ea0eb800 JavaThread "Cache worker for checksums cache (C:\Users\Lenovo\StudioProjects\vecinapp_2\android\.gradle\7.5\checksums)" [_thread_blocked, id=3780, stack(0x0000008ba0900000,0x0000008ba0a00000)]
  0x000001d8ea0ec800 JavaThread "Cache worker for cache directory md-rule (C:\Users\Lenovo\.gradle\caches\7.5\md-rule)" [_thread_blocked, id=6856, stack(0x0000008ba0a00000,0x0000008ba0b00000)]
  0x000001d8ea0ed000 JavaThread "Cache worker for file content cache (C:\Users\Lenovo\.gradle\caches\7.5\fileContent)" [_thread_blocked, id=8132, stack(0x0000008ba0b00000,0x0000008ba0c00000)]
  0x000001d8ea0ee000 JavaThread "Cache worker for file hash cache (C:\Users\Lenovo\StudioProjects\vecinapp_2\android\.gradle\7.5\fileHashes)" [_thread_blocked, id=6764, stack(0x0000008ba0c00000,0x0000008ba0d00000)]
  0x000001d8ea0e8800 JavaThread "Cache worker for cache directory md-supplier (C:\Users\Lenovo\.gradle\caches\7.5\md-supplier)" [_thread_blocked, id=8240, stack(0x0000008ba0d00000,0x0000008ba0e00000)]
  0x000001d8ea0ef000 JavaThread "Cache worker for execution history cache (C:\Users\Lenovo\.gradle\caches\7.5\executionHistory)" [_thread_blocked, id=8820, stack(0x0000008ba0e00000,0x0000008ba0f00000)]
  0x000001d8e902a000 JavaThread "jar transforms" [_thread_blocked, id=5048, stack(0x0000008ba0f00000,0x0000008ba1000000)]
  0x000001d8e9029000 JavaThread "jar transforms Thread 2" [_thread_blocked, id=7700, stack(0x0000008ba1000000,0x0000008ba1100000)]
  0x000001d8e902c800 JavaThread "jar transforms Thread 3" [_thread_blocked, id=4820, stack(0x0000008ba1100000,0x0000008ba1200000)]
  0x000001d8e9026800 JavaThread "jar transforms Thread 4" [_thread_blocked, id=2672, stack(0x0000008ba1200000,0x0000008ba1300000)]
  0x000001d8e902d000 JavaThread "Cache worker for dependencies-accessors (C:\Users\Lenovo\StudioProjects\vecinapp_2\android\.gradle\7.5\dependencies-accessors)" [_thread_blocked, id=5448, stack(0x0000008ba1300000,0x0000008ba1400000)]
  0x000001d8e9027800 JavaThread "Cache worker for Build Output Cleanup Cache (C:\Users\Lenovo\StudioProjects\vecinapp_2\android\.gradle\buildOutputCleanup)" [_thread_blocked, id=8032, stack(0x0000008ba1400000,0x0000008ba1500000)]
  0x000001d8e902e000 JavaThread "Unconstrained build operations" [_thread_blocked, id=5204, stack(0x0000008ba1500000,0x0000008ba1600000)]
  0x000001d8e9028800 JavaThread "Unconstrained build operations Thread 2" [_thread_blocked, id=4728, stack(0x0000008ba1600000,0x0000008ba1700000)]
  0x000001d8e9033800 JavaThread "Unconstrained build operations Thread 3" [_thread_blocked, id=3540, stack(0x0000008ba1700000,0x0000008ba1800000)]
  0x000001d8e9032000 JavaThread "Unconstrained build operations Thread 4" [_thread_blocked, id=8384, stack(0x0000008ba1800000,0x0000008ba1900000)]
  0x000001d8e902f000 JavaThread "Unconstrained build operations Thread 5" [_thread_blocked, id=7456, stack(0x0000008ba1900000,0x0000008ba1a00000)]
  0x000001d8e9034800 JavaThread "Unconstrained build operations Thread 6" [_thread_blocked, id=7156, stack(0x0000008ba1a00000,0x0000008ba1b00000)]
  0x000001d8e9035800 JavaThread "Unconstrained build operations Thread 7" [_thread_blocked, id=1220, stack(0x0000008ba1b00000,0x0000008ba1c00000)]
  0x000001d8e902f800 JavaThread "Unconstrained build operations Thread 8" [_thread_blocked, id=2476, stack(0x0000008ba1c00000,0x0000008ba1d00000)]
  0x000001d8e9030800 JavaThread "Unconstrained build operations Thread 9" [_thread_blocked, id=852, stack(0x0000008ba1d00000,0x0000008ba1e00000)]
  0x000001d8e9031800 JavaThread "Unconstrained build operations Thread 10" [_thread_blocked, id=7760, stack(0x0000008ba1e00000,0x0000008ba1f00000)]
  0x000001d8e9033000 JavaThread "Unconstrained build operations Thread 11" [_thread_blocked, id=10088, stack(0x0000008ba1f00000,0x0000008ba2000000)]
  0x000001d8eaa0a000 JavaThread "Unconstrained build operations Thread 12" [_thread_blocked, id=5040, stack(0x0000008ba2000000,0x0000008ba2100000)]
  0x000001d8eaa0b000 JavaThread "Unconstrained build operations Thread 13" [_thread_blocked, id=3748, stack(0x0000008ba2100000,0x0000008ba2200000)]
  0x000001d8eaa0c800 JavaThread "Unconstrained build operations Thread 14" [_thread_blocked, id=2148, stack(0x0000008ba2200000,0x0000008ba2300000)]
  0x000001d8eaa0f000 JavaThread "Unconstrained build operations Thread 15" [_thread_blocked, id=1560, stack(0x0000008ba2300000,0x0000008ba2400000)]
  0x000001d8eaa0d800 JavaThread "Unconstrained build operations Thread 16" [_thread_blocked, id=4076, stack(0x0000008ba2400000,0x0000008ba2500000)]
  0x000001d8eaa0e000 JavaThread "Unconstrained build operations Thread 17" [_thread_blocked, id=652, stack(0x0000008ba2500000,0x0000008ba2600000)]
  0x000001d8eaa0b800 JavaThread "Unconstrained build operations Thread 18" [_thread_blocked, id=9792, stack(0x0000008ba2600000,0x0000008ba2700000)]
  0x000001d8eaa09000 JavaThread "Unconstrained build operations Thread 19" [_thread_blocked, id=1688, stack(0x0000008ba2700000,0x0000008ba2800000)]
  0x000001d8eaa13000 JavaThread "Unconstrained build operations Thread 20" [_thread_blocked, id=1260, stack(0x0000008ba2800000,0x0000008ba2900000)]
  0x000001d8eaa10800 JavaThread "Unconstrained build operations Thread 21" [_thread_blocked, id=10064, stack(0x0000008ba2900000,0x0000008ba2a00000)]
  0x000001d8eaa14000 JavaThread "Unconstrained build operations Thread 22" [_thread_blocked, id=7152, stack(0x0000008ba2a00000,0x0000008ba2b00000)]
  0x000001d8eaa10000 JavaThread "Unconstrained build operations Thread 23" [_thread_blocked, id=1904, stack(0x0000008ba2b00000,0x0000008ba2c00000)]
  0x000001d8eaa14800 JavaThread "Unconstrained build operations Thread 24" [_thread_blocked, id=1632, stack(0x0000008ba2c00000,0x0000008ba2d00000)]
  0x000001d8eaa15800 JavaThread "Unconstrained build operations Thread 25" [_thread_blocked, id=5368, stack(0x0000008ba2d00000,0x0000008ba2e00000)]
  0x000001d8eaa16800 JavaThread "Unconstrained build operations Thread 26" [_thread_blocked, id=2012, stack(0x0000008ba2e00000,0x0000008ba2f00000)]
  0x000001d8eaa17000 JavaThread "Unconstrained build operations Thread 27" [_thread_blocked, id=1452, stack(0x0000008ba2f00000,0x0000008ba3000000)]
  0x000001d8eaa11800 JavaThread "Unconstrained build operations Thread 28" [_thread_blocked, id=5908, stack(0x0000008ba3000000,0x0000008ba3100000)]
  0x000001d8eaa18000 JavaThread "Unconstrained build operations Thread 29" [_thread_blocked, id=2296, stack(0x0000008ba3100000,0x0000008ba3200000)]
  0x000001d8eaa12000 JavaThread "Unconstrained build operations Thread 30" [_thread_blocked, id=2000, stack(0x0000008ba3200000,0x0000008ba3300000)]
  0x000001d8e8ecb800 JavaThread "Unconstrained build operations Thread 31" [_thread_blocked, id=7552, stack(0x0000008ba3300000,0x0000008ba3400000)]
  0x000001d8e8ec9000 JavaThread "Unconstrained build operations Thread 32" [_thread_blocked, id=2648, stack(0x0000008ba3400000,0x0000008ba3500000)]
  0x000001d8e8ec8000 JavaThread "Unconstrained build operations Thread 33" [_thread_blocked, id=6920, stack(0x0000008ba3500000,0x0000008ba3600000)]
  0x000001d8e8ecc000 JavaThread "Unconstrained build operations Thread 34" [_thread_blocked, id=2740, stack(0x0000008ba3600000,0x0000008ba3700000)]
  0x000001d8e8ece800 JavaThread "Unconstrained build operations Thread 35" [_thread_blocked, id=7096, stack(0x0000008ba3700000,0x0000008ba3800000)]
  0x000001d8e8ecf800 JavaThread "Unconstrained build operations Thread 36" [_thread_blocked, id=1356, stack(0x0000008ba3800000,0x0000008ba3900000)]
  0x000001d8e8ec9800 JavaThread "Unconstrained build operations Thread 37" [_thread_blocked, id=10012, stack(0x0000008ba3900000,0x0000008ba3a00000)]
  0x000001d8e8ecd000 JavaThread "Unconstrained build operations Thread 38" [_thread_blocked, id=7852, stack(0x0000008ba3a00000,0x0000008ba3b00000)]
  0x000001d8e8ece000 JavaThread "Unconstrained build operations Thread 39" [_thread_blocked, id=6928, stack(0x0000008ba3b00000,0x0000008ba3c00000)]
  0x000001d8e8ed0000 JavaThread "Unconstrained build operations Thread 40" [_thread_blocked, id=6304, stack(0x0000008ba3c00000,0x0000008ba3d00000)]
  0x000001d8e8eca800 JavaThread "Memory manager" [_thread_blocked, id=8704, stack(0x0000008ba3d00000,0x0000008ba3e00000)]
  0x000001d8e8ed1000 JavaThread "Cache worker for kotlin-dsl (C:\Users\Lenovo\.gradle\caches\7.5\kotlin-dsl)" [_thread_blocked, id=2704, stack(0x0000008ba3e00000,0x0000008ba3f00000)]
  0x000001d8e8ed2800 JavaThread "included builds" [_thread_blocked, id=10228, stack(0x0000008ba4100000,0x0000008ba4200000)]
  0x000001d8e8ed4800 JavaThread "Execution worker" [_thread_blocked, id=9856, stack(0x0000008ba4200000,0x0000008ba4300000)]
  0x000001d8e8ed2000 JavaThread "Execution worker Thread 2" [_thread_blocked, id=9904, stack(0x0000008ba4300000,0x0000008ba4400000)]
  0x000001d8e8ed3800 JavaThread "Execution worker Thread 3" [_thread_blocked, id=9892, stack(0x0000008ba4400000,0x0000008ba4500000)]
  0x000001d8e8ed5000 JavaThread "Cache worker for execution history cache (C:\Users\Lenovo\StudioProjects\vecinapp_2\android\.gradle\7.5\executionHistory)" [_thread_blocked, id=3472, stack(0x0000008ba4500000,0x0000008ba4600000)]
  0x000001d8e8ed6000 JavaThread "Exec process" [_thread_in_native, id=1040, stack(0x0000008ba4600000,0x0000008ba4700000)]
  0x000001d8e8ed7000 JavaThread "Exec process Thread 2" [_thread_in_native, id=1404, stack(0x0000008ba4700000,0x0000008ba4800000)]
  0x000001d8ea951000 JavaThread "Exec process Thread 3" [_thread_in_native, id=9664, stack(0x0000008ba4800000,0x0000008ba4900000)]

Other Threads:
  0x000001d8e7436800 VMThread "VM Thread" [stack: 0x0000008b9ec00000,0x0000008b9ed00000] [id=10188]
  0x000001d8e7f7e000 WatcherThread [stack: 0x0000008b9f600000,0x0000008b9f700000] [id=10044]
  0x000001d8ceb8e800 GCTaskThread "GC Thread#0" [stack: 0x0000008b9e700000,0x0000008b9e800000] [id=4304]
  0x000001d8e8007800 GCTaskThread "GC Thread#1" [stack: 0x0000008b9f700000,0x0000008b9f800000] [id=2424]
  0x000001d8e9829800 GCTaskThread "GC Thread#2" [stack: 0x0000008b9fd00000,0x0000008b9fe00000] [id=3756]
  0x000001d8e982a000 GCTaskThread "GC Thread#3" [stack: 0x0000008b9fe00000,0x0000008b9ff00000] [id=4792]
  0x000001d8cebb5800 ConcurrentGCThread "G1 Main Marker" [stack: 0x0000008b9e800000,0x0000008b9e900000] [id=1156]
  0x000001d8cebb6800 ConcurrentGCThread "G1 Conc#0" [stack: 0x0000008b9e900000,0x0000008b9ea00000] [id=6704]
  0x000001d8cec12800 ConcurrentGCThread "G1 Refine#0" [stack: 0x0000008b9ea00000,0x0000008b9eb00000] [id=7720]
  0x000001d8cec13800 ConcurrentGCThread "G1 Young RemSet Sampling" [stack: 0x0000008b9eb00000,0x0000008b9ec00000] [id=1296]

Threads with active compile tasks:
C2 CompilerThread0    57686 9584 %     4       org.gradle.internal.logging.text.AbstractLineChoppingStyledTextOutput::doAppend @ 10 (43 bytes)

VM state:not at safepoint (normal execution)

VM Mutex/Monitor currently owned by a thread: None

Heap address: 0x00000000a0000000, size: 1536 MB, Compressed Oops mode: 32-bit
Narrow klass base: 0x0000000000000000, Narrow klass shift: 3
Compressed class space size: 1073741824 Address: 0x0000000100000000

Heap:
 garbage-first heap   total 165888K, used 110924K [0x00000000a0000000, 0x0000000100000000)
  region size 1024K, 36 young (36864K), 7 survivors (7168K)
 Metaspace       used 88492K, capacity 90939K, committed 91088K, reserved 1128448K
  class space    used 11603K, capacity 12549K, committed 12576K, reserved 1048576K
Heap Regions: E=young(eden), S=young(survivor), O=old, HS=humongous(starts), HC=humongous(continues), CS=collection set, F=free, A=archive, TAMS=top-at-mark-start (previous, next)
|   0|0x00000000a0000000, 0x00000000a0100000, 0x00000000a0100000|100%|HS|  |TAMS 0x00000000a0100000, 0x00000000a0000000| Complete 
|   1|0x00000000a0100000, 0x00000000a0200000, 0x00000000a0200000|100%|HC|  |TAMS 0x00000000a0200000, 0x00000000a0100000| Complete 
|   2|0x00000000a0200000, 0x00000000a0300000, 0x00000000a0300000|100%|HC|  |TAMS 0x00000000a0300000, 0x00000000a0200000| Complete 
|   3|0x00000000a0300000, 0x00000000a0400000, 0x00000000a0400000|100%| O|  |TAMS 0x00000000a0400000, 0x00000000a0300000| Untracked 
|   4|0x00000000a0400000, 0x00000000a0500000, 0x00000000a0500000|100%| O|  |TAMS 0x00000000a0500000, 0x00000000a0400000| Untracked 
|   5|0x00000000a0500000, 0x00000000a0600000, 0x00000000a0600000|100%| O|  |TAMS 0x00000000a0600000, 0x00000000a0500000| Untracked 
|   6|0x00000000a0600000, 0x00000000a0700000, 0x00000000a0700000|100%| O|  |TAMS 0x00000000a0700000, 0x00000000a0600000| Untracked 
|   7|0x00000000a0700000, 0x00000000a0800000, 0x00000000a0800000|100%| O|  |TAMS 0x00000000a0800000, 0x00000000a0700000| Untracked 
|   8|0x00000000a0800000, 0x00000000a0900000, 0x00000000a0900000|100%| O|  |TAMS 0x00000000a0900000, 0x00000000a0800000| Untracked 
|   9|0x00000000a0900000, 0x00000000a0a00000, 0x00000000a0a00000|100%| O|  |TAMS 0x00000000a0a00000, 0x00000000a0900000| Untracked 
|  10|0x00000000a0a00000, 0x00000000a0b00000, 0x00000000a0b00000|100%| O|  |TAMS 0x00000000a0b00000, 0x00000000a0a00000| Untracked 
|  11|0x00000000a0b00000, 0x00000000a0c00000, 0x00000000a0c00000|100%| O|  |TAMS 0x00000000a0c00000, 0x00000000a0b00000| Untracked 
|  12|0x00000000a0c00000, 0x00000000a0d00000, 0x00000000a0d00000|100%| O|  |TAMS 0x00000000a0d00000, 0x00000000a0c00000| Untracked 
|  13|0x00000000a0d00000, 0x00000000a0e00000, 0x00000000a0e00000|100%| O|  |TAMS 0x00000000a0e00000, 0x00000000a0d00000| Untracked 
|  14|0x00000000a0e00000, 0x00000000a0f00000, 0x00000000a0f00000|100%| O|  |TAMS 0x00000000a0f00000, 0x00000000a0e00000| Untracked 
|  15|0x00000000a0f00000, 0x00000000a1000000, 0x00000000a1000000|100%| O|  |TAMS 0x00000000a1000000, 0x00000000a0f00000| Untracked 
|  16|0x00000000a1000000, 0x00000000a1100000, 0x00000000a1100000|100%| O|  |TAMS 0x00000000a1100000, 0x00000000a1000000| Untracked 
|  17|0x00000000a1100000, 0x00000000a1200000, 0x00000000a1200000|100%| O|  |TAMS 0x00000000a1200000, 0x00000000a1100000| Untracked 
|  18|0x00000000a1200000, 0x00000000a1300000, 0x00000000a1300000|100%| O|  |TAMS 0x00000000a1300000, 0x00000000a1200000| Untracked 
|  19|0x00000000a1300000, 0x00000000a1400000, 0x00000000a1400000|100%| O|  |TAMS 0x00000000a1400000, 0x00000000a1300000| Untracked 
|  20|0x00000000a1400000, 0x00000000a1500000, 0x00000000a1500000|100%| O|  |TAMS 0x00000000a1500000, 0x00000000a1400000| Untracked 
|  21|0x00000000a1500000, 0x00000000a1600000, 0x00000000a1600000|100%| O|  |TAMS 0x00000000a1600000, 0x00000000a1500000| Untracked 
|  22|0x00000000a1600000, 0x00000000a1700000, 0x00000000a1700000|100%| O|  |TAMS 0x00000000a1700000, 0x00000000a1600000| Untracked 
|  23|0x00000000a1700000, 0x00000000a1800000, 0x00000000a1800000|100%| O|  |TAMS 0x00000000a1800000, 0x00000000a1700000| Untracked 
|  24|0x00000000a1800000, 0x00000000a1900000, 0x00000000a1900000|100%| O|  |TAMS 0x00000000a1900000, 0x00000000a1800000| Untracked 
|  25|0x00000000a1900000, 0x00000000a1a00000, 0x00000000a1a00000|100%| O|  |TAMS 0x00000000a1a00000, 0x00000000a1900000| Untracked 
|  26|0x00000000a1a00000, 0x00000000a1b00000, 0x00000000a1b00000|100%| O|  |TAMS 0x00000000a1b00000, 0x00000000a1a00000| Untracked 
|  27|0x00000000a1b00000, 0x00000000a1c00000, 0x00000000a1c00000|100%| O|  |TAMS 0x00000000a1c00000, 0x00000000a1b00000| Untracked 
|  28|0x00000000a1c00000, 0x00000000a1d00000, 0x00000000a1d00000|100%| O|  |TAMS 0x00000000a1d00000, 0x00000000a1c00000| Untracked 
|  29|0x00000000a1d00000, 0x00000000a1e00000, 0x00000000a1e00000|100%| O|  |TAMS 0x00000000a1e00000, 0x00000000a1d00000| Untracked 
|  30|0x00000000a1e00000, 0x00000000a1f00000, 0x00000000a1f00000|100%|HS|  |TAMS 0x00000000a1f00000, 0x00000000a1e00000| Complete 
|  31|0x00000000a1f00000, 0x00000000a2000000, 0x00000000a2000000|100%|HS|  |TAMS 0x00000000a2000000, 0x00000000a1f00000| Complete 
|  32|0x00000000a2000000, 0x00000000a2100000, 0x00000000a2100000|100%| O|  |TAMS 0x00000000a2100000, 0x00000000a2000000| Untracked 
|  33|0x00000000a2100000, 0x00000000a2200000, 0x00000000a2200000|100%|HS|  |TAMS 0x00000000a2200000, 0x00000000a2100000| Complete 
|  34|0x00000000a2200000, 0x00000000a2300000, 0x00000000a2300000|100%| O|  |TAMS 0x00000000a2300000, 0x00000000a2200000| Untracked 
|  35|0x00000000a2300000, 0x00000000a2400000, 0x00000000a2400000|100%|HS|  |TAMS 0x00000000a2400000, 0x00000000a2300000| Complete 
|  36|0x00000000a2400000, 0x00000000a2500000, 0x00000000a2500000|100%|HC|  |TAMS 0x00000000a2500000, 0x00000000a2400000| Complete 
|  37|0x00000000a2500000, 0x00000000a2600000, 0x00000000a2600000|100%|HC|  |TAMS 0x00000000a2600000, 0x00000000a2500000| Complete 
|  38|0x00000000a2600000, 0x00000000a2700000, 0x00000000a2700000|100%| O|  |TAMS 0x00000000a2700000, 0x00000000a2600000| Untracked 
|  39|0x00000000a2700000, 0x00000000a2800000, 0x00000000a2800000|100%| O|  |TAMS 0x00000000a2800000, 0x00000000a2700000| Untracked 
|  40|0x00000000a2800000, 0x00000000a2900000, 0x00000000a2900000|100%| O|  |TAMS 0x00000000a2900000, 0x00000000a2800000| Untracked 
|  41|0x00000000a2900000, 0x00000000a2a00000, 0x00000000a2a00000|100%| O|  |TAMS 0x00000000a2a00000, 0x00000000a2900000| Untracked 
|  42|0x00000000a2a00000, 0x00000000a2b00000, 0x00000000a2b00000|100%| O|  |TAMS 0x00000000a2b00000, 0x00000000a2a00000| Untracked 
|  43|0x00000000a2b00000, 0x00000000a2c00000, 0x00000000a2c00000|100%|HS|  |TAMS 0x00000000a2c00000, 0x00000000a2b00000| Complete 
|  44|0x00000000a2c00000, 0x00000000a2d00000, 0x00000000a2d00000|100%|HC|  |TAMS 0x00000000a2d00000, 0x00000000a2c00000| Complete 
|  45|0x00000000a2d00000, 0x00000000a2e00000, 0x00000000a2e00000|100%| O|  |TAMS 0x00000000a2e00000, 0x00000000a2d00000| Untracked 
|  46|0x00000000a2e00000, 0x00000000a2f00000, 0x00000000a2f00000|100%| O|  |TAMS 0x00000000a2f00000, 0x00000000a2e00000| Untracked 
|  47|0x00000000a2f00000, 0x00000000a3000000, 0x00000000a3000000|100%| O|  |TAMS 0x00000000a3000000, 0x00000000a2f00000| Untracked 
|  48|0x00000000a3000000, 0x00000000a3100000, 0x00000000a3100000|100%| O|  |TAMS 0x00000000a3100000, 0x00000000a3000000| Untracked 
|  49|0x00000000a3100000, 0x00000000a3200000, 0x00000000a3200000|100%| O|  |TAMS 0x00000000a3200000, 0x00000000a3100000| Untracked 
|  50|0x00000000a3200000, 0x00000000a3300000, 0x00000000a3300000|100%| O|  |TAMS 0x00000000a3300000, 0x00000000a3200000| Untracked 
|  51|0x00000000a3300000, 0x00000000a3400000, 0x00000000a3400000|100%| O|  |TAMS 0x00000000a3400000, 0x00000000a3300000| Untracked 
|  52|0x00000000a3400000, 0x00000000a3500000, 0x00000000a3500000|100%| O|  |TAMS 0x00000000a3500000, 0x00000000a3400000| Untracked 
|  53|0x00000000a3500000, 0x00000000a3600000, 0x00000000a3600000|100%| O|  |TAMS 0x00000000a3600000, 0x00000000a3500000| Untracked 
|  54|0x00000000a3600000, 0x00000000a3700000, 0x00000000a3700000|100%| O|  |TAMS 0x00000000a3700000, 0x00000000a3600000| Untracked 
|  55|0x00000000a3700000, 0x00000000a3800000, 0x00000000a3800000|100%| O|  |TAMS 0x00000000a3800000, 0x00000000a3700000| Untracked 
|  56|0x00000000a3800000, 0x00000000a3900000, 0x00000000a3900000|100%| O|  |TAMS 0x00000000a3900000, 0x00000000a3800000| Untracked 
|  57|0x00000000a3900000, 0x00000000a3a00000, 0x00000000a3a00000|100%| O|  |TAMS 0x00000000a3a00000, 0x00000000a3900000| Untracked 
|  58|0x00000000a3a00000, 0x00000000a3b00000, 0x00000000a3b00000|100%| O|  |TAMS 0x00000000a3b00000, 0x00000000a3a00000| Untracked 
|  59|0x00000000a3b00000, 0x00000000a3c00000, 0x00000000a3c00000|100%| O|  |TAMS 0x00000000a3c00000, 0x00000000a3b00000| Untracked 
|  60|0x00000000a3c00000, 0x00000000a3d00000, 0x00000000a3d00000|100%| O|  |TAMS 0x00000000a3d00000, 0x00000000a3c00000| Untracked 
|  61|0x00000000a3d00000, 0x00000000a3e00000, 0x00000000a3e00000|100%| O|  |TAMS 0x00000000a3e00000, 0x00000000a3d00000| Untracked 
|  62|0x00000000a3e00000, 0x00000000a3f00000, 0x00000000a3f00000|100%| O|  |TAMS 0x00000000a3f00000, 0x00000000a3e00000| Untracked 
|  63|0x00000000a3f00000, 0x00000000a4000000, 0x00000000a4000000|100%| O|  |TAMS 0x00000000a4000000, 0x00000000a3f00000| Untracked 
|  64|0x00000000a4000000, 0x00000000a4100000, 0x00000000a4100000|100%| O|  |TAMS 0x00000000a4100000, 0x00000000a4000000| Untracked 
|  65|0x00000000a4100000, 0x00000000a4200000, 0x00000000a4200000|100%| O|  |TAMS 0x00000000a4100000, 0x00000000a4100000| Untracked 
|  66|0x00000000a4200000, 0x00000000a4300000, 0x00000000a4300000|100%| O|  |TAMS 0x00000000a4200000, 0x00000000a4200000| Untracked 
|  67|0x00000000a4300000, 0x00000000a4400000, 0x00000000a4400000|100%| O|  |TAMS 0x00000000a4300000, 0x00000000a4300000| Untracked 
|  68|0x00000000a4400000, 0x00000000a4500000, 0x00000000a4500000|100%| O|  |TAMS 0x00000000a4400000, 0x00000000a4400000| Untracked 
|  69|0x00000000a4500000, 0x00000000a4600000, 0x00000000a4600000|100%| O|  |TAMS 0x00000000a4500000, 0x00000000a4500000| Untracked 
|  70|0x00000000a4600000, 0x00000000a4700000, 0x00000000a4700000|100%| O|  |TAMS 0x00000000a4600000, 0x00000000a4600000| Untracked 
|  71|0x00000000a4700000, 0x00000000a4800000, 0x00000000a4800000|100%| O|  |TAMS 0x00000000a4700000, 0x00000000a4700000| Untracked 
|  72|0x00000000a4800000, 0x00000000a4900000, 0x00000000a4900000|100%| O|  |TAMS 0x00000000a4800000, 0x00000000a4800000| Untracked 
|  73|0x00000000a4900000, 0x00000000a4975800, 0x00000000a4a00000| 45%| O|  |TAMS 0x00000000a4900000, 0x00000000a4900000| Untracked 
|  74|0x00000000a4a00000, 0x00000000a4a00000, 0x00000000a4b00000|  0%| F|  |TAMS 0x00000000a4a00000, 0x00000000a4a00000| Untracked 
|  75|0x00000000a4b00000, 0x00000000a4b00000, 0x00000000a4c00000|  0%| F|  |TAMS 0x00000000a4b00000, 0x00000000a4b00000| Untracked 
|  76|0x00000000a4c00000, 0x00000000a4c00000, 0x00000000a4d00000|  0%| F|  |TAMS 0x00000000a4c00000, 0x00000000a4c00000| Untracked 
|  77|0x00000000a4d00000, 0x00000000a4d00000, 0x00000000a4e00000|  0%| F|  |TAMS 0x00000000a4d00000, 0x00000000a4d00000| Untracked 
|  78|0x00000000a4e00000, 0x00000000a4e00000, 0x00000000a4f00000|  0%| F|  |TAMS 0x00000000a4e00000, 0x00000000a4e00000| Untracked 
|  79|0x00000000a4f00000, 0x00000000a4f00000, 0x00000000a5000000|  0%| F|  |TAMS 0x00000000a4f00000, 0x00000000a4f00000| Untracked 
|  80|0x00000000a5000000, 0x00000000a5000000, 0x00000000a5100000|  0%| F|  |TAMS 0x00000000a5000000, 0x00000000a5000000| Untracked 
|  81|0x00000000a5100000, 0x00000000a5100000, 0x00000000a5200000|  0%| F|  |TAMS 0x00000000a5100000, 0x00000000a5100000| Untracked 
|  82|0x00000000a5200000, 0x00000000a5200000, 0x00000000a5300000|  0%| F|  |TAMS 0x00000000a5200000, 0x00000000a5200000| Untracked 
|  83|0x00000000a5300000, 0x00000000a5300000, 0x00000000a5400000|  0%| F|  |TAMS 0x00000000a5300000, 0x00000000a5300000| Untracked 
|  84|0x00000000a5400000, 0x00000000a5400000, 0x00000000a5500000|  0%| F|  |TAMS 0x00000000a5400000, 0x00000000a5400000| Untracked 
|  85|0x00000000a5500000, 0x00000000a5500000, 0x00000000a5600000|  0%| F|  |TAMS 0x00000000a5500000, 0x00000000a5500000| Untracked 
|  86|0x00000000a5600000, 0x00000000a5600000, 0x00000000a5700000|  0%| F|  |TAMS 0x00000000a5600000, 0x00000000a5600000| Untracked 
|  87|0x00000000a5700000, 0x00000000a5700000, 0x00000000a5800000|  0%| F|  |TAMS 0x00000000a5700000, 0x00000000a5700000| Untracked 
|  88|0x00000000a5800000, 0x00000000a5800000, 0x00000000a5900000|  0%| F|  |TAMS 0x00000000a5800000, 0x00000000a5800000| Untracked 
|  89|0x00000000a5900000, 0x00000000a5900000, 0x00000000a5a00000|  0%| F|  |TAMS 0x00000000a5900000, 0x00000000a5900000| Untracked 
|  90|0x00000000a5a00000, 0x00000000a5a00000, 0x00000000a5b00000|  0%| F|  |TAMS 0x00000000a5a00000, 0x00000000a5a00000| Untracked 
|  91|0x00000000a5b00000, 0x00000000a5b00000, 0x00000000a5c00000|  0%| F|  |TAMS 0x00000000a5b00000, 0x00000000a5b00000| Untracked 
|  92|0x00000000a5c00000, 0x00000000a5c00000, 0x00000000a5d00000|  0%| F|  |TAMS 0x00000000a5c00000, 0x00000000a5c00000| Untracked 
|  93|0x00000000a5d00000, 0x00000000a5d00000, 0x00000000a5e00000|  0%| F|  |TAMS 0x00000000a5d00000, 0x00000000a5d00000| Untracked 
|  94|0x00000000a5e00000, 0x00000000a5e00000, 0x00000000a5f00000|  0%| F|  |TAMS 0x00000000a5e00000, 0x00000000a5e00000| Untracked 
|  95|0x00000000a5f00000, 0x00000000a5f00000, 0x00000000a6000000|  0%| F|  |TAMS 0x00000000a5f00000, 0x00000000a5f00000| Untracked 
|  96|0x00000000a6000000, 0x00000000a6000000, 0x00000000a6100000|  0%| F|  |TAMS 0x00000000a6000000, 0x00000000a6000000| Untracked 
|  97|0x00000000a6100000, 0x00000000a6100000, 0x00000000a6200000|  0%| F|  |TAMS 0x00000000a6100000, 0x00000000a6100000| Untracked 
|  98|0x00000000a6200000, 0x00000000a6200000, 0x00000000a6300000|  0%| F|  |TAMS 0x00000000a6200000, 0x00000000a6200000| Untracked 
|  99|0x00000000a6300000, 0x00000000a6300000, 0x00000000a6400000|  0%| F|  |TAMS 0x00000000a6300000, 0x00000000a6300000| Untracked 
| 100|0x00000000a6400000, 0x00000000a64dd8b0, 0x00000000a6500000| 86%| S|CS|TAMS 0x00000000a6400000, 0x00000000a6400000| Complete 
| 101|0x00000000a6500000, 0x00000000a6600000, 0x00000000a6600000|100%| S|CS|TAMS 0x00000000a6500000, 0x00000000a6500000| Complete 
| 102|0x00000000a6600000, 0x00000000a6700000, 0x00000000a6700000|100%| S|CS|TAMS 0x00000000a6600000, 0x00000000a6600000| Complete 
| 103|0x00000000a6700000, 0x00000000a6800000, 0x00000000a6800000|100%| S|CS|TAMS 0x00000000a6700000, 0x00000000a6700000| Complete 
| 104|0x00000000a6800000, 0x00000000a6900000, 0x00000000a6900000|100%| S|CS|TAMS 0x00000000a6800000, 0x00000000a6800000| Complete 
| 105|0x00000000a6900000, 0x00000000a6a00000, 0x00000000a6a00000|100%| S|CS|TAMS 0x00000000a6900000, 0x00000000a6900000| Complete 
| 106|0x00000000a6a00000, 0x00000000a6b00000, 0x00000000a6b00000|100%| S|CS|TAMS 0x00000000a6a00000, 0x00000000a6a00000| Complete 
| 107|0x00000000a6b00000, 0x00000000a6b00000, 0x00000000a6c00000|  0%| F|  |TAMS 0x00000000a6b00000, 0x00000000a6b00000| Untracked 
| 108|0x00000000a6c00000, 0x00000000a6c00000, 0x00000000a6d00000|  0%| F|  |TAMS 0x00000000a6c00000, 0x00000000a6c00000| Untracked 
| 109|0x00000000a6d00000, 0x00000000a6d00000, 0x00000000a6e00000|  0%| F|  |TAMS 0x00000000a6d00000, 0x00000000a6d00000| Untracked 
| 110|0x00000000a6e00000, 0x00000000a6e00000, 0x00000000a6f00000|  0%| F|  |TAMS 0x00000000a6e00000, 0x00000000a6e00000| Untracked 
| 111|0x00000000a6f00000, 0x00000000a6f00000, 0x00000000a7000000|  0%| F|  |TAMS 0x00000000a6f00000, 0x00000000a6f00000| Untracked 
| 112|0x00000000a7000000, 0x00000000a7000000, 0x00000000a7100000|  0%| F|  |TAMS 0x00000000a7000000, 0x00000000a7000000| Untracked 
| 113|0x00000000a7100000, 0x00000000a7100000, 0x00000000a7200000|  0%| F|  |TAMS 0x00000000a7100000, 0x00000000a7100000| Untracked 
| 114|0x00000000a7200000, 0x00000000a7200000, 0x00000000a7300000|  0%| F|  |TAMS 0x00000000a7200000, 0x00000000a7200000| Untracked 
| 115|0x00000000a7300000, 0x00000000a7300000, 0x00000000a7400000|  0%| F|  |TAMS 0x00000000a7300000, 0x00000000a7300000| Untracked 
| 116|0x00000000a7400000, 0x00000000a7400000, 0x00000000a7500000|  0%| F|  |TAMS 0x00000000a7400000, 0x00000000a7400000| Untracked 
| 117|0x00000000a7500000, 0x00000000a7500000, 0x00000000a7600000|  0%| F|  |TAMS 0x00000000a7500000, 0x00000000a7500000| Untracked 
| 118|0x00000000a7600000, 0x00000000a7600000, 0x00000000a7700000|  0%| F|  |TAMS 0x00000000a7600000, 0x00000000a7600000| Untracked 
| 119|0x00000000a7700000, 0x00000000a7700000, 0x00000000a7800000|  0%| F|  |TAMS 0x00000000a7700000, 0x00000000a7700000| Untracked 
| 120|0x00000000a7800000, 0x00000000a7800000, 0x00000000a7900000|  0%| F|  |TAMS 0x00000000a7800000, 0x00000000a7800000| Untracked 
| 121|0x00000000a7900000, 0x00000000a7900000, 0x00000000a7a00000|  0%| F|  |TAMS 0x00000000a7900000, 0x00000000a7900000| Untracked 
| 122|0x00000000a7a00000, 0x00000000a7a00000, 0x00000000a7b00000|  0%| F|  |TAMS 0x00000000a7a00000, 0x00000000a7a00000| Untracked 
| 123|0x00000000a7b00000, 0x00000000a7b00000, 0x00000000a7c00000|  0%| F|  |TAMS 0x00000000a7b00000, 0x00000000a7b00000| Untracked 
| 124|0x00000000a7c00000, 0x00000000a7c00000, 0x00000000a7d00000|  0%| F|  |TAMS 0x00000000a7c00000, 0x00000000a7c00000| Untracked 
| 125|0x00000000a7d00000, 0x00000000a7d00000, 0x00000000a7e00000|  0%| F|  |TAMS 0x00000000a7d00000, 0x00000000a7d00000| Untracked 
| 126|0x00000000a7e00000, 0x00000000a7e00000, 0x00000000a7f00000|  0%| F|  |TAMS 0x00000000a7e00000, 0x00000000a7e00000| Untracked 
| 127|0x00000000a7f00000, 0x00000000a7f00000, 0x00000000a8000000|  0%| F|  |TAMS 0x00000000a7f00000, 0x00000000a7f00000| Untracked 
| 128|0x00000000a8000000, 0x00000000a8000000, 0x00000000a8100000|  0%| F|  |TAMS 0x00000000a8000000, 0x00000000a8000000| Untracked 
| 129|0x00000000a8100000, 0x00000000a8100000, 0x00000000a8200000|  0%| F|  |TAMS 0x00000000a8100000, 0x00000000a8100000| Untracked 
| 130|0x00000000a8200000, 0x00000000a8200000, 0x00000000a8300000|  0%| F|  |TAMS 0x00000000a8200000, 0x00000000a8200000| Untracked 
| 131|0x00000000a8300000, 0x00000000a8300000, 0x00000000a8400000|  0%| F|  |TAMS 0x00000000a8300000, 0x00000000a8300000| Untracked 
| 132|0x00000000a8400000, 0x00000000a8400000, 0x00000000a8500000|  0%| F|  |TAMS 0x00000000a8400000, 0x00000000a8400000| Untracked 
| 133|0x00000000a8500000, 0x00000000a85a54d0, 0x00000000a8600000| 64%| E|  |TAMS 0x00000000a8500000, 0x00000000a8500000| Complete 
| 134|0x00000000a8600000, 0x00000000a8700000, 0x00000000a8700000|100%| E|CS|TAMS 0x00000000a8600000, 0x00000000a8600000| Complete 
| 135|0x00000000a8700000, 0x00000000a8800000, 0x00000000a8800000|100%| E|CS|TAMS 0x00000000a8700000, 0x00000000a8700000| Complete 
| 136|0x00000000a8800000, 0x00000000a8900000, 0x00000000a8900000|100%| E|CS|TAMS 0x00000000a8800000, 0x00000000a8800000| Complete 
| 137|0x00000000a8900000, 0x00000000a8a00000, 0x00000000a8a00000|100%| E|CS|TAMS 0x00000000a8900000, 0x00000000a8900000| Complete 
| 138|0x00000000a8a00000, 0x00000000a8b00000, 0x00000000a8b00000|100%| E|CS|TAMS 0x00000000a8a00000, 0x00000000a8a00000| Complete 
| 139|0x00000000a8b00000, 0x00000000a8c00000, 0x00000000a8c00000|100%| E|CS|TAMS 0x00000000a8b00000, 0x00000000a8b00000| Complete 
| 140|0x00000000a8c00000, 0x00000000a8d00000, 0x00000000a8d00000|100%| E|CS|TAMS 0x00000000a8c00000, 0x00000000a8c00000| Complete 
| 141|0x00000000a8d00000, 0x00000000a8e00000, 0x00000000a8e00000|100%| E|CS|TAMS 0x00000000a8d00000, 0x00000000a8d00000| Complete 
| 142|0x00000000a8e00000, 0x00000000a8f00000, 0x00000000a8f00000|100%| E|CS|TAMS 0x00000000a8e00000, 0x00000000a8e00000| Complete 
| 143|0x00000000a8f00000, 0x00000000a9000000, 0x00000000a9000000|100%| E|CS|TAMS 0x00000000a8f00000, 0x00000000a8f00000| Complete 
| 144|0x00000000a9000000, 0x00000000a9100000, 0x00000000a9100000|100%| E|CS|TAMS 0x00000000a9000000, 0x00000000a9000000| Complete 
| 145|0x00000000a9100000, 0x00000000a9200000, 0x00000000a9200000|100%| E|CS|TAMS 0x00000000a9100000, 0x00000000a9100000| Complete 
| 146|0x00000000a9200000, 0x00000000a9300000, 0x00000000a9300000|100%| E|CS|TAMS 0x00000000a9200000, 0x00000000a9200000| Complete 
| 147|0x00000000a9300000, 0x00000000a9400000, 0x00000000a9400000|100%| E|CS|TAMS 0x00000000a9300000, 0x00000000a9300000| Complete 
| 148|0x00000000a9400000, 0x00000000a9500000, 0x00000000a9500000|100%| E|CS|TAMS 0x00000000a9400000, 0x00000000a9400000| Complete 
| 149|0x00000000a9500000, 0x00000000a9600000, 0x00000000a9600000|100%| E|CS|TAMS 0x00000000a9500000, 0x00000000a9500000| Complete 
| 150|0x00000000a9600000, 0x00000000a9700000, 0x00000000a9700000|100%| E|CS|TAMS 0x00000000a9600000, 0x00000000a9600000| Complete 
| 151|0x00000000a9700000, 0x00000000a9800000, 0x00000000a9800000|100%| E|CS|TAMS 0x00000000a9700000, 0x00000000a9700000| Complete 
| 152|0x00000000a9800000, 0x00000000a9900000, 0x00000000a9900000|100%| E|CS|TAMS 0x00000000a9800000, 0x00000000a9800000| Complete 
| 153|0x00000000a9900000, 0x00000000a9a00000, 0x00000000a9a00000|100%| E|CS|TAMS 0x00000000a9900000, 0x00000000a9900000| Complete 
| 154|0x00000000a9a00000, 0x00000000a9b00000, 0x00000000a9b00000|100%| E|CS|TAMS 0x00000000a9a00000, 0x00000000a9a00000| Complete 
| 155|0x00000000a9b00000, 0x00000000a9c00000, 0x00000000a9c00000|100%| E|CS|TAMS 0x00000000a9b00000, 0x00000000a9b00000| Complete 
| 156|0x00000000a9c00000, 0x00000000a9d00000, 0x00000000a9d00000|100%| E|CS|TAMS 0x00000000a9c00000, 0x00000000a9c00000| Complete 
| 157|0x00000000a9d00000, 0x00000000a9e00000, 0x00000000a9e00000|100%| E|CS|TAMS 0x00000000a9d00000, 0x00000000a9d00000| Complete 
| 158|0x00000000a9e00000, 0x00000000a9f00000, 0x00000000a9f00000|100%| E|CS|TAMS 0x00000000a9e00000, 0x00000000a9e00000| Complete 
| 159|0x00000000a9f00000, 0x00000000aa000000, 0x00000000aa000000|100%| E|CS|TAMS 0x00000000a9f00000, 0x00000000a9f00000| Complete 
| 160|0x00000000aa000000, 0x00000000aa100000, 0x00000000aa100000|100%| E|CS|TAMS 0x00000000aa000000, 0x00000000aa000000| Complete 
| 161|0x00000000aa100000, 0x00000000aa200000, 0x00000000aa200000|100%| E|CS|TAMS 0x00000000aa100000, 0x00000000aa100000| Complete 

Card table byte_map: [0x000001d8e19a0000,0x000001d8e1ca0000] _byte_map_base: 0x000001d8e14a0000

Marking Bits (Prev, Next): (CMBitMap*) 0x000001d8cebaed10, (CMBitMap*) 0x000001d8cebaecd8
 Prev Bits: [0x000001d8e37a0000, 0x000001d8e4fa0000)
 Next Bits: [0x000001d8e1fa0000, 0x000001d8e37a0000)

Polling page: 0x000001d8cc990000

Metaspace:

Usage:
  Non-class:     76.55 MB capacity,    75.09 MB ( 98%) used,     1.22 MB (  2%) free+waste,   250.31 KB ( <1%) overhead. 
      Class:     12.25 MB capacity,    11.33 MB ( 92%) used,   828.70 KB (  7%) free+waste,   116.88 KB ( <1%) overhead. 
       Both:     88.81 MB capacity,    86.42 MB ( 97%) used,     2.03 MB (  2%) free+waste,   367.19 KB ( <1%) overhead. 

Virtual space:
  Non-class space:       78.00 MB reserved,      76.67 MB ( 98%) committed 
      Class space:        1.00 GB reserved,      12.28 MB (  1%) committed 
             Both:        1.08 GB reserved,      88.95 MB (  8%) committed 

Chunk freelists:
   Non-Class:  0 bytes
       Class:  0 bytes
        Both:  0 bytes

MaxMetaspaceSize: 17179869184.00 GB
CompressedClassSpaceSize: 1.00 GB
Initial GC threshold: 20.80 MB
Current GC threshold: 129.09 MB
CDS: off

CodeHeap 'non-profiled nmethods': size=120064Kb used=5145Kb max_used=5145Kb free=114918Kb
 bounds [0x000001d8da160000, 0x000001d8da670000, 0x000001d8e16a0000]
CodeHeap 'profiled nmethods': size=120000Kb used=20099Kb max_used=20099Kb free=99900Kb
 bounds [0x000001d8d2c30000, 0x000001d8d3fe0000, 0x000001d8da160000]
CodeHeap 'non-nmethods': size=5696Kb used=2378Kb max_used=2423Kb free=3317Kb
 bounds [0x000001d8d26a0000, 0x000001d8d2910000, 0x000001d8d2c30000]
 total_blobs=10279 nmethods=9376 adapters=815
 compilation: enabled
              stopped_count=0, restarted_count=0
 full_count=0

Compilation events (20 events):
Event: 57.549 Thread 0x000001d8e74be800 9583       3       org.gradle.internal.logging.events.StyledTextOutputEvent::<init> (24 bytes)
Event: 57.550 Thread 0x000001d8e74be800 nmethod 9583 0x000001d8d3fce090 code [0x000001d8d3fce280, 0x000001d8d3fce728]
Event: 57.550 Thread 0x000001d8e74be800 9585       1       org.gradle.internal.event.BroadcastDispatch$EmptyDispatch::isEmpty (2 bytes)
Event: 57.550 Thread 0x000001d8e74be800 nmethod 9585 0x000001d8da665410 code [0x000001d8da6655c0, 0x000001d8da665678]
Event: 57.550 Thread 0x000001d8e74be800 9586       3       org.gradle.internal.logging.text.AbstractLineChoppingStyledTextOutput$StateContext::flushEndLine (9 bytes)
Event: 57.550 Thread 0x000001d8e74be800 nmethod 9586 0x000001d8d3fce910 code [0x000001d8d3fceac0, 0x000001d8d3fcec88]
Event: 57.550 Thread 0x000001d8e74be800 9588       3       org.gradle.internal.logging.text.AbstractLineChoppingStyledTextOutput$StateContext::reset (16 bytes)
Event: 57.550 Thread 0x000001d8e74be800 nmethod 9588 0x000001d8d3fced90 code [0x000001d8d3fcef40, 0x000001d8d3fcf0b8]
Event: 57.551 Thread 0x000001d8e74be800 9587       3       org.gradle.internal.logging.console.StyledTextOutputBackedRenderer$OutputEventTextOutputImpl::doEndLine (17 bytes)
Event: 57.551 Thread 0x000001d8e74be800 nmethod 9587 0x000001d8d3fcf190 code [0x000001d8d3fcf380, 0x000001d8d3fcf778]
Event: 57.552 Thread 0x000001d8e74be800 9589       3       org.gradle.internal.operations.CurrentBuildOperationRef::getId (20 bytes)
Event: 57.552 Thread 0x000001d8e74be800 nmethod 9589 0x000001d8d3fcf910 code [0x000001d8d3fcfb00, 0x000001d8d3fcff28]
Event: 57.552 Thread 0x000001d8e74be800 9590       3       sun.nio.cs.SingleByte$Decoder::decodeLoop (28 bytes)
Event: 57.553 Thread 0x000001d8e74be800 nmethod 9590 0x000001d8d3fd0110 code [0x000001d8d3fd0300, 0x000001d8d3fd06d8]
Event: 57.564 Thread 0x000001d8e74be800 9591       3       org.gradle.internal.io.BufferCaster::cast (2 bytes)
Event: 57.564 Thread 0x000001d8e74be800 nmethod 9591 0x000001d8d3fd0810 code [0x000001d8d3fd09c0, 0x000001d8d3fd0a98]
Event: 57.567 Thread 0x000001d8e7e00000 nmethod 9580 0x000001d8da665710 code [0x000001d8da665920, 0x000001d8da6660f8]
Event: 57.567 Thread 0x000001d8e7e00000 9584 %     4       org.gradle.internal.logging.text.AbstractLineChoppingStyledTextOutput::doAppend @ 10 (43 bytes)
Event: 57.569 Thread 0x000001d8e74be800 9592       3       java.nio.Buffer::checkBounds (25 bytes)
Event: 57.569 Thread 0x000001d8e74be800 nmethod 9592 0x000001d8d3fd0b10 code [0x000001d8d3fd0ce0, 0x000001d8d3fd0ec8]

GC Heap History (20 events):
Event: 32.789 GC heap before
{Heap before GC invocations=63 (full 0):
 garbage-first heap   total 114688K, used 84257K [0x00000000a0000000, 0x0000000100000000)
  region size 1024K, 29 young (29696K), 3 survivors (3072K)
 Metaspace       used 68294K, capacity 70087K, committed 70352K, reserved 1110016K
  class space    used 8594K, capacity 9231K, committed 9248K, reserved 1048576K
}
Event: 32.800 GC heap after
{Heap after GC invocations=64 (full 0):
 garbage-first heap   total 114688K, used 59375K [0x00000000a0000000, 0x0000000100000000)
  region size 1024K, 4 young (4096K), 4 survivors (4096K)
 Metaspace       used 68294K, capacity 70087K, committed 70352K, reserved 1110016K
  class space    used 8594K, capacity 9231K, committed 9248K, reserved 1048576K
}
Event: 33.245 GC heap before
{Heap before GC invocations=65 (full 0):
 garbage-first heap   total 114688K, used 87023K [0x00000000a0000000, 0x0000000100000000)
  region size 1024K, 30 young (30720K), 4 survivors (4096K)
 Metaspace       used 68639K, capacity 70531K, committed 70736K, reserved 1110016K
  class space    used 8647K, capacity 9338K, committed 9376K, reserved 1048576K
}
Event: 33.259 GC heap after
{Heap after GC invocations=66 (full 0):
 garbage-first heap   total 114688K, used 61651K [0x00000000a0000000, 0x0000000100000000)
  region size 1024K, 4 young (4096K), 4 survivors (4096K)
 Metaspace       used 68639K, capacity 70531K, committed 70736K, reserved 1110016K
  class space    used 8647K, capacity 9338K, committed 9376K, reserved 1048576K
}
Event: 33.608 GC heap before
{Heap before GC invocations=66 (full 0):
 garbage-first heap   total 114688K, used 88275K [0x00000000a0000000, 0x0000000100000000)
  region size 1024K, 30 young (30720K), 4 survivors (4096K)
 Metaspace       used 69127K, capacity 71076K, committed 71376K, reserved 1112064K
  class space    used 8731K, capacity 9437K, committed 9504K, reserved 1048576K
}
Event: 33.627 GC heap after
{Heap after GC invocations=67 (full 0):
 garbage-first heap   total 138240K, used 63018K [0x00000000a0000000, 0x0000000100000000)
  region size 1024K, 2 young (2048K), 2 survivors (2048K)
 Metaspace       used 69127K, capacity 71076K, committed 71376K, reserved 1112064K
  class space    used 8731K, capacity 9437K, committed 9504K, reserved 1048576K
}
Event: 34.888 GC heap before
{Heap before GC invocations=68 (full 0):
 garbage-first heap   total 138240K, used 98858K [0x00000000a0000000, 0x0000000100000000)
  region size 1024K, 37 young (37888K), 2 survivors (2048K)
 Metaspace       used 69910K, capacity 71862K, committed 72016K, reserved 1112064K
  class space    used 8876K, capacity 9592K, committed 9632K, reserved 1048576K
}
Event: 34.896 GC heap after
{Heap after GC invocations=69 (full 0):
 garbage-first heap   total 138240K, used 63920K [0x00000000a0000000, 0x0000000100000000)
  region size 1024K, 3 young (3072K), 3 survivors (3072K)
 Metaspace       used 69910K, capacity 71862K, committed 72016K, reserved 1112064K
  class space    used 8876K, capacity 9592K, committed 9632K, reserved 1048576K
}
Event: 35.626 GC heap before
{Heap before GC invocations=69 (full 0):
 garbage-first heap   total 138240K, used 101808K [0x00000000a0000000, 0x0000000100000000)
  region size 1024K, 40 young (40960K), 3 survivors (3072K)
 Metaspace       used 70694K, capacity 72646K, committed 72912K, reserved 1112064K
  class space    used 8958K, capacity 9681K, committed 9760K, reserved 1048576K
}
Event: 35.637 GC heap after
{Heap after GC invocations=70 (full 0):
 garbage-first heap   total 138240K, used 66434K [0x00000000a0000000, 0x0000000100000000)
  region size 1024K, 5 young (5120K), 5 survivors (5120K)
 Metaspace       used 70694K, capacity 72646K, committed 72912K, reserved 1112064K
  class space    used 8958K, capacity 9681K, committed 9760K, reserved 1048576K
}
Event: 36.930 GC heap before
{Heap before GC invocations=71 (full 0):
 garbage-first heap   total 138240K, used 104322K [0x00000000a0000000, 0x0000000100000000)
  region size 1024K, 42 young (43008K), 5 survivors (5120K)
 Metaspace       used 74606K, capacity 76556K, committed 76624K, reserved 1116160K
  class space    used 9645K, capacity 10362K, committed 10400K, reserved 1048576K
}
Event: 36.950 GC heap after
{Heap after GC invocations=72 (full 0):
 garbage-first heap   total 138240K, used 68744K [0x00000000a0000000, 0x0000000100000000)
  region size 1024K, 5 young (5120K), 5 survivors (5120K)
 Metaspace       used 74606K, capacity 76556K, committed 76624K, reserved 1116160K
  class space    used 9645K, capacity 10362K, committed 10400K, reserved 1048576K
}
Event: 38.003 GC heap before
{Heap before GC invocations=72 (full 0):
 garbage-first heap   total 138240K, used 106632K [0x00000000a0000000, 0x0000000100000000)
  region size 1024K, 42 young (43008K), 5 survivors (5120K)
 Metaspace       used 77011K, capacity 79078K, committed 79312K, reserved 1118208K
  class space    used 9971K, capacity 10702K, committed 10784K, reserved 1048576K
}
Event: 38.021 GC heap after
{Heap after GC invocations=73 (full 0):
 garbage-first heap   total 138240K, used 71548K [0x00000000a0000000, 0x0000000100000000)
  region size 1024K, 5 young (5120K), 5 survivors (5120K)
 Metaspace       used 77011K, capacity 79078K, committed 79312K, reserved 1118208K
  class space    used 9971K, capacity 10702K, committed 10784K, reserved 1048576K
}
Event: 43.504 GC heap before
{Heap before GC invocations=74 (full 0):
 garbage-first heap   total 138240K, used 109436K [0x00000000a0000000, 0x0000000100000000)
  region size 1024K, 42 young (43008K), 5 survivors (5120K)
 Metaspace       used 78060K, capacity 80074K, committed 80208K, reserved 1118208K
  class space    used 10150K, capacity 10901K, committed 10912K, reserved 1048576K
}
Event: 43.535 GC heap after
{Heap after GC invocations=75 (full 0):
 garbage-first heap   total 165888K, used 75118K [0x00000000a0000000, 0x0000000100000000)
  region size 1024K, 6 young (6144K), 6 survivors (6144K)
 Metaspace       used 78060K, capacity 80074K, committed 80208K, reserved 1118208K
  class space    used 10150K, capacity 10901K, committed 10912K, reserved 1048576K
}
Event: 46.092 GC heap before
{Heap before GC invocations=75 (full 0):
 garbage-first heap   total 165888K, used 123246K [0x00000000a0000000, 0x0000000100000000)
  region size 1024K, 53 young (54272K), 6 survivors (6144K)
 Metaspace       used 82055K, capacity 84258K, committed 84560K, reserved 1122304K
  class space    used 10725K, capacity 11577K, committed 11680K, reserved 1048576K
}
Event: 46.111 GC heap after
{Heap after GC invocations=76 (full 0):
 garbage-first heap   total 165888K, used 78208K [0x00000000a0000000, 0x0000000100000000)
  region size 1024K, 7 young (7168K), 7 survivors (7168K)
 Metaspace       used 82055K, capacity 84258K, committed 84560K, reserved 1122304K
  class space    used 10725K, capacity 11577K, committed 11680K, reserved 1048576K
}
Event: 47.477 GC heap before
{Heap before GC invocations=76 (full 0):
 garbage-first heap   total 165888K, used 127360K [0x00000000a0000000, 0x0000000100000000)
  region size 1024K, 55 young (56320K), 7 survivors (7168K)
 Metaspace       used 86584K, capacity 88872K, committed 89040K, reserved 1126400K
  class space    used 11320K, capacity 12203K, committed 12320K, reserved 1048576K
}
Event: 47.503 GC heap after
{Heap after GC invocations=77 (full 0):
 garbage-first heap   total 165888K, used 82252K [0x00000000a0000000, 0x0000000100000000)
  region size 1024K, 7 young (7168K), 7 survivors (7168K)
 Metaspace       used 86584K, capacity 88872K, committed 89040K, reserved 1126400K
  class space    used 11320K, capacity 12203K, committed 12320K, reserved 1048576K
}

Deoptimization events (20 events):
Event: 48.284 Thread 0x000001d8e8ed3800 Uncommon trap: trap_request=0xfffffff4 fr.pc=0x000001d8da5bcd7c relative=0x0000000000001b1c
Event: 48.284 Thread 0x000001d8e8ed3800 Uncommon trap: reason=null_check action=make_not_entrant pc=0x000001d8da5bcd7c method=com.sun.beans.TypeResolver.resolve(Ljava/lang/reflect/Type;Ljava/lang/reflect/Type;)Ljava/lang/reflect/Type; @ 167 c2
Event: 48.284 Thread 0x000001d8e8ed3800 DEOPT PACKING pc=0x000001d8da5bcd7c sp=0x0000008ba44f6f20
Event: 48.284 Thread 0x000001d8e8ed3800 DEOPT UNPACKING pc=0x000001d8d26ea1af sp=0x0000008ba44f6e70 mode 2
Event: 49.556 Thread 0x000001d8ea951000 Uncommon trap: trap_request=0xffffff4d fr.pc=0x000001d8da64a270 relative=0x00000000000004f0
Event: 49.556 Thread 0x000001d8ea951000 Uncommon trap: reason=unstable_if action=reinterpret pc=0x000001d8da64a270 method=org.gradle.internal.logging.text.AbstractLineChoppingStyledTextOutput$2.execute(Lorg/gradle/internal/logging/text/AbstractLineChoppingStyledTextOutput$StateContext;)V @ 34 c
Event: 49.556 Thread 0x000001d8ea951000 DEOPT PACKING pc=0x000001d8da64a270 sp=0x0000008ba48fd970
Event: 49.556 Thread 0x000001d8ea951000 DEOPT UNPACKING pc=0x000001d8d26ea1af sp=0x0000008ba48fd7f8 mode 2
Event: 50.034 Thread 0x000001d8ea951000 Uncommon trap: trap_request=0xffffff4d fr.pc=0x000001d8da64b04c relative=0x00000000000004ec
Event: 50.034 Thread 0x000001d8ea951000 Uncommon trap: reason=unstable_if action=reinterpret pc=0x000001d8da64b04c method=org.gradle.internal.logging.text.AbstractLineChoppingStyledTextOutput$2.execute(Lorg/gradle/internal/logging/text/AbstractLineChoppingStyledTextOutput$StateContext;)V @ 34 c
Event: 50.034 Thread 0x000001d8ea951000 DEOPT PACKING pc=0x000001d8da64b04c sp=0x0000008ba48fd8e0
Event: 50.034 Thread 0x000001d8ea951000 DEOPT UNPACKING pc=0x000001d8d26ea1af sp=0x0000008ba48fd7e0 mode 2
Event: 50.035 Thread 0x000001d8ea951000 Uncommon trap: trap_request=0xffffff4d fr.pc=0x000001d8da283cf8 relative=0x0000000000000378
Event: 50.035 Thread 0x000001d8ea951000 Uncommon trap: reason=unstable_if action=reinterpret pc=0x000001d8da283cf8 method=org.gradle.internal.logging.text.AbstractLineChoppingStyledTextOutput$2.execute(Lorg/gradle/internal/logging/text/AbstractLineChoppingStyledTextOutput$StateContext;)V @ 34 c
Event: 50.035 Thread 0x000001d8ea951000 DEOPT PACKING pc=0x000001d8da283cf8 sp=0x0000008ba48fd880
Event: 50.035 Thread 0x000001d8ea951000 DEOPT UNPACKING pc=0x000001d8d26ea1af sp=0x0000008ba48fd7e8 mode 2
Event: 50.035 Thread 0x000001d8ea951000 Uncommon trap: trap_request=0xffffff4d fr.pc=0x000001d8da27ed14 relative=0x0000000000000314
Event: 50.035 Thread 0x000001d8ea951000 Uncommon trap: reason=unstable_if action=reinterpret pc=0x000001d8da27ed14 method=org.gradle.internal.logging.text.AbstractLineChoppingStyledTextOutput$2.execute(Lorg/gradle/internal/logging/text/AbstractLineChoppingStyledTextOutput$StateContext;)V @ 34 c
Event: 50.036 Thread 0x000001d8ea951000 DEOPT PACKING pc=0x000001d8da27ed14 sp=0x0000008ba48fd840
Event: 50.036 Thread 0x000001d8ea951000 DEOPT UNPACKING pc=0x000001d8d26ea1af sp=0x0000008ba48fd810 mode 2

Classes redefined (0 events):
No events

Internal exceptions (20 events):
Event: 48.239 Thread 0x000001d8e8ed3800 Exception <a 'java/lang/ClassNotFoundException'{0x00000000a8af6cf8}: org/gradle/process/internal/DefaultExecActionBeanInfo> (0x00000000a8af6cf8) thrown at [src/hotspot/share/classfile/systemDictionary.cpp, line 230]
Event: 48.240 Thread 0x000001d8e8ed3800 Exception <a 'java/lang/ClassNotFoundException'{0x00000000a89295c0}: org/gradle/process/internal/DefaultExecHandleBuilderBeanInfo> (0x00000000a89295c0) thrown at [src/hotspot/share/classfile/systemDictionary.cpp, line 230]
Event: 48.242 Thread 0x000001d8e8ed3800 Exception <a 'java/lang/ClassNotFoundException'{0x00000000a895be40}: org/gradle/process/internal/AbstractExecHandleBuilderBeanInfo> (0x00000000a895be40) thrown at [src/hotspot/share/classfile/systemDictionary.cpp, line 230]
Event: 48.243 Thread 0x000001d8e8ed3800 Exception <a 'java/lang/ClassNotFoundException'{0x00000000a898f130}: org/gradle/process/internal/DefaultProcessForkOptionsBeanInfo> (0x00000000a898f130) thrown at [src/hotspot/share/classfile/systemDictionary.cpp, line 230]
Event: 48.245 Thread 0x000001d8e8ed3800 Exception <a 'java/lang/ClassNotFoundException'{0x00000000a89c2200}: org/gradle/process/internal/DefaultProcessForkOptionsCustomizer> (0x00000000a89c2200) thrown at [src/hotspot/share/classfile/systemDictionary.cpp, line 230]
Event: 48.248 Thread 0x000001d8e8ed3800 Exception <a 'java/lang/ClassNotFoundException'{0x00000000a8802918}: org/gradle/process/internal/AbstractExecHandleBuilderCustomizer> (0x00000000a8802918) thrown at [src/hotspot/share/classfile/systemDictionary.cpp, line 230]
Event: 48.268 Thread 0x000001d8e8ed3800 Exception <a 'java/lang/ClassNotFoundException'{0x00000000a8847af0}: org/gradle/process/internal/DefaultExecHandleBuilderCustomizer> (0x00000000a8847af0) thrown at [src/hotspot/share/classfile/systemDictionary.cpp, line 230]
Event: 48.272 Thread 0x000001d8e8ed3800 Exception <a 'java/lang/ClassNotFoundException'{0x00000000a88a3338}: org/gradle/process/internal/DefaultExecActionCustomizer> (0x00000000a88a3338) thrown at [src/hotspot/share/classfile/systemDictionary.cpp, line 230]
Event: 48.275 Thread 0x000001d8e8ed3800 Exception <a 'java/lang/ClassNotFoundException'{0x00000000a88def00}: org/gradle/process/internal/DefaultExecAction_DecoratedCustomizer> (0x00000000a88def00) thrown at [src/hotspot/share/classfile/systemDictionary.cpp, line 230]
Event: 48.279 Thread 0x000001d8e8ed3800 Exception <a 'java/lang/ClassNotFoundException'{0x00000000a8737360}: org/gradle/api/logging/LogLevelBeanInfo> (0x00000000a8737360) thrown at [src/hotspot/share/classfile/systemDictionary.cpp, line 230]
Event: 48.281 Thread 0x000001d8e8ed3800 Exception <a 'java/lang/ClassNotFoundException'{0x00000000a8760a88}: org/gradle/api/logging/LogLevelCustomizer> (0x00000000a8760a88) thrown at [src/hotspot/share/classfile/systemDictionary.cpp, line 230]
Event: 48.284 Thread 0x000001d8e8ed3800 Implicit null exception at 0x000001d8da5bc0a7 to 0x000001d8da5bcd58
Event: 48.289 Thread 0x000001d8e8ed3800 Exception <a 'java/lang/ClassNotFoundException'{0x00000000a87cfba8}: org/gradle/internal/logging/services/DefaultLoggingManagerBeanInfo> (0x00000000a87cfba8) thrown at [src/hotspot/share/classfile/systemDictionary.cpp, line 230]
Event: 48.292 Thread 0x000001d8e8ed3800 Exception <a 'java/lang/ClassNotFoundException'{0x00000000a8604100}: org/gradle/internal/logging/services/DefaultLoggingManagerCustomizer> (0x00000000a8604100) thrown at [src/hotspot/share/classfile/systemDictionary.cpp, line 230]
Event: 48.303 Thread 0x000001d8e8ed3800 Exception <a 'java/lang/ClassNotFoundException'{0x00000000a863f798}: java/lang/BooleanBeanInfo> (0x00000000a863f798) thrown at [src/hotspot/share/classfile/systemDictionary.cpp, line 230]
Event: 48.304 Thread 0x000001d8e8ed3800 Exception <a 'java/lang/ClassNotFoundException'{0x00000000a864b610}: java/lang/BooleanCustomizer> (0x00000000a864b610) thrown at [src/hotspot/share/classfile/systemDictionary.cpp, line 230]
Event: 48.472 Thread 0x000001d8e8ed6000 Exception <a 'java/lang/NoSuchMethodError'{0x00000000a86d9548}: 'void java.lang.invoke.DirectMethodHandle$Holder.invokeStatic(java.lang.Object, long)'> (0x00000000a86d9548) thrown at [src/hotspot/share/interpreter/linkResolver.cpp, line 773]
Event: 48.473 Thread 0x000001d8e8ed6000 Exception <a 'java/lang/NoSuchMethodError'{0x00000000a86de4b8}: 'java.lang.Object java.lang.invoke.DirectMethodHandle$Holder.invokeStatic(java.lang.Object, long)'> (0x00000000a86de4b8) thrown at [src/hotspot/share/interpreter/linkResolver.cpp, line 773]
Event: 48.473 Thread 0x000001d8e8ed6000 Exception <a 'java/lang/NoSuchMethodError'{0x00000000a86e17e0}: 'java.lang.Object java.lang.invoke.DirectMethodHandle$Holder.invokeSpecial(java.lang.Object, java.lang.Object, long)'> (0x00000000a86e17e0) thrown at [src/hotspot/share/interpreter/linkResolver.cpp, line 773]
Event: 48.477 Thread 0x000001d8e8ed6000 Exception <a 'java/lang/NoSuchMethodError'{0x00000000a86ec398}: 'java.lang.Object java.lang.invoke.DirectMethodHandle$Holder.invokeStaticInit(java.lang.Object, java.lang.Object, long, java.lang.Object)'> (0x00000000a86ec398) thrown at [src/hotspot/share/interpreter/linkResolver.cpp, line 773]

Events (20 events):
Event: 48.344 loading class org/gradle/process/internal/DefaultExecHandle$CompositeStreamsHandler done
Event: 48.345 loading class org/gradle/process/internal/ProcessBuilderFactory
Event: 48.345 loading class org/gradle/process/internal/ProcessBuilderFactory done
Event: 48.346 loading class org/gradle/internal/operations/CurrentBuildOperationPreservingRunnable
Event: 48.346 loading class org/gradle/internal/operations/CurrentBuildOperationPreservingRunnable done
Event: 48.347 Thread 0x000001d8e8ed6000 Thread added: 0x000001d8e8ed6000
Event: 48.371 loading class net/rubygrapefruit/platform/internal/jni/WindowsHandleFunctions
Event: 48.371 loading class net/rubygrapefruit/platform/internal/jni/WindowsHandleFunctions done
Event: 48.373 loading class java/lang/ProcessImpl
Event: 48.374 loading class java/lang/ProcessImpl done
Event: 48.474 loading class java/lang/ProcessHandleImpl
Event: 48.475 loading class java/lang/ProcessHandleImpl done
Event: 48.477 loading class java/lang/ProcessImpl$2
Event: 48.477 loading class java/lang/ProcessImpl$2 done
Event: 48.478 loading class java/lang/Process$PipeInputStream
Event: 48.494 loading class java/lang/Process$PipeInputStream done
Event: 48.498 loading class org/gradle/process/internal/streams/ExecOutputHandleRunner
Event: 48.498 loading class org/gradle/process/internal/streams/ExecOutputHandleRunner done
Event: 48.524 Thread 0x000001d8e8ed7000 Thread added: 0x000001d8e8ed7000
Event: 48.573 Thread 0x000001d8ea951000 Thread added: 0x000001d8ea951000


Dynamic libraries:
0x00007ff756d60000 - 0x00007ff756d6a000 	C:\Program Files\Android\Android Studio\jbr\bin\java.exe
0x00007ff82e8b0000 - 0x00007ff82eaa8000 	C:\Windows\SYSTEM32\ntdll.dll
0x00007ff82cab0000 - 0x00007ff82cb6f000 	C:\Windows\System32\KERNEL32.DLL
0x00007ff82c1f0000 - 0x00007ff82c4c2000 	C:\Windows\System32\KERNELBASE.dll
0x00007ff82c040000 - 0x00007ff82c140000 	C:\Windows\System32\ucrtbase.dll
0x00007ff81c1c0000 - 0x00007ff81c1d7000 	C:\Program Files\Android\Android Studio\jbr\bin\jli.dll
0x00007ff819400000 - 0x00007ff81941b000 	C:\Program Files\Android\Android Studio\jbr\bin\VCRUNTIME140.dll
0x00007ff82d8e0000 - 0x00007ff82da81000 	C:\Windows\System32\USER32.dll
0x00007ff82c5e0000 - 0x00007ff82c602000 	C:\Windows\System32\win32u.dll
0x00007ff82d3a0000 - 0x00007ff82d3cb000 	C:\Windows\System32\GDI32.dll
0x00007ff81d3d0000 - 0x00007ff81d66a000 	C:\Windows\WinSxS\amd64_microsoft.windows.common-controls_6595b64144ccf1df_6.0.19041.1110_none_60b5254171f9507e\COMCTL32.dll
0x00007ff82c4d0000 - 0x00007ff82c5df000 	C:\Windows\System32\gdi32full.dll
0x00007ff82d520000 - 0x00007ff82d5be000 	C:\Windows\System32\msvcrt.dll
0x00007ff82c680000 - 0x00007ff82c71d000 	C:\Windows\System32\msvcp_win.dll
0x00007ff82d4f0000 - 0x00007ff82d520000 	C:\Windows\System32\IMM32.DLL
0x00007ff81d030000 - 0x00007ff81d03c000 	C:\Program Files\Android\Android Studio\jbr\bin\vcruntime140_1.dll
0x00007ff811bd0000 - 0x00007ff811c5d000 	C:\Program Files\Android\Android Studio\jbr\bin\msvcp140.dll
0x00007fffd89b0000 - 0x00007fffd956c000 	C:\Program Files\Android\Android Studio\jbr\bin\server\jvm.dll
0x00007ff82dab0000 - 0x00007ff82db5e000 	C:\Windows\System32\ADVAPI32.dll
0x00007ff82d630000 - 0x00007ff82d6cc000 	C:\Windows\System32\sechost.dll
0x00007ff82e050000 - 0x00007ff82e174000 	C:\Windows\System32\RPCRT4.dll
0x00007ff82d810000 - 0x00007ff82d818000 	C:\Windows\System32\PSAPI.DLL
0x00007ff817760000 - 0x00007ff817769000 	C:\Windows\SYSTEM32\WSOCK32.dll
0x00007ff82d6d0000 - 0x00007ff82d73b000 	C:\Windows\System32\WS2_32.dll
0x00007ff80df20000 - 0x00007ff80df47000 	C:\Windows\SYSTEM32\WINMM.dll
0x00007ff825690000 - 0x00007ff82569a000 	C:\Windows\SYSTEM32\VERSION.dll
0x00007ff829e70000 - 0x00007ff829e82000 	C:\Windows\SYSTEM32\kernel.appcore.dll
0x00007ff80f8b0000 - 0x00007ff80f8c0000 	C:\Program Files\Android\Android Studio\jbr\bin\verify.dll
0x00007ff8160e0000 - 0x00007ff8162c4000 	C:\Windows\SYSTEM32\DBGHELP.DLL
0x00007ff815d20000 - 0x00007ff815d55000 	C:\Windows\SYSTEM32\dbgcore.DLL
0x00007ff82bfb0000 - 0x00007ff82c032000 	C:\Windows\System32\bcryptPrimitives.dll
0x00007ff8072c0000 - 0x00007ff8072e8000 	C:\Program Files\Android\Android Studio\jbr\bin\java.dll
0x00007ff80a6e0000 - 0x00007ff80a6ea000 	C:\Program Files\Android\Android Studio\jbr\bin\jimage.dll
0x00007fffdeff0000 - 0x00007fffdf008000 	C:\Program Files\Android\Android Studio\jbr\bin\zip.dll
0x00007ff82cc50000 - 0x00007ff82d395000 	C:\Windows\System32\SHELL32.dll
0x00007ff82a070000 - 0x00007ff82a802000 	C:\Windows\SYSTEM32\windows.storage.dll
0x00007ff82dcf0000 - 0x00007ff82e045000 	C:\Windows\System32\combase.dll
0x00007ff82b9a0000 - 0x00007ff82b9d0000 	C:\Windows\SYSTEM32\Wldp.dll
0x00007ff82e200000 - 0x00007ff82e2ad000 	C:\Windows\System32\SHCORE.dll
0x00007ff82db60000 - 0x00007ff82dbb5000 	C:\Windows\System32\shlwapi.dll
0x00007ff82bef0000 - 0x00007ff82bf0f000 	C:\Windows\SYSTEM32\profapi.dll
0x00007fffdefd0000 - 0x00007fffdefe9000 	C:\Program Files\Android\Android Studio\jbr\bin\net.dll
0x00007ff820fa0000 - 0x00007ff8210aa000 	C:\Windows\SYSTEM32\WINHTTP.dll
0x00007ff82b700000 - 0x00007ff82b76a000 	C:\Windows\system32\mswsock.dll
0x00007fffd8990000 - 0x00007fffd89a3000 	C:\Program Files\Android\Android Studio\jbr\bin\nio.dll
0x00007ff811b40000 - 0x00007ff811b67000 	C:\Users\Lenovo\.gradle\native\e1d6ef7f7dcc3fd88c89a11ec53ec762bb8ba0a96d01ffa2cd45eb1d1d8dd5c5\windows-amd64\native-platform.dll
0x00007ffffce30000 - 0x00007ffffcf74000 	C:\Users\Lenovo\.gradle\native\0d407fdbe67a94daf76414ababcb853783967236a71b16ec16e742cd7a986fd3\windows-amd64\native-platform-file-events.dll
0x00007ff807850000 - 0x00007ff80785a000 	C:\Program Files\Android\Android Studio\jbr\bin\management.dll
0x00007fffd8980000 - 0x00007fffd898b000 	C:\Program Files\Android\Android Studio\jbr\bin\management_ext.dll
0x00007ff82b8f0000 - 0x00007ff82b908000 	C:\Windows\SYSTEM32\CRYPTSP.dll
0x00007ff82afb0000 - 0x00007ff82afe4000 	C:\Windows\system32\rsaenh.dll
0x00007ff82c8d0000 - 0x00007ff82c8f7000 	C:\Windows\System32\bcrypt.dll
0x00007ff82beb0000 - 0x00007ff82bede000 	C:\Windows\SYSTEM32\USERENV.dll
0x00007ff82b910000 - 0x00007ff82b91c000 	C:\Windows\SYSTEM32\CRYPTBASE.dll
0x00007ff82b380000 - 0x00007ff82b3bb000 	C:\Windows\SYSTEM32\IPHLPAPI.DLL
0x00007ff82e360000 - 0x00007ff82e368000 	C:\Windows\System32\NSI.dll
0x00007ff821230000 - 0x00007ff821247000 	C:\Windows\SYSTEM32\dhcpcsvc6.DLL
0x00007ff821590000 - 0x00007ff8215ad000 	C:\Windows\SYSTEM32\dhcpcsvc.DLL
0x00007ff82b3c0000 - 0x00007ff82b48b000 	C:\Windows\SYSTEM32\DNSAPI.dll

dbghelp: loaded successfully - version: 4.0.5 - missing functions: none
symbol engine: initialized successfully - sym options: 0x614 - pdb path: .;C:\Program Files\Android\Android Studio\jbr\bin;C:\Windows\SYSTEM32;C:\Windows\WinSxS\amd64_microsoft.windows.common-controls_6595b64144ccf1df_6.0.19041.1110_none_60b5254171f9507e;C:\Program Files\Android\Android Studio\jbr\bin\server;C:\Users\Lenovo\.gradle\native\e1d6ef7f7dcc3fd88c89a11ec53ec762bb8ba0a96d01ffa2cd45eb1d1d8dd5c5\windows-amd64;C:\Users\Lenovo\.gradle\native\0d407fdbe67a94daf76414ababcb853783967236a71b16ec16e742cd7a986fd3\windows-amd64

VM Arguments:
jvm_args: --add-opens=java.base/java.util=ALL-UNNAMED --add-opens=java.base/java.lang=ALL-UNNAMED --add-opens=java.base/java.lang.invoke=ALL-UNNAMED --add-opens=java.base/java.util=ALL-UNNAMED --add-opens=java.prefs/java.util.prefs=ALL-UNNAMED --add-opens=java.prefs/java.util.prefs=ALL-UNNAMED --add-opens=java.base/java.nio.charset=ALL-UNNAMED --add-opens=java.base/java.net=ALL-UNNAMED --add-opens=java.base/java.util.concurrent.atomic=ALL-UNNAMED -Xmx1536M -Dfile.encoding=windows-1252 -Duser.country=MX -Duser.language=es -Duser.variant 
java_command: org.gradle.launcher.daemon.bootstrap.GradleDaemon 7.5
java_class_path (initial): C:\Users\Lenovo\.gradle\wrapper\dists\gradle-7.5-all\6qsw290k5lz422uaf8jf6m7co\gradle-7.5\lib\gradle-launcher-7.5.jar
Launcher Type: SUN_STANDARD

[Global flags]
     intx CICompilerCount                          = 3                                         {product} {ergonomic}
     uint ConcGCThreads                            = 1                                         {product} {ergonomic}
     uint G1ConcRefinementThreads                  = 4                                         {product} {ergonomic}
   size_t G1HeapRegionSize                         = 1048576                                   {product} {ergonomic}
    uintx GCDrainStackTargetSize                   = 64                                        {product} {ergonomic}
   size_t InitialHeapSize                          = 67108864                                  {product} {ergonomic}
   size_t MarkStackSize                            = 4194304                                   {product} {ergonomic}
   size_t MaxHeapSize                              = 1610612736                                {product} {command line}
   size_t MaxNewSize                               = 965738496                                 {product} {ergonomic}
   size_t MinHeapDeltaBytes                        = 1048576                                   {product} {ergonomic}
    uintx NonNMethodCodeHeapSize                   = 5830732                                {pd product} {ergonomic}
    uintx NonProfiledCodeHeapSize                  = 122913754                              {pd product} {ergonomic}
    uintx ProfiledCodeHeapSize                     = 122913754                              {pd product} {ergonomic}
    uintx ReservedCodeCacheSize                    = 251658240                              {pd product} {ergonomic}
     bool SegmentedCodeCache                       = true                                      {product} {ergonomic}
     bool UseCompressedClassPointers               = true                                 {lp64_product} {ergonomic}
     bool UseCompressedOops                        = true                                 {lp64_product} {ergonomic}
     bool UseG1GC                                  = true                                      {product} {ergonomic}
     bool UseLargePagesIndividualAllocation        = false                                  {pd product} {ergonomic}

Logging:
Log output configuration:
 #0: stdout all=warning uptime,level,tags
 #1: stderr all=off uptime,level,tags

Environment Variables:
JAVA_HOME=C:\Program Files\Android\Android Studio\jbr
CLASSPATH=C:\Users\Lenovo\StudioProjects\vecinapp_2\android\\gradle\wrapper\gradle-wrapper.jar
PATH=C:\ProgramData\Oracle\Java\javapath;C:\Program Files\Python310\Scripts\;C:\Program Files\Python310\;C:\Windows\system32;C:\Windows;C:\Windows\System32\Wbem;C:\Windows\System32\WindowsPowerShell\v1.0\;C:\Windows\System32\OpenSSH\;C:\Program Files\php-8.0.12-Win32-vs16-x64;C:\ProgramData\chocolatey\bin;C:\Program Files\nodejs\;C:\Program Files (x86)\QuickTime\QTSystem\;C:\Program Files\Git\cmd;C:\Users\Lenovo\AppData\Roaming\Python\Python310\site-packages;C:\Program Files\MySQL\MySQL Shell 8.0\bin\;C:\Users\Lenovo\AppData\Local\Microsoft\WindowsApps;C:\Users\Lenovo\AppData\Local\atom\bin;C:\Users\Lenovo\AppData\Roaming\npm;C:\Users\Lenovo\AppData\Local\GitHubDesktop\bin;C:\capps\flutter\bin;;C:\capps\flutter\bin\mingit\cmd
USERNAME=Lenovo
OS=Windows_NT
PROCESSOR_IDENTIFIER=Intel64 Family 6 Model 78 Stepping 3, GenuineIntel



---------------  S Y S T E M  ---------------

OS: Windows 10 , 64 bit Build 19041 (10.0.19041.2546)
OS uptime: 0 days 0:06 hours

CPU:total 4 (initial active 4) (2 cores per cpu, 2 threads per core) family 6 model 78 stepping 3 microcode 0xcc, cmov, cx8, fxsr, mmx, sse, sse2, sse3, ssse3, sse4.1, sse4.2, popcnt, avx, avx2, aes, clmul, erms, rtm, 3dnowpref, lzcnt, ht, tsc, tscinvbit, bmi1, bmi2, adx, fma

Memory: 4k page, system-wide physical 4008M (183M free)
TotalPageFile size 7608M (AvailPageFile size 0M)
current process WorkingSet (physical memory assigned to process): 214M, peak: 289M
current process commit charge ("private bytes"): 416M, peak: 439M

vm_info: OpenJDK 64-Bit Server VM (11.0.15+0-b2043.56-9505619) for windows-amd64 JRE (11.0.15+0-b2043.56-9505619), built on Jan 19 2023 02:48:00 by "builduser" with unknown MS VC++:1929

END.
