#
# There is insufficient memory for the Java Runtime Environment to continue.
# Native memory allocation (malloc) failed to allocate 1351216 bytes for Chunk::new
# Possible reasons:
#   The system is out of physical RAM or swap space
#   The process is running with CompressedOops enabled, and the Java Heap may be blocking the growth of the native heap
# Possible solutions:
#   Reduce memory load on the system
#   Increase physical memory or swap space
#   Check if swap backing store is full
#   Decrease Java heap size (-Xmx/-Xms)
#   Decrease number of Java threads
#   Decrease Java thread stack sizes (-Xss)
#   Set larger code cache with -XX:ReservedCodeCacheSize=
#   JVM is running with Unscaled Compressed Oops mode in which the Java heap is
#     placed in the first 4GB address space. The Java Heap base address is the
#     maximum limit for the native heap growth. Please use -XX:HeapBaseMinAddress
#     to set the Java Heap base and to place the Java Heap above 4GB virtual address.
# This output file may be truncated or incomplete.
#
#  Out of Memory Error (src/hotspot/share/memory/arena.cpp:197), pid=2108, tid=9676
#
# JRE version: OpenJDK Runtime Environment (11.0.15) (build 11.0.15+0-b2043.56-9505619)
# Java VM: OpenJDK 64-Bit Server VM (11.0.15+0-b2043.56-9505619, mixed mode, tiered, compressed oops, g1 gc, windows-amd64)
# No core dump will be written. Minidumps are not enabled by default on client versions of Windows
#

---------------  S U M M A R Y ------------

Command Line: --add-opens=java.base/java.util=ALL-UNNAMED --add-opens=java.base/java.lang=ALL-UNNAMED --add-opens=java.base/java.lang.invoke=ALL-UNNAMED --add-opens=java.base/java.util=ALL-UNNAMED --add-opens=java.prefs/java.util.prefs=ALL-UNNAMED --add-opens=java.prefs/java.util.prefs=ALL-UNNAMED --add-opens=java.base/java.nio.charset=ALL-UNNAMED --add-opens=java.base/java.net=ALL-UNNAMED --add-opens=java.base/java.util.concurrent.atomic=ALL-UNNAMED -Xmx1536M -Dfile.encoding=windows-1252 -Duser.country=MX -Duser.language=es -Duser.variant org.gradle.launcher.daemon.bootstrap.GradleDaemon 7.5

Host: Intel(R) Core(TM) i3-6100U CPU @ 2.30GHz, 4 cores, 3G,  Windows 10 , 64 bit Build 19041 (10.0.19041.2546)
Time: Tue Mar 21 17:31:12 2023 Hora estándar central (México) elapsed time: 42.398062 seconds (0d 0h 0m 42s)

---------------  T H R E A D  ---------------

Current thread (0x00000254a5174800):  JavaThread "C2 CompilerThread0" daemon [_thread_in_native, id=9676, stack(0x000000993d700000,0x000000993d800000)]


Current CompileTask:
C2:  42398 6319       4       org.objectweb.asm.MethodVisitor::visitLdcInsn (87 bytes)

Stack: [0x000000993d700000,0x000000993d800000]
Native frames: (J=compiled Java code, j=interpreted, Vv=VM code, C=native code)
V  [jvm.dll+0x64135a]
V  [jvm.dll+0x7d39f9]
V  [jvm.dll+0x7d51b9]
V  [jvm.dll+0x7d58a3]
V  [jvm.dll+0x2691c5]
V  [jvm.dll+0xc1a5c]
V  [jvm.dll+0xc200c]
V  [jvm.dll+0x377462]
V  [jvm.dll+0x342495]
V  [jvm.dll+0x34186a]
V  [jvm.dll+0x2214bd]
V  [jvm.dll+0x220498]
V  [jvm.dll+0x19e851]
V  [jvm.dll+0x230479]
V  [jvm.dll+0x22e5ef]
V  [jvm.dll+0x794de1]
V  [jvm.dll+0x78dc24]
V  [jvm.dll+0x6400f6]
C  [ucrtbase.dll+0x21bb2]
C  [KERNEL32.DLL+0x17614]
C  [ntdll.dll+0x526a1]


---------------  P R O C E S S  ---------------

Threads class SMR info:
_java_thread_list=0x00000254a9ff01e0, length=77, elements={
0x000002548a8f6000, 0x00000254a5109000, 0x00000254a510c800, 0x00000254a516c800,
0x00000254a516f000, 0x00000254a5172800, 0x00000254a5174800, 0x00000254a517a000,
0x00000254a5186800, 0x00000254a5c13800, 0x00000254a7b8f800, 0x00000254a65b0800,
0x00000254a7447800, 0x00000254a7ffa000, 0x00000254a6f97800, 0x00000254a667a800,
0x00000254a6f98800, 0x00000254a7563800, 0x00000254a5d47800, 0x00000254a7f2a800,
0x00000254a7ab8000, 0x00000254a7ab5800, 0x00000254a7ab9800, 0x00000254a7ab7000,
0x00000254a7ab6000, 0x00000254a7ab8800, 0x00000254a7abb000, 0x00000254a7aba800,
0x00000254a7abc000, 0x00000254a80db000, 0x00000254a80dc000, 0x00000254a80dd000,
0x00000254a80d8000, 0x00000254a80d9000, 0x00000254a80df800, 0x00000254a80da800,
0x00000254a80e2800, 0x00000254a80e2000, 0x00000254a80dd800, 0x00000254a80de800,
0x00000254a80e3800, 0x00000254a80e0000, 0x00000254a80e4000, 0x00000254a80e5000,
0x00000254a80e6800, 0x00000254a80e6000, 0x00000254a80e1000, 0x00000254a8201000,
0x00000254a8203000, 0x00000254a8203800, 0x00000254a8200800, 0x00000254a81fe800,
0x00000254a8205000, 0x00000254a81ff800, 0x00000254a8206000, 0x00000254a8202000,
0x00000254a8207800, 0x00000254a820a000, 0x00000254a8207000, 0x00000254a8208800,
0x00000254a8209800, 0x00000254a8204800, 0x00000254a820b000, 0x00000254a820c000,
0x00000254a820c800, 0x00000254a820d800, 0x00000254aa96d000, 0x00000254aa970800,
0x00000254aa96b800, 0x00000254aa972000, 0x00000254aa96c800, 0x00000254aa971000,
0x00000254aa96f000, 0x00000254aa973000, 0x00000254aa973800, 0x00000254aa96e000,
0x00000254aa96f800
}

Java Threads: ( => current thread )
  0x000002548a8f6000 JavaThread "main" [_thread_blocked, id=10252, stack(0x000000993cb00000,0x000000993cc00000)]
  0x00000254a5109000 JavaThread "Reference Handler" daemon [_thread_blocked, id=6232, stack(0x000000993d200000,0x000000993d300000)]
  0x00000254a510c800 JavaThread "Finalizer" daemon [_thread_blocked, id=6344, stack(0x000000993d300000,0x000000993d400000)]
  0x00000254a516c800 JavaThread "Signal Dispatcher" daemon [_thread_blocked, id=11008, stack(0x000000993d400000,0x000000993d500000)]
  0x00000254a516f000 JavaThread "Attach Listener" daemon [_thread_blocked, id=2556, stack(0x000000993d500000,0x000000993d600000)]
  0x00000254a5172800 JavaThread "Service Thread" daemon [_thread_blocked, id=6548, stack(0x000000993d600000,0x000000993d700000)]
=>0x00000254a5174800 JavaThread "C2 CompilerThread0" daemon [_thread_in_native, id=9676, stack(0x000000993d700000,0x000000993d800000)]
  0x00000254a517a000 JavaThread "C1 CompilerThread0" daemon [_thread_blocked, id=10436, stack(0x000000993d800000,0x000000993d900000)]
  0x00000254a5186800 JavaThread "Sweeper thread" daemon [_thread_blocked, id=6380, stack(0x000000993d900000,0x000000993da00000)]
  0x00000254a5c13800 JavaThread "Common-Cleaner" daemon [_thread_blocked, id=3588, stack(0x000000993da00000,0x000000993db00000)]
  0x00000254a7b8f800 JavaThread "Daemon health stats" [_thread_blocked, id=11224, stack(0x000000993dd00000,0x000000993de00000)]
  0x00000254a65b0800 JavaThread "Incoming local TCP Connector on port 54530" [_thread_in_native, id=11016, stack(0x000000993e000000,0x000000993e100000)]
  0x00000254a7447800 JavaThread "Daemon periodic checks" [_thread_blocked, id=8312, stack(0x000000993e100000,0x000000993e200000)]
  0x00000254a7ffa000 JavaThread "Daemon" [_thread_blocked, id=7428, stack(0x000000993e200000,0x000000993e300000)]
  0x00000254a6f97800 JavaThread "Handler for socket connection from /127.0.0.1:54530 to /127.0.0.1:54531" [_thread_in_native, id=4068, stack(0x000000993e300000,0x000000993e400000)]
  0x00000254a667a800 JavaThread "Cancel handler" [_thread_blocked, id=2780, stack(0x000000993e400000,0x000000993e500000)]
  0x00000254a6f98800 JavaThread "Daemon worker" [_thread_blocked, id=5320, stack(0x000000993e500000,0x000000993e600000)]
  0x00000254a7563800 JavaThread "Asynchronous log dispatcher for DefaultDaemonConnection: socket connection from /127.0.0.1:54530 to /127.0.0.1:54531" [_thread_blocked, id=10320, stack(0x000000993e600000,0x000000993e700000)]
  0x00000254a5d47800 JavaThread "Stdin handler" [_thread_blocked, id=4116, stack(0x000000993e700000,0x000000993e800000)]
  0x00000254a7f2a800 JavaThread "Daemon client event forwarder" [_thread_blocked, id=4432, stack(0x000000993e800000,0x000000993e900000)]
  0x00000254a7ab8000 JavaThread "Cache worker for journal cache (C:\Users\Lenovo\.gradle\caches\journal-1)" [_thread_blocked, id=7136, stack(0x000000993e900000,0x000000993ea00000)]
  0x00000254a7ab5800 JavaThread "File lock request listener" [_thread_in_native, id=7432, stack(0x000000993ea00000,0x000000993eb00000)]
  0x00000254a7ab9800 JavaThread "Cache worker for file hash cache (C:\Users\Lenovo\.gradle\caches\7.5\fileHashes)" [_thread_blocked, id=6420, stack(0x000000993eb00000,0x000000993ec00000)]
  0x00000254a7ab7000 JavaThread "File watcher server" daemon [_thread_in_native, id=9816, stack(0x000000993ec00000,0x000000993ed00000)]
  0x00000254a7ab6000 JavaThread "File watcher consumer" daemon [_thread_blocked, id=10324, stack(0x000000993ed00000,0x000000993ee00000)]
  0x00000254a7ab8800 JavaThread "Cache worker for checksums cache (C:\Users\Lenovo\StudioProjects\vecinapp_2\android\.gradle\7.5\checksums)" [_thread_blocked, id=3324, stack(0x000000993ee00000,0x000000993ef00000)]
  0x00000254a7abb000 JavaThread "Cache worker for cache directory md-rule (C:\Users\Lenovo\.gradle\caches\7.5\md-rule)" [_thread_blocked, id=2720, stack(0x000000993ef00000,0x000000993f000000)]
  0x00000254a7aba800 JavaThread "Cache worker for file content cache (C:\Users\Lenovo\.gradle\caches\7.5\fileContent)" [_thread_blocked, id=10364, stack(0x000000993f000000,0x000000993f100000)]
  0x00000254a7abc000 JavaThread "Cache worker for file hash cache (C:\Users\Lenovo\StudioProjects\vecinapp_2\android\.gradle\7.5\fileHashes)" [_thread_blocked, id=7800, stack(0x000000993f100000,0x000000993f200000)]
  0x00000254a80db000 JavaThread "Cache worker for cache directory md-supplier (C:\Users\Lenovo\.gradle\caches\7.5\md-supplier)" [_thread_blocked, id=10996, stack(0x000000993f200000,0x000000993f300000)]
  0x00000254a80dc000 JavaThread "Cache worker for execution history cache (C:\Users\Lenovo\.gradle\caches\7.5\executionHistory)" [_thread_blocked, id=9960, stack(0x000000993f300000,0x000000993f400000)]
  0x00000254a80dd000 JavaThread "jar transforms" [_thread_blocked, id=1780, stack(0x000000993f400000,0x000000993f500000)]
  0x00000254a80d8000 JavaThread "jar transforms Thread 2" [_thread_blocked, id=4200, stack(0x000000993f500000,0x000000993f600000)]
  0x00000254a80d9000 JavaThread "jar transforms Thread 3" [_thread_blocked, id=8928, stack(0x000000993f600000,0x000000993f700000)]
  0x00000254a80df800 JavaThread "jar transforms Thread 4" [_thread_in_Java, id=6704, stack(0x000000993f700000,0x000000993f800000)]
  0x00000254a80da800 JavaThread "Cache worker for dependencies-accessors (C:\Users\Lenovo\StudioProjects\vecinapp_2\android\.gradle\7.5\dependencies-accessors)" [_thread_blocked, id=1464, stack(0x000000993f800000,0x000000993f900000)]
  0x00000254a80e2800 JavaThread "Cache worker for Build Output Cleanup Cache (C:\Users\Lenovo\StudioProjects\vecinapp_2\android\.gradle\buildOutputCleanup)" [_thread_blocked, id=3464, stack(0x000000993f900000,0x000000993fa00000)]
  0x00000254a80e2000 JavaThread "Unconstrained build operations" [_thread_blocked, id=7260, stack(0x000000993fa00000,0x000000993fb00000)]
  0x00000254a80dd800 JavaThread "Unconstrained build operations Thread 2" [_thread_blocked, id=8132, stack(0x000000993fb00000,0x000000993fc00000)]
  0x00000254a80de800 JavaThread "Unconstrained build operations Thread 3" [_thread_blocked, id=636, stack(0x000000993fc00000,0x000000993fd00000)]
  0x00000254a80e3800 JavaThread "Unconstrained build operations Thread 4" [_thread_blocked, id=10368, stack(0x000000993fd00000,0x000000993fe00000)]
  0x00000254a80e0000 JavaThread "Unconstrained build operations Thread 5" [_thread_blocked, id=7392, stack(0x000000993fe00000,0x000000993ff00000)]
  0x00000254a80e4000 JavaThread "Unconstrained build operations Thread 6" [_thread_blocked, id=1656, stack(0x000000993ff00000,0x0000009940000000)]
  0x00000254a80e5000 JavaThread "Unconstrained build operations Thread 7" [_thread_blocked, id=7812, stack(0x0000009940000000,0x0000009940100000)]
  0x00000254a80e6800 JavaThread "Unconstrained build operations Thread 8" [_thread_blocked, id=7780, stack(0x0000009940100000,0x0000009940200000)]
  0x00000254a80e6000 JavaThread "Unconstrained build operations Thread 9" [_thread_blocked, id=4160, stack(0x0000009940200000,0x0000009940300000)]
  0x00000254a80e1000 JavaThread "Unconstrained build operations Thread 10" [_thread_blocked, id=3704, stack(0x0000009940300000,0x0000009940400000)]
  0x00000254a8201000 JavaThread "Unconstrained build operations Thread 11" [_thread_blocked, id=3748, stack(0x0000009940400000,0x0000009940500000)]
  0x00000254a8203000 JavaThread "Unconstrained build operations Thread 12" [_thread_blocked, id=5696, stack(0x0000009940500000,0x0000009940600000)]
  0x00000254a8203800 JavaThread "Unconstrained build operations Thread 13" [_thread_blocked, id=2532, stack(0x0000009940600000,0x0000009940700000)]
  0x00000254a8200800 JavaThread "Unconstrained build operations Thread 14" [_thread_blocked, id=3040, stack(0x0000009940700000,0x0000009940800000)]
  0x00000254a81fe800 JavaThread "Unconstrained build operations Thread 15" [_thread_blocked, id=11056, stack(0x0000009940800000,0x0000009940900000)]
  0x00000254a8205000 JavaThread "Unconstrained build operations Thread 16" [_thread_blocked, id=684, stack(0x0000009940900000,0x0000009940a00000)]
  0x00000254a81ff800 JavaThread "Unconstrained build operations Thread 17" [_thread_blocked, id=5936, stack(0x0000009940a00000,0x0000009940b00000)]
  0x00000254a8206000 JavaThread "Unconstrained build operations Thread 18" [_thread_blocked, id=10776, stack(0x0000009940b00000,0x0000009940c00000)]
  0x00000254a8202000 JavaThread "Unconstrained build operations Thread 19" [_thread_blocked, id=9088, stack(0x0000009940c00000,0x0000009940d00000)]
  0x00000254a8207800 JavaThread "Unconstrained build operations Thread 20" [_thread_blocked, id=10456, stack(0x0000009940d00000,0x0000009940e00000)]
  0x00000254a820a000 JavaThread "Unconstrained build operations Thread 21" [_thread_blocked, id=8272, stack(0x0000009940e00000,0x0000009940f00000)]
  0x00000254a8207000 JavaThread "Unconstrained build operations Thread 22" [_thread_blocked, id=5292, stack(0x0000009940f00000,0x0000009941000000)]
  0x00000254a8208800 JavaThread "Unconstrained build operations Thread 23" [_thread_blocked, id=8924, stack(0x0000009941000000,0x0000009941100000)]
  0x00000254a8209800 JavaThread "Unconstrained build operations Thread 24" [_thread_blocked, id=6844, stack(0x0000009941100000,0x0000009941200000)]
  0x00000254a8204800 JavaThread "Unconstrained build operations Thread 25" [_thread_blocked, id=968, stack(0x0000009941200000,0x0000009941300000)]
  0x00000254a820b000 JavaThread "Unconstrained build operations Thread 26" [_thread_blocked, id=4064, stack(0x0000009941300000,0x0000009941400000)]
  0x00000254a820c000 JavaThread "Unconstrained build operations Thread 27" [_thread_blocked, id=3552, stack(0x0000009941400000,0x0000009941500000)]
  0x00000254a820c800 JavaThread "Unconstrained build operations Thread 28" [_thread_blocked, id=7988, stack(0x0000009941500000,0x0000009941600000)]
  0x00000254a820d800 JavaThread "Unconstrained build operations Thread 29" [_thread_blocked, id=6612, stack(0x0000009941600000,0x0000009941700000)]
  0x00000254aa96d000 JavaThread "Unconstrained build operations Thread 30" [_thread_blocked, id=10612, stack(0x0000009941700000,0x0000009941800000)]
  0x00000254aa970800 JavaThread "Unconstrained build operations Thread 31" [_thread_blocked, id=7808, stack(0x0000009941800000,0x0000009941900000)]
  0x00000254aa96b800 JavaThread "Unconstrained build operations Thread 32" [_thread_blocked, id=10696, stack(0x0000009941900000,0x0000009941a00000)]
  0x00000254aa972000 JavaThread "Unconstrained build operations Thread 33" [_thread_blocked, id=4208, stack(0x0000009941a00000,0x0000009941b00000)]
  0x00000254aa96c800 JavaThread "Unconstrained build operations Thread 34" [_thread_blocked, id=9000, stack(0x0000009941b00000,0x0000009941c00000)]
  0x00000254aa971000 JavaThread "Unconstrained build operations Thread 35" [_thread_blocked, id=10940, stack(0x0000009941c00000,0x0000009941d00000)]
  0x00000254aa96f000 JavaThread "Unconstrained build operations Thread 36" [_thread_blocked, id=2644, stack(0x0000009941d00000,0x0000009941e00000)]
  0x00000254aa973000 JavaThread "Unconstrained build operations Thread 37" [_thread_blocked, id=1636, stack(0x0000009941e00000,0x0000009941f00000)]
  0x00000254aa973800 JavaThread "Unconstrained build operations Thread 38" [_thread_blocked, id=4848, stack(0x0000009941f00000,0x0000009942000000)]
  0x00000254aa96e000 JavaThread "Unconstrained build operations Thread 39" [_thread_blocked, id=11192, stack(0x0000009942000000,0x0000009942100000)]
  0x00000254aa96f800 JavaThread "Unconstrained build operations Thread 40" [_thread_blocked, id=3272, stack(0x0000009942100000,0x0000009942200000)]

Other Threads:
  0x00000254a50e6000 VMThread "VM Thread" [stack: 0x000000993d100000,0x000000993d200000] [id=8984]
  0x00000254a5c1a800 WatcherThread [stack: 0x000000993db00000,0x000000993dc00000] [id=5484]
  0x000002548a90f000 GCTaskThread "GC Thread#0" [stack: 0x000000993cc00000,0x000000993cd00000] [id=4852]
  0x00000254a5f47800 GCTaskThread "GC Thread#1" [stack: 0x000000993dc00000,0x000000993dd00000] [id=9140]
  0x00000254a766e000 GCTaskThread "GC Thread#2" [stack: 0x000000993de00000,0x000000993df00000] [id=3076]
  0x00000254a6e94000 GCTaskThread "GC Thread#3" [stack: 0x000000993df00000,0x000000993e000000] [id=6200]
  0x000002548a935800 ConcurrentGCThread "G1 Main Marker" [stack: 0x000000993cd00000,0x000000993ce00000] [id=9688]
  0x000002548a936800 ConcurrentGCThread "G1 Conc#0" [stack: 0x000000993ce00000,0x000000993cf00000] [id=9472]
  0x000002548a98e800 ConcurrentGCThread "G1 Refine#0" [stack: 0x000000993cf00000,0x000000993d000000] [id=360]
  0x000002548a98f800 ConcurrentGCThread "G1 Young RemSet Sampling" [stack: 0x000000993d000000,0x000000993d100000] [id=7832]

Threads with active compile tasks:
C2 CompilerThread0    42481 6319       4       org.objectweb.asm.MethodVisitor::visitLdcInsn (87 bytes)

VM state:not at safepoint (normal execution)

VM Mutex/Monitor currently owned by a thread: None

Heap address: 0x00000000a0000000, size: 1536 MB, Compressed Oops mode: 32-bit
Narrow klass base: 0x0000000000000000, Narrow klass shift: 3
Compressed class space size: 1073741824 Address: 0x0000000100000000

Heap:
 garbage-first heap   total 165888K, used 91886K [0x00000000a0000000, 0x0000000100000000)
  region size 1024K, 50 young (51200K), 6 survivors (6144K)
 Metaspace       used 49618K, capacity 50856K, committed 50896K, reserved 1093632K
  class space    used 6214K, capacity 6672K, committed 6688K, reserved 1048576K
Heap Regions: E=young(eden), S=young(survivor), O=old, HS=humongous(starts), HC=humongous(continues), CS=collection set, F=free, A=archive, TAMS=top-at-mark-start (previous, next)
|   0|0x00000000a0000000, 0x00000000a0100000, 0x00000000a0100000|100%|HS|  |TAMS 0x00000000a0100000, 0x00000000a0000000| Complete 
|   1|0x00000000a0100000, 0x00000000a0200000, 0x00000000a0200000|100%|HC|  |TAMS 0x00000000a0200000, 0x00000000a0100000| Complete 
|   2|0x00000000a0200000, 0x00000000a0300000, 0x00000000a0300000|100%|HC|  |TAMS 0x00000000a0300000, 0x00000000a0200000| Complete 
|   3|0x00000000a0300000, 0x00000000a0400000, 0x00000000a0400000|100%| O|  |TAMS 0x00000000a0400000, 0x00000000a0300000| Untracked 
|   4|0x00000000a0400000, 0x00000000a0500000, 0x00000000a0500000|100%| O|  |TAMS 0x00000000a0500000, 0x00000000a0400000| Untracked 
|   5|0x00000000a0500000, 0x00000000a0600000, 0x00000000a0600000|100%| O|  |TAMS 0x00000000a0600000, 0x00000000a0500000| Untracked 
|   6|0x00000000a0600000, 0x00000000a0700000, 0x00000000a0700000|100%| O|  |TAMS 0x00000000a0700000, 0x00000000a0600000| Untracked 
|   7|0x00000000a0700000, 0x00000000a0800000, 0x00000000a0800000|100%| O|  |TAMS 0x00000000a0800000, 0x00000000a0700000| Untracked 
|   8|0x00000000a0800000, 0x00000000a0900000, 0x00000000a0900000|100%| O|  |TAMS 0x00000000a0900000, 0x00000000a0800000| Untracked 
|   9|0x00000000a0900000, 0x00000000a0a00000, 0x00000000a0a00000|100%| O|  |TAMS 0x00000000a0a00000, 0x00000000a0900000| Untracked 
|  10|0x00000000a0a00000, 0x00000000a0b00000, 0x00000000a0b00000|100%| O|  |TAMS 0x00000000a0b00000, 0x00000000a0a00000| Untracked 
|  11|0x00000000a0b00000, 0x00000000a0c00000, 0x00000000a0c00000|100%| O|  |TAMS 0x00000000a0c00000, 0x00000000a0b00000| Untracked 
|  12|0x00000000a0c00000, 0x00000000a0d00000, 0x00000000a0d00000|100%| O|  |TAMS 0x00000000a0d00000, 0x00000000a0c00000| Untracked 
|  13|0x00000000a0d00000, 0x00000000a0e00000, 0x00000000a0e00000|100%| O|  |TAMS 0x00000000a0e00000, 0x00000000a0d00000| Untracked 
|  14|0x00000000a0e00000, 0x00000000a0f00000, 0x00000000a0f00000|100%| O|  |TAMS 0x00000000a0f00000, 0x00000000a0e00000| Untracked 
|  15|0x00000000a0f00000, 0x00000000a1000000, 0x00000000a1000000|100%| O|  |TAMS 0x00000000a1000000, 0x00000000a0f00000| Untracked 
|  16|0x00000000a1000000, 0x00000000a1100000, 0x00000000a1100000|100%| O|  |TAMS 0x00000000a1100000, 0x00000000a1000000| Untracked 
|  17|0x00000000a1100000, 0x00000000a1200000, 0x00000000a1200000|100%| O|  |TAMS 0x00000000a1200000, 0x00000000a1100000| Untracked 
|  18|0x00000000a1200000, 0x00000000a1300000, 0x00000000a1300000|100%| O|  |TAMS 0x00000000a12a0e00, 0x00000000a1200000| Untracked 
|  19|0x00000000a1300000, 0x00000000a1400000, 0x00000000a1400000|100%| O|  |TAMS 0x00000000a1300000, 0x00000000a1300000| Untracked 
|  20|0x00000000a1400000, 0x00000000a1500000, 0x00000000a1500000|100%| O|  |TAMS 0x00000000a1400000, 0x00000000a1400000| Untracked 
|  21|0x00000000a1500000, 0x00000000a1600000, 0x00000000a1600000|100%| O|  |TAMS 0x00000000a1500000, 0x00000000a1500000| Untracked 
|  22|0x00000000a1600000, 0x00000000a1700000, 0x00000000a1700000|100%| O|  |TAMS 0x00000000a1600000, 0x00000000a1600000| Untracked 
|  23|0x00000000a1700000, 0x00000000a1800000, 0x00000000a1800000|100%| O|  |TAMS 0x00000000a1700000, 0x00000000a1700000| Untracked 
|  24|0x00000000a1800000, 0x00000000a1900000, 0x00000000a1900000|100%| O|  |TAMS 0x00000000a1800000, 0x00000000a1800000| Untracked 
|  25|0x00000000a1900000, 0x00000000a1a00000, 0x00000000a1a00000|100%| O|  |TAMS 0x00000000a1900000, 0x00000000a1900000| Untracked 
|  26|0x00000000a1a00000, 0x00000000a1b00000, 0x00000000a1b00000|100%| O|  |TAMS 0x00000000a1a00000, 0x00000000a1a00000| Untracked 
|  27|0x00000000a1b00000, 0x00000000a1c00000, 0x00000000a1c00000|100%| O|  |TAMS 0x00000000a1b00000, 0x00000000a1b00000| Untracked 
|  28|0x00000000a1c00000, 0x00000000a1d00000, 0x00000000a1d00000|100%| O|  |TAMS 0x00000000a1c00000, 0x00000000a1c00000| Untracked 
|  29|0x00000000a1d00000, 0x00000000a1e00000, 0x00000000a1e00000|100%| O|  |TAMS 0x00000000a1d00000, 0x00000000a1d00000| Untracked 
|  30|0x00000000a1e00000, 0x00000000a1f00000, 0x00000000a1f00000|100%| O|  |TAMS 0x00000000a1e00000, 0x00000000a1e00000| Untracked 
|  31|0x00000000a1f00000, 0x00000000a2000000, 0x00000000a2000000|100%| O|  |TAMS 0x00000000a1f00000, 0x00000000a1f00000| Untracked 
|  32|0x00000000a2000000, 0x00000000a2100000, 0x00000000a2100000|100%| O|  |TAMS 0x00000000a2000000, 0x00000000a2000000| Untracked 
|  33|0x00000000a2100000, 0x00000000a2200000, 0x00000000a2200000|100%| O|  |TAMS 0x00000000a2100000, 0x00000000a2100000| Untracked 
|  34|0x00000000a2200000, 0x00000000a2300000, 0x00000000a2300000|100%| O|  |TAMS 0x00000000a2200000, 0x00000000a2200000| Untracked 
|  35|0x00000000a2300000, 0x00000000a2400000, 0x00000000a2400000|100%| O|  |TAMS 0x00000000a2300000, 0x00000000a2300000| Untracked 
|  36|0x00000000a2400000, 0x00000000a2500000, 0x00000000a2500000|100%| O|  |TAMS 0x00000000a2400000, 0x00000000a2400000| Untracked 
|  37|0x00000000a2500000, 0x00000000a2600000, 0x00000000a2600000|100%| O|  |TAMS 0x00000000a2500000, 0x00000000a2500000| Untracked 
|  38|0x00000000a2600000, 0x00000000a2630600, 0x00000000a2700000| 18%| O|  |TAMS 0x00000000a2600000, 0x00000000a2600000| Untracked 
|  39|0x00000000a2700000, 0x00000000a2700000, 0x00000000a2800000|  0%| F|  |TAMS 0x00000000a2700000, 0x00000000a2700000| Untracked 
|  40|0x00000000a2800000, 0x00000000a2900000, 0x00000000a2900000|100%|HS|  |TAMS 0x00000000a2800000, 0x00000000a2800000| Complete 
|  41|0x00000000a2900000, 0x00000000a2a00000, 0x00000000a2a00000|100%|HC|  |TAMS 0x00000000a2900000, 0x00000000a2900000| Complete 
|  42|0x00000000a2a00000, 0x00000000a2b00000, 0x00000000a2b00000|100%|HC|  |TAMS 0x00000000a2a00000, 0x00000000a2a00000| Complete 
|  43|0x00000000a2b00000, 0x00000000a2b00000, 0x00000000a2c00000|  0%| F|  |TAMS 0x00000000a2b00000, 0x00000000a2b00000| Untracked 
|  44|0x00000000a2c00000, 0x00000000a2c00000, 0x00000000a2d00000|  0%| F|  |TAMS 0x00000000a2c00000, 0x00000000a2c00000| Untracked 
|  45|0x00000000a2d00000, 0x00000000a2d00000, 0x00000000a2e00000|  0%| F|  |TAMS 0x00000000a2d00000, 0x00000000a2d00000| Untracked 
|  46|0x00000000a2e00000, 0x00000000a2e00000, 0x00000000a2f00000|  0%| F|  |TAMS 0x00000000a2e00000, 0x00000000a2e00000| Untracked 
|  47|0x00000000a2f00000, 0x00000000a2f00000, 0x00000000a3000000|  0%| F|  |TAMS 0x00000000a2f00000, 0x00000000a2f00000| Untracked 
|  48|0x00000000a3000000, 0x00000000a3000000, 0x00000000a3100000|  0%| F|  |TAMS 0x00000000a3000000, 0x00000000a3000000| Untracked 
|  49|0x00000000a3100000, 0x00000000a3100000, 0x00000000a3200000|  0%| F|  |TAMS 0x00000000a3100000, 0x00000000a3100000| Untracked 
|  50|0x00000000a3200000, 0x00000000a3200000, 0x00000000a3300000|  0%| F|  |TAMS 0x00000000a3200000, 0x00000000a3200000| Untracked 
|  51|0x00000000a3300000, 0x00000000a3300000, 0x00000000a3400000|  0%| F|  |TAMS 0x00000000a3300000, 0x00000000a3300000| Untracked 
|  52|0x00000000a3400000, 0x00000000a3400000, 0x00000000a3500000|  0%| F|  |TAMS 0x00000000a3400000, 0x00000000a3400000| Untracked 
|  53|0x00000000a3500000, 0x00000000a3500000, 0x00000000a3600000|  0%| F|  |TAMS 0x00000000a3500000, 0x00000000a3500000| Untracked 
|  54|0x00000000a3600000, 0x00000000a3600000, 0x00000000a3700000|  0%| F|  |TAMS 0x00000000a3600000, 0x00000000a3600000| Untracked 
|  55|0x00000000a3700000, 0x00000000a3700000, 0x00000000a3800000|  0%| F|  |TAMS 0x00000000a3700000, 0x00000000a3700000| Untracked 
|  56|0x00000000a3800000, 0x00000000a3800000, 0x00000000a3900000|  0%| F|  |TAMS 0x00000000a3800000, 0x00000000a3800000| Untracked 
|  57|0x00000000a3900000, 0x00000000a3900000, 0x00000000a3a00000|  0%| F|  |TAMS 0x00000000a3900000, 0x00000000a3900000| Untracked 
|  58|0x00000000a3a00000, 0x00000000a3a00000, 0x00000000a3b00000|  0%| F|  |TAMS 0x00000000a3a00000, 0x00000000a3a00000| Untracked 
|  59|0x00000000a3b00000, 0x00000000a3b00000, 0x00000000a3c00000|  0%| F|  |TAMS 0x00000000a3b00000, 0x00000000a3b00000| Untracked 
|  60|0x00000000a3c00000, 0x00000000a3c00000, 0x00000000a3d00000|  0%| F|  |TAMS 0x00000000a3c00000, 0x00000000a3c00000| Untracked 
|  61|0x00000000a3d00000, 0x00000000a3d00000, 0x00000000a3e00000|  0%| F|  |TAMS 0x00000000a3d00000, 0x00000000a3d00000| Untracked 
|  62|0x00000000a3e00000, 0x00000000a3e00000, 0x00000000a3f00000|  0%| F|  |TAMS 0x00000000a3e00000, 0x00000000a3e00000| Untracked 
|  63|0x00000000a3f00000, 0x00000000a3f00000, 0x00000000a4000000|  0%| F|  |TAMS 0x00000000a3f00000, 0x00000000a3f00000| Untracked 
|  64|0x00000000a4000000, 0x00000000a4000000, 0x00000000a4100000|  0%| F|  |TAMS 0x00000000a4000000, 0x00000000a4000000| Untracked 
|  65|0x00000000a4100000, 0x00000000a418b2e0, 0x00000000a4200000| 54%| S|CS|TAMS 0x00000000a4100000, 0x00000000a4100000| Complete 
|  66|0x00000000a4200000, 0x00000000a4300000, 0x00000000a4300000|100%| S|CS|TAMS 0x00000000a4200000, 0x00000000a4200000| Complete 
|  67|0x00000000a4300000, 0x00000000a4400000, 0x00000000a4400000|100%| S|CS|TAMS 0x00000000a4300000, 0x00000000a4300000| Complete 
|  68|0x00000000a4400000, 0x00000000a4500000, 0x00000000a4500000|100%| S|CS|TAMS 0x00000000a4400000, 0x00000000a4400000| Complete 
|  69|0x00000000a4500000, 0x00000000a4600000, 0x00000000a4600000|100%| S|CS|TAMS 0x00000000a4500000, 0x00000000a4500000| Complete 
|  70|0x00000000a4600000, 0x00000000a4700000, 0x00000000a4700000|100%| S|CS|TAMS 0x00000000a4600000, 0x00000000a4600000| Complete 
|  71|0x00000000a4700000, 0x00000000a4700000, 0x00000000a4800000|  0%| F|  |TAMS 0x00000000a4700000, 0x00000000a4700000| Untracked 
|  72|0x00000000a4800000, 0x00000000a4800000, 0x00000000a4900000|  0%| F|  |TAMS 0x00000000a4800000, 0x00000000a4800000| Untracked 
|  73|0x00000000a4900000, 0x00000000a4900000, 0x00000000a4a00000|  0%| F|  |TAMS 0x00000000a4900000, 0x00000000a4900000| Untracked 
|  74|0x00000000a4a00000, 0x00000000a4a00000, 0x00000000a4b00000|  0%| F|  |TAMS 0x00000000a4a00000, 0x00000000a4a00000| Untracked 
|  75|0x00000000a4b00000, 0x00000000a4b00000, 0x00000000a4c00000|  0%| F|  |TAMS 0x00000000a4b00000, 0x00000000a4b00000| Untracked 
|  76|0x00000000a4c00000, 0x00000000a4c00000, 0x00000000a4d00000|  0%| F|  |TAMS 0x00000000a4c00000, 0x00000000a4c00000| Untracked 
|  77|0x00000000a4d00000, 0x00000000a4d00000, 0x00000000a4e00000|  0%| F|  |TAMS 0x00000000a4d00000, 0x00000000a4d00000| Untracked 
|  78|0x00000000a4e00000, 0x00000000a4e00000, 0x00000000a4f00000|  0%| F|  |TAMS 0x00000000a4e00000, 0x00000000a4e00000| Untracked 
|  79|0x00000000a4f00000, 0x00000000a4f00000, 0x00000000a5000000|  0%| F|  |TAMS 0x00000000a4f00000, 0x00000000a4f00000| Untracked 
|  80|0x00000000a5000000, 0x00000000a5000000, 0x00000000a5100000|  0%| F|  |TAMS 0x00000000a5000000, 0x00000000a5000000| Untracked 
|  81|0x00000000a5100000, 0x00000000a5100000, 0x00000000a5200000|  0%| F|  |TAMS 0x00000000a5100000, 0x00000000a5100000| Untracked 
|  82|0x00000000a5200000, 0x00000000a5200000, 0x00000000a5300000|  0%| F|  |TAMS 0x00000000a5200000, 0x00000000a5200000| Untracked 
|  83|0x00000000a5300000, 0x00000000a5300000, 0x00000000a5400000|  0%| F|  |TAMS 0x00000000a5300000, 0x00000000a5300000| Untracked 
|  84|0x00000000a5400000, 0x00000000a5400000, 0x00000000a5500000|  0%| F|  |TAMS 0x00000000a5400000, 0x00000000a5400000| Untracked 
|  85|0x00000000a5500000, 0x00000000a5500000, 0x00000000a5600000|  0%| F|  |TAMS 0x00000000a5500000, 0x00000000a5500000| Untracked 
|  86|0x00000000a5600000, 0x00000000a5600000, 0x00000000a5700000|  0%| F|  |TAMS 0x00000000a5600000, 0x00000000a5600000| Untracked 
|  87|0x00000000a5700000, 0x00000000a5700000, 0x00000000a5800000|  0%| F|  |TAMS 0x00000000a5700000, 0x00000000a5700000| Untracked 
|  88|0x00000000a5800000, 0x00000000a5800000, 0x00000000a5900000|  0%| F|  |TAMS 0x00000000a5800000, 0x00000000a5800000| Untracked 
|  89|0x00000000a5900000, 0x00000000a5900000, 0x00000000a5a00000|  0%| F|  |TAMS 0x00000000a5900000, 0x00000000a5900000| Untracked 
|  90|0x00000000a5a00000, 0x00000000a5a00000, 0x00000000a5b00000|  0%| F|  |TAMS 0x00000000a5a00000, 0x00000000a5a00000| Untracked 
|  91|0x00000000a5b00000, 0x00000000a5b00000, 0x00000000a5c00000|  0%| F|  |TAMS 0x00000000a5b00000, 0x00000000a5b00000| Untracked 
|  92|0x00000000a5c00000, 0x00000000a5c00000, 0x00000000a5d00000|  0%| F|  |TAMS 0x00000000a5c00000, 0x00000000a5c00000| Untracked 
|  93|0x00000000a5d00000, 0x00000000a5d00000, 0x00000000a5e00000|  0%| F|  |TAMS 0x00000000a5d00000, 0x00000000a5d00000| Untracked 
|  94|0x00000000a5e00000, 0x00000000a5e00000, 0x00000000a5f00000|  0%| F|  |TAMS 0x00000000a5e00000, 0x00000000a5e00000| Untracked 
|  95|0x00000000a5f00000, 0x00000000a5f00000, 0x00000000a6000000|  0%| F|  |TAMS 0x00000000a5f00000, 0x00000000a5f00000| Untracked 
|  96|0x00000000a6000000, 0x00000000a6000000, 0x00000000a6100000|  0%| F|  |TAMS 0x00000000a6000000, 0x00000000a6000000| Untracked 
|  97|0x00000000a6100000, 0x00000000a6100000, 0x00000000a6200000|  0%| F|  |TAMS 0x00000000a6100000, 0x00000000a6100000| Untracked 
|  98|0x00000000a6200000, 0x00000000a6200000, 0x00000000a6300000|  0%| F|  |TAMS 0x00000000a6200000, 0x00000000a6200000| Untracked 
|  99|0x00000000a6300000, 0x00000000a6300000, 0x00000000a6400000|  0%| F|  |TAMS 0x00000000a6300000, 0x00000000a6300000| Untracked 
| 100|0x00000000a6400000, 0x00000000a6400000, 0x00000000a6500000|  0%| F|  |TAMS 0x00000000a6400000, 0x00000000a6400000| Untracked 
| 101|0x00000000a6500000, 0x00000000a6500000, 0x00000000a6600000|  0%| F|  |TAMS 0x00000000a6500000, 0x00000000a6500000| Untracked 
| 102|0x00000000a6600000, 0x00000000a6600000, 0x00000000a6700000|  0%| F|  |TAMS 0x00000000a6600000, 0x00000000a6600000| Untracked 
| 103|0x00000000a6700000, 0x00000000a6700000, 0x00000000a6800000|  0%| F|  |TAMS 0x00000000a6700000, 0x00000000a6700000| Untracked 
| 104|0x00000000a6800000, 0x00000000a6800000, 0x00000000a6900000|  0%| F|  |TAMS 0x00000000a6800000, 0x00000000a6800000| Untracked 
| 105|0x00000000a6900000, 0x00000000a6900000, 0x00000000a6a00000|  0%| F|  |TAMS 0x00000000a6900000, 0x00000000a6900000| Untracked 
| 106|0x00000000a6a00000, 0x00000000a6a00000, 0x00000000a6b00000|  0%| F|  |TAMS 0x00000000a6a00000, 0x00000000a6a00000| Untracked 
| 107|0x00000000a6b00000, 0x00000000a6b00000, 0x00000000a6c00000|  0%| F|  |TAMS 0x00000000a6b00000, 0x00000000a6b00000| Untracked 
| 108|0x00000000a6c00000, 0x00000000a6c00000, 0x00000000a6d00000|  0%| F|  |TAMS 0x00000000a6c00000, 0x00000000a6c00000| Untracked 
| 109|0x00000000a6d00000, 0x00000000a6d00000, 0x00000000a6e00000|  0%| F|  |TAMS 0x00000000a6d00000, 0x00000000a6d00000| Untracked 
| 110|0x00000000a6e00000, 0x00000000a6e00000, 0x00000000a6f00000|  0%| F|  |TAMS 0x00000000a6e00000, 0x00000000a6e00000| Untracked 
| 111|0x00000000a6f00000, 0x00000000a6f00000, 0x00000000a7000000|  0%| F|  |TAMS 0x00000000a6f00000, 0x00000000a6f00000| Untracked 
| 112|0x00000000a7000000, 0x00000000a7000000, 0x00000000a7100000|  0%| F|  |TAMS 0x00000000a7000000, 0x00000000a7000000| Untracked 
| 113|0x00000000a7100000, 0x00000000a7100000, 0x00000000a7200000|  0%| F|  |TAMS 0x00000000a7100000, 0x00000000a7100000| Untracked 
| 114|0x00000000a7200000, 0x00000000a7200000, 0x00000000a7300000|  0%| F|  |TAMS 0x00000000a7200000, 0x00000000a7200000| Untracked 
| 115|0x00000000a7300000, 0x00000000a7300000, 0x00000000a7400000|  0%| F|  |TAMS 0x00000000a7300000, 0x00000000a7300000| Untracked 
| 116|0x00000000a7400000, 0x00000000a7400000, 0x00000000a7500000|  0%| F|  |TAMS 0x00000000a7400000, 0x00000000a7400000| Untracked 
| 117|0x00000000a7500000, 0x00000000a7500000, 0x00000000a7600000|  0%| F|  |TAMS 0x00000000a7500000, 0x00000000a7500000| Untracked 
| 118|0x00000000a7600000, 0x00000000a7700000, 0x00000000a7700000|100%| E|  |TAMS 0x00000000a7600000, 0x00000000a7600000| Complete 
| 119|0x00000000a7700000, 0x00000000a7800000, 0x00000000a7800000|100%| E|CS|TAMS 0x00000000a7700000, 0x00000000a7700000| Complete 
| 120|0x00000000a7800000, 0x00000000a7900000, 0x00000000a7900000|100%| E|CS|TAMS 0x00000000a7800000, 0x00000000a7800000| Complete 
| 121|0x00000000a7900000, 0x00000000a7a00000, 0x00000000a7a00000|100%| E|CS|TAMS 0x00000000a7900000, 0x00000000a7900000| Complete 
| 122|0x00000000a7a00000, 0x00000000a7b00000, 0x00000000a7b00000|100%| E|CS|TAMS 0x00000000a7a00000, 0x00000000a7a00000| Complete 
| 123|0x00000000a7b00000, 0x00000000a7c00000, 0x00000000a7c00000|100%| E|CS|TAMS 0x00000000a7b00000, 0x00000000a7b00000| Complete 
| 124|0x00000000a7c00000, 0x00000000a7d00000, 0x00000000a7d00000|100%| E|CS|TAMS 0x00000000a7c00000, 0x00000000a7c00000| Complete 
| 125|0x00000000a7d00000, 0x00000000a7e00000, 0x00000000a7e00000|100%| E|CS|TAMS 0x00000000a7d00000, 0x00000000a7d00000| Complete 
| 126|0x00000000a7e00000, 0x00000000a7f00000, 0x00000000a7f00000|100%| E|CS|TAMS 0x00000000a7e00000, 0x00000000a7e00000| Complete 
| 127|0x00000000a7f00000, 0x00000000a8000000, 0x00000000a8000000|100%| E|CS|TAMS 0x00000000a7f00000, 0x00000000a7f00000| Complete 
| 128|0x00000000a8000000, 0x00000000a8100000, 0x00000000a8100000|100%| E|CS|TAMS 0x00000000a8000000, 0x00000000a8000000| Complete 
| 129|0x00000000a8100000, 0x00000000a8200000, 0x00000000a8200000|100%| E|CS|TAMS 0x00000000a8100000, 0x00000000a8100000| Complete 
| 130|0x00000000a8200000, 0x00000000a8300000, 0x00000000a8300000|100%| E|CS|TAMS 0x00000000a8200000, 0x00000000a8200000| Complete 
| 131|0x00000000a8300000, 0x00000000a8400000, 0x00000000a8400000|100%| E|CS|TAMS 0x00000000a8300000, 0x00000000a8300000| Complete 
| 132|0x00000000a8400000, 0x00000000a8500000, 0x00000000a8500000|100%| E|CS|TAMS 0x00000000a8400000, 0x00000000a8400000| Complete 
| 133|0x00000000a8500000, 0x00000000a8600000, 0x00000000a8600000|100%| E|CS|TAMS 0x00000000a8500000, 0x00000000a8500000| Complete 
| 134|0x00000000a8600000, 0x00000000a8700000, 0x00000000a8700000|100%| E|CS|TAMS 0x00000000a8600000, 0x00000000a8600000| Complete 
| 135|0x00000000a8700000, 0x00000000a8800000, 0x00000000a8800000|100%| E|CS|TAMS 0x00000000a8700000, 0x00000000a8700000| Complete 
| 136|0x00000000a8800000, 0x00000000a8900000, 0x00000000a8900000|100%| E|CS|TAMS 0x00000000a8800000, 0x00000000a8800000| Complete 
| 137|0x00000000a8900000, 0x00000000a8a00000, 0x00000000a8a00000|100%| E|CS|TAMS 0x00000000a8900000, 0x00000000a8900000| Complete 
| 138|0x00000000a8a00000, 0x00000000a8b00000, 0x00000000a8b00000|100%| E|CS|TAMS 0x00000000a8a00000, 0x00000000a8a00000| Complete 
| 139|0x00000000a8b00000, 0x00000000a8c00000, 0x00000000a8c00000|100%| E|CS|TAMS 0x00000000a8b00000, 0x00000000a8b00000| Complete 
| 140|0x00000000a8c00000, 0x00000000a8d00000, 0x00000000a8d00000|100%| E|CS|TAMS 0x00000000a8c00000, 0x00000000a8c00000| Complete 
| 141|0x00000000a8d00000, 0x00000000a8e00000, 0x00000000a8e00000|100%| E|CS|TAMS 0x00000000a8d00000, 0x00000000a8d00000| Complete 
| 142|0x00000000a8e00000, 0x00000000a8f00000, 0x00000000a8f00000|100%| E|CS|TAMS 0x00000000a8e00000, 0x00000000a8e00000| Complete 
| 143|0x00000000a8f00000, 0x00000000a9000000, 0x00000000a9000000|100%| E|CS|TAMS 0x00000000a8f00000, 0x00000000a8f00000| Complete 
| 144|0x00000000a9000000, 0x00000000a9100000, 0x00000000a9100000|100%| E|CS|TAMS 0x00000000a9000000, 0x00000000a9000000| Complete 
| 145|0x00000000a9100000, 0x00000000a9200000, 0x00000000a9200000|100%| E|CS|TAMS 0x00000000a9100000, 0x00000000a9100000| Complete 
| 146|0x00000000a9200000, 0x00000000a9300000, 0x00000000a9300000|100%| E|CS|TAMS 0x00000000a9200000, 0x00000000a9200000| Complete 
| 147|0x00000000a9300000, 0x00000000a9400000, 0x00000000a9400000|100%| E|CS|TAMS 0x00000000a9300000, 0x00000000a9300000| Complete 
| 148|0x00000000a9400000, 0x00000000a9500000, 0x00000000a9500000|100%| E|CS|TAMS 0x00000000a9400000, 0x00000000a9400000| Complete 
| 149|0x00000000a9500000, 0x00000000a9600000, 0x00000000a9600000|100%| E|CS|TAMS 0x00000000a9500000, 0x00000000a9500000| Complete 
| 150|0x00000000a9600000, 0x00000000a9700000, 0x00000000a9700000|100%| E|CS|TAMS 0x00000000a9600000, 0x00000000a9600000| Complete 
| 151|0x00000000a9700000, 0x00000000a9800000, 0x00000000a9800000|100%| E|CS|TAMS 0x00000000a9700000, 0x00000000a9700000| Complete 
| 152|0x00000000a9800000, 0x00000000a9900000, 0x00000000a9900000|100%| E|CS|TAMS 0x00000000a9800000, 0x00000000a9800000| Complete 
| 153|0x00000000a9900000, 0x00000000a9a00000, 0x00000000a9a00000|100%| E|CS|TAMS 0x00000000a9900000, 0x00000000a9900000| Complete 
| 154|0x00000000a9a00000, 0x00000000a9b00000, 0x00000000a9b00000|100%| E|CS|TAMS 0x00000000a9a00000, 0x00000000a9a00000| Complete 
| 155|0x00000000a9b00000, 0x00000000a9c00000, 0x00000000a9c00000|100%| E|CS|TAMS 0x00000000a9b00000, 0x00000000a9b00000| Complete 
| 156|0x00000000a9c00000, 0x00000000a9d00000, 0x00000000a9d00000|100%| E|CS|TAMS 0x00000000a9c00000, 0x00000000a9c00000| Complete 
| 157|0x00000000a9d00000, 0x00000000a9e00000, 0x00000000a9e00000|100%| E|CS|TAMS 0x00000000a9d00000, 0x00000000a9d00000| Complete 
| 158|0x00000000a9e00000, 0x00000000a9f00000, 0x00000000a9f00000|100%| E|CS|TAMS 0x00000000a9e00000, 0x00000000a9e00000| Complete 
| 159|0x00000000a9f00000, 0x00000000aa000000, 0x00000000aa000000|100%| E|CS|TAMS 0x00000000a9f00000, 0x00000000a9f00000| Complete 
| 160|0x00000000aa000000, 0x00000000aa100000, 0x00000000aa100000|100%| E|CS|TAMS 0x00000000aa000000, 0x00000000aa000000| Complete 
| 161|0x00000000aa100000, 0x00000000aa200000, 0x00000000aa200000|100%| E|CS|TAMS 0x00000000aa100000, 0x00000000aa100000| Complete 

Card table byte_map: [0x000002549f510000,0x000002549f810000] _byte_map_base: 0x000002549f010000

Marking Bits (Prev, Next): (CMBitMap*) 0x000002548a92ee28, (CMBitMap*) 0x000002548a92ee60
 Prev Bits: [0x000002549fb10000, 0x00000254a1310000)
 Next Bits: [0x00000254a1310000, 0x00000254a2b10000)

Polling page: 0x000002548a7c0000

Metaspace:

Usage:
  Non-class:     43.15 MB capacity,    42.39 MB ( 98%) used,   646.36 KB (  1%) free+waste,   134.25 KB ( <1%) overhead. 
      Class:      6.52 MB capacity,     6.07 MB ( 93%) used,   393.94 KB (  6%) free+waste,    63.38 KB ( <1%) overhead. 
       Both:     49.66 MB capacity,    48.46 MB ( 98%) used,     1.02 MB (  2%) free+waste,   197.62 KB ( <1%) overhead. 

Virtual space:
  Non-class space:       44.00 MB reserved,      43.17 MB ( 98%) committed 
      Class space:        1.00 GB reserved,       6.53 MB ( <1%) committed 
             Both:        1.04 GB reserved,      49.70 MB (  5%) committed 

Chunk freelists:
   Non-Class:  24.00 KB
       Class:  16.00 KB
        Both:  40.00 KB

MaxMetaspaceSize: 17179869184.00 GB
CompressedClassSpaceSize: 1.00 GB
Initial GC threshold: 20.80 MB
Current GC threshold: 59.09 MB
CDS: off

CodeHeap 'non-profiled nmethods': size=120064Kb used=4738Kb max_used=4738Kb free=115326Kb
 bounds [0x00000254976a0000, 0x0000025497b50000, 0x000002549ebe0000]
CodeHeap 'profiled nmethods': size=120000Kb used=13448Kb max_used=13448Kb free=106551Kb
 bounds [0x0000025490170000, 0x0000025490ea0000, 0x00000254976a0000]
CodeHeap 'non-nmethods': size=5696Kb used=2304Kb max_used=2402Kb free=3391Kb
 bounds [0x000002548fbe0000, 0x000002548fe50000, 0x0000025490170000]
 total_blobs=7034 nmethods=6228 adapters=718
 compilation: enabled
              stopped_count=0, restarted_count=0
 full_count=0

Compilation events (20 events):
Event: 42.108 Thread 0x00000254a5174800 nmethod 6344 0x0000025497b37790 code [0x0000025497b37940, 0x0000025497b37be8]
Event: 42.108 Thread 0x00000254a5174800 6329       4       org.objectweb.asm.MethodVisitor::visitEnd (15 bytes)
Event: 42.109 Thread 0x00000254a5174800 nmethod 6329 0x0000025497b37e10 code [0x0000025497b37fc0, 0x0000025497b380c8]
Event: 42.109 Thread 0x00000254a5174800 6330       4       org.objectweb.asm.MethodVisitor::visitMaxs (17 bytes)
Event: 42.113 Thread 0x00000254a5174800 nmethod 6330 0x0000025497b38210 code [0x0000025497b38400, 0x0000025497b38600]
Event: 42.113 Thread 0x00000254a5174800 6326       4       org.objectweb.asm.MethodVisitor::visitCode (15 bytes)
Event: 42.115 Thread 0x00000254a5174800 nmethod 6326 0x0000025497b38810 code [0x0000025497b389c0, 0x0000025497b38ac8]
Event: 42.115 Thread 0x00000254a5174800 6324       4       org.objectweb.asm.MethodWriter::visitLocalVariable (222 bytes)
Event: 42.258 Thread 0x00000254a5174800 nmethod 6324 0x0000025497b38c10 code [0x0000025497b38ec0, 0x0000025497b3c690]
Event: 42.259 Thread 0x00000254a5174800 6325       4       org.gradle.internal.classpath.InstrumentingBackwardsCompatibilityVisitor$BackwardCompatibilityMethodVisitor::visitLocalVariable (21 bytes)
Event: 42.260 Thread 0x00000254a5174800 nmethod 6325 0x0000025497b3d790 code [0x0000025497b3d940, 0x0000025497b3da18]
Event: 42.260 Thread 0x00000254a5174800 6333       4       org.objectweb.asm.MethodVisitor::visitFrame (22 bytes)
Event: 42.264 Thread 0x00000254a5174800 nmethod 6333 0x0000025497b3db10 code [0x0000025497b3dce0, 0x0000025497b3de38]
Event: 42.264 Thread 0x00000254a5174800 6341       4       org.gradle.internal.classpath.InstrumentingTransformer$InstrumentingMethodVisitor::visitINVOKEVIRTUAL (130 bytes)
Event: 42.296 Thread 0x00000254a5174800 nmethod 6341 0x0000025497b3e010 code [0x0000025497b3e200, 0x0000025497b3ef98]
Event: 42.296 Thread 0x00000254a5174800 6328       4       java.util.zip.Deflater::ensureOpen (47 bytes)
Event: 42.297 Thread 0x00000254a5174800 nmethod 6328 0x0000025497b3f610 code [0x0000025497b3f7a0, 0x0000025497b3f838]
Event: 42.297 Thread 0x00000254a5174800 6332   !   4       java.util.zip.Deflater::deflate (413 bytes)
Event: 42.311 Thread 0x00000254a5174800 nmethod 6332 0x0000025497b3f910 code [0x0000025497b3fae0, 0x0000025497b40278]
Event: 42.311 Thread 0x00000254a5174800 6319       4       org.objectweb.asm.MethodVisitor::visitLdcInsn (87 bytes)

GC Heap History (20 events):
Event: 37.168 GC heap before
{Heap before GC invocations=70 (full 0):
 garbage-first heap   total 165888K, used 141051K [0x00000000a0000000, 0x0000000100000000)
  region size 1024K, 97 young (99328K), 6 survivors (6144K)
 Metaspace       used 49618K, capacity 50856K, committed 50896K, reserved 1093632K
  class space    used 6214K, capacity 6672K, committed 6688K, reserved 1048576K
}
Event: 37.178 GC heap after
{Heap after GC invocations=71 (full 0):
 garbage-first heap   total 165888K, used 49055K [0x00000000a0000000, 0x0000000100000000)
  region size 1024K, 7 young (7168K), 7 survivors (7168K)
 Metaspace       used 49618K, capacity 50856K, committed 50896K, reserved 1093632K
  class space    used 6214K, capacity 6672K, committed 6688K, reserved 1048576K
}
Event: 37.612 GC heap before
{Heap before GC invocations=71 (full 0):
 garbage-first heap   total 165888K, used 141215K [0x00000000a0000000, 0x0000000100000000)
  region size 1024K, 97 young (99328K), 7 survivors (7168K)
 Metaspace       used 49618K, capacity 50856K, committed 50896K, reserved 1093632K
  class space    used 6214K, capacity 6672K, committed 6688K, reserved 1048576K
}
Event: 37.624 GC heap after
{Heap after GC invocations=72 (full 0):
 garbage-first heap   total 165888K, used 49483K [0x00000000a0000000, 0x0000000100000000)
  region size 1024K, 7 young (7168K), 7 survivors (7168K)
 Metaspace       used 49618K, capacity 50856K, committed 50896K, reserved 1093632K
  class space    used 6214K, capacity 6672K, committed 6688K, reserved 1048576K
}
Event: 38.092 GC heap before
{Heap before GC invocations=72 (full 0):
 garbage-first heap   total 165888K, used 140619K [0x00000000a0000000, 0x0000000100000000)
  region size 1024K, 96 young (98304K), 7 survivors (7168K)
 Metaspace       used 49618K, capacity 50856K, committed 50896K, reserved 1093632K
  class space    used 6214K, capacity 6672K, committed 6688K, reserved 1048576K
}
Event: 38.100 GC heap after
{Heap after GC invocations=73 (full 0):
 garbage-first heap   total 165888K, used 49864K [0x00000000a0000000, 0x0000000100000000)
  region size 1024K, 7 young (7168K), 7 survivors (7168K)
 Metaspace       used 49618K, capacity 50856K, committed 50896K, reserved 1093632K
  class space    used 6214K, capacity 6672K, committed 6688K, reserved 1048576K
}
Event: 38.760 GC heap before
{Heap before GC invocations=73 (full 0):
 garbage-first heap   total 165888K, used 141000K [0x00000000a0000000, 0x0000000100000000)
  region size 1024K, 96 young (98304K), 7 survivors (7168K)
 Metaspace       used 49618K, capacity 50856K, committed 50896K, reserved 1093632K
  class space    used 6214K, capacity 6672K, committed 6688K, reserved 1048576K
}
Event: 38.767 GC heap after
{Heap after GC invocations=74 (full 0):
 garbage-first heap   total 165888K, used 44899K [0x00000000a0000000, 0x0000000100000000)
  region size 1024K, 4 young (4096K), 4 survivors (4096K)
 Metaspace       used 49618K, capacity 50856K, committed 50896K, reserved 1093632K
  class space    used 6214K, capacity 6672K, committed 6688K, reserved 1048576K
}
Event: 39.371 GC heap before
{Heap before GC invocations=74 (full 0):
 garbage-first heap   total 165888K, used 140131K [0x00000000a0000000, 0x0000000100000000)
  region size 1024K, 97 young (99328K), 4 survivors (4096K)
 Metaspace       used 49618K, capacity 50856K, committed 50896K, reserved 1093632K
  class space    used 6214K, capacity 6672K, committed 6688K, reserved 1048576K
}
Event: 39.376 GC heap after
{Heap after GC invocations=75 (full 0):
 garbage-first heap   total 165888K, used 45484K [0x00000000a0000000, 0x0000000100000000)
  region size 1024K, 5 young (5120K), 5 survivors (5120K)
 Metaspace       used 49618K, capacity 50856K, committed 50896K, reserved 1093632K
  class space    used 6214K, capacity 6672K, committed 6688K, reserved 1048576K
}
Event: 40.060 GC heap before
{Heap before GC invocations=75 (full 0):
 garbage-first heap   total 165888K, used 139692K [0x00000000a0000000, 0x0000000100000000)
  region size 1024K, 97 young (99328K), 5 survivors (5120K)
 Metaspace       used 49618K, capacity 50856K, committed 50896K, reserved 1093632K
  class space    used 6214K, capacity 6672K, committed 6688K, reserved 1048576K
}
Event: 40.066 GC heap after
{Heap after GC invocations=76 (full 0):
 garbage-first heap   total 165888K, used 45940K [0x00000000a0000000, 0x0000000100000000)
  region size 1024K, 5 young (5120K), 5 survivors (5120K)
 Metaspace       used 49618K, capacity 50856K, committed 50896K, reserved 1093632K
  class space    used 6214K, capacity 6672K, committed 6688K, reserved 1048576K
}
Event: 40.686 GC heap before
{Heap before GC invocations=76 (full 0):
 garbage-first heap   total 165888K, used 140148K [0x00000000a0000000, 0x0000000100000000)
  region size 1024K, 97 young (99328K), 5 survivors (5120K)
 Metaspace       used 49618K, capacity 50856K, committed 50896K, reserved 1093632K
  class space    used 6214K, capacity 6672K, committed 6688K, reserved 1048576K
}
Event: 40.693 GC heap after
{Heap after GC invocations=77 (full 0):
 garbage-first heap   total 165888K, used 46321K [0x00000000a0000000, 0x0000000100000000)
  region size 1024K, 5 young (5120K), 5 survivors (5120K)
 Metaspace       used 49618K, capacity 50856K, committed 50896K, reserved 1093632K
  class space    used 6214K, capacity 6672K, committed 6688K, reserved 1048576K
}
Event: 41.284 GC heap before
{Heap before GC invocations=77 (full 0):
 garbage-first heap   total 165888K, used 140529K [0x00000000a0000000, 0x0000000100000000)
  region size 1024K, 97 young (99328K), 5 survivors (5120K)
 Metaspace       used 49618K, capacity 50856K, committed 50896K, reserved 1093632K
  class space    used 6214K, capacity 6672K, committed 6688K, reserved 1048576K
}
Event: 41.290 GC heap after
{Heap after GC invocations=78 (full 0):
 garbage-first heap   total 165888K, used 46732K [0x00000000a0000000, 0x0000000100000000)
  region size 1024K, 5 young (5120K), 5 survivors (5120K)
 Metaspace       used 49618K, capacity 50856K, committed 50896K, reserved 1093632K
  class space    used 6214K, capacity 6672K, committed 6688K, reserved 1048576K
}
Event: 41.748 GC heap before
{Heap before GC invocations=78 (full 0):
 garbage-first heap   total 165888K, used 140940K [0x00000000a0000000, 0x0000000100000000)
  region size 1024K, 97 young (99328K), 5 survivors (5120K)
 Metaspace       used 49618K, capacity 50856K, committed 50896K, reserved 1093632K
  class space    used 6214K, capacity 6672K, committed 6688K, reserved 1048576K
}
Event: 41.754 GC heap after
{Heap after GC invocations=79 (full 0):
 garbage-first heap   total 165888K, used 47289K [0x00000000a0000000, 0x0000000100000000)
  region size 1024K, 6 young (6144K), 6 survivors (6144K)
 Metaspace       used 49618K, capacity 50856K, committed 50896K, reserved 1093632K
  class space    used 6214K, capacity 6672K, committed 6688K, reserved 1048576K
}
Event: 42.135 GC heap before
{Heap before GC invocations=79 (full 0):
 garbage-first heap   total 165888K, used 140473K [0x00000000a0000000, 0x0000000100000000)
  region size 1024K, 97 young (99328K), 6 survivors (6144K)
 Metaspace       used 49618K, capacity 50856K, committed 50896K, reserved 1093632K
  class space    used 6214K, capacity 6672K, committed 6688K, reserved 1048576K
}
Event: 42.141 GC heap after
{Heap after GC invocations=80 (full 0):
 garbage-first heap   total 165888K, used 47854K [0x00000000a0000000, 0x0000000100000000)
  region size 1024K, 6 young (6144K), 6 survivors (6144K)
 Metaspace       used 49618K, capacity 50856K, committed 50896K, reserved 1093632K
  class space    used 6214K, capacity 6672K, committed 6688K, reserved 1048576K
}

Deoptimization events (20 events):
Event: 37.078 Thread 0x00000254a80dd000 DEOPT PACKING pc=0x0000025490dcefca sp=0x000000993f4fe080
Event: 37.078 Thread 0x00000254a80dd000 DEOPT UNPACKING pc=0x000002548fc2a95e sp=0x000000993f4fd700 mode 0
Event: 37.086 Thread 0x00000254a80dd000 DEOPT PACKING pc=0x0000025490dce10f sp=0x000000993f4fe080
Event: 37.086 Thread 0x00000254a80dd000 DEOPT UNPACKING pc=0x000002548fc2a95e sp=0x000000993f4fd700 mode 0
Event: 37.099 Thread 0x00000254a80df800 DEOPT PACKING pc=0x0000025490dcefca sp=0x000000993f7fdae0
Event: 37.099 Thread 0x00000254a80df800 DEOPT UNPACKING pc=0x000002548fc2a95e sp=0x000000993f7fd160 mode 0
Event: 37.102 Thread 0x00000254a80dd000 DEOPT PACKING pc=0x0000025490dcd352 sp=0x000000993f4fe080
Event: 37.102 Thread 0x00000254a80dd000 DEOPT UNPACKING pc=0x000002548fc2a95e sp=0x000000993f4fd700 mode 0
Event: 37.108 Thread 0x00000254a80df800 DEOPT PACKING pc=0x0000025490dcd352 sp=0x000000993f7fdae0
Event: 37.108 Thread 0x00000254a80df800 DEOPT UNPACKING pc=0x000002548fc2a95e sp=0x000000993f7fd160 mode 0
Event: 37.372 Thread 0x00000254a80dd000 DEOPT PACKING pc=0x00000254906b2aa4 sp=0x000000993f4fe4d0
Event: 37.372 Thread 0x00000254a80dd000 DEOPT UNPACKING pc=0x000002548fc2a95e sp=0x000000993f4fd910 mode 0
Event: 38.220 Thread 0x00000254a80dd000 Uncommon trap: trap_request=0xffffffbe fr.pc=0x0000025497a896c0 relative=0x0000000000007200
Event: 38.220 Thread 0x00000254a80dd000 Uncommon trap: reason=profile_predicate action=maybe_recompile pc=0x0000025497a896c0 method=org.objectweb.asm.ClassReader.readCode(Lorg/objectweb/asm/MethodVisitor;Lorg/objectweb/asm/Context;I)V @ 2190 c2
Event: 38.220 Thread 0x00000254a80dd000 DEOPT PACKING pc=0x0000025497a896c0 sp=0x000000993f4fe280
Event: 38.220 Thread 0x00000254a80dd000 DEOPT UNPACKING pc=0x000002548fc2a1af sp=0x000000993f4fe200 mode 2
Event: 41.375 Thread 0x00000254a80df800 Uncommon trap: trap_request=0xffffff4d fr.pc=0x0000025497b1be88 relative=0x0000000000001708
Event: 41.375 Thread 0x00000254a80df800 Uncommon trap: reason=unstable_if action=reinterpret pc=0x0000025497b1be88 method=org.gradle.internal.classpath.InstrumentingTransformer$InstrumentingMethodVisitor.visitMethodInsn(ILjava/lang/String;Ljava/lang/String;Ljava/lang/String;Z)V @ 15 c2
Event: 41.375 Thread 0x00000254a80df800 DEOPT PACKING pc=0x0000025497b1be88 sp=0x000000993f7fdc20
Event: 41.375 Thread 0x00000254a80df800 DEOPT UNPACKING pc=0x000002548fc2a1af sp=0x000000993f7fdc20 mode 2

Classes redefined (0 events):
No events

Internal exceptions (20 events):
Event: 30.334 Thread 0x00000254a80d9000 Exception <a 'sun/nio/fs/WindowsException'{0x00000000a6115690}> (0x00000000a6115690) thrown at [src/hotspot/share/prims/jni.cpp, line 617]
Event: 30.365 Thread 0x00000254a80d8000 Exception <a 'sun/nio/fs/WindowsException'{0x00000000a59d5468}> (0x00000000a59d5468) thrown at [src/hotspot/share/prims/jni.cpp, line 617]
Event: 30.366 Thread 0x00000254a80d8000 Exception <a 'sun/nio/fs/WindowsException'{0x00000000a59d5640}> (0x00000000a59d5640) thrown at [src/hotspot/share/prims/jni.cpp, line 617]
Event: 30.374 Thread 0x00000254a80d8000 Exception <a 'sun/nio/fs/WindowsException'{0x00000000a59ed790}> (0x00000000a59ed790) thrown at [src/hotspot/share/prims/jni.cpp, line 617]
Event: 30.667 Thread 0x00000254a80d8000 Exception <a 'sun/nio/fs/WindowsException'{0x00000000a94e00a8}> (0x00000000a94e00a8) thrown at [src/hotspot/share/prims/jni.cpp, line 617]
Event: 30.668 Thread 0x00000254a80d9000 Exception <a 'sun/nio/fs/WindowsException'{0x00000000aa123b78}> (0x00000000aa123b78) thrown at [src/hotspot/share/prims/jni.cpp, line 617]
Event: 30.708 Thread 0x00000254a80d8000 Exception <a 'sun/nio/fs/WindowsException'{0x00000000a94e0268}> (0x00000000a94e0268) thrown at [src/hotspot/share/prims/jni.cpp, line 617]
Event: 30.798 Thread 0x00000254a80d8000 Exception <a 'sun/nio/fs/WindowsException'{0x00000000a94f1ec0}> (0x00000000a94f1ec0) thrown at [src/hotspot/share/prims/jni.cpp, line 617]
Event: 30.962 Thread 0x00000254a80d8000 Exception <a 'sun/nio/fs/WindowsException'{0x00000000a5004490}> (0x00000000a5004490) thrown at [src/hotspot/share/prims/jni.cpp, line 617]
Event: 30.964 Thread 0x00000254a80d8000 Exception <a 'sun/nio/fs/WindowsException'{0x00000000a5004650}> (0x00000000a5004650) thrown at [src/hotspot/share/prims/jni.cpp, line 617]
Event: 30.965 Thread 0x00000254a80d9000 Exception <a 'sun/nio/fs/WindowsException'{0x00000000a5060820}> (0x00000000a5060820) thrown at [src/hotspot/share/prims/jni.cpp, line 617]
Event: 30.968 Thread 0x00000254a80d9000 Exception <a 'sun/nio/fs/WindowsException'{0x00000000a50609e8}> (0x00000000a50609e8) thrown at [src/hotspot/share/prims/jni.cpp, line 617]
Event: 30.969 Thread 0x00000254a80d8000 Exception <a 'sun/nio/fs/WindowsException'{0x00000000a500d440}> (0x00000000a500d440) thrown at [src/hotspot/share/prims/jni.cpp, line 617]
Event: 30.976 Thread 0x00000254a80d9000 Exception <a 'sun/nio/fs/WindowsException'{0x00000000a50908f0}> (0x00000000a50908f0) thrown at [src/hotspot/share/prims/jni.cpp, line 617]
Event: 30.981 Thread 0x00000254a80d8000 Exception <a 'sun/nio/fs/WindowsException'{0x00000000a4ea0c90}> (0x00000000a4ea0c90) thrown at [src/hotspot/share/prims/jni.cpp, line 617]
Event: 30.982 Thread 0x00000254a80d8000 Exception <a 'sun/nio/fs/WindowsException'{0x00000000a4ea0e58}> (0x00000000a4ea0e58) thrown at [src/hotspot/share/prims/jni.cpp, line 617]
Event: 31.239 Thread 0x00000254a80d9000 Exception <a 'sun/nio/fs/WindowsException'{0x00000000a6f1f648}> (0x00000000a6f1f648) thrown at [src/hotspot/share/prims/jni.cpp, line 617]
Event: 31.267 Thread 0x00000254a80d9000 Exception <a 'sun/nio/fs/WindowsException'{0x00000000a6f1f808}> (0x00000000a6f1f808) thrown at [src/hotspot/share/prims/jni.cpp, line 617]
Event: 38.324 Thread 0x00000254a80dd000 Exception <a 'sun/nio/fs/WindowsException'{0x00000000a72b93d0}> (0x00000000a72b93d0) thrown at [src/hotspot/share/prims/jni.cpp, line 617]
Event: 38.325 Thread 0x00000254a80dd000 Exception <a 'sun/nio/fs/WindowsException'{0x00000000a72b9568}> (0x00000000a72b9568) thrown at [src/hotspot/share/prims/jni.cpp, line 617]

Events (20 events):
Event: 37.167 Executing VM operation: G1CollectForAllocation
Event: 37.178 Executing VM operation: G1CollectForAllocation done
Event: 37.612 Executing VM operation: G1CollectForAllocation
Event: 37.624 Executing VM operation: G1CollectForAllocation done
Event: 38.092 Executing VM operation: G1CollectForAllocation
Event: 38.100 Executing VM operation: G1CollectForAllocation done
Event: 38.760 Executing VM operation: G1CollectForAllocation
Event: 38.767 Executing VM operation: G1CollectForAllocation done
Event: 39.371 Executing VM operation: G1CollectForAllocation
Event: 39.376 Executing VM operation: G1CollectForAllocation done
Event: 40.060 Executing VM operation: G1CollectForAllocation
Event: 40.066 Executing VM operation: G1CollectForAllocation done
Event: 40.685 Executing VM operation: G1CollectForAllocation
Event: 40.693 Executing VM operation: G1CollectForAllocation done
Event: 41.283 Executing VM operation: G1CollectForAllocation
Event: 41.290 Executing VM operation: G1CollectForAllocation done
Event: 41.747 Executing VM operation: G1CollectForAllocation
Event: 41.754 Executing VM operation: G1CollectForAllocation done
Event: 42.135 Executing VM operation: G1CollectForAllocation
Event: 42.141 Executing VM operation: G1CollectForAllocation done


Dynamic libraries:
0x00007ff606680000 - 0x00007ff60668a000 	C:\Program Files\Android\Android Studio\jbr\bin\java.exe
0x00007ffaeabb0000 - 0x00007ffaeada8000 	C:\Windows\SYSTEM32\ntdll.dll
0x00007ffae8cd0000 - 0x00007ffae8d8f000 	C:\Windows\System32\KERNEL32.DLL
0x00007ffae8350000 - 0x00007ffae8622000 	C:\Windows\System32\KERNELBASE.dll
0x00007ffae8980000 - 0x00007ffae8a80000 	C:\Windows\System32\ucrtbase.dll
0x00007ffad3ad0000 - 0x00007ffad3ae7000 	C:\Program Files\Android\Android Studio\jbr\bin\jli.dll
0x00007ffad2230000 - 0x00007ffad224b000 	C:\Program Files\Android\Android Studio\jbr\bin\VCRUNTIME140.dll
0x00007ffaea660000 - 0x00007ffaea801000 	C:\Windows\System32\USER32.dll
0x00007ffae8320000 - 0x00007ffae8342000 	C:\Windows\System32\win32u.dll
0x00007ffad7730000 - 0x00007ffad79ca000 	C:\Windows\WinSxS\amd64_microsoft.windows.common-controls_6595b64144ccf1df_6.0.19041.1110_none_60b5254171f9507e\COMCTL32.dll
0x00007ffae97d0000 - 0x00007ffae97fb000 	C:\Windows\System32\GDI32.dll
0x00007ffae9850000 - 0x00007ffae98ee000 	C:\Windows\System32\msvcrt.dll
0x00007ffae8680000 - 0x00007ffae878f000 	C:\Windows\System32\gdi32full.dll
0x00007ffae8a80000 - 0x00007ffae8b1d000 	C:\Windows\System32\msvcp_win.dll
0x00007ffae9820000 - 0x00007ffae9850000 	C:\Windows\System32\IMM32.DLL
0x00007ffad3aa0000 - 0x00007ffad3aac000 	C:\Program Files\Android\Android Studio\jbr\bin\vcruntime140_1.dll
0x00007ffabb420000 - 0x00007ffabb4ad000 	C:\Program Files\Android\Android Studio\jbr\bin\msvcp140.dll
0x00007ffa9f4d0000 - 0x00007ffaa008c000 	C:\Program Files\Android\Android Studio\jbr\bin\server\jvm.dll
0x00007ffaea810000 - 0x00007ffaea8be000 	C:\Windows\System32\ADVAPI32.dll
0x00007ffae9450000 - 0x00007ffae94ec000 	C:\Windows\System32\sechost.dll
0x00007ffae96a0000 - 0x00007ffae97c4000 	C:\Windows\System32\RPCRT4.dll
0x00007ffae9440000 - 0x00007ffae9448000 	C:\Windows\System32\PSAPI.DLL
0x00007ffad3bc0000 - 0x00007ffad3bc9000 	C:\Windows\SYSTEM32\WSOCK32.dll
0x00007ffae9d70000 - 0x00007ffae9ddb000 	C:\Windows\System32\WS2_32.dll
0x00007ffacab40000 - 0x00007ffacab67000 	C:\Windows\SYSTEM32\WINMM.dll
0x00007ffae1b50000 - 0x00007ffae1b5a000 	C:\Windows\SYSTEM32\VERSION.dll
0x00007ffae6b00000 - 0x00007ffae6b12000 	C:\Windows\SYSTEM32\kernel.appcore.dll
0x00007ffae3b00000 - 0x00007ffae3b10000 	C:\Program Files\Android\Android Studio\jbr\bin\verify.dll
0x00007ffae67b0000 - 0x00007ffae6994000 	C:\Windows\SYSTEM32\DBGHELP.DLL
0x00007ffad2930000 - 0x00007ffad2965000 	C:\Windows\SYSTEM32\dbgcore.DLL
0x00007ffae88f0000 - 0x00007ffae8972000 	C:\Windows\System32\bcryptPrimitives.dll
0x00007ffad5140000 - 0x00007ffad5168000 	C:\Program Files\Android\Android Studio\jbr\bin\java.dll
0x00007ffae3a50000 - 0x00007ffae3a5a000 	C:\Program Files\Android\Android Studio\jbr\bin\jimage.dll
0x00007ffad6930000 - 0x00007ffad6948000 	C:\Program Files\Android\Android Studio\jbr\bin\zip.dll
0x00007ffae9e60000 - 0x00007ffaea5a5000 	C:\Windows\System32\SHELL32.dll
0x00007ffae5ee0000 - 0x00007ffae6672000 	C:\Windows\SYSTEM32\windows.storage.dll
0x00007ffae98f0000 - 0x00007ffae9c45000 	C:\Windows\System32\combase.dll
0x00007ffae7ca0000 - 0x00007ffae7cd0000 	C:\Windows\SYSTEM32\Wldp.dll
0x00007ffaea5b0000 - 0x00007ffaea65d000 	C:\Windows\System32\SHCORE.dll
0x00007ffaeaa00000 - 0x00007ffaeaa55000 	C:\Windows\System32\shlwapi.dll
0x00007ffae81f0000 - 0x00007ffae820f000 	C:\Windows\SYSTEM32\profapi.dll
0x00007ffad3a60000 - 0x00007ffad3a79000 	C:\Program Files\Android\Android Studio\jbr\bin\net.dll
0x00007ffada840000 - 0x00007ffada94a000 	C:\Windows\SYSTEM32\WINHTTP.dll
0x00007ffae7990000 - 0x00007ffae79fa000 	C:\Windows\system32\mswsock.dll
0x00007ffad2890000 - 0x00007ffad28a3000 	C:\Program Files\Android\Android Studio\jbr\bin\nio.dll
0x00007ffae3a10000 - 0x00007ffae3a37000 	C:\Users\Lenovo\.gradle\native\e1d6ef7f7dcc3fd88c89a11ec53ec762bb8ba0a96d01ffa2cd45eb1d1d8dd5c5\windows-amd64\native-platform.dll
0x00007ffabecd0000 - 0x00007ffabee14000 	C:\Users\Lenovo\.gradle\native\0d407fdbe67a94daf76414ababcb853783967236a71b16ec16e742cd7a986fd3\windows-amd64\native-platform-file-events.dll
0x00007ffae3a40000 - 0x00007ffae3a4a000 	C:\Program Files\Android\Android Studio\jbr\bin\management.dll
0x00007ffad52b0000 - 0x00007ffad52bb000 	C:\Program Files\Android\Android Studio\jbr\bin\management_ext.dll
0x00007ffae7bf0000 - 0x00007ffae7c08000 	C:\Windows\SYSTEM32\CRYPTSP.dll
0x00007ffae72b0000 - 0x00007ffae72e4000 	C:\Windows\system32\rsaenh.dll
0x00007ffae8b20000 - 0x00007ffae8b47000 	C:\Windows\System32\bcrypt.dll
0x00007ffae81b0000 - 0x00007ffae81de000 	C:\Windows\SYSTEM32\USERENV.dll
0x00007ffae7c10000 - 0x00007ffae7c1c000 	C:\Windows\SYSTEM32\CRYPTBASE.dll
0x00007ffae7680000 - 0x00007ffae76bb000 	C:\Windows\SYSTEM32\IPHLPAPI.DLL
0x00007ffae9800000 - 0x00007ffae9808000 	C:\Windows\System32\NSI.dll
0x00007ffadab00000 - 0x00007ffadab17000 	C:\Windows\SYSTEM32\dhcpcsvc6.DLL
0x00007ffadac00000 - 0x00007ffadac1d000 	C:\Windows\SYSTEM32\dhcpcsvc.DLL
0x00007ffae76c0000 - 0x00007ffae778b000 	C:\Windows\SYSTEM32\DNSAPI.dll
0x00007ffae73d0000 - 0x00007ffae7403000 	C:\Windows\SYSTEM32\ntmarta.dll

dbghelp: loaded successfully - version: 4.0.5 - missing functions: none
symbol engine: initialized successfully - sym options: 0x614 - pdb path: .;C:\Program Files\Android\Android Studio\jbr\bin;C:\Windows\SYSTEM32;C:\Windows\WinSxS\amd64_microsoft.windows.common-controls_6595b64144ccf1df_6.0.19041.1110_none_60b5254171f9507e;C:\Program Files\Android\Android Studio\jbr\bin\server;C:\Users\Lenovo\.gradle\native\e1d6ef7f7dcc3fd88c89a11ec53ec762bb8ba0a96d01ffa2cd45eb1d1d8dd5c5\windows-amd64;C:\Users\Lenovo\.gradle\native\0d407fdbe67a94daf76414ababcb853783967236a71b16ec16e742cd7a986fd3\windows-amd64

VM Arguments:
jvm_args: --add-opens=java.base/java.util=ALL-UNNAMED --add-opens=java.base/java.lang=ALL-UNNAMED --add-opens=java.base/java.lang.invoke=ALL-UNNAMED --add-opens=java.base/java.util=ALL-UNNAMED --add-opens=java.prefs/java.util.prefs=ALL-UNNAMED --add-opens=java.prefs/java.util.prefs=ALL-UNNAMED --add-opens=java.base/java.nio.charset=ALL-UNNAMED --add-opens=java.base/java.net=ALL-UNNAMED --add-opens=java.base/java.util.concurrent.atomic=ALL-UNNAMED -Xmx1536M -Dfile.encoding=windows-1252 -Duser.country=MX -Duser.language=es -Duser.variant 
java_command: org.gradle.launcher.daemon.bootstrap.GradleDaemon 7.5
java_class_path (initial): C:\Users\Lenovo\.gradle\wrapper\dists\gradle-7.5-all\6qsw290k5lz422uaf8jf6m7co\gradle-7.5\lib\gradle-launcher-7.5.jar
Launcher Type: SUN_STANDARD

[Global flags]
     intx CICompilerCount                          = 3                                         {product} {ergonomic}
     uint ConcGCThreads                            = 1                                         {product} {ergonomic}
     uint G1ConcRefinementThreads                  = 4                                         {product} {ergonomic}
   size_t G1HeapRegionSize                         = 1048576                                   {product} {ergonomic}
    uintx GCDrainStackTargetSize                   = 64                                        {product} {ergonomic}
   size_t InitialHeapSize                          = 67108864                                  {product} {ergonomic}
   size_t MarkStackSize                            = 4194304                                   {product} {ergonomic}
   size_t MaxHeapSize                              = 1610612736                                {product} {command line}
   size_t MaxNewSize                               = 965738496                                 {product} {ergonomic}
   size_t MinHeapDeltaBytes                        = 1048576                                   {product} {ergonomic}
    uintx NonNMethodCodeHeapSize                   = 5830732                                {pd product} {ergonomic}
    uintx NonProfiledCodeHeapSize                  = 122913754                              {pd product} {ergonomic}
    uintx ProfiledCodeHeapSize                     = 122913754                              {pd product} {ergonomic}
    uintx ReservedCodeCacheSize                    = 251658240                              {pd product} {ergonomic}
     bool SegmentedCodeCache                       = true                                      {product} {ergonomic}
     bool UseCompressedClassPointers               = true                                 {lp64_product} {ergonomic}
     bool UseCompressedOops                        = true                                 {lp64_product} {ergonomic}
     bool UseG1GC                                  = true                                      {product} {ergonomic}
     bool UseLargePagesIndividualAllocation        = false                                  {pd product} {ergonomic}

Logging:
Log output configuration:
 #0: stdout all=warning uptime,level,tags
 #1: stderr all=off uptime,level,tags

Environment Variables:
JAVA_HOME=C:\Program Files\Android\Android Studio\jbr
CLASSPATH=C:\Users\Lenovo\StudioProjects\vecinapp_2\android\\gradle\wrapper\gradle-wrapper.jar
PATH=C:\ProgramData\Oracle\Java\javapath;C:\Program Files\Python310\Scripts\;C:\Program Files\Python310\;C:\Windows\system32;C:\Windows;C:\Windows\System32\Wbem;C:\Windows\System32\WindowsPowerShell\v1.0\;C:\Windows\System32\OpenSSH\;C:\Program Files\php-8.0.12-Win32-vs16-x64;C:\ProgramData\chocolatey\bin;C:\Program Files\nodejs\;C:\Program Files (x86)\QuickTime\QTSystem\;C:\Program Files\Git\cmd;C:\Users\Lenovo\AppData\Roaming\Python\Python310\site-packages;C:\Program Files\MySQL\MySQL Shell 8.0\bin\;C:\Users\Lenovo\AppData\Local\Microsoft\WindowsApps;C:\Users\Lenovo\AppData\Local\atom\bin;C:\Users\Lenovo\AppData\Roaming\npm;C:\Users\Lenovo\AppData\Local\GitHubDesktop\bin;C:\capps\flutter\bin;;C:\capps\flutter\bin\mingit\cmd
USERNAME=Lenovo
OS=Windows_NT
PROCESSOR_IDENTIFIER=Intel64 Family 6 Model 78 Stepping 3, GenuineIntel



---------------  S Y S T E M  ---------------

OS: Windows 10 , 64 bit Build 19041 (10.0.19041.2546)
OS uptime: 0 days 3:27 hours

CPU:total 4 (initial active 4) (2 cores per cpu, 2 threads per core) family 6 model 78 stepping 3 microcode 0xcc, cmov, cx8, fxsr, mmx, sse, sse2, sse3, ssse3, sse4.1, sse4.2, popcnt, avx, avx2, aes, clmul, erms, rtm, 3dnowpref, lzcnt, ht, tsc, tscinvbit, bmi1, bmi2, adx, fma

Memory: 4k page, system-wide physical 4008M (216M free)
TotalPageFile size 7608M (AvailPageFile size 0M)
current process WorkingSet (physical memory assigned to process): 185M, peak: 339M
current process commit charge ("private bytes"): 364M, peak: 395M

vm_info: OpenJDK 64-Bit Server VM (11.0.15+0-b2043.56-9505619) for windows-amd64 JRE (11.0.15+0-b2043.56-9505619), built on Jan 19 2023 02:48:00 by "builduser" with unknown MS VC++:1929

END.
